0 52 58 38 9 38 1 97 19 35 19 31 19 97 40 45 49 68 11 16 29 21 22 57 42 29 26 3 26 12 24 21 17 44 25 34 56 15 56 25 13 29 7 32 93 94 64 39 33 14 33 80 47 2 78 8 78 5 78 8 43 10 48 18 36 18 86 30 37 30 78 20 41 20 4 8 71 28 52 58 38 46 27 52 0 23 6 63 16 0
50
38 38
32 32
2 2
11 11
25 25
24 24
27 27
9 9
41 41
19 19
18 18
44 44
23 23
36 36
5 5
1 1
35 35
0 0
43 43
28 28
34 34
33 33
31 31
15 15
40 40
48 48
21 21
42 42
6 6
22 22
7 7
49 49
47 47
3 3
10 10
39 39
29 29
30 30
45 45
14 14
8 8
4 4
20 20
13 13
46 46
12 12
17 17
16 16
37 37
26 26
