Brightmere Westmill Butterbush Bluedell Freyview Foxvale Corbank Goldwyvern Oldmoor Morwald Greenshore Eastcastle Woodice Snowshore Eriwall Stoneglass Fairsage Dellwyn Clearnesse Stonefair Esterash Morwall Wildemarsh Marbleiron Lochmage Ironriver Greyice Valhaven Westerlight Erilyn Clearland Ironshore Westvale Violetley Wolflea Bushgate Shoreburn Foxhaven Buttermead Rosemill Courtcastle Wellmage Southwheat Oakmere Lightmere Esterfall Brightmere
46
Snowshore Snowshore
Freyview Newley Freyview
Wolflea Wolflea
Corbank Corbank
Oldmoor Oldmoor
Lightmere Lightmere
Marbleiron Marbleiron
Eriwall Eriwall
Brightmere Brightmere
Southwheat Southwheat
Foxhaven Foxhaven
Buttermead Buttermead
Erilyn Newby Erilyn
Bluedell Irondeer Bluedell Courtwall
Bushgate Bushgate
Oakmere Oakmere
Goldwyvern Goldwyvern
Westmill Westmill
Clearnesse Clearnesse
Butterbush Butterbush
Esterfall Esterfall
Ironshore Ironshore
Westerlight Westerlight
Rosemill Rosemill
Esterash Esterash
Lochmage Lochmage
Ironriver Ironriver
Stoneglass Stoneglass
Wildemarsh Wildemarsh
Morwald Morwald
Westvale Westvale
Fairsage Fairsage
Courtcastle Courtcastle
Shoreburn Shoreburn
Violetley Violetley
Clearland Clearland
Valhaven Valhaven
Eastcastle Eastcastle
Greyice Greyice
Greenshore Greenshore
Stonefair Stonefair
Morwall Morwall
Dellwyn Dellwyn
Foxvale Foxvale
Woodice Woodice
Wellmage Wellmage
