Shoreburn Mallowway Woodice Eastcastle Butterhill Lochmage Corbank Greensummer Oakmere Orfort Bluedale Bushgate Butterway Seamoor Silverlea Esterfall Rosegate Fairsage Strongfall Orbarrow Butterbush Fogland Wildemarsh Snowshore Silverbarrow Courtcastle Brightrock Stonefair Goldcrest Lightmere Buttermead Freymere Fairice Northwynne Coldville Newmill Stoneglass Dellwyn Mistshore Ironriver Ironshore Silverwitch Valhaven Starryhill Springfox Violetley Wellbank Janholt Marbleiron Rosemill Icenesse Clearland Redlake Bluelake Southwheat Highmont Morwall Violetfay Applecastle Courtwall Oldmoor Wooddell Deephedge Westerlight Bluewyn Bluedell Greenshore Southpine Goldwyvern Snowsage Greyice Mallowness Irondeer Newby Summermage Redwell Flowermill Westvale Erilyn Blackbush Clearnesse Fieldedge Brightmere Newley Eriwall Shoreburn
85
Butterway Butterway Esterash
Lochmage Lochmage
Stonefair Stonefair
Highmont Highmont
Oldmoor Oldmoor Verthedge
Clearland Clearland Morwald
Esterfall Wellmage Esterfall
Fairsage Fairsage
Fieldedge Fieldedge
Bluedale Bluedale
Greyice Greyice
Stoneglass Stoneglass
Dellwyn Northriver Dellwyn
Bluedell Bluedell
Orbarrow Orbarrow
Eriwall Foxvale Wolflea Eriwall
Newby Newby
Ironriver Mallowbridge Ironriver
Clearnesse Clearnesse
Starryhill Foxhaven Starryhill Ostwynne
Redwell Redwell
Fairice Windbridge Fairice
Snowsage Snowsage
Goldcrest Goldcrest
Valhaven Valhaven
Deephedge Deephedge
Silverwitch Silverwitch
Erilyn Erilyn
Irondeer Freyview Irondeer
Coldville Courtedge Coldville
Westerlight Westerlight
Blackbush Blackbush
Butterbush Butterbush
Butterhill Butterhill
Courtwall Courtwall Flowerfield
Corbank Corbank
Seamoor Seamoor
Bluelake Bluelake
Oakmere Oakmere
Rosemill Rosemill
Strongfall Strongfall
Snowshore Snowshore
Brightmere Brightmere
Rosegate Rosegate
Brightrock Brightrock
Violetley Violetley
Bushgate Bushgate
Shoreburn Shoreburn
Mallowway Mallowway
Springfox Springfox
Applecastle Applecastle
Fogland Fogland
Icenesse Icenesse
Newmill Newmill
Goldwyvern Goldwyvern
Janholt Janholt
Ironshore Ironshore
Courtcastle Courtcastle
Greenshore Greenshore
Mistshore Mistshore
Southwheat Southwheat
Mallowness Mallowness
Greensummer Greensummer
Bluewyn Bluewyn
Southpine Southpine
Redlake Redlake
Woodice Westmill Woodice
Wellbank Wellbank
Flowermill Flowermill
Summermage Summermage
Buttermead Buttermead
Northwynne Northwynne
Marbleiron Marbleiron
Newley Newley
Eastcastle Eastcastle
Wildemarsh Wildemarsh
Lightmere Lightmere
Wooddell Wooddell
Morwall Morwall
Violetfay Violetfay
Orfort Orfort
Westvale Westvale
Freymere Freymere
Silverbarrow Silverbarrow
Silverlea Silverlea
