Clearnesse Freyview Marbleiron Foxvale Morwald Woodice Valhaven Newby Buttermead Courtcastle Westvale Violetley Eriwall Oldmoor Morwall Butterbush Oakmere Esterfall Goldwyvern Corbank Courtwall Ironshore Clearnesse
22
Oldmoor Oldmoor
Woodice Woodice
Oakmere Dellwyn Oakmere
Freyview Freyview
Eriwall Eriwall
Valhaven Valhaven
Newby Newby
Marbleiron Foxhaven Marbleiron
Morwall Morwall
Goldwyvern Goldwyvern
Corbank Corbank Ironriver
Westvale Westvale
Morwald Morwald
Violetley Violetley
Courtwall Courtwall
Ironshore Ironshore
Buttermead Buttermead
Courtcastle Courtcastle
Butterbush Butterbush
Foxvale Foxvale
Esterfall Esterfall
Clearnesse Clearnesse
