129 99 31 88 115 197 51 34 109 184 85 133 106 181 8 142 122 69 122 142 8 181 106 133 13 118 10 118 45 94 119 94 45 118 96 7 19 43 72 21 72 79 72 43 25 46 2 55 35 93 95 11 96 118 13 92 179 76 179 92 110 154 196 154 110 157 41 97 101 170 73 170 121 192 175 127 113 146 88 31 99 129
44
88 1 88
157 4 157
7 7
10 10 28 100
13 13
25 16 25
19 19
45 22
31 31
34 34
196 37 196
94 40 94 139
43 43
46 46
76 49 76
101 52 148
55 55
170 58
69 61 91 130
119 64 163
21 67 151 190
96 70
73 73 136
79 79 112
197 82
85 85
97 97
192 103
106 106 178
109 109
115 115
118 118 166
121 121
92 124
127 127
133 133
142 142
99 145
154 154 193
11 160
181 169 181 187
95 172
175 175
184 184
