FacultyClub IRLE Investigative MartinezCommons UniversityHouse SproulPlaza OptometryLibrary AndersenAuditorium Stephens Morrison MelvinLaboratory FPF Birge StowPlaza Sproul AnthropologyLibrary Spieker ArtHistoryLibrary BancroftDance NewspapersLibrary Mulford McCone InternationalHouse HearstGym Unit3 Jacobs BrainImagingCenter MLK CITRIS DonnerLaboratory BioscienceLibrary StudentUnion SutardjaDai Warren Durham FacultyClub
35
FacultyClub FacultyClub EarthquakeLibrary
BioscienceLibrary BioscienceLibrary Hilgard
SutardjaDai SutardjaDai
MLK Etcheverry
SproulPlaza SproulPlaza
StudentUnion StudentUnion OBrien EarthLibrary
UniversityHouse UniversityHouse
NewspapersLibrary LawrenceofScience NewspapersLibrary
Jacobs Pimentel Jacobs
Mulford Mulford
StowPlaza CareerCenter StowPlaza
HearstGym HearstGym
Durham Durham
OptometryLibrary Library OptometryLibrary
Spieker Spieker
FPF FPF
Warren PacificFilmArchive Warren
BrainImagingCenter BrainImagingCenter
Morrison Morrison
IRLE Wheeler Cheit IRLE
Unit3 Manville Unit3
MelvinLaboratory Koshland MelvinLaboratory
Investigative Investigative
McCone EnergyBuilding
ArtHistoryLibrary MediaCenter ArtHistoryLibrary
MartinezCommons MartinezCommons
BancroftDance BancroftDance
AndersenAuditorium AndersenAuditorium
AnthropologyLibrary AnthropologyLibrary
Stephens Stephens
InternationalHouse InternationalHouse
DonnerLaboratory SpringerGateway DonnerLaboratory
Sproul Sproul
Birge Birge
CITRIS CITRIS
