FacultyClub EarthquakeLibrary Stern RSSBuilding Morrison Sproul BanwayBuilding Zellerbach CITRIS Giauque Mulford Koshland LawSchool MSRI Bowles BrainImagingCenter SocialLibrary Manville Etcheverry KoretVisitorCenter SproulPlaza LawrenceofScience AnthropologyLibrary NewspapersLibrary HearstFieldAnnex OptometryLibrary Stanley HearstFountain GoldmanSchool VLSB UniversityHouse Warren Wellman IdaHouse EngineeringLibrary FoundersRock SEAsianLibrary LatinAmerican BerkeleyWayWest Unit3 HaasClubhouse WomensFacultyClub Durham ArtHistoryLibrary SpringerGateway IRLE LeConte Stephens Wheeler ChildCenter CareerCenter VLSBAddition SpaceLab Soda Eshleman AndersenAuditorium Tan VisualCenter Demography MemorialPool MartinezCommons Cheit MaxwellField SimpsonCenter FoxCottage Davis Hilgard DonnerLaboratory Cory MediaCenter HearstGreekTheatre Senior MelvinLaboratory Underhill EarthLibrary NorthGate Pimentel EastAsianLibrary HealthServices FPF Library BancroftLibrary SutardjaDai MLK FacultyClub
69
FacultyClub FacultyClub
HearstFountain BioscienceLibrary HearstFountain
SutardjaDai SutardjaDai
Etcheverry Etcheverry
SproulPlaza SproulPlaza
Hilgard Hilgard
AnthropologyLibrary StudentUnion AnthropologyLibrary
EarthquakeLibrary EarthquakeLibrary
UniversityHouse UniversityHouse CesarChavez
LawrenceofScience LawrenceofScience
Pimentel Pimentel HearstGym
Mulford Mulford Hildebrand
CareerCenter CareerCenter
Durham Durham
Stephens OBrien Stephens Birge
Library Library
CITRIS Spieker CITRIS BerkeleyLawLibrary
FPF FPF
Cheit PacificFilmArchive Cheit StowPlaza
BrainImagingCenter BrainImagingCenter WooHonFai
Morrison Morrison
Wheeler Wheeler
Manville Manville
Koshland Koshland MathLibrary
Stanley Jacobs Stanley
MelvinLaboratory Investigative MelvinLaboratory
EarthLibrary EarthLibrary TAAP
IdaHouse EnergyBuilding IdaHouse
MediaCenter MediaCenter UpperHearstParking
MartinezCommons MartinezCommons
Giauque BancroftDance Giauque
AndersenAuditorium AndersenAuditorium
Unit3 Unit3
Davis InternationalHouse Davis
OptometryLibrary OptometryLibrary
IRLE IRLE Campbell
SpringerGateway SpringerGateway
DonnerLaboratory DonnerLaboratory
ArtHistoryLibrary ArtHistoryLibrary AlumniHouse
Sproul Sproul
NewspapersLibrary NewspapersLibrary
Warren Warren Durant
EastAsianLibrary PhysicsLibrary Evans EastAsianLibrary
BerkeleyWayWest BerkeleyWayWest
MSRI MSRI
HealthServices HealthServices
Bowles AquaticCenter Bowles Bechtel
BancroftLibrary BancroftLibrary
HearstFieldAnnex HearstFieldAnnex McCone
Underhill Underhill
NorthGate NorthGate
Wellman Wellman
VLSB VLSB
Senior Senior EthnicLibrary
SocialLibrary SocialLibrary
SimpsonCenter SimpsonCenter Latimer
FoxCottage FoxCottage
MaxwellField MaxwellField
SEAsianLibrary SEAsianLibrary
BanwayBuilding BanwayBuilding
EngineeringLibrary EngineeringLibrary
Soda Soda
LatinAmerican LatinAmerican
VisualCenter VisualCenter
LawSchool LawSchool Boalt
LeConte LeConte
HearstGreekTheatre HearstGreekTheatre
MLK MLK
FoundersRock FoundersRock
