FacultyClub LawrenceofScience PacificFilmArchive OBrien Library Etcheverry HearstGym BioscienceLibrary Manville Hilgard Cheit Wheeler Durham MartinezCommons SproulPlaza SutardjaDai UniversityHouse FPF EarthquakeLibrary Spieker Warren Mulford Morrison BrainImagingCenter FacultyClub
22
FacultyClub FacultyClub
BioscienceLibrary BioscienceLibrary
SutardjaDai SutardjaDai
Etcheverry Etcheverry
SproulPlaza SproulPlaza
Hilgard Hilgard
BrainImagingCenter StudentUnion BrainImagingCenter
EarthquakeLibrary EarthquakeLibrary
UniversityHouse UniversityHouse
LawrenceofScience LawrenceofScience
Manville Pimentel Manville
Mulford Mulford
Spieker CareerCenter Spieker
HearstGym HearstGym
Durham Durham
OBrien OBrien
Library Library
FPF FPF
PacificFilmArchive PacificFilmArchive
Morrison Morrison
Wheeler Wheeler
Cheit Cheit
