0 169 168 155 60 148 120 88 19 56 38 82 191 76 46 117 44 135 99 87 48 174 102 13 8 33 197 123 154 92 85 75 97 199 80 104 94 32 42 105 161 124 69 167 162 195 177 15 51 77 55 17 119 143 132 5 52 172 153 35 6 141 25 90 49 175 58 114 180 96 106 103 139 18 67 71 113 0
74
13 3 13 26 47 131 133
8 8 171
15 15
17 17
18 18
19 19 83
25 25
32 32 181
33 33 170
35 35 74
38 38
42 42
44 44
46 46
48 48
49 49 93 178
51 51 145
52 52
55 55
56 56
58 58
60 60 112
162 64 162
102 65 102
67 67 149
69 69
71 71 73
75 75
76 76
77 77
80 80
82 82
85 85
87 87
88 88
90 90
96 91 96
92 92
94 94
97 97
99 99
103 103
105 105
106 106
113 113
114 114 140
117 117 134 158
119 119
120 120
123 123
124 124
132 132
135 135
174 136 174
139 139
141 141
143 143
148 148
153 153
154 154
155 155
161 161 188
167 167
168 168
169 169
172 172
104 173
175 175
177 177
180 180
191 191
195 195
197 197
199 199
