1 15 99 8 145 27 87 107 23 104 61 2 164 94 52 82 11 94 164 2 89 14 22 66 13 5 96 176 18 92 28 84 172 62 92 18 114 198 139 77 25 4 25 97 24 37 114 18 100 58 79 76 68 66 70 80 112 67 167 101 179 39 71 9 177 123 55 53 95 42 64 41 16 12 16 166 45 20 80 88 149 59 33 59 44 40 13 69 161 17 50 118 116 78 57 35 65 54 10 157 111 90 66 31 7 1
79
2 2
78 3 78
4 4 81
5 5
53 6 21 53
7 7
8 8
9 9
10 10
11 11
12 12 51
13 13
14 14
15 15
16 16
17 17
18 18
161 19
20 20
22 22 63
23 23
24 24
25 25
114 26
27 27
28 28
33 29 33 85
69 30 69
31 31
87 32 87
88 34 88
35 35
80 36 80
37 37
61 38 61 93
39 39
40 40
41 41 56 72
42 42
66 43 66
44 44
45 45
166 46 98
198 47
89 48 89
77 49 77
50 50
52 52
54 54
55 55
57 57
58 58
59 59
157 60
62 62
64 64
65 65 75
67 67
68 68
70 70
71 71
104 73
149 74
76 76
79 79
82 82
167 83
84 84
164 86
90 90
111 91
92 92
94 94
95 95
96 96
97 97
99 99
100 100
101 101
