159 77 140 149 23 181 100 33 75 77 159 109 180 193 24 20 104 11 30 81 138 69 171 10 66 36 17 133 171 69 138 25 101 137 76 149 4 44 83 108 94 1 101 25 45 72 7 117 124 31 114 92 158 74 129 78 96 56 14 97 126 172 152 195 118 160 79 32 141 142 46 192 130 107 134 107 189 117 48 182 47 148 51 65 93 154 179 16 178 8 167 15 71 157 147 59 100 139 91 87 20 164 6 197 106 13 63 121 166 27 173 133 171 10 200 54 85 188 61 127 137 101 132 163 53 193 153 5 102 5 177 111 177 64 57 95 22 159
81
180 122 180
164 43
157 157
27 169 145
100 100 199
111 128 111 34
36 36
134 134 120
15 15
32 32
129 86
127 146
101 101
107 107
76 76
93 93
114 35 114
77 77 190
72 72
126 126
193 193
132 132
74 185 74
63 63
47 47
6 52 6
92 116
71 71
46 46
65 65 98 26 165
172 172
45 45
138 138
158 158 99
154 2 154
97 97
79 79 3
137 137
177 174
31 31
17 17
51 51
85 85
64 64
106 106
10 10
53 53
23 21
96 191 96
20 41
108 38
75 37
61 61
133 133
121 121
69 155
4 4
13 13
87 87
24 24
102 82 102 123
181 181
81 28
178 178
48 48
140 140
56 156
148 148
7 7
14 14
11 11
147 40
59 59
139 139
109 109
167 167
22 22
200 200
192 192
44 60
160 88
