Home141 Home154 Home29 Home37 Home114 Home73 Home28 Home150 Home36 Home103 Home88 Home149 Home20 Home31 Home67 Home28 Home150 Home36 Home7 Home127 Home62 Home134 Home161 Home73 Home28 Home35 Home143 Home82 Home26 Home121 Home75 Home81 Home89 Home119 Home55 Home114 Home73 Home28 Home64 Home87 Home64 Home28 Home104 Home21 Home52 Home66 Home91 Home115 Home120 Home25 Home120 Home115 Home91 Home66 Home52 Home21 Home96 Home30 Home51 Home147 Home37 Home29 Home48 Home100 Home166 Home45 Home60 Home16 Home60 Home136 Home49 Home4 Home101 Home170 Home165 Home170 Home164 Home53 Home174 Home86 Home5 Home63 Home83 Home27 Home111 Home43 Home92 Home84 Home13 Home37 Home29 Home154 Home141
60
Home4 Home4
Home92 Home157 Home92
Home120 Home69 Home120
Home165 Home110 Home165
Home154 Home154 Home32 Home128
Home91 Home91
Home174 Home34 Home173
Home53 Home97 Home53
Home20 Home20 Home126
Home89 Home3 Home89
Home7 Home7
Home73 Home106
Home60 Home60
Home88 Home88
Home5 Home144 Home167 Home124 Home5
Home31 Home31 Home50 Home172
Home35 Home35
Home25 Home25 Home74
Home143 Home122 Home143
Home114 Home114
Home121 Home156
Home81 Home81
Home16 Home131 Home112 Home16
Home149 Home149
Home141 Home15
Home164 Home164
Home62 Home62 Home152
Home134 Home132 Home134
Home45 Home45
Home82 Home82 Home171 Home177
Home49 Home11 Home47
Home150 Home76
Home48 Home48 Home125
Home83 Home83
Home147 Home147
Home100 Home100
Home51 Home51
Home87 Home135 Home87
Home86 Home86
Home37 Home37
Home64 Home64
Home13 Home13
Home27 Home27
Home36 Home36
Home52 Home176 Home105
Home63 Home63
Home103 Home103
Home55 Home55
Home170 Home170
Home136 Home136
Home127 Home127
Home67 Home67
Home161 Home161
Home75 Home75
Home66 Home66
Home96 Home44 Home96
Home26 Home26
Home43 Home43
Home28 Home1
Home111 Home111
