Home46 Home48 Home82 Home17 Home13 Home30 Home55 Home60 Home86 Home24 Home86 Home35 Home39 Home41 Home71 Home17 Home82 Home89 Home31 Home32 Home88 Home85 Home88 Home49 Home83 Home63 Home83 Home49 Home9 Home49 Home46
19
Home24 Home62 Home40 Home27
Home63 Home69 Home66 Home63
Home82 Home82
Home85 Home85 Home12
Home41 Home41
Home9 Home9 Home45 Home28
Home48 Home48
Home30 Home30 Home5
Home31 Home31
Home39 Home42 Home39
Home49 Home49
Home55 Home55
Home13 Home57 Home13
Home17 Home80
Home35 Home68
Home71 Home11 Home71
Home83 Home83
Home88 Home33
Home60 Home60
