IIII1I1 IIIllll 11lI11I IIlIIII IIIlI1l lI1l1II IlllI11 lIIIllI IIII1ll l1IlIII III1lII 1IIII1I 1lI11l1 1lIIl11 II111I1 1IIlIIl lll1lII I1I111I IIlIlI1 IIllIl1 I1I1111 IIII1I1
20
I1I111I I1I111I
IIIlI1l lIlllll
1lI11l1 1lI11l1 lI11l1l
l1IlIII l1IlIII
1IIlIIl 1IIlIIl
1lIIl11 11I1lll
11lI11I l1IlIl1 11lI11I
IIII1ll 11IIl1I IIII1ll
IIIllll 11I1Ill
lI1l1II lI1l1II
lll1lII I11IIlI lII1I11
IIllIl1 IIllIl1
lIIIllI lIIIllI
IIlIlI1 1IlII1I IIlIlI1
I1I1111 I1I1111
II111I1 II111I1
IIlIIII IIlIIII
III1lII III1lII
IlllI11 IlllI11
IIII1I1 II1I1Il
