K AL CK AN AX Z CA CE X BZ CP B BC BE G BT M F BP BV A BS CB AH AT R AA Q AR BW AW BQ P AI C AE CR H BL BR CJ CG AG BG BN BK CD BI AV I BB AC O AM AF AK D CI CV CO BU BM BJ AZ W CT CQ BA AB AQ BF CF CN AY E N CU AP U AO CS AD BX CL Y BH L CM K
88
A A
B B
C C
D D
E E
F F AJ AS
G G
H H T
I I
AF J AF
K K
L L
M M
N N
O O
P P
Q Q BO
R R
CL S CL
U U
BZ V BZ
W W
X X
Y Y
Z Z
AA AA
AB AB
AC AC
AD AD
AE AE
AG AG
AH AH
AI AI
AK AK
AL AL
AM AM
AN AN
AO AO
AP AP
AQ AQ
AR AR
AT AT
AX AU AX
AV AV
AW AW
AY AY
AZ AZ BY
BA BA
BB BB
BC BC
BN BD BN
BE BE
BF BF
BG BG
BH BH
BI BI
BJ BJ
BK BK
BL BL
BM BM
BP BP
BQ BQ
BR BR CH
BS BS CC
BT BT
BU BU
BV BV
BW BW
BX BX
CA CA
CB CB
CD CD
CE CE
CF CF
CG CG
CI CI
CJ CJ
CK CK
CM CM
CN CN
CO CO
CP CP
CQ CQ
CR CR
CS CS
CT CT
CU CU
CV CV
