lllIl1I 11IIII1 lIIlII1 II11l1l IIl1l1I I1llll1 1I1I1l1 lIIl11l IIlI1lI llIIII1 I111I1I lI11III IlI1II1 1I1I1lI l1I111I IlI1II1 11I1llI 1l11lII 11lI11I lII111l I1Ill1I I1llII1 111lI1I 1111I11 l1lll11 l1IllI1 1llI111 lll1I1l 1llI111 I11I111 l1IllI1 I1ll1II l1lllll lI1l111 lI1Ill1 11IIII1 lllIl1I
29
lI11III lI11III Il1Il1I
II11l1l lIl111I II11l1l
IlI1II1 Ill1I11 IlI1II1 III111I
lIIl11l lIIl11l
IIlI1lI II1Il1I III1llI
lI1Ill1 I11111l 11111lI
lII111l lII111l
I11I111 ll111ll I11I111
l1IllI1 l1IllI1 IlI1Il1 l1IIl1l
1111I11 l1l11l1 llI1lII
1l11lII 1l11lII IIlIllI
11lI11I 11lI11I
l1I111I l1I111I 1lIl11I
llIIII1 llIIII1 I11I11l
lIIlII1 lIIlII1
I1ll1II I1ll1II
I1llll1 Ill11II I1llll1
lll1I1l lll1I1l lIllIll
11IIII1 11IIII1
111lI1I 111lI1I
l1lllll l1lllll 1IlIl1I
lI1l111 lI1l111 1I1l1Il 1I11Ill
IIl1l1I IIl1l1I
1llI111 1llI111
l1lll11 1l1lIlI l1Ill11 l1lll11 1I1lllI
I1llII1 I1llII1
1I1I1lI 1I1I1lI
I111I1I I111I1I
1I1I1l1 1I1I1l1
