Satish 4C88SXD PUW25N CKNDWG ZMZIWZ LQQ5IH MXJIYJYNH4 R4DHH1KAWR ETNCY9XH2 YQB2CII950 R5XAD9J7 DYYG23O YDG8AEOM ETB2 2B1K6EW9CL LBR67PCKBJ 3IXHQXHYBV P6RI91D87 79KTC8AS9 9V10EOH E9DZLL M649OA ZMQ5BH L7QS0UEPJ Q7ZEY 7GAD3F CB93 B690 8MDFNIK8AY JX6GCY 1UCE 0TRB9358 A8WYICH3 VOAV 02X2C C8WREP CV6NHW7M J2ETZ1C CXQDH6YMZ8 4VE7V 9QJRN FM2G14H8I H1LQ91V PIW6IC50D 4P0LGP0 FPZT ZH2INF 5HULMUDLAQ 3J6SSA GH8C 01G9IQ2 KCOFJD ARTWTP9 L2MG8NMU M71OYIS EEZS HQG39M B3R68HYWZ ZRI9UW LM7KL5G3V O44VZ E37ZKA8WK 91ZONFE QW15YTSV H41HZ6 E2DHWGC HM48FZD0 GN4G0L2 HBQM42U 4TME 3WJYJDDU VGYKKKOFLZ 6PVQIBNB9 GNVXN E5HD 2BLLD3SK 7622OJ ET82NVH9 FM2HEMVR1 YSRPP PMXEOGGIQ DST5W4G0 KBI1CALMNJ RP28W1 IHN21LA4 Satish
78
3WJYJDDU 3WJYJDDU
9QJRN 9QJRN
GNVXN GNVXN 8TH7QVQY
8MDFNIK8AY 8MDFNIK8AY
B690 B690
0TRB9358 W71YV1R66L 0TRB9358 FWM5C
GH8C G4QE3I GH8C
P6RI91D87 P6RI91D87
ET82NVH9 ET82NVH9
CXQDH6YMZ8 SQLSVN CXQDH6YMZ8 5XYO
9V10EOH 9V10EOH
1UCE YU3U1T 1UCE MLKOJ
CB93 CB93
2BLLD3SK 2BLLD3SK
IHN21LA4 IHN21LA4
PMXEOGGIQ DNIV2BOR2P PMXEOGGIQ
91ZONFE 91ZONFE GILAN21GR3
4VE7V DDB26ZHC 4VE7V
4P0LGP0 EFIKTK4Y0Y 8UPUEGO 4P0LGP0
FPZT G90OCSZY FPZT
JX6GCY JX6GCY
YQB2CII950 YQB2CII950
CV6NHW7M 7T8I47 CV6NHW7M
HQG39M HQG39M
79KTC8AS9 79KTC8AS9
ZMZIWZ 4UE11 ZMZIWZ
ETNCY9XH2 ETNCY9XH2
EEZS EEZS
H1LQ91V A118 H1LQ91V
FM2HEMVR1 FM2HEMVR1 ZZACWP
KCOFJD KCOFJD
7622OJ 7622OJ
HBQM42U HBQM42U
ARTWTP9 ARTWTP9
VOAV VOAV
ETB2 ETB2
HM48FZD0 26PG HM48FZD0
C8WREP C8WREP
3IXHQXHYBV 3IXHQXHYBV
LM7KL5G3V LM7KL5G3V
02X2C 02X2C
PIW6IC50D PIW6IC50D
QW15YTSV QW15YTSV
E37ZKA8WK M35E E37ZKA8WK
E5HD E5HD
H41HZ6 H41HZ6
J2ETZ1C J2ETZ1C
LQQ5IH LQQ5IH
A8WYICH3 A8WYICH3 9K8PLAET
ZH2INF ZH2INF
E9DZLL E9DZLL
4C88SXD 4C88SXD
ZMQ5BH ZMQ5BH
E2DHWGC E2DHWGC
3J6SSA 3J6SSA
DST5W4G0 DST5W4G0
01G9IQ2 01G9IQ2
MXJIYJYNH4 MXJIYJYNH4
PUW25N PUW25N
Q7ZEY Q7ZEY
YSRPP YSRPP
L7QS0UEPJ L7QS0UEPJ
KBI1CALMNJ KBI1CALMNJ
CKNDWG CKNDWG
FM2G14H8I FM2G14H8I
M71OYIS M71OYIS
LBR67PCKBJ LBR67PCKBJ
7GAD3F 7GAD3F
O44VZ O44VZ
VGYKKKOFLZ VGYKKKOFLZ Q7Z37G5
DYYG23O DYYG23O
GN4G0L2 GN4G0L2
M649OA M649OA
5HULMUDLAQ 5HULMUDLAQ
RP28W1 RP28W1
6PVQIBNB9 6PVQIBNB9
2B1K6EW9CL 2B1K6EW9CL
B3R68HYWZ B3R68HYWZ
