Satish ENMF PYD9SISJI KRM4B VFRT26 1BZLEM YXBMACC ZRYV5F 1ILZRYDHY WZ1MC3189 9XFF BVNZ 399VM5PU6 UVP4WIKK BBFYA9B OXWYDF NSBI 2J5C Z6H98 4INC2D8SDN OXXUCOFC3 ZY9VPYMXA PTWCQ R6VBAVZ0B DXGEHOF Satish
19
VFRT26 VFRT26
1BZLEM 1BZLEM
ZRYV5F ZRYV5F
YXBMACC YXBMACC
ZY9VPYMXA PZMGYZL ZY9VPYMXA
BVNZ FS1RWBVR7
PTWCQ PTWCQ
PYD9SISJI PYD9SISJI
KRM4B KRM4B 92R432
WZ1MC3189 WZ1MC3189 ICTGXV KSHB2KG
BBFYA9B BBFYA9B
R6VBAVZ0B R6VBAVZ0B
UVP4WIKK UVP4WIKK
OXWYDF OXWYDF PTL1QU
399VM5PU6 399VM5PU6
Z6H98 Z6H98 ER2YSPML1C
9XFF 9XFF
4INC2D8SDN 4INC2D8SDN
NSBI NSBI
