129 83 9 161 80 84 101 4 81 158 66 107 100 29 157 195 85 6 51 56 99 156 95 59 178 26 61 91 2 96 87 33 5 40 88 63 123 48 8 57 17 49 53 121 143 16 54 190 177 65 0 15 69 14 110 73 21 7 25 22 23 105 32 109 46 122 30 111 13 180 108 12 89 137 19 92 183 47 116 44 129
74
180 180
161 161
111 142
121 121 150 171
4 11 4
5 5 174
53 53
96 97 96 76
48 189 48
2 2
87 87
95 95
183 183
26 128 163 26
65 65
17 17
122 122
40 40
110 110 55
23 23
108 125 114 108
83 36 130
158 158
101 101
56 56
63 63 191
84 84
195 195
13 50 13
123 123
33 33
0 160 145 0 82
100 100
32 98
54 152
137 137
156 156
15 15
30 184
47 62 58
29 29
7 175 151
51 51
107 107
92 92
12 103
49 49 155
69 126
16 16 188
91 91
21 21
157 157
88 88
61 61
25 196 25
177 177
99 99
85 85
178 178 39
22 194
89 89
59 59
8 8
105 105 192
6 6
66 66
109 109
14 14
190 190 64
44 44
81 81
9 9
57 57
19 197
