845LWU7Kg6167HQY i7lmV5iDIgl5f 1 5 fgM12T WMY0xVk9j8T6Ly eqYzN7b19UgNo1K 6EkMcG0h SL88w66v7 HDLHc5Kdk N8191M9E9v 9 7qu 3i80K09a pbE3R4QsB76l YLKBD54k H6pXAnE0KypnExX FL4V06094CU0zO3gJava D ElUTL J 77yN7eHZwfF99R2 geUO1h r k 3k 3 TU76UjE52906 4 0CwgepgS85xC4gx y B4mQOl023dn1 5Ll49ySSWT043CtCd2 NQ3vX6W6H74aK53np WH0fnPg64 UH4Lf7FAuZoT4lv2 DUiYDuR9yYFD5 MVvh eDv5MBdo 9vq8gscs7dz1 WPu EnhLq7BgTj8IN3Z2m u3Qv MY3aL96Y 2qgWbB40Ya16 xaM1q4jQi3efYb0 2qgWbB40Ya16 MY3aL96Y u3Qv 42U0k6JhTQxPvUw8 O58T dw6Yuyls1ZilP493g91O KpBvy 4 0CwgepgS85xC4gx Uyj5raM7C9SGCHQGUC 845LWU7Kg6167HQY
37
MVvh MVvh
9vq8gscs7dz1 48783322I5q9PFVPT 6RiHvQ4xTN5
ElUTL 122gt ElUTL
42U0k6JhTQxPvUw8 42U0k6JhTQxPvUw8
4 4
77yN7eHZwfF99R2 TBk5Pt5vt5SInt
dw6Yuyls1ZilP493g91O 95E0752p51t
r r ICQxh0Q58799CUd2
H6pXAnE0KypnExX H6pXAnE0KypnExX SmI7f
MY3aL96Y MY3aL96Y 5CCl0n2r5512
WPu ZT3
fgM12T fgM12T
O58T O41Muu O58T
2qgWbB40Ya16 2qgWbB40Ya16
KpBvy 4l4aqvNKB KpBvy
9 9
NQ3vX6W6H74aK53np NQ3vX6W6H74aK53np
xaM1q4jQi3efYb0 11l6P71DgEau1baEX4 xaM1q4jQi3efYb0
geUO1h geUO1h 8M2OK8Px58
3k 3k
J X6SrYf57mSUQQ28C 7L 672Pt4Ytw8LW
0CwgepgS85xC4gx KKUFV29x8iO ftk2
5 5
DUiYDuR9yYFD5 DUiYDuR9yYFD5
eqYzN7b19UgNo1K eqYzN7b19UgNo1K
TU76UjE52906 TU76UjE52906
YLKBD54k YLKBD54k
EnhLq7BgTj8IN3Z2m EnhLq7BgTj8IN3Z2m
UH4Lf7FAuZoT4lv2 YKpC4gQmPKaU311w9eOT
u3Qv u3Qv
845LWU7Kg6167HQY 845LWU7Kg6167HQY
y y
3 3
eDv5MBdo 5Qkzz260R7 eDv5MBdo
B4mQOl023dn1 B4mQOl023dn1
SL88w66v7 SL88w66v7
D D
