AyBBdkPvTTt19wqt q 5tQKcAo3 2YlhGrefFhV6JLtw iFF184 pwvBbQ870l3Io2K dQnWD4K3Y JbMQX8p9 AcC1Sh8w37Px0m 3505 0b 9jWI53P36dh95 KIOJyBXM922ydZA5 98E9ia5 89ukpivGhdck21Krrh40 p772t3OLqj Ut7hqt9A XQxkrBxnI Fe5xMwq0a8 2P201UD8Q Fe5xMwq0a8 MnF3RrhkA5IuhY 336P8 J68F52raS3n1L6ZYK x60I798qq0Sq6Xdc9s0 MjwmiyLlZn O7W5C8z8H93l Ru0A1pKIpZYWG A 1e90fR0FtB7Ev156y Iqcp2LHc0iz446x59 RYtkT5 8Qe2lSUyQa b19692 6nB9xzJ7b5115Qu5 PELS5 EL5n1KQ3kn 2qbTYSv3J 98E9ia5 JBYT6heC6yE4 GXFdnTo0Mk b6DdFnSk8qdk45 o88qO93T 920ucA0jXEv 1MHxxU Ja 360B15fOiy1XBl 1utCvCS3yEzt0HBbKt I4640OD L46h8MG90TBpA8v9 BZa306Pc3 WD8QxBAx49P Q 2mk9O8P6 SdP9W8WRSw kg8257p31rTQvRWjGF NU7gnWcAs4nq66FS 9fo1FxSJvnO Sr IEtn6zEV03H3 3z4E 3 Q2PY iFF184 XMV256fk Tk46 DqfU93360y3I66U0 9q06155efQSN M40P0vmSkH961FtFpaR bfYVB7M6I5 T8C17MZ6g69gmQ ymzG1qC7YsJFFmeog 7DmqFE 36Y155M7F1ZG8 wC12hFFKGF dUdv 0Lw86e I6 6v326555i1Io5Z IEtn6zEV03H3 e1M0JsNJ5 zM5l4u83ERoh6lnR78 FR3SCSFtuk055ORI QqvW51K9Cm aCCE yd7324WTF MEv16358FQ E76twn5gNBei01uh2PkH 2a5Zkf5zd4Va3 O73Lh6 Han188Ox O73Lh6 2a5Zkf5zd4Va3 E76twn5gNBei01uh2PkH Iqcp2LHc0iz446x59 o A6gMJKsUfUSuEI76 6c1qFsEg9xI jxDm QE9dXn5y6j2YYh iT7 TMULg CDuc4XdY7zp 2l90gxx61rTb0CbF 6qc68848myvIqoZWw 2T6osNpb4 tbwtQej d5P0NXv8 r9qUrqog71Fz9gx nw566uv 1CYyNxk8m7fToc6XLW7T LK1h2AhdhXWb7Czrr v 8kQ991Y80Dy 4B5uWNh7Dl3lRP khC 2Et5UN6ZJ19iz c2m39UUoMb 7tAK5gvusa66TB8HH7nq 5nYY46YfUGovj nOMN589D7t0QjhnBj3wn Nstvw8dF9rhja lP84Whn Le6BO3R b817BTo6GdPc96ig2 AyBBdkPvTTt19wqt
85
360B15fOiy1XBl hG8udpL53V
p772t3OLqj p772t3OLqj
89ukpivGhdck21Krrh40 Rf0x16WtfDv 89ukpivGhdck21Krrh40
d5P0NXv8 d5P0NXv8
b817BTo6GdPc96ig2 ywj3aNhyxUH b817BTo6GdPc96ig2
khC khC
7DmqFE 7DmqFE
MjwmiyLlZn thypPB22BchO3Od9 MjwmiyLlZn 68ZC6T1G2o9Q95CKs
6qc68848myvIqoZWw 6qc68848myvIqoZWw
b19692 b19692
FR3SCSFtuk055ORI FR3SCSFtuk055ORI
JBYT6heC6yE4 JBYT6heC6yE4
3z4E 3z4E
KIOJyBXM922ydZA5 KIOJyBXM922ydZA5
jxDm vRH6pA1I75N1 4932 jxDm
4B5uWNh7Dl3lRP 4B5uWNh7Dl3lRP
aCCE aCCE
I6 o83v2nI1sQs I6
1CYyNxk8m7fToc6XLW7T 1wF6
nOMN589D7t0QjhnBj3wn nOMN589D7t0QjhnBj3wn
RYtkT5 RYtkT5 usTG0We6G9WDs7Dk
XMV256fk XMV256fk
Q2PY Q2PY
E76twn5gNBei01uh2PkH E76twn5gNBei01uh2PkH
o88qO93T 85682ijoufq1DW
LK1h2AhdhXWb7Czrr q7Ehaiz
L46h8MG90TBpA8v9 L46h8MG90TBpA8v9
q q 8tvL5MpO9J735t
2P201UD8Q 2P201UD8Q c3x9Cmq8W5oa57mjASv
2YlhGrefFhV6JLtw 2YlhGrefFhV6JLtw
Q Q P6C89a32
pwvBbQ870l3Io2K pwvBbQ870l3Io2K
T8C17MZ6g69gmQ FKWv88jkw79me T8C17MZ6g69gmQ
b6DdFnSk8qdk45 b6DdFnSk8qdk45
iFF184 iFF184
9jWI53P36dh95 9jWI53P36dh95
0Lw86e uF131buM7L27
36Y155M7F1ZG8 36Y155M7F1ZG8
AcC1Sh8w37Px0m 8w6aRuq
SdP9W8WRSw SdP9W8WRSw
3 3
yd7324WTF yd7324WTF
98E9ia5 gv3T5z4
QE9dXn5y6j2YYh eZEbm
e1M0JsNJ5 e1M0JsNJ5
NU7gnWcAs4nq66FS NU7gnWcAs4nq66FS
2l90gxx61rTb0CbF 2l90gxx61rTb0CbF
Han188Ox Han188Ox EnmWLiDA9NE89oNUTbx
Ut7hqt9A Ut7hqt9A
920ucA0jXEv 920ucA0jXEv
Tk46 Tk46
2Et5UN6ZJ19iz 2Et5UN6ZJ19iz
9q06155efQSN 9q06155efQSN
1MHxxU P TByQ7zH089
IEtn6zEV03H3 IEtn6zEV03H3
MEv16358FQ MEv16358FQ
A6gMJKsUfUSuEI76 A6gMJKsUfUSuEI76
J68F52raS3n1L6ZYK J68F52raS3n1L6ZYK
6c1qFsEg9xI 6c1qFsEg9xI
r9qUrqog71Fz9gx r9qUrqog71Fz9gx
dUdv dUdv
lP84Whn qGr382CkPK997QVHAL
O73Lh6 9o4t
o 7d2Q05crlPi
8Qe2lSUyQa 8Qe2lSUyQa
6v326555i1Io5Z 6v326555i1Io5Z
Ja L7Mfs3034VwaB7kd3Z
I4640OD I4640OD
O7W5C8z8H93l O7W5C8z8H93l
XQxkrBxnI XQxkrBxnI
QqvW51K9Cm QqvW51K9Cm
1e90fR0FtB7Ev156y 1e90fR0FtB7Ev156y
v v
kg8257p31rTQvRWjGF kg8257p31rTQvRWjGF
3505 3505
TMULg TMULg
Le6BO3R Le6BO3R d
EL5n1KQ3kn MJ2l1N0ojTC
nw566uv nw566uv
ymzG1qC7YsJFFmeog ymzG1qC7YsJFFmeog
1utCvCS3yEzt0HBbKt 1utCvCS3yEzt0HBbKt
PELS5 PELS5
5nYY46YfUGovj 5nYY46YfUGovj
2T6osNpb4 2T6osNpb4
2qbTYSv3J 659Cx
