0 112 50 9 64 141 60 198 6 58 68 85 149 82 99 147 97 84 24 54 108 26 89 73 153 12 139 16 57 18 42 51 47 107 22 46 41 28 72 33 17 13 17 92 124 35 184 40 158 2 36 56 174 93 124 166 25 32 143 102 65 61 14 29 150 96 51 105 7 76 34 125 175 167 149 8 67 71 128 53 20 126 168 100 40 49 121 171 4 79 90 0 137 0
72
0 0 15 43 59 62 86
57 1 39 57
2 2 27 78
12 3 12
4 4
13 5 13
6 6
7 7
8 8
9 9 80
42 10 42 48
121 11
14 14
16 16
17 17 21
18 18
105 19
20 20
22 22
89 23 89
24 24 63
25 25
26 26
28 28
29 29
51 30 51
141 31
32 32
33 33 74
34 34
35 35
36 36
137 37 52
93 38 93
40 40
41 41
100 44
128 45
46 46
47 47
49 49
50 50
53 53
54 54 98
107 55 81
56 56
58 58
60 60
61 61 70
64 64
65 65
153 66
67 67
68 68
184 69
71 71 94
72 72 83
73 73
85 75 85 87
76 76
139 77
79 79
82 82
84 84
198 88
90 90
175 91
92 92
147 95
96 96
97 97
99 99
