loc0 loc23 loc84 loc7 loc47 loc25 loc81 loc4 loc62 loc45 loc43 loc49 loc33 loc86 loc96 loc50 loc49 loc91 loc39 loc24 loc16 loc62 loc60 loc95 loc26 loc93 loc72 loc94 loc51 loc30 loc22 loc34 loc29 loc70 loc98 loc75 loc28 loc13 loc8 loc88 loc6 loc35 loc0
32
loc39 loc39
loc8 loc8
loc29 loc29
loc6 loc6 loc61
loc96 loc40
loc94 loc21
loc93 loc93
loc45 loc45
loc91 loc91 loc31
loc86 loc69 loc86 loc52
loc81 loc81
loc49 loc49
loc95 loc20
loc13 loc79
loc24 loc24
loc33 loc48 loc33
loc7 loc7 loc54
loc16 loc16
loc62 loc62 loc90
loc75 loc75
loc4 loc65 loc42
loc28 loc28
loc26 loc26
loc25 loc25
loc23 loc23
loc72 loc72
loc34 loc34
loc84 loc84
loc88 loc88
loc35 loc35
loc47 loc99
loc51 loc51
