74 123 81 167 24 64 47 25 44 25 183 108 33 83 78 136 171 143 198 113 88 188 35 60 59 14 166 76 89 6 121 195 86 31 21 76 112 134 100 173 66 63 170 175 165 171 143 149 151 130 198 120 116 138 139 63 170 65 91 162 167 30 132 48 5 172 95 147 103 125 103 27 32 39 150 92 29 4 168 179 54 133 199 111 121 68 58 43 158 180 3 117 105 148 115 8 141 129 163 94 34 52 153 32 184 96 20 161 11 99 137 97 100 73 146 45 186 127 193 51 190 155 52 197 9 16 152 37 178 176 142 28 1 18 110 72 82 109 123 74
86
4 4
5 5
11 11 140
172 12
14 14 118
16 16
64 17 90
18 18
20 20
25 23
27 27
31 31
32 32
39 39
8 42
45 45
44 44 107
47 47
66 50 66
51 51 77
52 52
37 53
76 56 76 80 154
58 58
59 59
60 60
141 61
54 54
63 63 174
72 72
73 73
81 81
83 83
86 86 128
88 88
89 89
91 91
94 94
95 95
96 96
97 97
125 98 125 157
99 99
100 100
103 103
105 105
108 108
109 109
111 111
112 112 114
113 113
115 115
116 116
120 120
123 123
127 127
129 129
130 130
132 132
133 133
134 134
151 135
136 136
138 138
139 139
142 142
143 143
146 146
152 152
155 155
158 158
161 161
163 163
165 165
167 167
171 171
173 173
178 178
179 179
184 184
190 190
121 192
193 193
198 198
199 199
166 200
