112 118 40 13 143 60 94 95 35 102 151 117 166 0 73 109 84 146 23 174 152 107 49 183 34 78 181 184 24 160 154 187 6 99 41 68 42 56 54 9 170 17 105 188 21 44 182 75 114 144 119 59 58 14 162 80 130 81 52 83 71 190 33 36 85 129 172 97 121 120 66 149 136 169 127 126 29 27 53 158 11 147 70 72 69 112
85
83 83
52 52
71 71
147 20 147
11 11
160 160
170 170
149 149
84 84
72 171 72
188 157 188
58 58
40 40
143 143
27 27
102 102
42 42
24 131 24
119 138 119
114 114
117 117
121 121
78 78
59 59
81 81
120 120
80 80 64
73 73 8
152 152
126 126
166 166
85 85
127 127
23 23
136 136
56 56
41 41
118 96 118
13 13
99 99
34 34
130 130
129 129
184 184 194
17 17
70 70
174 174
33 33
182 182
183 183
53 53
109 109
97 168 97
172 172
44 124 44
107 107
14 14
151 151
112 123
95 28 95
29 29
75 75
146 146
68 163 68
36 36
21 21
144 144 165
6 6
9 9
190 190
0 104 0
154 154
181 181
158 158
66 66
169 169
69 69
105 105
94 94
54 54
60 60
187 187
49 49
162 162
35 35
