Soda loc106 loc172 loc36 loc145 loc36 loc106 loc25 loc53 loc179 loc90 loc65 loc43 loc27 loc180 loc15 loc8 loc101 loc148 loc22 loc148 loc60 loc68 loc192 loc170 loc196 loc51 loc155 loc103 loc51 loc196 loc142 loc196 loc170 loc192 loc87 loc47 loc164 loc21 loc141 loc41 loc77 loc173 loc107 loc173 loc77 loc41 loc38 loc193 loc111 loc11 loc30 loc39 loc198 loc28 loc166 loc198 loc24 loc31 loc111 loc181 loc26 loc188 loc122 loc38 loc147 loc55 loc194 loc35 loc27 loc43 loc50 loc83 loc94 loc34 loc14 loc121 loc88 loc34 loc32 loc189 loc34 loc84 loc167 loc97 loc84 loc34 loc13 loc74 loc23 loc17 loc129 loc104 loc163 loc42 loc163 loc104 loc151 loc92 loc57 loc157 loc57 loc75 loc137 loc40 loc137 loc75 loc92 loc179 loc199 loc64 loc3 Soda
75
loc179 loc45
loc43 loc82
loc90 loc90
loc65 loc65
loc151 loc151
loc50 loc50
loc83 loc83
loc94 loc94
loc34 loc34 loc118 loc138
loc13 loc13
loc74 loc74
loc23 loc23
loc17 loc17
loc14 loc14
loc121 loc121
loc88 loc88
loc32 loc32
loc189 loc189
loc84 loc84
loc167 loc167
loc97 loc97
loc57 loc72 loc57
loc75 loc75
loc157 loc157 loc59
loc137 loc137
loc40 loc40 loc20
loc42 loc42 loc171
loc163 loc163 loc154
loc199 loc80 loc199
loc64 loc64
loc3 loc3
Soda Soda
loc106 loc106
loc25 loc25 loc140
loc53 loc53 loc58
loc172 loc172 loc6
loc36 loc36
loc145 loc156 loc145
loc193 loc193 loc114
loc11 loc11
loc101 loc101
loc155 loc155
loc142 loc142 loc7
loc28 loc28
loc21 loc165 loc100 loc95
loc122 loc122
loc15 loc79 loc15
loc180 loc10 loc131 loc180
loc147 loc147
loc111 loc128 loc111
loc77 loc77
loc41 loc41
loc51 loc51
loc192 loc192
loc107 loc146 loc107
loc60 loc183
loc188 loc188
loc68 loc126
loc141 loc141
loc26 loc26
loc55 loc55
loc196 loc185 loc61
loc181 loc181 loc37
loc173 loc173
loc194 loc194
loc35 loc35 loc9
loc30 loc30 loc136
loc38 loc38
loc170 loc170
loc24 loc24
loc8 loc8
loc166 loc109
loc39 loc39
loc103 loc103
loc22 loc22
