0 2 53 87 24 91 24 94 40 64 11 173 24 16 113 1 95 192 7 59 51 89 167 110 183 178 30 113 99 56 122 41 122 56 45 123 65 123 72 177 92 100 103 58 36 126 29 39 86 106 86 139 37 47 76 92 177 72 48 155 196 82 52 133 4 133 20 28 181 124 140 62 12 62 22 82 70 111 155 196 18 32 77 173 80 131 8 98 8 38 35 38 8 34 144 27 144 157 16 93 21 6 21 63 88 90 3 104 31 80 84 169 66 151 53 54 0
75
1 1
2 2
3 3
4 4 74
65 5 65
6 6 25
7 7
8 8
98 9 98
12 10 12
11 11
106 13 50
31 14 31
113 15
16 16
110 17 26
18 18
41 19 41
20 20
21 21
22 22
90 23 90
24 24
27 27 44
28 28
29 29
30 30 42
32 32
177 33
34 34 97
35 35 78
36 36 46
37 37
38 38
39 39
40 40
178 43
45 45 85
47 47
48 48 49
51 51
52 52
53 53
54 54 68
151 55
56 56
88 57 88
58 58
59 59
183 60
100 61 73 100
62 62 83
63 63
64 64
66 66
91 67 91
157 69
70 70
80 71 80
72 72
111 75
76 76
77 77
87 79 87
140 81
82 82
84 84
86 86
89 89
92 92
93 93
94 94
95 95
181 96
99 99
