48 73 171 163 173 35 81 148 21 79 11 30 60 84 47 108 72 163 171 25 90 87 107 66 74 66 107 133 107 177 158 42 9 129 194 193 98 38 147 135 180 135 147 38 98 16 40 176 138 199 155 3 155 143 125 174 179 102 110 154 7 154 115 10 159 197 154 164 58 118 145 173 61 197 130 126 94 182 113 69 77 124 2 141 196 141 2 23 39 85 152 136 72 163 76 199 138 78 185 168 20 48
74
199 199
73 73
143 143 167 137
20 20
133 93 133
154 154 53
141 141
107 151 107
124 56
168 109 46
135 135 181
118 118
126 126 119
194 157 194
74 149 74
115 115
66 66 191
7 175 7
60 60
11 11
85 85
197 197
58 58
196 123 196
177 177
38 38 117 165
110 110
61 34
180 5 180 156
148 148
136 136
163 163
158 158
147 147 36
185 190 64 185
72 186
182 182
77 19
176 176
48 48
90 90
152 152 29
21 21
10 10
23 23
25 25
164 164
78 78
84 84
79 79
108 108
145 145
9 9
98 103 101 98 67
193 193 52
42 42
113 113
16 16
179 179
3 3 170
173 88
138 138
171 171
40 40
39 39
87 87
35 35
125 125
69 69
155 155
129 129
2 2
47 55
159 120
