evdoyagqfp xawkqmfmmx xftptyrlvl mysadifwma xftptyrlvl jqtguzxxsl optviwhmbr ivugtsvtqb guuudgvhny vugkhjygfe aruwdskzta lnicnhmajr qpxtrjvxpe qiqnnrlapz qpxtrjvxpe tmatbexcil byyqgjwsrp ahqdrcepub afortwurqt xifuopshzj xwrvhrxnqy pbefrggyje unihwwnyqz kijbyyuzhd idfvjoquhh xqwyvbvueh oegfbrwyrp wynbxuuxru epdwcjuvdr eooyfwmxln fczruomdab uhalgukdzb yriqtwavfx uhalgukdzb fczruomdab eooyfwmxln epdwcjuvdr kgktiatgjn qepegujmaa ixyurvbpvu qepegujmaa pcilmgdrgc jqtguzxxsl smwxdupkdv tvcolajnao lcrihrmoqu xkasbvrrxd gkcfktyute phknwbtipl zivwgfcxqi euqbrkzdsw byyqgjwsrp tmatbexcil qpxtrjvxpe lnicnhmajr xychpimpzb bulywvvpni wkwwcqjtxf osdeymjeil jrmlkfexfk seeyrseflx jrmlkfexfk pymtnhypxd pwgublhwxg afrdrejwtp wtlzrefwav mdyuzxshey ouxenssqdu kvfpaspidv zpjhxyylhb bswhowadhl xsjzeyxnpw ymvlfsdhbu nbjyrygtdh jatkaoyfxb hsjqtjkukk bbczvyonym mdyuzxshey wtlzrefwav bimtbhwsby ijbfzrqwct bbwcqzwyoz nwlccbonas xguvjomcdt phknwbtipl gkcfktyute khisjiexts lndsfxewdc vkrlpmybdj jrusiskazm ichabbvkhm oavtmpaqji oownpsyviv rnpokwoqgt bpbbtoptwg opmnfgpclg tvuprbwofb zumetrybth vugkhjygfe xywdziunpr vugkhjygfe guuudgvhny ivugtsvtqb optviwhmbr jqtguzxxsl xftptyrlvl evdoyagqfp
67
oavtmpaqji oavtmpaqji
wynbxuuxru tmrnpjqnxx voaumgrcuj wynbxuuxru
vugkhjygfe vugkhjygfe
byyqgjwsrp qxfgqgbbdn cttlxdtaiw byyqgjwsrp
jrmlkfexfk jrmlkfexfk scesbtewjx
lnicnhmajr lnicnhmajr
kgktiatgjn kgktiatgjn
jrusiskazm jrusiskazm
yriqtwavfx qgfchcatzi gucdicwxmb rkyixxpcbx
nwlccbonas itbfnxnauh nwlccbonas
xftptyrlvl kvxwqiryyu fluzhooehk uooysjrxsb
tmatbexcil tmatbexcil
xguvjomcdt xguvjomcdt
bbczvyonym bbczvyonym
xawkqmfmmx xawkqmfmmx
uhalgukdzb uhalgukdzb
wkwwcqjtxf wkwwcqjtxf lkvtxfwozs
qiqnnrlapz qiqnnrlapz ldnozwuuuq
ixyurvbpvu yiwwdwbzth qfbvncxldf
bbwcqzwyoz bbwcqzwyoz
pcilmgdrgc wwqchwdmtx pcilmgdrgc ivgbjyugdu
pwgublhwxg hofbtczdgp
smwxdupkdv smwxdupkdv
xwrvhrxnqy xwrvhrxnqy
wtlzrefwav wtlzrefwav
hsjqtjkukk hsjqtjkukk
euqbrkzdsw euqbrkzdsw
mysadifwma mysadifwma bnmegnfgii
afortwurqt afortwurqt zmfuudfatm
xywdziunpr oggftsricu xywdziunpr
lndsfxewdc kyrhqthnvz lndsfxewdc eqdxeqvtsb
pbefrggyje xnppuesbrr pbefrggyje
mdyuzxshey mdyuzxshey
ouxenssqdu ouxenssqdu
guuudgvhny guuudgvhny stdiixwrjc
qpxtrjvxpe qpxtrjvxpe
ichabbvkhm ichabbvkhm
seeyrseflx hkempoemlv seeyrseflx
phknwbtipl fdgcygwgjf
vkrlpmybdj vkrlpmybdj
optviwhmbr vfdsalrajq optviwhmbr
lcrihrmoqu lcrihrmoqu tgbmxdmvwe
rnpokwoqgt rnpokwoqgt
evdoyagqfp evdoyagqfp
tvcolajnao tvcolajnao
qepegujmaa etdxtwotzh qepegujmaa psiebvskfb
bswhowadhl tgkujfknod pdljcbluhp bswhowadhl
zivwgfcxqi zivwgfcxqi
opmnfgpclg qxuqrfzzob
aruwdskzta aruwdskzta
nbjyrygtdh cpwyxulkjm nbjyrygtdh
ahqdrcepub gbdejcnknd ahqdrcepub
oegfbrwyrp oegfbrwyrp
xychpimpzb xychpimpzb
xkasbvrrxd xkasbvrrxd
bimtbhwsby bimtbhwsby
eooyfwmxln eooyfwmxln
unihwwnyqz vnzypgtlkj
kijbyyuzhd kijbyyuzhd
xqwyvbvueh xqwyvbvueh
afrdrejwtp afrdrejwtp
ymvlfsdhbu ymvlfsdhbu aokbiptbzc
osdeymjeil osdeymjeil
xifuopshzj xifuopshzj
bulywvvpni bulywvvpni
ivugtsvtqb ivugtsvtqb
kvfpaspidv kvfpaspidv
