mdyuzxshey vkrlpmybdj jatkaoyfxb zumetrybth ebqxbaqnmm ljhmnbaicr owusjcmdkp oewptytlja jedsthbmzo xftptyrlvl yiwwdwbzth jqtguzxxsl hadchvmijq phknwbtipl eysfgfavho wtjzgzopuw euqbrkzdsw oggftsricu lkvobxyfca fznfvsgjhc sjtuxgdwms lbuiysostx idfvjoquhh lazlsvgukx ahqdrcepub siatqqydwf bulywvvpni lndsfxewdc zpybghfdbe cmdqzmgvfi tmrnpjqnxx wtlzrefwav hsjqtjkukk smwxdupkdv aokbiptbzc koawdpgqdx unihwwnyqz qepegujmaa unihwwnyqz koawdpgqdx smwxdupkdv hsjqtjkukk wtlzrefwav jrmlkfexfk gllungmori rkyixxpcbx optviwhmbr ixyurvbpvu uooysjrxsb seeyrseflx uooysjrxsb ixyurvbpvu siatqqydwf bulywvvpni zjbarjhmau wkwwcqjtxf qcktwemqbm tvcolajnao vkrlpmybdj mdyuzxshey
36
mdyuzxshey mysadifwma mdyuzxshey
jatkaoyfxb jatkaoyfxb bnmegnfgii
ixyurvbpvu gwnccktgki
jedsthbmzo jedsthbmzo
phknwbtipl kdujdjjwot
oewptytlja oewptytlja knfzsnhzvx nwlccbonas
zjbarjhmau zjbarjhmau
vkrlpmybdj vkrlpmybdj zmfuudfatm
bulywvvpni bulywvvpni
lndsfxewdc lndsfxewdc mswyvpdrsy
lbuiysostx lbuiysostx tgbmxdmvwe
rkyixxpcbx eooyfwmxln rkyixxpcbx
qepegujmaa xtvbrolacp qepegujmaa
hadchvmijq hadchvmijq wynbxuuxru
ahqdrcepub ahqdrcepub
ebqxbaqnmm ebqxbaqnmm
cmdqzmgvfi qydclznxrd qfbvncxldf cmdqzmgvfi
qcktwemqbm qcktwemqbm
zumetrybth zumetrybth
lazlsvgukx lazlsvgukx
jqtguzxxsl jqtguzxxsl
seeyrseflx vugkhjygfe seeyrseflx
aokbiptbzc aokbiptbzc
gllungmori gllungmori
optviwhmbr optviwhmbr
wtlzrefwav wtlzrefwav
yiwwdwbzth wtyqwjwskq
lkvobxyfca lkvobxyfca
owusjcmdkp owusjcmdkp
ljhmnbaicr ljhmnbaicr
xftptyrlvl xftptyrlvl
koawdpgqdx koawdpgqdx
fznfvsgjhc fznfvsgjhc
euqbrkzdsw euqbrkzdsw
oggftsricu lnicnhmajr
zpybghfdbe psiebvskfb
