0 1 155 1 39 106 107 39 60 128 129 60 9 161 9 78 185 78 47 152 47 21 140 21 60 108 109 60 84 143 84 53 176 53 10 197 10 49 194 49 25 124 125 25 12 138 139 12 57 188 57 83 167 83 31 118 119 31 69 110 111 69 10 114 115 10 5 116 117 5 94 126 127 94 41 122 123 41 44 104 105 44 40 134 135 40 46 170 46 54 191 54 34 120 121 34 90 182 90 45 173 45 47 164 47 18 102 103 18 11 130 131 11 179 11 84 132 133 84 58 100 101 58 41 112 113 41 38 146 38 57 136 137 57 87 149 87 26 158 26 0
79
100 100
101 101
102 102
103 103
104 104
105 105
106 106
107 107
108 108
109 109
110 110
111 111
112 112
113 113
114 114
115 115
116 116
117 117
118 118
119 119
120 120
121 121
122 122
123 123
124 124
125 125
126 126
127 127
128 128
129 129
130 130
131 131
132 132
133 133
134 134
135 135
136 136
137 137
138 138
139 139
140 140 141
21 142
143 143 144
84 145
146 146 147
38 148
149 149 150
87 151
152 152 153
47 154 166
155 155 156
1 157
158 158 159
26 160
161 161 162
9 163
164 164 165
167 167 168
83 169
170 170 171
46 172
173 173 174
45 175
176 176 177
53 178
179 179 180
11 181
182 182 183
90 184
185 185 186
78 187
188 188 189
57 190
191 191 192
54 193
194 194 195
49 196
197 197 198
10 199
