0 110 44 105 108 82 80 135 40 20 110 57 110 195 79 184 69 180 182 180 190 124 159 129 72 141 132 186 42 186 77 75 64 114 125 128 117 168 165 35 37 35 39 134 74 54 160 104 17 104 145 30 65 100 15 25 27 25 90 92 90 55 95 99 150 94 170 120 123 67 66 12 10 120 47 45 0
63
27 27 118
66 66
65 68 65
190 192 154
120 122 120
0 3 133
134 134
124 124
15 15
37 37 36
92 91 92
82 82
17 16 17
186 186 187
104 104
10 13
180 180
35 38 35
132 131 132
77 116 101
160 136 161 160
64 64
40 2 43
129 139 189 129
117 166
25 25 28
108 102 108
141 141 142
55 55 58
184 184
159 149 159
47 47 183
95 97 95 87
145 145 148
170 172
99 99
57 57 56
12 12 11
100 100
182 181 182
110 113 110
114 114
128 128
69 179 69
94 94
20 20
105 105
54 54
150 152
135 138 52 135
67 67
74 74
75 78
39 39
30 32 30
42 42 41
44 44
123 123
72 72
125 125
168 168
195 144 197 195
79 79
