loc0 loc193 loc58 loc184 loc50 loc140 loc175 loc190 loc10 loc109 loc64 loc127 loc91 loc163 loc1 loc111 loc192 loc39 loc180 loc72 loc165 loc48 loc102 loc66 loc174 loc84 loc189 loc54 loc135 loc27 loc117 loc126 loc108 loc63 loc144 loc198 loc9 loc162 loc90 loc172 loc100 loc136 loc73 loc146 loc65 loc164 loc2 loc128 loc74 loc110 loc74 loc128 loc173 loc29 loc113 loc77 loc131 loc32 loc185 loc14 loc176 loc59 loc158 loc86 loc125 loc98 loc161 loc44 loc179 loc53 loc107 loc26 loc169 loc7 loc187 loc34 loc151 loc79 loc115 loc88 loc196 loc97 loc133 loc78 loc150 loc195 loc24 loc159 loc114 loc87 loc123 loc30 loc183 loc3 loc138 loc75 loc157 loc13 loc193 loc0
72
loc1 loc1
loc2 loc2
loc3 loc3
loc157 loc4 loc12 loc21 loc22 loc49 loc67 loc85
loc113 loc5 loc41
loc183 loc6
loc7 loc7
loc107 loc8 loc35 loc71
loc9 loc9
loc10 loc10
loc110 loc11 loc47 loc92
loc13 loc13
loc14 loc14
loc195 loc15 loc51 loc60 loc96
loc196 loc16
loc179 loc17 loc89
loc135 loc18 loc36
loc109 loc19 loc46
loc146 loc20
loc125 loc23 loc62
loc24 loc24
loc115 loc25 loc43
loc26 loc26
loc27 loc27
loc136 loc28 loc37
loc29 loc29
loc30 loc30
loc175 loc31
loc32 loc32
loc123 loc33 loc93
loc34 loc34
loc164 loc38
loc39 loc39
loc140 loc40 loc76
loc150 loc42 loc69
loc44 loc44
loc163 loc45
loc48 loc48
loc50 loc50 loc95
loc133 loc52
loc53 loc53
loc54 loc54
loc172 loc55 loc82
loc131 loc56 loc83
loc189 loc57 loc99
loc58 loc58
loc59 loc59
loc187 loc61 loc70
loc63 loc63
loc64 loc64
loc65 loc65
loc66 loc66
loc176 loc68
loc72 loc72
loc73 loc73
loc74 loc74
loc75 loc75
loc77 loc77
loc78 loc78
loc79 loc79
loc161 loc80
loc162 loc81
loc84 loc84
loc86 loc86
loc87 loc87
loc88 loc88
loc90 loc90
loc91 loc91
loc184 loc94
loc97 loc97
loc98 loc98
loc100 loc100
