99 176 188 79 178 36 155 36 98 152 32 175 15 58 52 76 161 128 164 95 184 19 106 159 194 40 2 86 168 62 128 8 135 61 54 129 28 137 185 45 85 137 97 43 18 121 148 16 53 162 130 104 169 144 46 81 126 49 193 142 156 118 107 94 93 69 55 120 160 84 166 74 180 182 30 113 66 43 56 96 157 119 196 29 167 154 122 48 26 199 39 176 99
71
162 0
19 1 12 33
118 4
182 5 20 68 78 165
8 8
81 9 100 158
49 10 123 125
15 15
16 17 190
18 18
52 22 92 103
95 24 183
69 25 83 173
26 26
46 27
28 28
30 30
32 34
176 35
39 39
40 40
45 41 111
199 42
2 47 63 112 146 192
113 51 59 114 124 170
53 53
55 55
56 56
61 61
66 66
156 70
62 73
79 75
128 80
104 82
196 88
152 90
94 94
97 97
98 98
99 99
58 102
106 106
107 117 163
119 119
122 122
126 126
85 127 174 186
130 130
159 131
96 132
142 142
148 148
154 149
137 150
155 151 155
160 160
161 161
164 164
166 166
167 167
168 168
169 169
120 171
157 172
178 178
180 180
86 181
184 184
185 185
188 188
