loc59 loc70 loc89 loc37 loc54 loc16 loc43 loc65 loc6 loc51 loc36 loc81 loc32 loc68 loc95 loc42 loc90 loc33 loc35 loc52 loc45 loc31 loc5 loc25 loc50 loc11 loc4 loc97 loc23 loc46 loc41 loc88 loc92 loc98 loc84 loc29 loc2 loc30 loc71 loc72 loc47 loc74 loc62 loc59
42
loc51 loc17 loc51
loc2 loc2
loc62 loc62
loc23 loc28 loc23
loc32 loc83 loc32
loc30 loc13 loc30
loc74 loc74
loc31 loc31
loc43 loc43
loc6 loc6
loc68 loc20 loc68
loc70 loc70
loc42 loc42 loc34
loc50 loc50
loc35 loc35
loc41 loc41
loc47 loc47
loc29 loc29
loc71 loc71
loc89 loc89
loc52 loc52
loc90 loc90 loc14 loc1
loc97 loc97
loc88 loc88
loc54 loc54
loc65 loc65
loc37 loc37
loc4 loc4
loc72 loc72
loc11 loc11
loc45 loc45
loc33 loc33
loc92 loc92
loc25 loc25
loc84 loc84
loc98 loc98
loc46 loc46
loc16 loc16
loc5 loc5
loc36 loc36
loc95 loc95
loc81 loc81
