loc189 loc188 loc169 loc125 loc112 loc62 loc61 loc191 loc54 loc27 loc94 loc172 loc168 loc136 loc79 loc104 loc143 loc159 loc23 loc109 loc22 loc40 loc74 loc153 loc100 loc101 loc26 loc31 loc133 loc73 loc185 loc15 loc38 loc88 loc37 loc156 loc98 loc119 loc139 loc16 loc78 loc194 loc39 loc55 loc135 loc96 loc59 loc66 loc165 loc114 loc85 loc147 loc58 loc53 loc177 loc108 loc161 loc76 loc154 loc158 loc41 loc117 loc86 loc164 loc36 loc70 loc65 loc145 loc184 loc11 loc180 loc20 loc152 loc32 loc0 loc17 loc95 loc47 loc163 loc77 loc150 loc183 loc83 loc128 loc195 loc50 loc146 loc113 loc4 loc69 loc111 loc189
90
loc88 loc88
loc61 loc61
loc172 loc172
loc180 loc180 loc127
loc188 loc188
loc145 loc25 loc145
loc104 loc104
loc55 loc55
loc168 loc168
loc158 loc158
loc78 loc78
loc128 loc128
loc184 loc184
loc194 loc194
loc109 loc109
loc41 loc41
loc96 loc96
loc125 loc125
loc23 loc23
loc147 loc147
loc165 loc165
loc150 loc150
loc69 loc190 loc34 loc129 loc69
loc94 loc94
loc191 loc191
loc53 loc53 loc148
loc11 loc11
loc161 loc161
loc146 loc146
loc36 loc36
loc39 loc39
loc139 loc139
loc15 loc15
loc185 loc185
loc4 loc4
loc111 loc111
loc76 loc76
loc152 loc18 loc152
loc153 loc153
loc59 loc131 loc59
loc65 loc65
loc119 loc119
loc47 loc47
loc112 loc112
loc62 loc62
loc156 loc156
loc98 loc142 loc98
loc85 loc85
loc70 loc70
loc31 loc31
loc95 loc95
loc40 loc40
loc177 loc177
loc50 loc50
loc135 loc135
loc0 loc0
loc101 loc101
loc38 loc38
loc32 loc32
loc22 loc22
loc108 loc108
loc20 loc20
loc117 loc117
loc163 loc163
loc136 loc136
loc54 loc54
loc79 loc79
loc16 loc16
loc37 loc37
loc66 loc66
loc27 loc27
loc143 loc143
loc114 loc114
loc86 loc86
loc73 loc73 loc162
loc77 loc77
loc154 loc154
loc164 loc164
loc159 loc159
loc74 loc74
loc133 loc133
loc83 loc83
loc58 loc58
loc169 loc169
loc26 loc26
loc183 loc183
loc195 loc195
loc17 loc17
loc113 loc113
loc100 loc100
