10 50 187 186 112 111 110 109 108 107 106 105 104 103 102 101 100 99 98 97 96 95 94 93 92 91 90 89 88 87 86 85 84 83 82 81 80 79 78 77 76 75 74 73 72 71 70 69 68 67 66 65 64 63 62 61 60 198 199 59 58 57 56 55 192 193 54 53 52 51 50 10 21 22 23 11 12 13 29 6 9 8 7 33 32 40 36 37 38 39 43 35 34 42 1 2 3 10
81
1 1
2 2
3 3 5
6 6
7 7
8 8
11 11
12 12
29 15 29
21 21
22 22
23 23 25
32 32
34 34
35 35
36 36
37 37
38 38
39 39
33 41
42 42
43 43
51 51
52 52
53 53
54 54
56 56
57 57
58 58
59 59
61 61
62 62
63 63
64 64
66 66
67 67
68 68
69 69
71 71
72 72
73 73
74 74
76 76
77 77
78 78
79 79
81 81
82 82
83 83
84 84
86 86
87 87
88 88
89 89
91 91
92 92
93 93
94 94
96 96
97 97
98 98
99 99
101 101
102 102
103 103
104 104
106 106
107 107
108 108
109 109
111 111
112 112
50 184 185
186 186
187 187
55 190 191
192 192
193 193
60 196 197
198 198
199 199
