0 56 7 96 17 89 17 62 5 87 46 72 85 54 35 20 81 23 60 55 76 28 31 97 58 3 48 100 51 92 65 36 90 79 63 24 59 11 40 8 88 69 26 50 22 67 25 15 99 86 29 14 73 52 32 4 66 191 93 10 43 74 37 43 10 2 71 21 49 68 121 0
67
11 1 11 34
2 2 30
3 3
4 4
5 5
96 6 96
7 7
8 8
99 9 27 39 78 99
10 10 75 83
28 12 28 42
21 13 21
14 14
15 15
85 16 85
17 17 70 82
54 18 54
67 19 64 67
20 20
22 22
23 23
24 24
25 25
26 26
29 29
31 31
32 32 80
76 33 76
35 35
36 36 41 77
37 37 47
46 38 46
40 40
43 43
97 44 97
89 45 89
48 48
49 49
50 50
51 51
52 52
68 53 57 68
55 55
56 56
58 58
59 59
60 60
88 61 88 98
62 62
63 63
65 65
66 66
69 69
71 71
72 72
73 73
74 74
79 79
81 81 84
86 86
87 87
90 90
0 91
92 92
93 93 94
191 95
100 100
