0 30 28 26 25 23 32 20 19 17 85 86 83 81 80 79 78 77 76 75 63 62 58 54 53 51 49 44 42 41 40 39 37 33 117 116 112 ViksNode 107 106 102 101 120 97 95 93 92 14 11 9 8 7 6 5 6 9 11 14 92 93 96 99 100 122 100 102 105 107 ViksNode 112 115 112 116 117 33 34 36 37 39 40 41 42 44 49 50 52 57 56 58 62 70 64 73 75 76 77 78 79 81 82 90 17 21 20 32 23 26 28 0
37
5 3 4
7 7
8 8
9 10
14 13 15
17 18
19 19
20 20
21 21
25 25
28 27
30 30
34 35
36 36
37 37
42 42 43
44 47 48
53 53
54 55
56 56
58 59 60
63 63
70 70 71
73 73
75 74
78 78
80 80
86 86
92 94
ViksNode 130
99 99
122 121 123
101 104
106 106
115 113 114
105 108
117 117
