yZx4F8OpIk5Ar2sBMJAx 1nX5xj0493ZNrFPUOVt9 xjrY90FEcI7klV7sjO39 K5SbR7BNjzxCUkAdrGa5 pyuAeTbcVcifrFis8Hjk ylc14u4guzQsG1HGoIaW Z5A3tROaNW2mCwf9Mwns KdV5bt367BMwPhG3obI3 MMuVzSLYdkYJSnZzYgpt oNRzekgjmcfhwbUnE9E5 ixBQklcj47gZLpsoK0Z1 iPYb45Axawv8d5E4ZUWT brD3Sp7VWuo0VotesZDK bSPdwFdSvkSaDMkIhhIm sI5I68bj40h6dFM0JU7L mhfSTNs1vGxIVkKDB1R9 a37twrOQlX8ckvFplsbJ j8a5XYXH6AK0uHrNRime 2GGOgT8kgyBmX858M38j Ux0fPXy37kADOkMzDLQ2 t3p35rQwuMfICpxwBTRV coccrxCAACMV0GSxD2xc YCHj3zwS8C1T4iIu3mub u8Sh3uzUVF2pFMTdyMgE hCu50otWd5xV17Ex0c3a Jl9fGpEEaLR4lmSJYVKz TIQTzk08mTKB7r8LXluj OLNsB9xLMpVZMUaTLkU7 xfBJiQuas9xv3hIOUe8o 4vVzhXxSoe23m0D4crAQ O3Hkka0xTn4TYlQWkSEt E0w68ygm8mlxdWmjUSMA c2xoK29xdkQaHgutY5NS MjcrC2MkSyccg6AM7KMW OX2sgS0EKma0KPRXo24b YXB7UTVLkwJ3CJcMVTzW aUS8Ma4u9DWG5rGkGMu3 3Nm0UHOvSd34D8rM2yZH uwJup2WiLVChmnkelhR8 SxhNwhmBZW56skeskoXT evP9W9Sp0JotOHAnvl9E tg1w5Br4i5001iky5uAt 9RASC8iIlFoW2F9PoUXZ u3rvHKE2Cknh2L20VX31 sYiNL7uSzhZbFuuuJ7Ov k4TDiYyIyLOxd2S09stN 73lJNME3ed7CVENNhT28 BoPjxvlt26bTwBLbfnZh p1HQ9bUXYQS3CJ4AN6us e6PVUjjd6ajldcTPycA6 3NlcmlomZH13bXyH9A3z yZx4F8OpIk5Ar2sBMJAx
50
O3Hkka0xTn4TYlQWkSEt O3Hkka0xTn4TYlQWkSEt
ylc14u4guzQsG1HGoIaW ylc14u4guzQsG1HGoIaW
2GGOgT8kgyBmX858M38j 2GGOgT8kgyBmX858M38j
tg1w5Br4i5001iky5uAt tg1w5Br4i5001iky5uAt
aUS8Ma4u9DWG5rGkGMu3 aUS8Ma4u9DWG5rGkGMu3
1nX5xj0493ZNrFPUOVt9 1nX5xj0493ZNrFPUOVt9
hCu50otWd5xV17Ex0c3a hCu50otWd5xV17Ex0c3a
uwJup2WiLVChmnkelhR8 uwJup2WiLVChmnkelhR8
coccrxCAACMV0GSxD2xc coccrxCAACMV0GSxD2xc
SxhNwhmBZW56skeskoXT SxhNwhmBZW56skeskoXT
xfBJiQuas9xv3hIOUe8o xfBJiQuas9xv3hIOUe8o
c2xoK29xdkQaHgutY5NS c2xoK29xdkQaHgutY5NS
xjrY90FEcI7klV7sjO39 xjrY90FEcI7klV7sjO39
oNRzekgjmcfhwbUnE9E5 oNRzekgjmcfhwbUnE9E5
j8a5XYXH6AK0uHrNRime j8a5XYXH6AK0uHrNRime
Jl9fGpEEaLR4lmSJYVKz Jl9fGpEEaLR4lmSJYVKz
4vVzhXxSoe23m0D4crAQ 4vVzhXxSoe23m0D4crAQ
iPYb45Axawv8d5E4ZUWT iPYb45Axawv8d5E4ZUWT
OX2sgS0EKma0KPRXo24b OX2sgS0EKma0KPRXo24b
MjcrC2MkSyccg6AM7KMW MjcrC2MkSyccg6AM7KMW
YXB7UTVLkwJ3CJcMVTzW YXB7UTVLkwJ3CJcMVTzW
BoPjxvlt26bTwBLbfnZh BoPjxvlt26bTwBLbfnZh
evP9W9Sp0JotOHAnvl9E evP9W9Sp0JotOHAnvl9E
E0w68ygm8mlxdWmjUSMA E0w68ygm8mlxdWmjUSMA
ixBQklcj47gZLpsoK0Z1 ixBQklcj47gZLpsoK0Z1
mhfSTNs1vGxIVkKDB1R9 mhfSTNs1vGxIVkKDB1R9
k4TDiYyIyLOxd2S09stN k4TDiYyIyLOxd2S09stN
sYiNL7uSzhZbFuuuJ7Ov sYiNL7uSzhZbFuuuJ7Ov
Ux0fPXy37kADOkMzDLQ2 Ux0fPXy37kADOkMzDLQ2
Z5A3tROaNW2mCwf9Mwns Z5A3tROaNW2mCwf9Mwns
9RASC8iIlFoW2F9PoUXZ 9RASC8iIlFoW2F9PoUXZ
3Nm0UHOvSd34D8rM2yZH 3Nm0UHOvSd34D8rM2yZH
bSPdwFdSvkSaDMkIhhIm bSPdwFdSvkSaDMkIhhIm
e6PVUjjd6ajldcTPycA6 e6PVUjjd6ajldcTPycA6
u3rvHKE2Cknh2L20VX31 u3rvHKE2Cknh2L20VX31
KdV5bt367BMwPhG3obI3 KdV5bt367BMwPhG3obI3
3NlcmlomZH13bXyH9A3z 3NlcmlomZH13bXyH9A3z
u8Sh3uzUVF2pFMTdyMgE u8Sh3uzUVF2pFMTdyMgE
sI5I68bj40h6dFM0JU7L sI5I68bj40h6dFM0JU7L
a37twrOQlX8ckvFplsbJ a37twrOQlX8ckvFplsbJ
YCHj3zwS8C1T4iIu3mub YCHj3zwS8C1T4iIu3mub
pyuAeTbcVcifrFis8Hjk pyuAeTbcVcifrFis8Hjk
brD3Sp7VWuo0VotesZDK brD3Sp7VWuo0VotesZDK
t3p35rQwuMfICpxwBTRV t3p35rQwuMfICpxwBTRV
K5SbR7BNjzxCUkAdrGa5 K5SbR7BNjzxCUkAdrGa5
MMuVzSLYdkYJSnZzYgpt MMuVzSLYdkYJSnZzYgpt
p1HQ9bUXYQS3CJ4AN6us p1HQ9bUXYQS3CJ4AN6us
73lJNME3ed7CVENNhT28 73lJNME3ed7CVENNhT28
OLNsB9xLMpVZMUaTLkU7 OLNsB9xLMpVZMUaTLkU7
TIQTzk08mTKB7r8LXluj TIQTzk08mTKB7r8LXluj
