destitute namesake jewel Injun illusion bifurcate Modesto Elizabethan Halstead embassy Dominican Bleeker minion slowdown schedule connubial Gilmore funny midget swingy diligent Auberge Vega bobble McCall Hewlett decor swordfish septillion transpiration shroud choice fatten trill yogurt Isfahan balustrade MN combine extractor mediate Fisk Rio Loomis Darwin ripe barnacle destitute
42
Halstead Andersen Halstead
Auberge Auberge
Bleeker Bleeker
Darwin Darwin
Dominican Dominican
Elizabethan Elizabethan
Fisk Fisk
Gilmore Gilmore
Hewlett Hewlett
Loomis Hindi Loomis
Injun Injun stanza
Isfahan Isfahan
MN MN
McCall McCall
Modesto Modesto
Rio Rio
Vega Vega
slowdown amateur slowdown
septillion anvil creekside papal septillion
balustrade balustrade
bobble bobble
choice choice
connubial connubial
decor decor
diligent diligent tate
embassy embassy
extractor extractor
fatten fatten
funny funny
illusion illusion
jewel jewel
mediate mediate
midget midget
minion minion
ripe ripe
schedule schedule
shroud shroud
swingy swingy
swordfish swordfish
transpiration transpiration
trill trill
yogurt yogurt
