woebegone trill fulsome shovel choice lexicon Vega extrovert Tucson taft creekside Dominican Irvin mack Zorn December car papal archive sphalerite noon Rodney Simon yogurt trimester illusion Curtis trimester bat Winchester connubial anvil Sunday whatsoever embroil torus icon funky millennium inform postscript dull swingy Fisk mediate bunch barnacle broil thirteen involuntary spill involuntary Durango monotonous MN casserole felony Isfahan thoroughfare balustrade babysat numerology stanza confrontation midstream limitate PDP septillion McCall funny switchmen Gilmore simulate Stephen cowhand woebegone
70
cowhand Andersen explosion
Rodney Auberge Rodney
Curtis Curtis deduce
Simon Darwin Goodrich Simon
December December
Durango Durango Hewlett Reilly bifurcate sinh
Fisk Fisk
Gilmore Gilmore
Irvin Irvin
Isfahan Isfahan
McCall McCall
lexicon Modesto
PDP PDP oriole
Stephen Stephen
Sunday Sunday silage
Tucson Tucson
Vega Vega
creekside Wheller
Winchester Winchester
Zorn Zorn
trill administer
anvil anvil
archive archive softball
babysat babysat
involuntary backplate involuntary slowdown
barnacle barnacle
bat bat directory
broil broil
bunch bunch
car car
casserole casserole renaissance
thirteen catenate thirteen
choice choice
torus coarse
connubial connubial
numerology diligent numerology viscous
monotonous dreadnought monotonous
dull dull
embroil embroil
felony equipping felony tate
MN exothermic
extrovert extrovert
fulsome fulsome
funky funky swordfish
funny funny wingspread yearn
illusion griddle illusion
icon icon update
switchmen imperishable
inform inform secondary
limitate limitate
mack mack
mediate mediate
midstream midstream
millennium millennium
spill mitre spill
noon noon
papal papal
postscript postscript
confrontation relaxation
septillion septillion
shovel shovel
simulate simulate
sphalerite sphalerite
stanza stanza
swingy swingy
thoroughfare thoroughfare
trimester transfuse trimester
woebegone transonic
whatsoever whatsoever
yogurt yogurt
