exothermic swordfish felony Irvin decor shovel trill combine Iowa Injun Curtis Bernini amateur midget lordosis extrovert sacrifice McCall namesake FPC yogurt Dominican felony exothermic
20
McCall Andersen McCall
Bernini Bernini Tucson
Curtis Curtis
FPC FPC
lordosis Halstead lordosis
Injun Injun
Iowa Iowa
Irvin Irvin
amateur amateur
midget coarse midget
combine combine
decor decor
extrovert extrovert
felony felony
namesake namesake
sacrifice sacrifice
shovel shovel
swordfish swordfish wafer
trill trill
yogurt yogurt
