Loc151 Loc130 Loc4 Loc48 Loc135 Loc177 Loc41 Loc98 Loc165 Loc172 Loc184 Loc3 Loc170 Loc128 Loc16 Loc77 Loc13 Loc6 Loc127 Loc68 Loc62 Loc72 Loc46 Loc122 Loc94 Loc157 Loc17 Loc5 Loc38 Loc190 Loc123 Loc111 Loc125 Loc50 Loc181 Loc194 Loc167 Loc183 Loc43 Loc154 Loc109 Loc120 Loc134 Loc61 Loc65 Loc138 Loc92 Loc160 Loc158 Loc182 Loc20 Loc142 Loc166 Loc54 Loc96 Loc85 Loc118 Loc141 Loc59 Loc124 Loc102 Loc47 Loc21 Loc99 Loc117 Loc52 Loc126 Loc70 Loc26 Loc173 Loc187 Loc161 Loc141 Loc180 Loc34 Loc55 Loc195 Loc10 Loc2 Loc110 Loc28 Loc49 Loc33 Loc148 Loc36 Loc104 Loc101 Loc57 Loc151
85
Loc55 Loc55
Loc49 Loc49
Loc4 Loc4 Loc131
Loc16 Loc16
Loc184 Loc184
Loc94 Loc94
Loc177 Loc177
Loc47 Loc47
Loc160 Loc160
Loc109 Loc109
Loc170 Loc170 Loc115
Loc130 Loc130 Loc171
Loc6 Loc6 Loc66
Loc41 Loc41
Loc151 Loc151
Loc172 Loc172
Loc77 Loc77
Loc10 Loc27
Loc126 Loc93 Loc126
Loc36 Loc36
Loc85 Loc7 Loc147 Loc85
Loc127 Loc127
Loc104 Loc156 Loc104
Loc98 Loc98
Loc34 Loc34 Loc32
Loc122 Loc122
Loc48 Loc48
Loc68 Loc68
Loc120 Loc120
Loc92 Loc92
Loc124 Loc124
Loc154 Loc154
Loc62 Loc62
Loc123 Loc185 Loc123
Loc54 Loc54
Loc20 Loc20
Loc96 Loc96
Loc102 Loc102
Loc195 Loc195 Loc24
Loc33 Loc33
Loc46 Loc46
Loc99 Loc99
Loc187 Loc187
Loc118 Loc118
Loc194 Loc194 Loc15
Loc157 Loc157
Loc52 Loc52
Loc173 Loc173 Loc58
Loc2 Loc2 Loc163
Loc181 Loc181
Loc38 Loc38
Loc161 Loc161
Loc21 Loc89 Loc21
Loc148 Loc148
Loc117 Loc117
Loc110 Loc110
Loc50 Loc50
Loc141 Loc141
Loc142 Loc142
Loc43 Loc43
Loc101 Loc101
Loc167 Loc167
Loc158 Loc158
Loc59 Loc59
Loc61 Loc61
Loc65 Loc65
Loc13 Loc13
Loc165 Loc165
Loc180 Loc180
Loc138 Loc138
Loc3 Loc3
Loc17 Loc17
Loc72 Loc72
Loc182 Loc182
Loc128 Loc128
Loc190 Loc190
Loc183 Loc183
Loc57 Loc57
Loc135 Loc135
Loc28 Loc28
Loc134 Loc134
Loc111 Loc111
Loc125 Loc125
Loc166 Loc166
Loc70 Loc70
