Loc35 Loc7 Loc96 Loc46 Loc31 Loc67 Loc23 Loc44 Loc1 Loc70 Loc75 Loc47 Loc15 Loc20 Loc63 Loc66 Loc14 Loc41 Loc64 Loc65 Loc48 Loc52 Loc84 Loc62 Loc80 Loc83 Loc4 Loc92 Loc25 Loc10 Loc56 Loc93 Loc43 Loc79 Loc90 Loc73 Loc24 Loc0 Loc74 Loc86 Loc59 Loc22 Loc34 Loc51 Loc58 Loc37 Loc95 Loc35
41
Loc24 Loc24
Loc65 Loc39 Loc65
Loc4 Loc89 Loc4
Loc46 Loc77 Loc46
Loc84 Loc84
Loc79 Loc79
Loc86 Loc86
Loc93 Loc93
Loc74 Loc74
Loc67 Loc97 Loc67 Loc13
Loc23 Loc23
Loc83 Loc78
Loc48 Loc48
Loc52 Loc71 Loc52
Loc58 Loc58
Loc31 Loc31
Loc41 Loc41
Loc7 Loc7
Loc70 Loc70
Loc10 Loc10
Loc75 Loc33 Loc28
Loc62 Loc62
Loc73 Loc73
Loc95 Loc54 Loc95
Loc25 Loc25
Loc51 Loc51
Loc22 Loc22
Loc37 Loc37
Loc14 Loc14
Loc15 Loc15
Loc0 Loc0
Loc34 Loc81 Loc34
Loc92 Loc92
Loc66 Loc66
Loc1 Loc1
Loc63 Loc63
Loc80 Loc80
Loc47 Loc47
Loc44 Loc44
Loc64 Loc64
Loc90 Loc90
