6Zg7j6t8kt wXTrLT9dUx 8pgnfE3xKu vD4d0BZ03p zH4Z0p0Ftj VWD9Yy5Xrg MImiDijd1o oRs9wR3IGE 8pgnfE3xKu OGWcs2X8pk bc4pLp9tiD MpRNDD0glq 4ViGHxfdlc 0gqiqztWgj fhmE7A9rVl 79JJ9GZF8c M9d0z6OccV gSP0irArmo YZKJeBb8Pe ECFKqOm791 fbxiHLAsv4 KpPj50fAfy vCSWEyz4PC TH1GgoG5GU I1RTFIGWhc NgxnYo41LY cqCbnI2bkr b3jUAAPOlA R0OKpbbX8l Iroa6leixY YrPP1U1r20 ckEVpwA8CD YrPP1U1r20 I1RTFIGWhc TH1GgoG5GU Octagmmhko 1koyFI8rlU G05S6XZiBa 4RZs4XFvF9 OR78sPVsV9 ECFKqOm791 fbxiHLAsv4 J6nn6V6pVr dyS1o5lQHD OpwMnuSGmp uXkvSfF7Kv pm1Yq2dCLL 1iUrZ2N0MA GSDEYlNcCM 97dvK2Az7S GSDEYlNcCM 4JtfcKJvHu GSDEYlNcCM ka4cgDWgq7 6Zg7j6t8kt
40
Iroa6leixY tvKOOMQ7Sv Iroa6leixY
1iUrZ2N0MA UgxUR9jKcJ ESDdDChkYw s8EkvbOYAX
1koyFI8rlU 1koyFI8rlU
ckEVpwA8CD ckEVpwA8CD YQKcyMibnc
zH4Z0p0Ftj zH4Z0p0Ftj
97dvK2Az7S 97dvK2Az7S Dkc5CxJ6RV
M9d0z6OccV M9d0z6OccV
YrPP1U1r20 YrPP1U1r20 7cteJXIZM1
fbxiHLAsv4 fbxiHLAsv4
KpPj50fAfy KpPj50fAfy
NgxnYo41LY NgxnYo41LY
wXTrLT9dUx wXTrLT9dUx dojrtYXceT 1aPtXDhYtV
4ViGHxfdlc 4ViGHxfdlc
MpRNDD0glq lrFRnKniRv MpRNDD0glq
I1RTFIGWhc I1RTFIGWhc
OGWcs2X8pk OGWcs2X8pk
b3jUAAPOlA b3jUAAPOlA
4JtfcKJvHu 4JtfcKJvHu H0NdoJawvz
79JJ9GZF8c 79JJ9GZF8c
G05S6XZiBa G05S6XZiBa
pm1Yq2dCLL iyQiEnpG35
uXkvSfF7Kv uXkvSfF7Kv
OR78sPVsV9 EZQ9HUGjRN
GSDEYlNcCM GSDEYlNcCM
gSP0irArmo N08DpqDewo
vCSWEyz4PC vCSWEyz4PC
YZKJeBb8Pe YZKJeBb8Pe
4RZs4XFvF9 4RZs4XFvF9
oRs9wR3IGE oRs9wR3IGE
OpwMnuSGmp OpwMnuSGmp
TH1GgoG5GU TH1GgoG5GU
VWD9Yy5Xrg VWD9Yy5Xrg
0gqiqztWgj 0gqiqztWgj
Octagmmhko Octagmmhko
J6nn6V6pVr 4lUeyqYb0U
8pgnfE3xKu 8pgnfE3xKu
fhmE7A9rVl fhmE7A9rVl
cqCbnI2bkr cqCbnI2bkr
vD4d0BZ03p vD4d0BZ03p
ka4cgDWgq7 ka4cgDWgq7
