g3ylJsdLuC idQHxtSnxr BUMLJo6sc3 srT70dfQEr Pz3egMzKU8 0SQlBVJ1YY 7ZWqK2F5XG 2O61j91J3T K05xB79KZo srT70dfQEr RN0bCAV6rQ pk0Vh75DnH 2fevl06VRg 0mnwiU4XrT u4LnQNaaiz yvMowGbkvn vUu8ijgxxf euuICgBLD4 r8njDwxc2t JD3uem81Lg IA0Uf143OT mwzQG3SxnO 97ZNlakBoq TSSOUimHPg LCKLTNE1vp uvoepIQg9n IA0Uf143OT BNkM7qaRNw yky49wE4YG YAqGe4tKAP FvzkpZRSj8 PcFJuErB3q CxfzSa2YOV M2hatQPY96 tubjzjzUpV 8ZKCAWlImg KZfI0wRW9K xjSWG1YKh9 TBzLS0OAYU 723MhcLxt0 7wS9dKOnJR 12ECENJIev Oiowits7js nKHFs5cKTX 03xK87sjTf 7g0Idy1nzK KUJdxKVZFO fXy828RCG4 GQ4F0g3Mdj XW1Wn7EqpN rCoEuOa7EU 8KtuAXHUy3 EG1t1o8YrR fWIjO8yhE3 WAi18jd2vJ Tk8ERvdKxF oCk2Yieytb 33omYiVXOD 5SSy593K31 WvFZJEkTrw aEo62SfMqH j98kcW9qGB z8wUSSybzM bhojeHeddF oIVQ2qkgnR s3eMpsYH00 Pijq8aHqIR lfdanPGo3c jBYJ7v19BQ qjDSEKmZMW 7wS9dKOnJR qnkfLCmfDn yU6iUY8YgO XOxGPscMMG WcyuqGYOzU oWmQcQwHPo dC48GQHGzO AXNCIbkEJh xtp1B5q0W1 CSjLrGbUz3 QTNhZIciNJ 2S929yZddP YpRs8m6oyX oEdovEhrWM CUEWGmB7Gt dMOAUqH7Z3 9LabQjTqkn uqBwmUCwgE u4FAx2sHZm 1TfvXd6dPZ u4FAx2sHZm g2I4si69gU oVMPVsMWrZ vnZBjkVngj LeZK9UvMT9 emYRLTiyj9 2eMl9AO5o8 QrJxLpX875 dj8JMfo3hX 4znnlMjVra MXIvZpEPtW biWuM2iRnz mok9StGG0X TSSOUimHPg Q1N77BLmyb bsEkAY2K41 j98kcW9qGB onlLq65Azx idQHxtSnxr g3ylJsdLuC
80
lfdanPGo3c lfdanPGo3c
WAi18jd2vJ S8BtTu4yH9 WAi18jd2vJ
KUJdxKVZFO 0wTk0mYkLH KUJdxKVZFO
Q1N77BLmyb Q1N77BLmyb
qjDSEKmZMW qjDSEKmZMW
12ECENJIev 12ECENJIev
oCk2Yieytb oCk2Yieytb bWDewy6WbV
CUEWGmB7Gt CUEWGmB7Gt
s3eMpsYH00 s3eMpsYH00
YpRs8m6oyX YpRs8m6oyX
TBzLS0OAYU TBzLS0OAYU
XW1Wn7EqpN XW1Wn7EqpN
WcyuqGYOzU WcyuqGYOzU
bhojeHeddF bhojeHeddF
Tk8ERvdKxF uIf3wnJUdn Tk8ERvdKxF
yky49wE4YG WRd4lScvm6 yky49wE4YG Pv5LMSkQii
Pz3egMzKU8 Pz3egMzKU8 gZXiityEnU
8ZKCAWlImg z9nRKYQ1ub t25XjDwQhD
QTNhZIciNJ h5Si5BAPN0 QTNhZIciNJ
CxfzSa2YOV CxfzSa2YOV
1TfvXd6dPZ 1TfvXd6dPZ mbSdju1TJK
Pijq8aHqIR Pijq8aHqIR
oEdovEhrWM oEdovEhrWM KpxiCfRqh3
LeZK9UvMT9 LeZK9UvMT9
uvoepIQg9n uvoepIQg9n
0mnwiU4XrT 0mnwiU4XrT wRn7Oi1bcW
5SSy593K31 5SSy593K31
yvMowGbkvn yvMowGbkvn
u4LnQNaaiz u4LnQNaaiz
g2I4si69gU g2I4si69gU
7wS9dKOnJR IT4pKw3giW
QrJxLpX875 QrJxLpX875
2O61j91J3T 2O61j91J3T
idQHxtSnxr idQHxtSnxr
Oiowits7js Oiowits7js
GQ4F0g3Mdj GQ4F0g3Mdj TP2TNyk7wl TyL7NE2puV
oIVQ2qkgnR oIVQ2qkgnR 0hs3CNDF4L
RN0bCAV6rQ RN0bCAV6rQ
tubjzjzUpV tubjzjzUpV
03xK87sjTf 03xK87sjTf
M2hatQPY96 M2hatQPY96
97ZNlakBoq 97ZNlakBoq
bsEkAY2K41 bsEkAY2K41
WvFZJEkTrw WvFZJEkTrw
dj8JMfo3hX dj8JMfo3hX
aEo62SfMqH aEo62SfMqH
r8njDwxc2t r8njDwxc2t
IA0Uf143OT IA0Uf143OT
BNkM7qaRNw BNkM7qaRNw XlU2fx0ZPn
pk0Vh75DnH pk0Vh75DnH
xtp1B5q0W1 xtp1B5q0W1
BUMLJo6sc3 fecMfiAuGC jPXsbXPNMq BUMLJo6sc3
K05xB79KZo K05xB79KZo
FvzkpZRSj8 FvzkpZRSj8
fWIjO8yhE3 KHDeTTvJC1
oWmQcQwHPo oWmQcQwHPo
4znnlMjVra 4znnlMjVra
qnkfLCmfDn qnkfLCmfDn
CSjLrGbUz3 CSjLrGbUz3
JD3uem81Lg JD3uem81Lg
7g0Idy1nzK 7g0Idy1nzK
723MhcLxt0 723MhcLxt0
mwzQG3SxnO mwzQG3SxnO
oVMPVsMWrZ oVMPVsMWrZ
nKHFs5cKTX nKHFs5cKTX
dMOAUqH7Z3 dMOAUqH7Z3
yU6iUY8YgO yU6iUY8YgO
onlLq65Azx onlLq65Azx
emYRLTiyj9 emYRLTiyj9
srT70dfQEr srT70dfQEr
vUu8ijgxxf vUu8ijgxxf
LCKLTNE1vp LCKLTNE1vp
u4FAx2sHZm 2OsmeZV9xh u4FAx2sHZm
vnZBjkVngj x7iq98BiN3
biWuM2iRnz biWuM2iRnz
YAqGe4tKAP YAqGe4tKAP
fXy828RCG4 fXy828RCG4
2S929yZddP 1QXjsHNYao 2S929yZddP
jBYJ7v19BQ jBYJ7v19BQ
8KtuAXHUy3 8KtuAXHUy3
