153 170 150 168 11 26 172 79 108 41 137 177 35 90 2 160 100 98 147 189 147 42 198 17 151 23 90 35 169 118 68 27 53 145 5 192 156 50 58 47 21 161 60 0 139 138 131 25 195 80 39 70 180 197 77 95 84 120 36 188 106 113 170 15 129 12 93 58 99 109 29 192 83 92 171 186 52 186 19 81 119 26 181 146 194 135 117 16 126 22 86 13 196 76 7 20 89 49 89 152 28 153
80
168 168
100 127 56
29 29
150 150 134
12 12 34
119 119
81 81
80 140
196 196
145 145 178
126 126
118 118
2 2
58 58
15 15
26 26
13 13
76 124
86 86 4
113 113
21 21 184
17 3 187
197 197
160 160 37
68 68
70 70
146 182 146
90 90 40
89 89 74
60 112 60
189 163 8
16 16
11 11
98 98 122 88
153 153
135 135
156 156
52 52 179
47 47
138 61 138
188 188
137 137
41 41
93 93
194 194
172 172
129 129
120 120
49 49 167
42 42
36 36
50 96 128 50
23 23
7 7
95 95
99 99
19 19
35 35
177 177
192 192
53 53
180 180
161 161
181 136
131 131
169 169
0 0
152 152
108 108
77 77
83 83
195 195
170 170
139 43
147 147
79 79
20 20
171 171
5 5
28 28
