htb26qt 59yzvtv og6n7bgq8h nm7ud hc2hf5t8 dt4ljfgjkizpq ozag34bm9 pwqxinlzb3s 1161ildqnj ynuam4f8 og6n7bgq8h hwu8dv9jgknbm wqkqf k3qywmpr 812l47wm 9egqgrh7x4e kwtb3cg 9lvbrlgk 52a3fj2zh 87jxa zjh83ae ht1efrhmh q42s9z886w5 aplkk57cpzm 44yverx itrx5fucdq t4iedm gd5ct4 uzsjpl5f5 8m3pascg kxhc6t8tu 4w6uhigzl 7r5kyxwijn 7hz6j8 vl6czuab zou7sx9w pmyqr fgkuly81y 3khitn6 x73l73jp dlkmpx yr44oj2 37v6d art44ncra s9vu9xx884 6u4sf1gi ushjdkdhm9 5612qqmh txlltgki 8gc7dka8lfy y3eg7gqq6 5xz8hm5sa3 6k7du siimi45 tu8xxomxhi pt2n7hl hyc885fvjls fej54ps5j 8jea4n4ez pt2n7hl yhvc7zg g2g6fxcwr2l 6evi4pv e7lxs pt2n7hl euhqqqmdpe tjwldi f92ere3 hq5mh8mi vrem3ey3kg44 obabms b8apl2kn grn3uqx9y 7pbkkbbpw aq2rero4e mucolb1r ay5sahonq84 pxudbw3kn p9mtts yx6dguko a5u8g4sej iffsi mw8g2qjo1 1ca2x2cnc ic2r4blmm9 ilaz9q l8yypbh 59yzvtv htb26qt
75
yhvc7zg yhvc7zg
iffsi iffsi
zou7sx9w zou7sx9w nd9xavj
wqkqf wqkqf
tjwldi tjwldi
txlltgki txlltgki
ozag34bm9 ozag34bm9
l8yypbh l8yypbh
9lvbrlgk 9lvbrlgk
p9mtts p9mtts
ushjdkdhm9 ushjdkdhm9
g2g6fxcwr2l g2g6fxcwr2l
zjh83ae yhp7wbv9 zjh83ae
y3eg7gqq6 y3eg7gqq6
art44ncra 5stwoup art44ncra
7hz6j8 7hz6j8
itrx5fucdq itrx5fucdq
og6n7bgq8h og6n7bgq8h
nm7ud nm7ud 1jhmm8m85
6k7du 6k7du
kxhc6t8tu yg6hizqty kxhc6t8tu
pmyqr pmyqr
6u4sf1gi 6u4sf1gi
7pbkkbbpw 7pbkkbbpw
ynuam4f8 ynuam4f8
812l47wm 4ka6l1c8w 812l47wm
tu8xxomxhi tu8xxomxhi
52a3fj2zh 9oii82xaa 52a3fj2zh
euhqqqmdpe euhqqqmdpe
dlkmpx dlkmpx
hwu8dv9jgknbm hwu8dv9jgknbm
pt2n7hl pt2n7hl
ht1efrhmh ht1efrhmh
gd5ct4 gd5ct4
aplkk57cpzm aplkk57cpzm
mw8g2qjo1 mw8g2qjo1
kwtb3cg kwtb3cg
5xz8hm5sa3 ysiw8m4l
7r5kyxwijn i6lsw66h
9egqgrh7x4e 9egqgrh7x4e
mucolb1r mucolb1r
e7lxs e7lxs
vrem3ey3kg44 vrem3ey3kg44
8m3pascg 8m3pascg
fej54ps5j fej54ps5j
obabms obabms
3khitn6 3khitn6
k3qywmpr h1gz5hzz k3qywmpr
vl6czuab vl6czuab
ay5sahonq84 ay5sahonq84
uzsjpl5f5 uzsjpl5f5
ic2r4blmm9 ic2r4blmm9
dt4ljfgjkizpq dt4ljfgjkizpq
x73l73jp x73l73jp
q42s9z886w5 q42s9z886w5
1161ildqnj 1161ildqnj piawzpgtzz9
yr44oj2 yr44oj2
yx6dguko yx6dguko
f92ere3 f92ere3
pwqxinlzb3s pwqxinlzb3s
grn3uqx9y grn3uqx9y
s9vu9xx884 s9vu9xx884
hc2hf5t8 hc2hf5t8
1ca2x2cnc 1ca2x2cnc
8jea4n4ez 8jea4n4ez
87jxa 87jxa
4w6uhigzl 4w6uhigzl
ilaz9q ilaz9q
37v6d 37v6d
hyc885fvjls hyc885fvjls
hq5mh8mi hq5mh8mi
8gc7dka8lfy 8gc7dka8lfy
a5u8g4sej a5u8g4sej
t4iedm t4iedm
59yzvtv 59yzvtv
