y1ueyuwp svhmnjst1e 7og7qr4t86 8cfvpx26xwcwt q847myi kab7t8o7qjj xllfi9b oyoi4md61 3hlob94j5u ehy39 yida2btlrgcd2it mqt67y9n ywksl5wd 4cddmu86gmo 95nsenz6 quxig9xz2 bmicm4au j2pso94 t9q1ztn8723 p53u2x9bku99j f3vyq53xc 2bwd2j b7of9a fhrrge 8t9i4yy rkd38ui5s4 jjeivv4j55 l12pu 31raz5hp9v kch7lui7 ywksl5wd 8eg2mee w4qoh15 eq5c5ygub 2y9obuu 38s4jyp4eu uus7jirbe oso2xmpn1i y1ueyuwp
35
7og7qr4t86 7og7qr4t86
3hlob94j5u 3hlob94j5u
8cfvpx26xwcwt 8cfvpx26xwcwt
svhmnjst1e svhmnjst1e u4xzrfm7f umnww3
4cddmu86gmo 4cddmu86gmo
f3vyq53xc 9956fi swoprer f3vyq53xc
kab7t8o7qjj kab7t8o7qjj my85gnmouy
uus7jirbe uus7jirbe
b7of9a vnsdusp
j2pso94 j2pso94
ehy39 ehy39
q847myi q847myi
fhrrge fhrrge
yida2btlrgcd2it yida2btlrgcd2it
jjeivv4j55 jjeivv4j55 kc3zwg52 vehkyi71w
8eg2mee 8eg2mee
mqt67y9n mqt67y9n
eq5c5ygub eq5c5ygub
l12pu l12pu
38s4jyp4eu 38s4jyp4eu
31raz5hp9v 31raz5hp9v
8t9i4yy yik8cqxn2
xllfi9b xllfi9b
2y9obuu 2y9obuu 6u33i
bmicm4au bmicm4au
rkd38ui5s4 rkd38ui5s4
kch7lui7 kch7lui7
w4qoh15 w4qoh15
95nsenz6 95nsenz6
oyoi4md61 8erlfq
t9q1ztn8723 t9q1ztn8723
p53u2x9bku99j p53u2x9bku99j
ywksl5wd ywksl5wd
quxig9xz2 quxig9xz2
2bwd2j 2bwd2j
