index97 index15 index3 index11 index84 index23 index27 index44 index7 index33 index73 index68 index65 index2 index83 index38 index42 index16 index70 index29 index43 index35 index94 index76 index25 index6 index85 index41 index14 index13 index72 index58 index9 index22 index91 index71 index10 index56 index8 index26 index57 index60 index48 index31 index80 index63 index50 index97
42
index14 index0 index14
index97 index1 index97
index2 index2
index3 index3
index6 index6
index7 index7
index8 index8
index9 index9
index10 index10
index11 index11
index13 index13
index15 index15
index22 index22
index23 index23
index56 index24
index25 index25
index26 index26
index27 index27
index29 index29
index31 index31
index35 index32 index35
index33 index33
index38 index38
index63 index39 index51 index63
index41 index41
index42 index42
index43 index43
index44 index44
index48 index48 index78
index84 index49 index79
index16 index52
index57 index57
index58 index58
index70 index59 index70
index60 index60
index68 index68
index72 index72
index73 index73
index76 index76
index85 index85
index91 index91
index94 index94
