index155 index193 index44 index67 index164 index17 index28 index4 index14 index142 index124 index198 index22 index86 index53 index133 index39 index157 index21 index6 index63 index102 index109 index167 index158 index92 index58 index118 index115 index130 index26 index170 index25 index196 index62 index37 index174 index24 index69 index91 index165 index137 index11 index88 index152 index114 index95 index169 index42 index72 index186 index134 index10 index146 index89 index50 index40 index83 index18 index121 index57 index5 index111 index199 index112 index171 index9 index190 index19 index116 index131 index20 index55 index156 index106 index66 index147 index107 index76 index113 index3 index27 index97 index125 index141 index155
76
index3 index3 index110
index4 index4 index126
index5 index5
index6 index6
index9 index9
index10 index10
index11 index11 index90
index14 index14
index57 index15 index57
index17 index17 index150
index18 index18
index19 index19
index20 index20
index21 index21
index22 index22 index52
index109 index23 index109
index24 index24
index25 index25
index26 index26
index27 index27
index62 index30 index47 index62
index89 index31 index89
index199 index32 index199
index37 index37
index39 index39
index40 index40
index42 index42
index44 index44
index167 index49 index167
index50 index50
index55 index55 index56
index58 index58
index118 index60 index118
index63 index63
index66 index66
index67 index67
index69 index69
index170 index81 index170
index83 index83
index86 index86
index141 index87 index128 index141
index88 index88
index92 index92
index95 index95
index130 index96 index130
index97 index97
index131 index99 index131
index156 index100 index129 index156
index106 index106
index107 index107
index102 index108 index172
index112 index112
index113 index113
index114 index114
index115 index115
index116 index116
index121 index121
index124 index124
index125 index125
index133 index133
index134 index134
index137 index137
index142 index142
index196 index143 index196
index193 index144
index152 index152
index155 index155
index157 index157
index158 index158 index159
index164 index164
index165 index165
index169 index169
index174 index174
index186 index186
index190 index190
index198 index198
