M2S9flVUcYP2sJdh8LXf tuE7UekaxGUib4idWtYa 93aDiM8K0XhtiVcCVKi2 vodEvdIApqt0N3TZsbxN cdaizmjQrCe5Vnwy3JQF tVhIJJgs0kEFaQx1hdWm Jjat3uJ5XboI9kZe0522 Dc1wEVV3kuOZotG6pNlL ag5vZ07KPwCr1Lpz8zM0 fmFrd4vggNac5TkiFJAd Z8MZ2JfftjeVVnGFSOQe PbYOO88SokShsv7XrgBm NMTjl1jsvrb7y2ggdCSc ECCnzlgsMEvTYjNwAlfM uy6RcQAYd3ATM1Icq3my dOKaHsIcDX32wPXAX2Gt yHMPX8vHctuUweyLluyz oWxP87H6AXwFzF0dpB9d 9GrchmlNCDIapQ9OnEYh 9Jr76N4fnNot7SNYqBKG jgcWqrcniA4q9WNs9xkc Yj14cJHLteGLwnT0JCVo 4bQwji0D4wyEDLd54MWv 8KfYYXeMqM0D4nShLOzi tUowOUG1V7iCXBCMR0AT 5gumrx48u1yPpF6ivPOI vxiwkV1b5fV2sGCBFsRQ zdtRVpQ9lVyEhNj9Evpp JajH9BPb1gw5kQ2oTRnP Dt5YfbjQq6VoKnyw6Zav m1IYiQsUBuvvpTv7yWXO nbZglhhmYQAPQz4eETaj Pqf0Sn4UvsBLaxz7WO4n EtrZREkmL456viQQJ9Rb S8uMGvUglWyhnfV5Wzdp dKH5OdpmJKCU83bbXVxZ 0uvEfLgT4s8ImTk9VWBt zD7ErBenXxsG4D9b5TEV 48nWZMVqWDxfH9uMf2U3 93aDiM8K0XhtiVcCVKi2 X9TJsvmT50zYeG0q6XSG H59EihDjhfpS7ToXFM3L M2S9flVUcYP2sJdh8LXf
38
Dt5YfbjQq6VoKnyw6Zav Dt5YfbjQq6VoKnyw6Zav
ECCnzlgsMEvTYjNwAlfM Eu0wGcDBBrgvePzHfqrS ECCnzlgsMEvTYjNwAlfM
m1IYiQsUBuvvpTv7yWXO m1IYiQsUBuvvpTv7yWXO
H59EihDjhfpS7ToXFM3L H59EihDjhfpS7ToXFM3L
dKH5OdpmJKCU83bbXVxZ dKH5OdpmJKCU83bbXVxZ Kfu1pc3YPMGebW7Iu8ex
tUowOUG1V7iCXBCMR0AT tUowOUG1V7iCXBCMR0AT
5gumrx48u1yPpF6ivPOI 5gumrx48u1yPpF6ivPOI
vxiwkV1b5fV2sGCBFsRQ gZVNRDm5p6aX5QEEX8UG vxiwkV1b5fV2sGCBFsRQ
tuE7UekaxGUib4idWtYa sH3pvLOfMUrEGUrmsHCu PZrpdQAa8H8tkrajh08J
Dc1wEVV3kuOZotG6pNlL LNMZej67uy0Whvqp5OR1 k7k4sHxeh1pR4sOjcVuj
S8uMGvUglWyhnfV5Wzdp S8uMGvUglWyhnfV5Wzdp
Pqf0Sn4UvsBLaxz7WO4n Pqf0Sn4UvsBLaxz7WO4n
8KfYYXeMqM0D4nShLOzi v0QJIKD4q7sFXrzFSb6J 8KfYYXeMqM0D4nShLOzi
tVhIJJgs0kEFaQx1hdWm tVhIJJgs0kEFaQx1hdWm Z0DuoZMcx6oyDPWFznMK
NMTjl1jsvrb7y2ggdCSc NMTjl1jsvrb7y2ggdCSc XmlH4l2BXG35TF70bZqZ
yHMPX8vHctuUweyLluyz yHMPX8vHctuUweyLluyz
9Jr76N4fnNot7SNYqBKG 9Jr76N4fnNot7SNYqBKG
Jjat3uJ5XboI9kZe0522 L8bxdxuDa5issn2PiN3u Jjat3uJ5XboI9kZe0522 yZPIHwySFuIdRJCMzjnz
Z8MZ2JfftjeVVnGFSOQe Z8MZ2JfftjeVVnGFSOQe
93aDiM8K0XhtiVcCVKi2 93aDiM8K0XhtiVcCVKi2
48nWZMVqWDxfH9uMf2U3 48nWZMVqWDxfH9uMf2U3
4bQwji0D4wyEDLd54MWv 4bQwji0D4wyEDLd54MWv
jgcWqrcniA4q9WNs9xkc jgcWqrcniA4q9WNs9xkc
uy6RcQAYd3ATM1Icq3my uy6RcQAYd3ATM1Icq3my LxEzX08MG9T8knIYbul0
zdtRVpQ9lVyEhNj9Evpp zdtRVpQ9lVyEhNj9Evpp
X9TJsvmT50zYeG0q6XSG Bc6dudheE3WGLxP0iDdK
fmFrd4vggNac5TkiFJAd fmFrd4vggNac5TkiFJAd
nbZglhhmYQAPQz4eETaj nbZglhhmYQAPQz4eETaj pNXWB5geApaSjbsCCT4J
PbYOO88SokShsv7XrgBm W4IxjYZtRN88GGSV9Uoc
9GrchmlNCDIapQ9OnEYh 9GrchmlNCDIapQ9OnEYh
M2S9flVUcYP2sJdh8LXf M2S9flVUcYP2sJdh8LXf
EtrZREkmL456viQQJ9Rb EtrZREkmL456viQQJ9Rb
oWxP87H6AXwFzF0dpB9d oWxP87H6AXwFzF0dpB9d
dOKaHsIcDX32wPXAX2Gt dOKaHsIcDX32wPXAX2Gt
cdaizmjQrCe5Vnwy3JQF cdaizmjQrCe5Vnwy3JQF
zD7ErBenXxsG4D9b5TEV zD7ErBenXxsG4D9b5TEV
vodEvdIApqt0N3TZsbxN vodEvdIApqt0N3TZsbxN
0uvEfLgT4s8ImTk9VWBt 0uvEfLgT4s8ImTk9VWBt
