hC71hIuyRaST3AiaSZqg cXmjc3Wu4kjM1IHGgfA5 m0W1PzAhoOpYXaJ0LLW5 Wf6tYlitgmZKoXfughsS v0QCMKnmfkXllH4nQHen OAcbYkMyAi1Iu0vWaaFc 5doygtE58PVlrfBbaaxD ZUt08qPkISJA3VT4fdsK oq1GulTWdKtwAlNIQxnY 2dfprAgHp3T6RrgooKgP uJlmjikTUoEO48jGpFMW TrUW9m3qjkTMvqHNRot0 zbsjvfwSdNExCnTFLo8x 4wWd3kvalFkda9M583i7 468JV90VoJDfHRf7bwGC x81SdeDfzbsk8wgCHcJT 468JV90VoJDfHRf7bwGC yLnN3wvof669Fh58DxrQ l5OFQGDhW1xJJ8ERuglz eULKHiriYHElwEbrQo2X NjrNYv2s9TjuFmdhy6vq aGWdv30UuUFiszMErlJF jGNThQH3U9Qqi91Eop7X rW1b1NT9NaRlIIxoT8XF W5rNQea9NsCafaUbLgWC C5aQkckiWq5qVUhbiI57 oakCd1HozhO35GtImcF2 nmwnnNlPCMIjajSEo2R3 63EFNMvLteBrV7Lj9nA4 dsEyS8WvuzfBZPrbbzZx RDnAjQbgrCahBSBieO1p 6KcltWtleWJ6izN3XL0F wqyhoOJuJuNfuZ1c9ZhU nmwnnNlPCMIjajSEo2R3 2YL9dYowMkTTxjU0fVal c2cBpUI19bqo5IjxQzNs uJlmjikTUoEO48jGpFMW nnG2z19YXqYOoAxMQkFV Mi1upMhcgP7iV16OWKN5 NXZByMrsstrrXRLxVcyg qsbRHSDlSHG3Ep5gugbq ivvO5yUvAxjOjLiwMPV4 qyWH5Ui5kFJGpXM7i2RZ P6PcaiimLTne6w5m7SJi ymIUUgCvgB7r5le0Mh11 kITtdSORrLGuHqAl2YGb nOsoIFzZBhdd6bjP45Ba Z2YJKymsE6JEohxl2CgC 2TderjwrXrNV2UBZ77eD LI8fhHKJlh7mQx1nNK0m IWOalMs6IXX5Ln6F9Eov 2QgUKFj4HV0dn5Ia55tj QYsTJmc2IUi36H1YK47s Tgouk8HApNFShyYjQedR Mufarp9xGx29xj0P1ijS D3gODzQIzHZRe5A487BX g5fwwkfUKem4JdibLkXM PFAHK1LPbENiUm01N8B0 xtgYSd34f56WAH3CCBpW IC3wlDskAWyf0o1M61kl tb41LamjPxrSZBTCVL4N b9q1t3OMZ6dXE5R6ca5w vXrEXAmThLoQVXFImZcg 7DZfG4yobV0xCcSaxf27 5E8wNso5HkheqEVi0Uhr 6jnt0RQvUBeXBhrLOwzh EfhuR5UGBxqkoqdQBn2E 4MuL6AbQo2ozZ4x7psrd 1wSeohNTb1oCspxe2x4j MCc3yEIO8tXzzu5ZknlT m2kNeowjoX6iaPduqLLc KqTw626stjcdChciHrJ6 OLGSBuAPLZmdhTN6ApoS 8w6JkwNghwwfzVWZlMG6 1uTE034Q24DWmybWBbX4 RNtZ6m1O9hQj2ovJiJE3 JuSdCG8HSUzwufkmRvTN 8IUV6HBSYn47shRwVW5F JuSdCG8HSUzwufkmRvTN PqB0lgs9Brze4wJGQzAM FE29I03FH1qEyEvIQNGT NWAZrSnr0i1Dj5TA6dLc 24YcTAlCtPoNC11H3BAQ jLS4UljOCe6h8LwAOGRX m2kNeowjoX6iaPduqLLc EnQuMk7pVZUnmn2BboBv g6Fit1BcwBIbAAJnBKGn OBEPyJuvhH0Z9VoT2UNC h52UeNen88U7Y4iFuOF7 1Oc2bGjHzXrMLiYLik5Z yMXdJdorJpzOHHt9uIfg ivvO5yUvAxjOjLiwMPV4 kITtdSORrLGuHqAl2YGb YygsiZkXDS9oQ07w4psX hC71hIuyRaST3AiaSZqg
77
aGWdv30UuUFiszMErlJF bw0K7NVh1sgqlnescYkX aGWdv30UuUFiszMErlJF
qsbRHSDlSHG3Ep5gugbq 3MmCPAjYheu6g9TkIxDm qsbRHSDlSHG3Ep5gugbq
IWOalMs6IXX5Ln6F9Eov IWOalMs6IXX5Ln6F9Eov
2YL9dYowMkTTxjU0fVal 2YL9dYowMkTTxjU0fVal
C5aQkckiWq5qVUhbiI57 R22TNV5lr1tmI44FcHvv C5aQkckiWq5qVUhbiI57
JuSdCG8HSUzwufkmRvTN JuSdCG8HSUzwufkmRvTN
NWAZrSnr0i1Dj5TA6dLc fuNQ8Sfy86k6zaBQjwEz WgneGAZv4qtDq8Q5DYZf NWAZrSnr0i1Dj5TA6dLc
63EFNMvLteBrV7Lj9nA4 63EFNMvLteBrV7Lj9nA4
nmwnnNlPCMIjajSEo2R3 laRDyozSdXcFtmdQ5VqD nmwnnNlPCMIjajSEo2R3
wqyhoOJuJuNfuZ1c9ZhU EqrhH8oFQmMRN10foGjV wqyhoOJuJuNfuZ1c9ZhU
NXZByMrsstrrXRLxVcyg NXZByMrsstrrXRLxVcyg gZiMcGUkLd8qaWleLH1T
xtgYSd34f56WAH3CCBpW xtgYSd34f56WAH3CCBpW t9sTQNaMU9o2HF5pm7xT
RDnAjQbgrCahBSBieO1p RDnAjQbgrCahBSBieO1p
6KcltWtleWJ6izN3XL0F 6KcltWtleWJ6izN3XL0F
IC3wlDskAWyf0o1M61kl IC3wlDskAWyf0o1M61kl
g5fwwkfUKem4JdibLkXM g5fwwkfUKem4JdibLkXM
jGNThQH3U9Qqi91Eop7X ddzqPXECnHQT4a4RIpSF 61VEe5QpRdEG1AHTZmSn
oakCd1HozhO35GtImcF2 RSJQdRAK7H6zYHVeXyPj oakCd1HozhO35GtImcF2 yXrak2UUHdgFCsCWvgfp
Mi1upMhcgP7iV16OWKN5 Mi1upMhcgP7iV16OWKN5
YygsiZkXDS9oQ07w4psX YygsiZkXDS9oQ07w4psX
8IUV6HBSYn47shRwVW5F 8IUV6HBSYn47shRwVW5F DmIjX4adnoqSEDmx2f39 1ae7bJScGomdGEdgag5b
zbsjvfwSdNExCnTFLo8x zbsjvfwSdNExCnTFLo8x
OAcbYkMyAi1Iu0vWaaFc OAcbYkMyAi1Iu0vWaaFc
W5rNQea9NsCafaUbLgWC W5rNQea9NsCafaUbLgWC
nOsoIFzZBhdd6bjP45Ba nOsoIFzZBhdd6bjP45Ba
jLS4UljOCe6h8LwAOGRX jLS4UljOCe6h8LwAOGRX
6jnt0RQvUBeXBhrLOwzh 6jnt0RQvUBeXBhrLOwzh
2TderjwrXrNV2UBZ77eD 2TderjwrXrNV2UBZ77eD
ymIUUgCvgB7r5le0Mh11 ymIUUgCvgB7r5le0Mh11
1Oc2bGjHzXrMLiYLik5Z 1Oc2bGjHzXrMLiYLik5Z
1wSeohNTb1oCspxe2x4j 1wSeohNTb1oCspxe2x4j
oq1GulTWdKtwAlNIQxnY oq1GulTWdKtwAlNIQxnY
EfhuR5UGBxqkoqdQBn2E fzCA3w8Mu664WC0yRZb5
4wWd3kvalFkda9M583i7 4wWd3kvalFkda9M583i7 btiXecpJBKmrIHtQ7jPA
qyWH5Ui5kFJGpXM7i2RZ qyWH5Ui5kFJGpXM7i2RZ
468JV90VoJDfHRf7bwGC NqvNOj5h3GSbJm5NawjL 468JV90VoJDfHRf7bwGC
kITtdSORrLGuHqAl2YGb EEWjQ3rZ3GM9oucA2vc5
TrUW9m3qjkTMvqHNRot0 TrUW9m3qjkTMvqHNRot0
cXmjc3Wu4kjM1IHGgfA5 COVfDobG5VcfcSxLDUch cXmjc3Wu4kjM1IHGgfA5
Tgouk8HApNFShyYjQedR sCcEFmBkhTop4sycKzuM Tgouk8HApNFShyYjQedR Dv6lwBgjbbZceuQXFzFf
eULKHiriYHElwEbrQo2X eULKHiriYHElwEbrQo2X
KqTw626stjcdChciHrJ6 KqTw626stjcdChciHrJ6
8w6JkwNghwwfzVWZlMG6 8w6JkwNghwwfzVWZlMG6
x81SdeDfzbsk8wgCHcJT CgUyoeVDFzkf0g6EiF8w x81SdeDfzbsk8wgCHcJT
Mufarp9xGx29xj0P1ijS Mufarp9xGx29xj0P1ijS lVjpvSHc5hBrS7dzTmI1
24YcTAlCtPoNC11H3BAQ 24YcTAlCtPoNC11H3BAQ
PqB0lgs9Brze4wJGQzAM mkGdh9qd7uj9x5W3Koxj
MCc3yEIO8tXzzu5ZknlT kuIwHVHn49UEM4TprHKr
nnG2z19YXqYOoAxMQkFV nnG2z19YXqYOoAxMQkFV 72cxNTZ1Tw5teVGiR2xj
EnQuMk7pVZUnmn2BboBv QHOT9LWV0s6xVVreglDh
RNtZ6m1O9hQj2ovJiJE3 RNtZ6m1O9hQj2ovJiJE3
h52UeNen88U7Y4iFuOF7 z0rRwRZbA1TaaAgS8PYu
P6PcaiimLTne6w5m7SJi P6PcaiimLTne6w5m7SJi
yMXdJdorJpzOHHt9uIfg yMXdJdorJpzOHHt9uIfg
ZUt08qPkISJA3VT4fdsK VkEnPX1CQCoh4CxlXSlf
m0W1PzAhoOpYXaJ0LLW5 Ca5sYccbD9TUz7JLHrcf UQEmoPmHSH2FlTDuXOEx
rW1b1NT9NaRlIIxoT8XF rW1b1NT9NaRlIIxoT8XF
2QgUKFj4HV0dn5Ia55tj 2QgUKFj4HV0dn5Ia55tj
4MuL6AbQo2ozZ4x7psrd 4MuL6AbQo2ozZ4x7psrd
OLGSBuAPLZmdhTN6ApoS OLGSBuAPLZmdhTN6ApoS
1uTE034Q24DWmybWBbX4 1uTE034Q24DWmybWBbX4
2dfprAgHp3T6RrgooKgP 2dfprAgHp3T6RrgooKgP
b9q1t3OMZ6dXE5R6ca5w b9q1t3OMZ6dXE5R6ca5w
7DZfG4yobV0xCcSaxf27 7DZfG4yobV0xCcSaxf27
l5OFQGDhW1xJJ8ERuglz l5OFQGDhW1xJJ8ERuglz
OBEPyJuvhH0Z9VoT2UNC OBEPyJuvhH0Z9VoT2UNC
LI8fhHKJlh7mQx1nNK0m LI8fhHKJlh7mQx1nNK0m
5doygtE58PVlrfBbaaxD 5doygtE58PVlrfBbaaxD
Z2YJKymsE6JEohxl2CgC Z2YJKymsE6JEohxl2CgC
vXrEXAmThLoQVXFImZcg vXrEXAmThLoQVXFImZcg
g6Fit1BcwBIbAAJnBKGn g6Fit1BcwBIbAAJnBKGn
QYsTJmc2IUi36H1YK47s QYsTJmc2IUi36H1YK47s
FE29I03FH1qEyEvIQNGT FE29I03FH1qEyEvIQNGT
v0QCMKnmfkXllH4nQHen v0QCMKnmfkXllH4nQHen
PFAHK1LPbENiUm01N8B0 PFAHK1LPbENiUm01N8B0
dsEyS8WvuzfBZPrbbzZx dsEyS8WvuzfBZPrbbzZx
Wf6tYlitgmZKoXfughsS Wf6tYlitgmZKoXfughsS
