ZfI6StUliqd8YxBr0zVp Hxhi6IYOb3B8uxHbGYVt mMagcNSN7U8s7oy3e0j4 5JVto9dbOz4Lu3AeAOZD QGzcn6XPemZ0IhmCJCmq SI1jqone3x4IZwZ6qVW6 QBaUzVWA62rnfcsnEShZ Af4sQnaDf5G2yrOfmk45 RnnCc8OgQLqPe5HvvbS3 WEpQsV1SPLNjRDFxWGJw 98jc4TOf5CFD5ooRLXKs Z38PT2VWeDoNiuh4rc0v sxZzRXnVfKw2KrspKPg1 Z6746tUNXH05XsKVq5bc BFat56YSkekx77JCOMI4 gj1PIUxoUprs5rKMLNpv gX6xMy6pWnenI68kwgcu uYmver98TgwbkIsM8XgU zs8puphf0SbuOBS6XpM9 ip0vmcqzxYgrY2Mc3Bu9 Fa64KRccvM4rqOgxBKtu cQGIpn2T5vI9Au4mrGii ZBTm8fkarNXg3vLUAnt8 ZfI6StUliqd8YxBr0zVp
21
uYmver98TgwbkIsM8XgU uYmver98TgwbkIsM8XgU
WEpQsV1SPLNjRDFxWGJw WEpQsV1SPLNjRDFxWGJw
Z6746tUNXH05XsKVq5bc Z6746tUNXH05XsKVq5bc
QGzcn6XPemZ0IhmCJCmq QGzcn6XPemZ0IhmCJCmq cC9SZGtAtirSBnbvLWzt
Af4sQnaDf5G2yrOfmk45 YzWX8RqUW0YPFsebUKYP Af4sQnaDf5G2yrOfmk45 QUmdpeJNwq8Od3rclrVL
BFat56YSkekx77JCOMI4 BFat56YSkekx77JCOMI4
Fa64KRccvM4rqOgxBKtu Fa64KRccvM4rqOgxBKtu
Hxhi6IYOb3B8uxHbGYVt Hxhi6IYOb3B8uxHbGYVt
ZBTm8fkarNXg3vLUAnt8 gGXF4imn3IOLlYGD81XA ZBTm8fkarNXg3vLUAnt8
SI1jqone3x4IZwZ6qVW6 SI1jqone3x4IZwZ6qVW6
gj1PIUxoUprs5rKMLNpv gj1PIUxoUprs5rKMLNpv
5JVto9dbOz4Lu3AeAOZD 5JVto9dbOz4Lu3AeAOZD
QBaUzVWA62rnfcsnEShZ QBaUzVWA62rnfcsnEShZ
98jc4TOf5CFD5ooRLXKs 98jc4TOf5CFD5ooRLXKs
Z38PT2VWeDoNiuh4rc0v UoiNiYnewh16WNDFqvYW
ip0vmcqzxYgrY2Mc3Bu9 ip0vmcqzxYgrY2Mc3Bu9
RnnCc8OgQLqPe5HvvbS3 RnnCc8OgQLqPe5HvvbS3
zs8puphf0SbuOBS6XpM9 zs8puphf0SbuOBS6XpM9
ZfI6StUliqd8YxBr0zVp ZfI6StUliqd8YxBr0zVp
mMagcNSN7U8s7oy3e0j4 mMagcNSN7U8s7oy3e0j4
gX6xMy6pWnenI68kwgcu gX6xMy6pWnenI68kwgcu
