Jacksonville Milwaukee Nashville Milwaukee Tucson Columbus Detroit Tulsa Albuquerque Oakland Phoenix OklahomaCity Boston SanJose Indianapolis LosAngeles Raleigh Austin Omaha LongBeach LasVegas Seattle Portland Arlington Louisville Atlanta Jacksonville
21
Oakland Philadelphia
LasVegas LasVegas
OklahomaCity FortWorth
Portland Portland
Raleigh Memphis
Tulsa Tulsa Minneapolis
Atlanta Fresno SanFrancisco Atlanta
Columbus Columbus
Seattle Seattle
SanJose SanJose
Phoenix Phoenix
Nashville ElPaso VirginiaBeach
Tucson Tucson
LongBeach LongBeach
Albuquerque Albuquerque
Indianapolis Indianapolis
Austin Austin
Jacksonville Jacksonville
Louisville Louisville
Boston Boston
LosAngeles LosAngeles
