SaintPaul Garland Newark Houston Stockton Louisville Memphis Honolulu ChulaVista Charlotte Phoenix Durham SantaAna Durham Toledo JerseyCity Lincoln Minneapolis BatonRouge FortWorth LongBeach Dallas Tucson Detroit Lexington Fresno Plano LosAngeles Austin Aurora Omaha Miami KansasCity Fresno Chesapeake Lubbock StPetersburg Milwaukee Columbus Glendale Hialeah OklahomaCity FortWayne Albuquerque Baltimore ChulaVista SanDiego SanJose SaintPaul
39
Newark Newark Scottsdale
Plano Plano Chandler
Detroit Denver
Honolulu Honolulu
Austin SanAntonio Austin
Durham Durham WinstonSalem
Lexington Lexington
FortWorth FortWorth
StPetersburg Henderson StPetersburg
FortWayne FortWayne Anchorage
Baltimore Baltimore Indianapolis
Houston Houston
Glendale Glendale
SantaAna Pittsburgh SantaAna
SanDiego SanDiego
Tucson Tucson Raleigh
SanJose SanJose
Hialeah Hialeah
Lincoln Lincoln
LongBeach LongBeach
Charlotte Charlotte
Fresno Spokane
Milwaukee Milwaukee
Toledo Atlanta Tampa
JerseyCity Laredo JerseyCity
Chesapeake Chesapeake
Dallas Dallas
Stockton Stockton
Columbus Columbus
Memphis Memphis
Phoenix Phoenix
Lubbock Lubbock
Minneapolis Bakersfield
KansasCity NewOrleans
OklahomaCity OklahomaCity
LosAngeles ElPaso
Aurora Aurora
Louisville Madison
ChulaVista Cincinnati
