Chattanooga ElPaso CorpusChristi Memphis Wichita Macon Plano Yonkers Durham Roseville FortWorth Corona Jackson Brownsville Boston Hollywood OuterHaven Fresno Portland JerseyCity Buffalo Pomona Albuquerque Cincinnati WinstonSalem Knoxville Berkeley Springfield Spokane Alexandria NewportNews DesMoines Austin Vancouver Detroit BatonRouge Bakersfield Salinas Murfreesboro Salinas Bakersfield BatonRouge OverlandPark Scottsdale Riverside Indianapolis FortLauderdale Savannah FortLauderdale Indianapolis Riverside Scottsdale Tempe Aurora Orange Frisco KansasCity Gilbert PembrokePines Orlando Naperville Chicago Atlanta Toledo StPetersburg Sunnyvale SanDiego Arlington ChulaVista Anaheim MorenoValley Henderson Orange Aurora Fayetteville Richmond Stockton Surprise Anchorage Phoenix LittleRock CapeCoral Oceanside Fontana Irvine Norfolk SaintPaul TianamenSquare RanchoCucamonga Akron Hayward SantaClarita NewYork Syracuse Irvine OklahomaCity Lincoln Madison Joliet SanBernardino Fremont Honolulu Huntsville Tacoma Huntsville Cleveland Chattanooga
82
Yonkers Yonkers
Alexandria Alexandria
Joliet Joliet
Orlando Orlando
Lincoln Lincoln
Fresno Worcester GrandRapids
LittleRock LittleRock Shreveport
Salinas GardenGrove
Aurora Aurora Baltimore Lexington
DesMoines DesMoines
Surprise Surprise
Phoenix Phoenix
Knoxville Knoxville
StPetersburg Jacksonville
Oceanside Oceanside
Henderson Henderson
Fremont Fremont
Riverside Riverside
Memphis Memphis SanAntonio
SanBernardino SanBernardino Boise
Tacoma Tacoma Oxnard
Wichita Wichita
Cincinnati Paterson GrandPrairie Cincinnati
SaintPaul Washington SaintPaul
TianamenSquare Ontario
Bakersfield Bakersfield
SantaClarita SantaClarita
Cleveland Cleveland
Brownsville Brownsville
Savannah McAllen Savannah
Murfreesboro Charlotte Murfreesboro
Corona Corona Lubbock
Honolulu Honolulu SanFrancisco
Springfield Springfield
Gilbert Denton
Tempe Tempe
Spokane Spokane
Portland Glendale
Irvine Irvine
NewportNews NewportNews
PembrokePines Olathe Salem
Scottsdale Scottsdale
Vancouver Vancouver PortStLucie
Indianapolis Indianapolis
Anchorage Anchorage Midland
FortWorth FortWorth
Austin Austin
Norfolk Raleigh
Anaheim Anaheim
Macon SanJose
Fayetteville Fayetteville
Durham Durham
ChulaVista ChulaVista
OklahomaCity SantaAna
FortLauderdale FortLauderdale
ElPaso ElPaso
Syracuse Syracuse
Madison Madison
NewYork NewYork
CapeCoral CapeCoral
Hollywood Louisville
Hayward Hayward
Buffalo Buffalo
BatonRouge BatonRouge
Boston Boston
Albuquerque Waco LosAngeles
Chicago Chicago
KansasCity KansasCity
Richmond Richmond
MorenoValley Tallahassee
Fontana Fontana
Berkeley Berkeley
Plano Plano
Orange Orange
RanchoCucamonga Newark
Toledo Toledo
Naperville Naperville
Jackson Jackson
Akron Akron
Pomona Pomona
Frisco Frisco
SanDiego SanDiego
