0 23 88 139 64 30 194 28 75 10 198 5 74 21 80 3 59 97 31 140 12 53 20 81 173 85 1 85 176 42 151 128 83 9 6 24 89 33 76 34 55 78 57 4 60 54 92 99 82 67 87 17 107 26 98 47 142 51 170 0
56
0 0 73
1 1 58 69
31 2 31
3 3
4 4
5 5 41 70
6 6
64 7 50 64
30 8 30
9 9 52
10 10 71
107 11 79
12 12 62
51 13 51
78 14 36 78
33 15 33
142 16 22
17 17
87 18 87 95
128 19
20 20
21 21 93
23 23
24 24 46
57 25 57
26 26
99 27 99
28 28 38
89 29 89
59 32 59 94
34 34
176 35
170 37
67 39 56 67 96
83 40 83
42 42 45
80 43 80
173 44
47 47
139 48 63
54 49 54
53 53
55 55 90
60 60
194 61 72
98 65 77 91 98
140 66 68 86
74 74
75 75
76 76
81 81
82 82
85 84 85
88 88
92 92
97 97
