K B CA EN FD BJ DV BL M U DG DM DI DK EB AN Y DL GF CT GI FE DO BO DX EM BP FJ P DB BI FG AU GK CJ FH CE FP DS DH AS AH EU BF GR EO DE EV AF BB CW CV X AE ED GC BQ EG AG GG FX CH EZ DN EH FU FM DZ I AX AK BY V FI G BA CB FO EK GO Z CR DP BX EJ AM CF K
79
B B
G G
I I
BB L BB
M M
P P EC GJ
BF R BF GL
EK T EK GE
U U
V V
X X
Y Y
Z Z
DZ AB DZ
AF AF
AG AG
AH AH AW
DK AJ DK
AM AM
AN AN
AS AS
AX AX
BA BA
BY BE BY
FM BG FM
BI BI
BJ BJ
BL BL
BO BO
BP BP
BQ BQ
CJ BR CJ
BX BX
CB CB FZ
CE CE
CF CF
FH CK FH
DN CM
AU CQ FR
CT CT
CW CW
EV CY EV
DB DB
EB DC
DG DG EL
DH DH
DI DI
DP DP
FX DR FX
DS DS
DV DV
DX DX
EM EA EM
ED ED
EG EG
EH EH
EJ EJ
EN EN
EO EO
DL EQ
EU EU
EZ EZ
FD FD
FE FE FV
FG FG
FI FI
FJ FJ
FO FO
FP FP
K FS
FU FU
GC GC
CA GD
GF GF
GG GG
GI GI
GK GK
GO GO
GR GR
