89 12 100 179 73 133 128 111 83 11 82 65 109 160 4 127 101 169 5 78 27 48 98 118 39 132 33 81 38 41 37 99 124 59 142 173 56 156 51 151 94 70 136 3 64 31 6 122 102 148 114 89
51
100 100 199
38 96 38 32
179 179
102 178 102
101 101
132 132 195
173 86 36 29 173 130
142 197 21 188
5 172 5
127 127 88 80
73 79 97 16 193 73
94 94
3 3
39 190 149 39 85
122 122 61
33 33 25 121
64 18 64
151 151
51 51 189
169 169
99 99 44
78 78
124 124
109 183 109 112
114 125 114
128 128 23
70 135 192 70
81 81
59 59 75
37 37
148 146 148 13 58
31 107 31
136 136
89 69
133 194 133 141
11 11
83 83
27 27
98 98
12 12 187
41 41
4 4
65 191 65
111 111 140 144 49
156 156
160 160
56 155 56
6 6
48 48 9
118 118 1
82 147 82
