fmdhlepsteinstdnkill epsteindlsfdntmkillh dnkillepsteinlshdtfm mftkillepsteinndlhsd tmsdnfdlkillhepstein lhepsteinkilldtnmfsd dnkillepsteinlshdtfm killepsteinlhtfdsmdn epsteinlshkilldnfdmt flepsteindndhmtkills killdmnsfhldepsteint ndkillftdsmepsteinlh tdfepsteinnlhdkillsm dfkilllmtepsteinhdsn nfdhkilllsmtepsteind killnsfmhdepsteindtl fdshnmkillepsteinltd fddsepsteinhnlkilltm ddtmkillepsteinflsnh hepsteinsddnfkillmlt lthfkilldnsmepsteind epsteinskilldlndhmtf epsteinkillmsftnddlh dmepsteinfnhltkillsd fshtdepsteinmldnkill lndsdkilltmepsteinhf hsndepsteindlmtkillf tlmsdhdnkillfepstein fmsepsteindntldhkill epsteindfhlmdnskillt hnfdtmlepsteinkillds nhslfmepsteindtkilld ntlepsteindmfdshkill nepsteinlmdkilldhfts epsteinkillnmsdhtdlf fkillepsteinmldnhstd depsteinnlsfmhtkilld hnsdkilllftdmepstein epsteinfsddmthkillnl tlsfdmdepsteinnhkill ddlmnftepsteinhskill fhndskillepsteintldm lhsepsteindtdnmkillf lnsmkilltfdepsteindh stepsteinhkillfmnldd epsteindlsfdntmkillh fmdhlepsteinstdnkill
39
fddsepsteinhnlkilltm msfltdkillnepsteinhd
nfdhkilllsmtepsteind nfdhkilllsmtepsteind
epsteindlsfdntmkillh epsteindlsfdntmkillh
epsteinkillmsftnddlh epsteinkillmsftnddlh nltdmsfepsteinkilldh
dmepsteinfnhltkillsd dmepsteinfnhltkillsd
fdshnmkillepsteinltd fdshnmkillepsteinltd
fmsepsteindntldhkill fmsepsteindntldhkill
tlmsdhdnkillfepstein tmlepsteinsdnfkillhd lsdepsteinfmkillndth tlmsdhdnkillfepstein
killdmnsfhldepsteint killdmnsfhldepsteint epsteintdkilllnfdhms
lnsmkilltfdepsteindh lnsmkilltfdepsteindh
hnfdtmlepsteinkillds hdepsteinskillldtnfm hnfdtmlepsteinkillds
dnkillepsteinlshdtfm dnkillepsteinlshdtfm lmhdtfdepsteinnkills
killnsfmhdepsteindtl killnsfmhdepsteindtl
tlsfdmdepsteinnhkill tlsfdmdepsteinnhkill
killepsteinlhtfdsmdn killepsteinlhtfdsmdn dhkilllsepsteinmntdf
ntlepsteindmfdshkill ntlepsteindmfdshkill killmlepsteindthnfsd
epsteindfhlmdnskillt epsteindfhlmdnskillt dlnsthfmepsteinkilld
depsteinnlsfmhtkilld depsteinnlsfmhtkilld
fmdhlepsteinstdnkill nhmkilllsftepsteindd
fshtdepsteinmldnkill fshtdepsteinmldnkill
flepsteindndhmtkills flepsteindndhmtkills
ddtmkillepsteinflsnh ddtmkillepsteinflsnh
lndsdkilltmepsteinhf lndsdkilltmepsteinhf
nepsteinlmdkilldhfts nepsteinlmdkilldhfts
ndkillftdsmepsteinlh ndkillftdsmepsteinlh
hsndepsteindlmtkillf hsndepsteindlmtkillf
mftkillepsteinndlhsd mftkillepsteinndlhsd
epsteinfsddmthkillnl dhepsteindsnlkillfmt
ddlmnftepsteinhskill fepsteinhsntddkilllm ddlmnftepsteinhskill
lhepsteinkilldtnmfsd lhepsteinkilldtnmfsd
nhslfmepsteindtkilld hsdfepsteintlnkilldm
stepsteinhkillfmnldd stepsteinhkillfmnldd
epsteinskilldlndhmtf epsteinskilldlndhmtf
hepsteinsddnfkillmlt nkilltdhlmdepsteinsf hepsteinsddnfkillmlt
fhndskillepsteintldm fhndskillepsteintldm
dfkilllmtepsteinhdsn dfkilllmtepsteinhdsn
epsteinlshkilldnfdmt epsteinlshkilldnfdmt
tdfepsteinnlhdkillsm epsteinmhndfkilltdls
hnsdkilllftdmepstein hnsdkilllftdmepstein
