dldkilltnmhfepsteins msddkilllthepsteinfn dlfdkilltepsteinhnms fhnmkillepsteinsdltd depsteinftndhmkillsl tldkillhsfnmepsteind killshdlmftnepsteind nsepsteinfmdkillhldt lkillfthdsepsteindnm ndkillthdepsteinlsmf killshdlmftnepsteind sdndhepsteinltkillfm lmkillepsteintsndfhd hepsteinntdkillsdmfl lmkillepsteintsndfhd dkillfepsteinnhdmtls depsteinlfnmkilldsht tsmdepsteinkillhfdln lkilldtnmsepsteindfh dhmkillfdltnsepstein mhdskillldftnepstein killtdslhfdepsteinnm shfnmltepsteindkilld hnddkilltslmfepstein nftmskilldldepsteinh hnddkilltslmfepstein thdlskillnfdmepstein hnddkilltslmfepstein smtepsteinkilldfnhdl killdldepsteinmfsthn nepsteinfthdldmkills fkillepsteinndmdlhts mdkilllfdnstepsteinh fdmtdepsteinkilllsnh mfndlsdepsteinhkillt smtepsteinkilldfnhdl epsteinfthkilldnslmd ntmdhepsteinsdkillfl fddsmepsteintnkillhl dhsepsteintlkillmfnd lepsteindsmnhftdkill mkilldlshdtfepsteinn nfltdmkillsdepsteinh killhtdmdlnsfepstein ltfnsdhepsteinkilldm killhtdmdlnsfepstein hmdkilllnepsteinfsdt lsmftnepsteinkillhdd dflstmkillepsteindhn killdepsteinmfltdshn tsdnhkilllmepsteindf tdfkillslepsteinhdmn sldhnfmtdkillepstein fhdmnepsteindkillslt epsteinhdkillltsmfdn mkilldlshdtfepsteinn epsteinhnkillsldfdmt nmdhepsteinkilltfsld tndskilldfepsteinmhl mdkillntepsteindfhsl epsteinhdkillltsmfdn mkilldlshdtfepsteinn lepsteindsmnhftdkill epsteinldtnfmshdkill fdmtdepsteinkilllsnh lntkillepsteinfsddhm fkillepsteinndmdlhts mkillthfdlnepsteinds skillthlfndepsteindm fsepsteindkillhmtdln killhdfnsepsteinmltd epsteinfsltkillnhddm dhkillldsepsteintnmf dkillnmhldstfepstein epsteinshlkilldmnfdt dfdepsteintlnskillhm epsteinshlkilldmnfdt dkillnmhldstfepstein hdntepsteinkilllsdfm mhkillepsteinddlfsnt epsteinsnmflhtdkilld epsteintfhndkilllmsd tdnfmdhepsteinslkill fmtnkilldepsteindhsl hsepsteinfkillnmddtl epsteindmshtfldnkill killthsepsteindmlfdn epsteindmshtfldnkill hmndfkillslepsteintd dkillldfepsteintsmnh killtdslhfdepsteinnm slepsteinkillfmddhtn depsteinlfnmkilldsht dkillfepsteinnhdmtls sdndhepsteinltkillfm killmdshdtnflepstein killfhdndtlepsteinsm lepsteindnhstfdmkill fhnmkillepsteinsdltd dlfdkilltepsteinhnms msddkilllthepsteinfn dldkilltnmhfepsteins
70
dlfdkilltepsteinhnms dlfdkilltepsteinhnms
sdndhepsteinltkillfm sdndhepsteinltkillfm dfkilllepsteinsnmhtd
tldkillhsfnmepsteind tldkillhsfnmepsteind
mdkillntepsteindfhsl mdkillntepsteindfhsl dmldfhskillntepstein
nftmskilldldepsteinh mdkillnlsdtepsteinhf nftmskilldldepsteinh
tsdnhkilllmepsteindf tsdnhkilllmepsteindf
tsmdepsteinkillhfdln tsmdepsteinkillhfdln killfthnmsdlepsteind
dhsepsteintlkillmfnd dhsepsteintlkillmfnd
fhdmnepsteindkillslt fhdmnepsteindkillslt
epsteintfhndkilllmsd epsteintfhndkilllmsd tdkillepsteinsmhdfnl
killmdshdtnflepstein fdskillndtmepsteinlh
killhdfnsepsteinmltd killhdfnsepsteinmltd
dhkillldsepsteintnmf killtdmsdfhnepsteinl
epsteinfsltkillnhddm fmltddhnepsteinskill
fddsmepsteintnkillhl fddsmepsteintnkillhl mndtkillepsteindlfhs
thdlskillnfdmepstein lepsteinkilldhfmstnd thdlskillnfdmepstein
lkilldtnmsepsteindfh lkilldtnmsepsteindfh
mfndlsdepsteinhkillt killmfndshdtepsteinl sdlhfnmdepsteintkill
mkillthfdlnepsteinds mkillthfdlnepsteinds
mdkilllfdnstepsteinh mdkilllfdnstepsteinh lkillepsteintdshmfnd
fhnmkillepsteinsdltd fhnmkillepsteinsdltd
sldhnfmtdkillepstein msepsteintlhnfkilldd tepsteinhsdkillmldfn sldhnfmtdkillepstein
fdmtdepsteinkilllsnh fdmtdepsteinkilllsnh
slepsteinkillfmddhtn slepsteinkillfmddhtn
hnddkilltslmfepstein dmtlsfhnkilldepstein killtepsteinddhlmnsf
depsteinftndhmkillsl hepsteinnfdmlsdtkill depsteinftndhmkillsl epsteindkilltlmnhsfd
ndkillthdepsteinlsmf ndkillthdepsteinlsmf
dkillnmhldstfepstein dkillnmhldstfepstein skillmfepsteinthddnl
lmkillepsteintsndfhd lmkillepsteintsndfhd lhsntdepsteindkillmf ndshkilldmlepsteinft
shfnmltepsteindkilld shfnmltepsteindkilld
mhkillepsteinddlfsnt mhkillepsteinddlfsnt
msddkilllthepsteinfn msddkilllthepsteinfn
epsteinsnmflhtdkilld epsteinsnmflhtdkilld
fkillepsteinndmdlhts dtsmdnlhfepsteinkill
dfdepsteintlnskillhm ldepsteindhkilltsmfn dfdepsteintlnskillhm
depsteinlfnmkilldsht depsteinlfnmkilldsht lhepsteintndkilldsmf
tndskilldfepsteinmhl tndskilldfepsteinmhl dkillnmsfhtlepsteind
killhtdmdlnsfepstein killhtdmdlnsfepstein sndldftmkillepsteinh
fsepsteindkillhmtdln fsepsteindkillhmtdln epsteinlmkillfshnddt
epsteinfthkilldnslmd epsteinfthkilldnslmd
epsteinhdkillltsmfdn epsteinhdkillltsmfdn
hepsteinntdkillsdmfl hepsteinntdkillsdmfl depsteintkilllnmsfdh
mhdskillldftnepstein mhdskillldftnepstein
hmdkilllnepsteinfsdt hmdkilllnepsteinfsdt
dkillldfepsteintsmnh dlshdtepsteinnkillfm ldfsmnepsteinkilltdh
ltfnsdhepsteinkilldm ltfnsdhepsteinkilldm tepsteinmdfldhnskill
nfltdmkillsdepsteinh nfltdmkillsdepsteinh
killdepsteinmfltdshn killdepsteinmfltdshn
fmtnkilldepsteindhsl mkillldnhepsteinstfd fmtnkilldepsteindhsl
tdfkillslepsteinhdmn tdfkillslepsteinhdmn
killtdslhfdepsteinnm killtdslhfdepsteinnm
dhmkillfdltnsepstein hnsepsteinmkillfddtl dhmkillfdltnsepstein
hsepsteinfkillnmddtl hsepsteinfkillnmddtl
hmndfkillslepsteintd hmndfkillslepsteintd
killthsepsteindmlfdn killthsepsteindmlfdn depsteinslkillhdftmn nepsteindhkillltmsfd
lkillfthdsepsteindnm dtnkillsepsteinmdfhl
lepsteindnhstfdmkill lepsteindnhstfdmkill
nmdhepsteinkilltfsld nmdhepsteinkilltfsld
epsteinldtnfmshdkill epsteinldtnfmshdkill
killdldepsteinmfsthn killdldepsteinmfsthn dnldkillhmfstepstein
mkilldlshdtfepsteinn mkilldlshdtfepsteinn
lsmftnepsteinkillhdd lsmftnepsteinkillhdd
ntmdhepsteinsdkillfl ntmdhepsteinsdkillfl
skillthlfndepsteindm skillthlfndepsteindm
epsteinhnkillsldfdmt epsteinhnkillsldfdmt
hdntepsteinkilllsdfm dhtepsteinkillsdflmn
epsteindmshtfldnkill epsteindmshtfldnkill
dflstmkillepsteindhn dflstmkillepsteindhn
nsepsteinfmdkillhldt hnskillepsteintfdmld
killfhdndtlepsteinsm thnkillmddsepsteinfl
