tepsteinfdkilldlmhns killepsteintdldshfnm nfdhepsteinltsdmkill lepsteinfdkillsdnmht dhlepsteindkillsmtnf mfskillnhlddtepstein thmepsteinlkillfsndd slepsteinftndkillmdh htskillepsteindnlfdm ndlmhepsteintdskillf tmhsnfepsteinldkilld nkillsdtdhfmlepstein epsteinthsdmndkillfl snldmtkillfepsteindh msnepsteinfkillhtdld fnmhskilldepsteinltd ndlepsteinhdtskillfm ldnmepsteinhfstdkill hfskillnepsteinldtdm hdepsteinsmdtnflkill tepsteinfdkilldlmhns
19
nkillsdtdhfmlepstein nkillsdtdhfmlepstein
ldnmepsteinhfstdkill skilldnmlhdftepstein hldmepsteindsnkilltf hepsteinnfstkilllmdd
killepsteintdldshfnm killepsteintdldshfnm nlhtdsdepsteinfmkill tskillepsteinhfmddnl
htskillepsteindnlfdm htskillepsteindnlfdm
thmepsteinlkillfsndd thmepsteinlkillfsndd
fnmhskilldepsteinltd fnmhskilldepsteinltd
snldmtkillfepsteindh snldmtkillfepsteindh
mfskillnhlddtepstein epsteindsmnlfdtkillh
ndlmhepsteintdskillf ndlmhepsteintdskillf
epsteinthsdmndkillfl epsteinthsdmndkillfl
lepsteinfdkillsdnmht lepsteinfdkillsdnmht
hdepsteinsmdtnflkill fnlskillhtepsteindmd hdepsteinsmdtnflkill
nfdhepsteinltsdmkill nfdhepsteinltsdmkill
hfskillnepsteinldtdm killnfhdsdltepsteinm
msnepsteinfkillhtdld hkillmepsteinstdfdnl msnepsteinfkillhtdld
ndlepsteinhdtskillfm ndlepsteinhdtskillfm
slepsteinftndkillmdh epsteinsdfmhltkillnd
dhlepsteindkillsmtnf dhlepsteindkillsmtnf
tmhsnfepsteinldkilld tmhsnfepsteinldkilld
