149 000 001 002 013 024 031 044 036 037 038 028 027 035 025 024 013 002 001 000 149 060 062 054 063 090 091 092 097 096 099 090 063 079 078 077 076 075 074 086 087 088 084 072 063 054 053 056 053 054 062 070 069 067 070 062 060 149 100 107 116 117 126 122 121 116 107 100 101 102 101 100 149
28
024 006
025 026
031 031
037 037
038 048
053 050 053
054 054 059
056 056 066
060 060
063 064 065
067 067
070 068
069 069
078 078 083
079 079
076 080 081
074 085
086 086
088 088
087 089
091 091
096 096
097 097
102 103 104
100 111
117 115
121 123 142
126 126
