FortCollins Akron FortSmith Arvada Fargo Charleston Fargo Arvada Hickory Inglewood Lubbock Louisville Columbia FortWaltonBeach Amarillo Arvada Leominster GulfportBiloxi Cincinnati Arlington Independence Bellevue Kennewick LasVegas Bloomington Boston Fairfield Lancaster Fairfield Joliet FortWayne Evansville Dallas Dayton Berkeley Frederick Hampton Lafayette Carrollton GardenGrove CollegeStation Aberdeen Barnstable Brownsville Fayetteville DalyCity Houston Fresno Houston Beaumont Jacksonville Burlington Garland Albany Concord Elkhart Champaign Harrisburg Champaign Bremerton Allentown AppleValley Corona Detroit Lacey Irving Manchester BoiseCity BelAir LittleRock Akron FortCollins
58
Aberdeen Aberdeen
LittleRock Abilene LittleRock
Akron Akron Elizabeth
Arvada Albuquerque Arvada Erie
Amarillo Alexandria Amarillo
Allentown Allentown
Kennewick Anaheim Kennewick
Lancaster Anchorage Lancaster
Charleston AnnArbor Baltimore BonitaSprings
AppleValley AppleValley
Fayetteville Appleton Fayetteville
Manchester Atlanta Manchester
Dayton Augusta Gilbert
LasVegas Austin Cleveland
Cincinnati Bakersfield
Barnstable Barnstable
Beaumont Beaumont Bethlehem
Bellevue Bellevue Lakeland
Berkeley Berkeley CapeCoral DavidsonCounty ElMonte
CollegeStation Boise CollegeStation ElPaso
BoiseCity BoiseCity Eugene
Dallas Bradenton Dallas Jefferson
Bremerton Bremerton Grayslake Henderson
Lacey Brighton Lacey
Brownsville Brownsville
Burlington Burbank Indianapolis
Carrollton Carrollton
Irving Cary Irving
Albany CedarRapids Lorain
Champaign Champaign
Boston Chandler DesMoines
Concord Chicago
Bloomington ColoradoSprings Denver Layton
DalyCity DalyCity
Evansville Danbury Evansville
Detroit Detroit
Elkhart Elkhart
Fairfield Fairfield
Fargo Fargo
Harrisburg Fontana Harrisburg Irvine
FortCollins FortCollins Hollywood
FortWaltonBeach FortWaltonBeach
Frederick Frederick
GulfportBiloxi Fremont
Fresno Fresno Kalamazoo
Garland Garland GrandRapids
Hampton Hampton
Arlington Harlingen Hemet Knoxville
Hickory Hickory
Houston Houston
Independence Independence
Inglewood Inglewood
Jacksonville Jacksonville
Joliet Joliet LasCruces
Lafayette Lafayette Lakewood
Leominster Leominster
Louisville Louisville
Lubbock Lubbock
