CorpusChristi ElPaso Akron DalyCity Canton Bradenton BoiseCity Danbury DavidsonCounty AppleValley Chandler Denton Chicago Denton CedarRapids Bryan Clearwater Columbia Buffalo Bloomington Austin Detroit Columbus Albuquerque Arvada Buffalo Chattanooga Escondido Chesapeake Anchorage Elkhart Champaign Anaheim Amarillo Cincinnati CorpusChristi
33
Akron Akron
Albuquerque Albuquerque
CedarRapids Alexandria BonitaSprings Denver
Amarillo Amarillo
Anaheim Anaheim CathedralCity
AppleValley AppleValley
Chicago Appleton Bridgeport Chicago
Arvada Arvada
Austin Asheville Austin
Chesapeake Augusta Durham
Detroit Beaumont
Anchorage BelAir Deltona
Bloomington Bloomington
BoiseCity BoiseCity
Clearwater Boulder Clearwater
Denton Bremerton Denton
Columbia Brownsville Columbia
Bryan Bryan
Canton Canton
CorpusChristi CapeCoral CorpusChristi Downey ElMonte
Buffalo Carrollton Davenport Elizabeth
Champaign Champaign
Chandler Chandler
Bradenton Charleston
Chattanooga Chattanooga
Cincinnati Cincinnati
DavidsonCounty ColoradoSprings
Columbus Columbus
Danbury Dallas Danbury
DalyCity DalyCity
ElPaso ElPaso
Elkhart Elkhart
Escondido Escondido
