BatonRouge Augusta Bethlehem BonitaSprings Amarillo Aberdeen Aurora Appleton Boulder Albuquerque Boston Burlington Bradenton Bellevue Buffalo AtlanticCity Barnstable Baltimore Atlanta Allentown Beaumont Bridgeport Brownsville AnnArbor Bellevue BatonRouge
18
Aberdeen Aberdeen BoiseCity
Allentown Abilene Arvada
Augusta Albany
Albuquerque Albuquerque
Amarillo Amarillo
Bellevue Anchorage Burbank
AnnArbor AnnArbor Birmingham Bryan
Atlanta Atlanta Berkeley
AtlanticCity AtlanticCity
Aurora Aurora
Barnstable Barnstable
BatonRouge BatonRouge
Beaumont Beaumont
Bethlehem Bethlehem
Boston Boston
Boulder Boulder
Bradenton Bradenton Cambridge
Buffalo Buffalo
