152 27 75 50 183 185 111 31 112 22 8 85 61 45 156 8 108 89 108 115 59 53 4 113 5 182 129 170 123 78 154 51 130 94 173 24 143 24 149 133 116 147 56 149 41 73 41 94 13 76 140 169 62 0 95 35 166 64 179 119 101 139 65 142 87 171 66 0 62 152
49
31 31
142 142 28
27 97 27
116 116 165
89 89 60
140 105
61 79
169 169
45 157 45 175
170 170
112 112
56 56
139 134 139
51 172 51
101 37 101
183 9 183
149 163 149
41 41 126
35 35
95 95
171 171
111 111 168
78 78
143 143 151
73 73 92
166 81 166
156 12 58
50 50 153
87 87
85 85 96
5 5
130 130 180
182 182
62 121 145
133 90
65 65 144
113 113
13 13 42 38
94 94
108 136
179 184
53 53
147 181
154 2
115 54
8 8
0 0
75 75
66 66
