location12 location84 location22 location89 location63 location29 location5 location82 location85 location31 location91 location13 location51 location67 location77 location11 location17 location79 location16 location65 location74 location60 location1 location19 location8 location76 location71 location47 location94 location72 location32 location86 location87 location43 location38 location75 location83 location98 location54 location42 location19 location84 location12
28
location12 location12
location13 location13
location83 location26
location72 location72 location36 location0
location1 location1
location51 location51
location91 location57 location49
location11 location11
location79 location79
location63 location63
location86 location86
location19 location19
location8 location24
location5 location5
location31 location31
location71 location71
location60 location60
location87 location87
location47 location27 location35
location89 location89
location98 location14
location65 location28
location74 location74
location54 location54
location16 location16
location67 location67
location94 location94
location77 location77
