location2 location26 location49 location35 location39 location22 location9 location21 location12 location20 location43 location8 location10 location16 location32 location27 location18 location10 location8 location43 location0 location45 location36 location17 location36 location45 location13 location4 location37 location2
19
location2 location2
location16 location16
location45 location45
location12 location28 location12
location26 location26 location15 location41
location18 location18
location49 location49
location35 location35
location21 location21
location17 location44 location17
location4 location4
location10 location10
location22 location22
location13 location13
location43 location43 location42
location32 location32
location0 location0
location20 location20
location8 location11 location8
