location34 location19 location83 location199 location134 location92 location114 location92 location53 location2 location46 location125 location155 location189 location121 location123 location140 location10 location17 location46 location20 location28 location45 location144 location109 location32 location149 location61 location117 location177 location158 location142 location180 location79 location64 location122 location161 location116 location103 location101 location135 location159 location143 location188 location24 location175 location105 location52 location111 location76 location104 location130 location51 location63 location172 location188 location12 location37 location47 location14 location79 location38 location41 location151 location71 location132 location168 location181 location5 location107 location156 location149 location91 location182 location55 location174 location55 location79 location96 location27 location23 location4 location89 location59 location98 location115 location72 location138 location19 location126 location88 location15 location192 location34
69
location34 location34
location46 location46
location72 location72 location136
location132 location132
location189 location189
location155 location155 location162
location23 location23
location89 location89 location176 location3
location52 location52
location45 location45
location158 location39 location158
location177 location177 location68 location187
location159 location159
location123 location131
location181 location181
location199 location194 location199
location149 location149
location92 location170 location157 location92
location71 location71
location63 location11 location54
location19 location197
location28 location28
location55 location55
location111 location111
location140 location140
location192 location192
location134 location134
location175 location99 location175
location143 location143
location59 location167 location59
location180 location164 location180
location15 location15
location37 location37
location161 location161
location115 location115
location79 location9 location0 location6 location119 location79
location96 location96
location107 location107
location130 location130
location64 location64
location122 location122
location12 location12
location24 location24
location4 location163
location27 location27
location142 location142 location120
location47 location47
location174 location137 location174
location172 location172
location151 location151
location135 location135
location109 location109
location91 location91
location2 location90 location2
location103 location103
location144 location144
location125 location125
location117 location117
location88 location88
location188 location188
location98 location98
location126 location139 location21
location121 location121
location38 location38
location114 location60 location114
location17 location17
location76 location76
location116 location86
location105 location105
