4HOMU DL8LT 4HSLO YJ67U 8CLEZ 61QWU ZRPB5 O9J47 PMFJ2 V8GEC C7WKJ OIPRN P419D WI88U P419D XEEQB SYV5N ZZH8Z Q5DAA WZB33 JF7TT DTPF4 TORQI 1F0YL 6NY7T CM5WA W2M5C Q7FCL 4WDJE ELH5L IF7TL 6ACGE 0U9HU KC9RF Q02X6 945CN FCYPJ TI35I RAAD4 HWKGJ C8O6I 45JXE DOLRQ WCHWI T9O11 PYPSO DCHO3 RU85S KY9LT LLTLN UX00P H1LTE C45HH BVMDZ ZN2EP 4YS4G M0J6A Y61KP TBPBM M1HJR OKGKQ VHCFR AT3CI W2H22 53Y1R 7U3JG K50JQ 6OA3K CFGE5 PXCIN L2PQE FMCVK V8GEC X180A LIRLU JXLE1 4HOMU
69
L2PQE L2PQE LEBVZ TCC7B
945CN 945CN 1RS2N
TORQI L2GJ5 TORQI
LIRLU 2C63O LIRLU
SYV5N SYV5N
AT3CI 768ZF SHOOM AT3CI
RU85S RU85S 50J5H HZHRA
8CLEZ KOYRV 8CLEZ
XEEQB XEEQB
KC9RF KC9RF
ZN2EP ZN2EP IZESQ
45JXE 45JXE PTADN
ELH5L UW44H ELH5L
Q02X6 0D2BR
M1HJR M1HJR ZHSBU NPDI9
1F0YL 1F0YL
DOLRQ DOLRQ
ZZH8Z WP2MA ZZH8Z
CFGE5 CFGE5
Q7FCL Q7FCL
Q5DAA 0VPRW 3AIXW Q5DAA SKPO7
HWKGJ HWKGJ
6ACGE 6ACGE
DTPF4 DTPF4
FMCVK 7GA8O 9WSXC 2BUI5 6WOBI
7U3JG 7U3JG
6NY7T BE5V8
61QWU TY0L7 61QWU
W2M5C W2M5C
4YS4G SA6G0 52MNN
WI88U WI88U EDSMH
DCHO3 DCHO3
RAAD4 RAAD4
4HSLO FRZVP
53Y1R 53Y1R
TI35I TI35I
Y61KP Y61KP
C7WKJ C7WKJ
P419D P419D FC0PR
IF7TL IF7TL
KY9LT V22SY
PXCIN PXCIN
K50JQ K50JQ
JXLE1 JXLE1
H1LTE H1LTE OLLV9
DL8LT DDXG0
0U9HU 0U9HU
WZB33 WZB33
4WDJE 4WDJE
PYPSO 8EXDQ PYPSO
FCYPJ FCYPJ
W2H22 W2H22
CM5WA CM5WA WXZHF
ZRPB5 ZRPB5
T9O11 T9O11
C45HH C45HH
LLTLN 69BJO LLTLN
X180A X180A
OIPRN OIPRN
UX00P MC71K LKP22
BVMDZ BVMDZ
6OA3K 6OA3K
C8O6I C8O6I
OKGKQ A1QRL
YJ67U YJ67U
V8GEC V8GEC
PMFJ2 PMFJ2
TBPBM TBPBM
VHCFR VHCFR
