WNYCV XTUSM UUOP5 18R1B F5YBY 91RFG XRQ65 5I6U4 V11OW 1BUOS H212X XBRKQ GXYLV HR8IA OE5TB RFDQ4 CHXFM GAXPM QTZLJ EYREL KR27P B8UZ8 1ACIU DDBA4 WH9QK XPFOM 7CXN0 ULCTZ H8ZPW X2AM4 KB443 YMTTJ CUG55 BMC9X ZA57Z KRLTG 1NBGE XDKMD F07YB QSI1X 1UWW5 WNYCV
40
XRQ65 XRQ65 EQWAL
1ACIU 1ACIU XD7IR
H8ZPW H8ZPW
GXYLV GXYLV
91RFG TG5ZG 91RFG
OE5TB OE5TB
KB443 KB443
QSI1X QSI1X
F5YBY F5YBY
QTZLJ QTZLJ
HR8IA HR8IA
ULCTZ ULCTZ
V11OW V11OW
XPFOM XPFOM
KRLTG 77EY5 KRLTG
WNYCV K1ZSD
5I6U4 5I6U4 2KYXC
XTUSM XTUSM UGOIO
XBRKQ XBRKQ HZ80H
UUOP5 UUOP5
ZA57Z ZA57Z
1BUOS 1BUOS
CHXFM 2FT0Z URMBF 9HVLF
X2AM4 X2AM4
KR27P 42QVU
1UWW5 1UWW5
GAXPM GAXPM
EYREL EYREL
B8UZ8 B8UZ8
1NBGE 1NBGE
XDKMD XDKMD
CUG55 CUG55
WH9QK HHCET 65TK9
7CXN0 7CXN0
BMC9X BMC9X
RFDQ4 BO3AW
YMTTJ YMTTJ
H212X H212X
F07YB F07YB
18R1B 18R1B
