cy4fm C565q yMPWG 1H2uK jse5F rUUVt C0eRL FnVf8 7Lw2B LNh60 dU1Ub G6G4p 3iQ53 uT5W0 yFKGt P8Fbf vSPJ5 Xhpv3 BoNoJ wdXpe 8RNd8 EWhpw 6ceXl NvAYI Iks3D hOy4D lA2MC 8aYYW kbRYl OFvld IjjWK qt5AA w4BF1 cy4fm
32
uT5W0 uT5W0 di7h7
1H2uK P3lE7 1H2uK 19YKC gk2cW F2nEN
C565q C565q Vjg5l nogr2 uWr4y
lA2MC lA2MC
P8Fbf P8Fbf
yMPWG yMPWG DCl5F Cfmbw OoKEI
rUUVt rUUVt tao9t
FnVf8 5rdYI FnVf8 KYsbm
vSPJ5 vSPJ5
Iks3D Iks3D
yFKGt X6hJp yFKGt
qt5AA qt5AA
6ceXl 6ceXl
C0eRL zQjQm GHZOS C0eRL 7XIxZ
LNh60 LNh60
3iQ53 3iQ53
BoNoJ BoNoJ
wdXpe wdXpe
G6G4p G6G4p
IjjWK IjjWK
OFvld OFvld
hOy4D hOy4D
EWhpw EWhpw
w4BF1 w4BF1
kbRYl kbRYl
Xhpv3 Xhpv3
8aYYW 8aYYW
cy4fm 7l0Vw
NvAYI NvAYI
jse5F jse5F
dU1Ub dU1Ub
8RNd8 8RNd8
