fab8g 2Z0oU 4GEPG nRTkO zgyDJ 1xx4U 4Dy05 9ZatH f5Qx2 wiGnS 8tK4L adW6k mgHYN ZlgGe cDkiZ 3FUsL GHmnJ bepE0 BybTG dAx9s aiycm guI5B VUKiE RhMSo 4Dy05 RnwlC KWmhW iy8Ty lcarA kCdcu bD2TR Bw1D7 3XMfZ o4F0A f5Qx2 wKKkJ cQMFl HaHFT uQK8T fhc2k zgyDJ 8xyrX TtUXd H6HgM XDGuI B3NSd n9AEE 77EXR g1WJz lJfgZ bSoeD 8PY0r 4Dy05 RgC1Q rzyrR H6HgM PpZP8 0YoJb VIl39 Lqz0g 3XMfZ 4ORRk CT8M8 KB016 l0HDP cm8oa TQZik 5Ix1v 1OpM2 x8KLa zgyDJ LBzlR Gt2w1 Q0oXi c17Qf G91ym H6HgM obqW1 L54Jg qchZ3 H6HgM ciJ7c Flgse G944F 4Dy05 tEdSo fab8g
74
fab8g 7J90B fab8g 015ql BWyM2 Vjk2Z lJJK2 AGorf 9u8oD fr0Bd
cDkiZ cDkiZ
iy8Ty iy8Ty
guI5B guI5B
bD2TR bD2TR
4GEPG gwQSf 4GEPG b4E7v HKgVO DHhK9 yM9nQ
PpZP8 PpZP8
LBzlR LBzlR
zgyDJ Nbb6U KzS0e BJ1iC
Flgse Flgse
Gt2w1 Gt2w1
nRTkO 1pNjr eDWES FW6DI nRTkO
cm8oa cm8oa
8tK4L 8tK4L
G944F G944F
8PY0r 8PY0r
Bw1D7 Bw1D7
HaHFT HaHFT
GHmnJ GHmnJ
mgHYN mgHYN
n9AEE n9AEE
tEdSo tEdSo
G91ym G91ym
wiGnS wiGnS nScgp
bepE0 bepE0
2Z0oU 2Z0oU 1SvIs pesnn O1QPI tQXF5 F7m3U P5ucv
TQZik TQZik
3XMfZ 3XMfZ
RgC1Q RgC1Q
Q0oXi Q0oXi
aiycm aiycm sF84c
lJfgZ lJfgZ
g1WJz g1WJz
0YoJb 0YoJb
VIl39 VIl39
CT8M8 CT8M8
KWmhW KWmhW
obqW1 obqW1
cQMFl cQMFl
5Ix1v 5Ix1v
l0HDP l0HDP
kCdcu kCdcu
1OpM2 1OpM2
lcarA lcarA
H6HgM H6HgM
XDGuI XDGuI
adW6k adW6k
ciJ7c ciJ7c
o4F0A o4F0A
4ORRk 4ORRk
TtUXd TtUXd
RhMSo RhMSo
qchZ3 qchZ3
BybTG BybTG
RnwlC RnwlC
KB016 KB016
L54Jg L54Jg
dAx9s dAx9s
wKKkJ wKKkJ
ZlgGe ZlgGe
c17Qf c17Qf
4Dy05 4b2sA
rzyrR rzyrR
uQK8T uQK8T
f5Qx2 f5Qx2
3FUsL 3FUsL
9ZatH 9ZatH
fhc2k fhc2k
1xx4U 1xx4U
Lqz0g Lqz0g
8xyrX 8xyrX
x8KLa x8KLa
B3NSd B3NSd
VUKiE VUKiE
