0 92 159 2 196 149 148 195 196 23 109 21 115 25 116 25 115 21 154 93 156 30 104 103 165 166 30 189 139 96 140 96 85 136 187 188 137 85 67 17 109 23 118 23 15 144 60 143 192 191 142 60 64 35 112 113 35 64 60 144 15 164 163 100 43 100 49 183 130 95 131 184 41 134 186 33 185 133 26 153 51 152 198 197 151 51 7 146 194 193 145 80 147 18 33 185 133 91 78 31 106 167 168 107 31 78 91 66 41 181 127 77 33 179 180 125 97 94 121 94 122 178 12 160 0
79
100 100
43 101 102
103 103 105
104 104
106 106
107 107
31 108
109 109 110 169 170
17 111
112 112 171
113 113 172
35 114
115 115 173
116 116 174
25 117
118 118 120 175
2 119 176
121 121 177
122 122
94 123
97 124 126
125 125
127 127
77 128 129
130 130
131 131
95 132
133 133
134 134
91 135
136 136
137 137
85 138
139 139
140 140 190
96 141
142 142
143 143
144 144
145 145
146 146
147 147
148 148 150
149 149
151 151
152 152
153 153
154 154
93 155
156 156
92 157 158
159 159
160 160 161
0 162
163 163
164 164
165 165
166 166
167 167
168 168
178 178
179 179
180 180
181 181 182
183 183
184 184
185 185
186 186
187 187
188 188
189 189
191 191
192 192
193 193
194 194
195 195
196 196
197 197
198 198
