55 87 80 69 52 15 32 45 2 99 70 7 9 46 62 3 85 13 54 19 49 3 71 2 77 23 73 90 58 16 34 94 2 65 27 6 37 21 20 106 41 67 93 110 3 75 98 63 3 4 89 48 102 103 55
48
2 2
3 3
4 4
6 6
7 7
9 9
55 11 31 36 39 42 44 51 55 72 81 83 96 100 104
87 12 57 60 87 92 107 108
13 13
15 15 79
16 16
69 18 69
20 20
21 21
23 23
99 25 99
27 27
80 29 80 112
32 32 61
34 34
52 35 52
37 37
41 41
45 45
46 46
48 48
49 49
54 54
58 58
62 62
63 63
65 65
67 67
70 70
71 71
73 73
75 75
77 77
85 85
89 89
90 90
93 93
94 94
98 98
102 102
103 103
106 106
110 110
