Soda Barrows RSF Haas GBC Doe Hertz MLK BWW Mulford Morgan Sproul Wellman MemorialStadium Unit2 MainStacks Unit3 Unit1 Blackwell BC Foothill ClarkKerr LakeMerrit GoldenStatePark Soda
23
Doe Doe
RSF Wheeler RSF
Barrows Stephans Barrows TheRoof
Haas Haas
Hertz Hertz
Sproul Sproul
GBC GBC
MLK MLK
BWW BWW
MemorialStadium MemorialStadium
MainStacks MainStacks
Morgan Morgan
Mulford Mulford
Wellman Wellman
Unit1 Unit1
Unit2 Unit2
Unit3 Unit3
Blackwell Blackwell
BC BC
Foothill Foothill
ClarkKerr ClarkKerr
LakeMerrit LakeMerrit
GoldenStatePark GoldenStatePark
