Soda Myto DKingGallery Fontana Sacramento ChiOmega VictoryPoint SigmaKappa DeltaDelta SouthGate Rasputin Ashby AlphaChi Tuxcacuesco Kips Guadalajara LosAngeles CREAM Talpa Tuhuamixtel Compton ChezPanisse SanDiego BayStreet Venus Jalisco Perris BerkeleyHillel Jupiter Irvine Platano Whittier Upland SantaBarbara Pomona MexicoCity TripleRock Soda
37
ChiOmega ChiOmega Emeryville
SigmaKappa SigmaKappa
AlphaChi AlphaChi
DeltaDelta DeltaDelta
Soda InternationalHouse BerkeleyHigh Saturn Gregoire Tijuana ElGrullo Tang BAMPFA
BerkeleyHillel BerkeleyHillel
Jupiter Jupiter
Sacramento Mars SanBernardino SanMiguel Sacramento
Venus Venus
DKingGallery AlphaCentauri Chino DKingGallery
BayStreet BayStreet
Pomona Pomona
Compton Compton
Ashby Ashby
Perris Perris
Fontana Fontana FantasticComics
Upland Upland
Whittier Whittier
SouthGate SouthGate
SanDiego SanDiego
Jalisco Jalisco
Guadalajara Guadalajara
Tuxcacuesco Tuxcacuesco
Talpa Talpa
MexicoCity MexicoCity
Tuhuamixtel Tuhuamixtel
Myto Myto Tako Cancun CafeTibet Riverside
Kips Kips
TripleRock TripleRock
Rasputin Rasputin
CREAM CREAM
Platano Platano
SantaBarbara SantaBarbara
LosAngeles LosAngeles
Irvine Irvine
VictoryPoint VictoryPoint
ChezPanisse ChezPanisse
