5 4 33 187 154 165 42 44 86 93 190 16 74 191 38 193 29 78 100 192 96 155 195 68 133 34 121 52 162 84 109 151 19 81 76 34 62 36 91 150 130 64 37 99 23 95 116 138 55 102 158 2 90 149 28 149 90 159 85 184 196 77 189 186 112 171 104 83 117 136 170 199 166 199 48 54 1 101 174 27 82 112 186 133 34 138 69 183 69 138 116 134 71 119 67 119 43 47 81 76 34 133 186 112 82 109 58 109 94 39 94 20 35 188 142 25 105 17 66 75 109 94 5
76
112 10
191 194
1 1
100 100
47 47
28 28 180
71 178 71
133 133
171 171
158 14 158 80
85 85
2 2
91 91
48 48
33 33
166 122 32
76 76 156
187 187
82 146
138 138 61
37 37 177
96 96 22
199 199
35 135 26 110
174 174
39 39 92
186 140
27 53
67 67 41
25 25
189 103 189
34 9 34
69 69 153
193 193
104 104
105 105
74 31
84 168
162 162
134 50
16 16
116 116
75 75
154 46 154
29 164
42 137 42
20 20
121 157
165 63 173
58 152 58
62 123
196 196
52 52
192 192 18
43 43
77 143 77
102 102
44 44
36 11
170 170
81 81
83 83
101 101
55 55
188 188
183 51 183
151 151
64 64
99 99
159 159
184 184
17 17
78 179 78
149 149
68 68
195 56
