A29 A5 A55 A83 A99 A66 A47 A18 A81 A28 A45 A91 A4 A31 A4 A39 A76 A95 A19 A73 A74 A52 A36 A75 A82 A35 A6 A15 A6 A35 A96 A2 A7 A13 A85 A12 A16 A32 A14 A58 A0 A65 A79 A5 A29
35
A35 A35
A6 A88 A30 A6
A73 A73 A69
A19 A26 A72
A95 A95
A12 A59 A53 A12
A65 A65 A54
A52 A67 A52
A31 A31 A51
A16 A16
A85 A3 A89 A85
A2 A2
A99 A99
A13 A13
A32 A32
A7 A77 A68 A90
A18 A18 A97
A81 A34
A91 A91
A45 A10
A82 A82
A55 A55
A79 A79
A36 A36
A66 A66
A58 A92
A29 A29
A15 A15 A38
A5 A27
A39 A39
A47 A47
A96 A96
A0 A60
A28 A28
A14 A14
