COM MDG IDN MMR NPL PRY BIH BOL BLZ RUS PYF SGS SHN CHN COD CHL JPN LBN IDN HKG HTI GUM REU CZE DEU CZE NIU IRN MYS DZA DOM SAU HRV LCA LKA BVT CAF CRI KGZ LAO LUX LIE CPV COK HND COK CPV PNG NIC AUS NFK NGA FSM FIN GAB ETH ESH FRA GBR GEO GHA GIB EST NCL LBR GNQ PAK HUN LBY QAT ALB ARE POL MEX CPV RWA DMA DJI MUS SGS COM NER COM
62
CAF CIV NRU CAF
HTI CAN HTI
HND HND GRC MAR
PRY MOZ MDA PRY
NIC ITA IRL ABW NIC
IDN KOR IDN COL
NER NER MTQ
MUS MYT
REU REU SDN AFG
LUX LUX
DEU CXR CYP DEU
LIE LIE LTU
ETH EGY
MMR MMR
GNQ GNQ
NGA PAN GMB
NPL NPL
SHN SHN
FRA FRA
GEO ESP GEO
LKA LKA
BLZ BLM BEN
COD COG COD
GIB GIB
CPV MAC MLI CPV
LBR LBR
SGS KHM NZL SGS
MEX MEX
CRI ATG KWT PSE
ARE ARM ARE
DZA DZA
GBR GBR
LBN LBN
BOL BDI BHR BMU
DMA DMA
BIH BHS AZE
KGZ KNA
GUM GUM
RUS RUS
COK COK
HKG HKG KAZ
NFK NFK JEY ALA
ESH ESH ECU
ALB ALB
HRV HRV
PYF HMD
PNG PNG
PAK PAK
LAO LAO
FSM GIN FSM
POL POL
CHN CHN
FIN FIN
IRN IRN IOT
HUN HUN
DJI DJI
AUS AUS
NIU NIU
GAB GAB
JPN JPN
RWA RWA
GHA GHA
