DZA DMA ATA ATF ASM FSM ERI GGY BVT CAF COG GTM GRL GLP BGR BDI BEL BRN COD CHE CIV CAN BRB BHS DOM CUW DNK ARE ALB AND ESP CYP CYM BGD BFA BLM CMR CCK BLR BES BLM BRA GRC GUY GNQ GRD GAB FIN ECU FRA FRO GEO HND DMA DZA
41
COD COD
FIN FLK FIN ABW
BRN BRN
DMA DJI
AND AND
FRO FRO
CAF CAF
GTM HMD
ALB ARG ALB
GRD GRD
BHS BHS
HND HND
BLM BLM
CCK CCK
GNQ GNQ
GLP GLP
CHE CHE
BGD BGD
GRC GRC
ATA ATA
FSM FSM GHA
ARE ARE
BES BES
DOM DOM AUS
GUY CUB
COG COG
GEO GEO
CYM CYM CXR CZE
DNK DNK
BDI BDI
FRA GBR FRA
BVT BVT
ATF ATF
ECU ECU
BRB BRB
CUW CUW
ERI ERI
BFA BFA
BLR BEN BLR
GRL HKG
CAN CAN
