9c2647cde6e44cc385c8 084504e2b2de4f53a0b1 b47b7b94e7d74f398b8f 0fc9c09d9eab437c9f65 c0376b4ad4604963b945 09b94d1b44c348ceadb9 c947a496d2b34bb89bb9 07d82226d1a44fadb059 e5a9ca3b130945588284 2bcf7711ba8b49129f0c dbfc82377b8f4429bc5e 0a53d934f24848f9bda3 dde0459354634ebdbc7f bbd144150de64860b03c 369f058d996d4cd0a86c 26a1d084007f489fba55 06635824d9b841f7b41e d484483c58914446843f 519c6812f5c84e2da127 b42e69fcc93540ff9100 9d3cca8f993b4a05a976 ec162ad32a614344923a 7d843b16d519435d8fca 884e85a591684c7ebc61 ca0b4771edab4289a9de 42f0effdbad6403aad72 e5d122afc38c45dea5ae 845bea1cad81493ea425 1a4c9d2bea59474aa118 5cbb478f9b6b40daa8e9 babcd00b2c484c36bc48 849492e2a4f04946a2c6 cd51464f29fe4984870b 82654fedf62042cb92dc fab56f22f8684dd18893 8fb88a81c320403c8940 e6237b02869349c2bcc8 71be1b5c4c3a468196ea e05275dbed2540ddb1d0 0753fe21061c4e058dad b96177c96ab740b3965b 404713e80e9740c9b7cd a93ad0e2cf094eb9b1f3 529d899e8f2545bfbc5a df9c93ed7a63447389dd cfa4f7b46ab548c1a67a 5b7e4d089e434c6a9293 8563fff9bc9b483e839f 5fd6476364e640bea476 b927c43e198546078ea6 00c8dafefbc2451eb0fa e74a97c92dba4d8ea2d5 c7ef0821b71641f390ee 19f204e30ad4442cb966 9f09c91be53540919ab1 5b3dce289f444b0aa162 f74897e94729433fa22f bd01ba7047cb4d04a847 2b0e5d986b0a4f1cb926 ef84408a20334d7d9940 df9fcc997b4f4a18b94a 33edfebd58804049be59 7bf06d15a1a54ead8fb8 c69875060dcb453ead1a f2ab71e12a0b4ca8a555 76432c67ac2d44b384c1 f47cbc59a0584307a0f1 3574209d67b74478ae2e c15cfb41ef824fd2a1c0 a581f1b5cd374bd0ba96 9a6fd45cb4d44509bce9 8a66a2d4fdf74f2e9b0e 884523a7277b40f4972f dc974af4378c41789aae 85ec82d3a96e4436a5a2 d4f8d48cee014966a5b7 5215b0f0bd724c5cb095 b3931f6d1087486cb913 d5bccd7804014eca8c6c 2783e022fae94929bf16 ce2f0e6b8eb94a748c7d 00dd89601f03490d8809 a22afbff48914ac888a0 934f0cae8959401e9aa3 06d5c776fda04040b880 4c8b2bb0f24f4375a715 af0a537d56ff42a99a0a 4b0552fc8849432cb855 eff3a759e4134e70a252 211ddbbf614a47428f13 9c2647cde6e44cc385c8
75
a22afbff48914ac888a0 a22afbff48914ac888a0
af0a537d56ff42a99a0a af0a537d56ff42a99a0a d8780223b4744b5b91e5
5fd6476364e640bea476 fa1e4bc6ddcc462f984f 5fd6476364e640bea476
00dd89601f03490d8809 664988394a5f48d79e79 dee15252c0e54b84beaf a0f6a505c8184e86afc9 00dd89601f03490d8809
211ddbbf614a47428f13 5dc9f852f2454533879f 211ddbbf614a47428f13
a581f1b5cd374bd0ba96 a581f1b5cd374bd0ba96
3574209d67b74478ae2e 3574209d67b74478ae2e
884523a7277b40f4972f fc38d8b64f88401c97fd 884523a7277b40f4972f
934f0cae8959401e9aa3 934f0cae8959401e9aa3 9b9da0cbe5514fabb1ae e0d1e21ff6cc4d64aff7
33edfebd58804049be59 e3726a85ffc34b1282cf 33edfebd58804049be59
f47cbc59a0584307a0f1 f47cbc59a0584307a0f1
ca0b4771edab4289a9de 74bfaa171ba342fc9e58 ca0b4771edab4289a9de d8316f23d67e43ccb5e7
ce2f0e6b8eb94a748c7d ce2f0e6b8eb94a748c7d
e74a97c92dba4d8ea2d5 e74a97c92dba4d8ea2d5
b96177c96ab740b3965b b96177c96ab740b3965b
4c8b2bb0f24f4375a715 4c8b2bb0f24f4375a715
884e85a591684c7ebc61 884e85a591684c7ebc61
0753fe21061c4e058dad 0753fe21061c4e058dad
19f204e30ad4442cb966 19f204e30ad4442cb966
d5bccd7804014eca8c6c d5bccd7804014eca8c6c
b3931f6d1087486cb913 b3931f6d1087486cb913
4b0552fc8849432cb855 5a3b69fa8cfb4982a27c
8a66a2d4fdf74f2e9b0e 8a66a2d4fdf74f2e9b0e
f74897e94729433fa22f f74897e94729433fa22f
cfa4f7b46ab548c1a67a cfa4f7b46ab548c1a67a 205f1eddbda0478aada6
06635824d9b841f7b41e 7a1df78f40b245bfbb97 06635824d9b841f7b41e
c69875060dcb453ead1a c69875060dcb453ead1a
d484483c58914446843f d484483c58914446843f
ef84408a20334d7d9940 ef84408a20334d7d9940
df9fcc997b4f4a18b94a df9fcc997b4f4a18b94a
1a4c9d2bea59474aa118 1a4c9d2bea59474aa118
849492e2a4f04946a2c6 849492e2a4f04946a2c6 b3a599b5126842e1bf24 54de46f8d4f647d1baa7
404713e80e9740c9b7cd 404713e80e9740c9b7cd
9a6fd45cb4d44509bce9 9a6fd45cb4d44509bce9
5b7e4d089e434c6a9293 5b7e4d089e434c6a9293
8fb88a81c320403c8940 a2e35f0c3c9143c68a9e 8fb88a81c320403c8940
a93ad0e2cf094eb9b1f3 9b93a8a7d0b543339985
df9c93ed7a63447389dd df9c93ed7a63447389dd
babcd00b2c484c36bc48 babcd00b2c484c36bc48 1c62a698c79e460eb5ff
d4f8d48cee014966a5b7 bb5eae787bbc407b98a6 d4f8d48cee014966a5b7
b42e69fcc93540ff9100 b42e69fcc93540ff9100
09b94d1b44c348ceadb9 242983dadb1f4402a4a9 09b94d1b44c348ceadb9
2783e022fae94929bf16 2783e022fae94929bf16
e5a9ca3b130945588284 e5a9ca3b130945588284
26a1d084007f489fba55 26a1d084007f489fba55
8563fff9bc9b483e839f 53afa325a7d34c438292
85ec82d3a96e4436a5a2 85ec82d3a96e4436a5a2
82654fedf62042cb92dc 82654fedf62042cb92dc
42f0effdbad6403aad72 42f0effdbad6403aad72
9c2647cde6e44cc385c8 910d00572d9d42cebb4a
cd51464f29fe4984870b cd51464f29fe4984870b
bbd144150de64860b03c bbd144150de64860b03c
5b3dce289f444b0aa162 5b3dce289f444b0aa162
76432c67ac2d44b384c1 76432c67ac2d44b384c1
2bcf7711ba8b49129f0c 2bcf7711ba8b49129f0c
c15cfb41ef824fd2a1c0 c15cfb41ef824fd2a1c0
fab56f22f8684dd18893 fab56f22f8684dd18893
c7ef0821b71641f390ee c7ef0821b71641f390ee
529d899e8f2545bfbc5a 529d899e8f2545bfbc5a 87788962cd304b248baf
eff3a759e4134e70a252 7e0770b0df094f329117 eff3a759e4134e70a252
0fc9c09d9eab437c9f65 12a170c171ef44d4b662 44c8674ccef1477b965f
e6237b02869349c2bcc8 e6237b02869349c2bcc8
bd01ba7047cb4d04a847 bd01ba7047cb4d04a847
06d5c776fda04040b880 0f214fa889a6406e8826
b927c43e198546078ea6 b927c43e198546078ea6
e5d122afc38c45dea5ae e5d122afc38c45dea5ae
c947a496d2b34bb89bb9 e87b98454fe24297b210 c947a496d2b34bb89bb9
dbfc82377b8f4429bc5e dbfc82377b8f4429bc5e
5215b0f0bd724c5cb095 5215b0f0bd724c5cb095
ec162ad32a614344923a ec162ad32a614344923a
b47b7b94e7d74f398b8f b47b7b94e7d74f398b8f
0a53d934f24848f9bda3 0a53d934f24848f9bda3 42e3ccb6ddd54a0aa3cb
e05275dbed2540ddb1d0 e05275dbed2540ddb1d0
2b0e5d986b0a4f1cb926 2b0e5d986b0a4f1cb926
9f09c91be53540919ab1 8e02573f1324425c9311
