Soda 167 108 198 142 194 109 190 122 156 128 134 172 178 120 103 137 113 160 192 106 143 157 131 135 152 126 139 141 110 151 114 130 132 102 146 99 163 124 161 116 174 147 133 107 136 105 119 188 180 184 145 173 148 170 144 187 183 164 181 125 189 186 179 168 185 191 162 154 121 155 129 197 193 169 195 149 117 123 150 159 118 Soda
81
99 99
142 100 142 158
145 101 145
102 102
103 103 140
139 104 139
105 105
106 106
107 107
108 108 111 175
109 109
110 110
128 112 128
113 113
114 114
147 115 147 166
116 116
117 117
118 118
119 119
120 120
121 121
122 122
123 123
124 124
125 125 153
126 126
187 127 187
129 129 138
130 130
131 131
132 132
133 133
134 134
135 135
136 136 177 196
137 137
141 141
143 143
144 144
146 146
148 148 176
149 149
150 150
151 151
152 152
154 154
155 155
156 156
157 157
159 159
160 160
161 161
162 162
163 163
164 164
174 165 174
167 167
168 168
169 169
170 170
194 171 194
172 172
173 173
178 178
179 179
180 180
181 181
195 182 195
183 183
184 184
185 185
186 186
188 188
189 189
190 190
191 191
192 192
193 193
197 197
198 198
