Soda 73 60 42 38 37 19 10 99 33 24 80 22 100 5 69 59 85 84 47 63 45 36 11 61 79 65 51 67 15 46 56 35 88 83 54 50 4 53 30 31 57 29 95 96 13 39 8 44 71 72 14 20 26 16 68 58 75 52 41 25 86 27 17 49 90 18 92 82 70 32 28 74 55 66 40 48 91 62 76 3 Soda
80
67 2 67
3 3
4 4
5 5 101
37 6 37
13 7 13
8 8
28 9 28
10 10
11 11
47 12 47
14 14
15 15
16 16
17 17
18 18
19 19
20 20
79 21 79
22 22
84 23 84
24 24
25 25
26 26
27 27
29 29 87
30 30
31 31
32 32 34 97
33 33
35 35
36 36
38 38
39 39
40 40
41 41
42 42
60 43 60
44 44
45 45
46 46
48 48
49 49 77
50 50
51 51
52 52 64
53 53
54 54 89
55 55
56 56
57 57
58 58
59 59 94
61 61
62 62
63 63
65 65
66 66
68 68
69 69
70 70
71 71 93
72 72 81
73 73
74 74
75 75
76 76
80 78 80
82 82
83 83
85 85
86 86
88 88
90 90
91 91
92 92
95 95
96 96
100 98 100
99 99
