Wurster Montgomery Vermont Hazardous Class Pennsylvania Juneau Idaho Simon Visitor Hesse Massachusetts Optometry Blackwell Indianapolis Barrows Honolulu Observatory Frank Sutardja Cory Pitzer McLaughlin Nevada North Florida Gilman Oregon Simpson Stanley Tennessee Boston Salem Moffitt Maxwell Alabama Kleeberger Goldman Moses Wurster
39
Montgomery Silver Montgomery Parking Spieker
Boston Boston
Honolulu Honolulu
Alabama Alabama
Hesse California Hesse
Frank Frank
Hazardous Hazardous
Sutardja Sutardja Sather
Simon Recreational Simon
Maxwell Maxwell
Pennsylvania Pennsylvania
Visitor Visitor
Stanley Stanley
Massachusetts Massachusetts
Salem Salem
Class Hilgard Class
Wurster Wurster
Vermont Vermont
Optometry Optometry
Juneau Juneau Raleigh
Florida Florida
Oregon Oregon Anthony
Simpson Simpson
North North Chan
Tennessee Tennessee
Nevada Nevada
Moses Moses
McLaughlin McLaughlin
Pitzer Pitzer
Indianapolis Indianapolis
Kleeberger Kleeberger
Cory Cory
Goldman Goldman
Gilman Gilman
Blackwell Blackwell
Moffitt Moffitt
Barrows Barrows Brain
Idaho Idaho
Observatory Observatory
