Rhode Harrisburg Clark CNMAT LeConte Mulford Austin Brain Hargrove Columbus BART Montana Haste Morrison Moffitt Bancroft Maxwell McLaughlin Etcheverry Boalt Wisconsin Mathematical Durham Energy Utah Birge West Montgomery Police Springer Jones Observatory Cleary Blackwell Oregon Warren Hawaii Barrows Nashville Hearst Trenton Little Topeka Durant Insectary Jacobs Maryland International Foothill Tennessee Hartford Salt Providence Richmond Chou Columbia Florida Edwards Class Madison Tang Bowles Annapolis Kentucky Cheyenne East Valley University Chvez Campanile Nevada Silver Baton Grinnell Santa Krutch Moses Cory Jefferson Lansing Heating Minnesota Hertz Simon Illinois Mississippi Olympia McEnerney Rhode
88
Krutch Krutch
Energy Energy Pennsylvania
Hearst Hearst
Campanile Campanile
Providence Providence
Utah Utah
Florida Florida
Jacobs Jacobs
Birge Birge
Clark Clark Lower
Bancroft Bancroft
Harrisburg Harrisburg Donner Life Martin
Hawaii Hawaii
CNMAT CNMAT
Rhode Rhode
Blackwell Blackwell Simpson
Annapolis Annapolis
LeConte LeConte
Cory Cory
Edwards Edwards
Observatory Observatory
Wisconsin Wisconsin
McLaughlin McLaughlin
Haste Haste Concord
Illinois Illinois
Moffitt Moffitt Stadium
Silver Silver
Insectary Insectary
Chou Chou
Little Little
Nashville Nashville
Baton Baton
Bowles Bowles Berkeley
Montana Montana
Moses Moses
Jefferson Jefferson
East East
Hartford Hartford
Lansing Lansing
Chvez Chvez
Kentucky Hellman Michigan Kentucky
BART BART
Columbia Columbia
Class Class
International International
Hertz Hertz
McEnerney McEnerney
Tang Tang
Jones Jones
Durham Durham
Columbus Columbus
Salt Salt
Heating Heating
Boalt Sproul Boalt
Maryland Maryland
West West
Olympia Olympia
Tennessee Tennessee
Durant Durant
Madison Madison
Simon Simon
Morrison Morrison
Oregon Oregon
Police Police
Brain Brain
Topeka Topeka
Richmond Richmond
Nevada Nevada
University University
Austin Austin
Mathematical Mathematical
Minnesota Minnesota
Valley Valley
Barrows Barrows
Cheyenne Cheyenne
Montgomery Montgomery
Hargrove Hargrove
Foothill Foothill
Springer Springer
Santa Santa
Etcheverry Etcheverry
Trenton Trenton
Maxwell Maxwell
Mulford Mulford
Grinnell Grinnell
Warren Warren
Mississippi Mississippi
Cleary Cleary
