Donner Providence Cyclotron Minnesota Ishi Illinois Topeka Old Foothill Gayley Recreational Phoenix Tallahassee Gilman Life Iowa Wurster Haste Juneau North McCone Optometry Helena Santa Donner
24
Old Old
North North
Topeka Topeka
Foothill Foothill
Cyclotron Haas Cyclotron
Helena Helena
Providence Providence
Optometry Optometry
Life Life
Santa Santa
Minnesota Minnesota
Iowa Iowa
Juneau Juneau
Ishi Ishi
Illinois Illinois
Phoenix Phoenix
Gilman Gilman
Gayley Gayley
Recreational Recreational
McCone McCone
Wurster Wurster
Donner Donner
Haste Haste
Tallahassee Tallahassee
