YuhuaEast TelokBlangahDrive CityHall Simpang Mandai PasirRis SembawangStraits OneTreeHill ClementiNorth EvertonPark ReservoirView PulauPunggolTimor Khatib SimpangNorth Paterson ChoaChuKang JurongRiver Saujana HougangCentral Saujana BoatQuay HongKah OneTreeHill SembawangStraits Shipyard OrangeGrove PeoplesPark BayfrontSubzone Gombak Dunearn SouthernIslands WestCoast TuasNorthPioneer TohGuan PayaLebarEast MountPleasant GeylangEast MountEmily KebunBahru Tampines KebunBahru TuasBay TiongBahru TuasPromenade Tanglin Moulmein InstitutionHill Chatsworth Commonwealth SungeiRoad Kranji PangSua DairyFarm PeiChun JurongPort JooSengPayaLebar Northland WoodlandsWest BukitBatokSouth PasirPanjang2 YioChuKangEast UluPandan Serangoon Brickworks KampongUbi TelokBlangahRise KallangWay IstanaNegara Anson AngMoKioTownCentre ChangiPoint WoodlandsSouth JurongWestCentral LowerSeletar BoonLayPlace ChengSan Geylang Matilda Punggol TagoreSindo Sembawang EastCoast ChinaSquare Sennett SerangoonGarden Sennett YuhuaEast
74
Northland Northland Mountbatten
HongKah HongKah UpperThomson
AngMoKioTownCentre AngMoKioTownCentre
TagoreSindo SerangoonNorth TagoreSindo
Paterson Paterson
Punggol Punggol
SungeiRoad YioChuKang WaterwayEast SungeiRoad
Commonwealth KentRidge Commonwealth
Dunearn KeatHong SembawangHills
SouthernIslands HongKahNorth SouthernIslands
ChengSan BedokNorth
Serangoon Serangoon
OneTreeHill OneTreeHill Trafalgar
EastCoast EastCoast
Sennett Sennett
TelokBlangahRise SungeiKadut TelokBlangahRise
TuasPromenade TuasPromenade
PayaLebarEast Museum PayaLebarEast
LowerSeletar LowerSeletar PearlsHill
Shipyard BedokSouth Shipyard PasirRisPark
SembawangStraits SembawangStraits
TuasNorthPioneer TuasNorthPioneer
CityHall CityHall
SimpangNorth SimpangNorth AlexandraNorth
IstanaNegara IstanaNegara
HougangCentral HougangCentral DefuIndustrialPark
TohGuan PasirRisDrive TohGuan
PangSua PangSua
Tampines Tampines BukitBatokWest MandaiEast
MountPleasant BenoiSector
ChoaChuKang ChoaChuKang
Moulmein Moulmein
TiongBahru TiongBahru
BukitBatokSouth BukitBatokSouth
PasirRis PasirRis
JurongPort JurongPort
ClementiNorth ClementiNorth
GeylangEast GeylangEast
Khatib Khatib
Matilda Matilda
Brickworks Brickworks
BoatQuay Aljunied BoatQuay
SerangoonGarden SerangoonGarden SingaporeRiver
PasirPanjang2 SerangoonCentral
BoonLayPlace BoonLayPlace
EvertonPark EvertonPark
PeiChun PeiChun
TuasBay PunggolField TuasBay
KampongUbi Sentosa
InstitutionHill InstitutionHill Kembangan RochorCanal
WoodlandsSouth DhobyGhaut Cairnhill Port
ReservoirView ReservoirView
JooSengPayaLebar JooSengPayaLebar
DairyFarm DairyFarm
PulauPunggolTimor PulauPunggolTimor
Tanglin Tanglin
Saujana Saujana
UluPandan UluPandan
WestCoast TampinesNorth
Geylang Geylang
Sembawang Sembawang
WoodlandsWest WoodlandsWest
Anson OneNorth
Mandai Mandai
YioChuKangEast YioChuKangEast
ChinaSquare ChinaSquare
JurongWestCentral JurongWestCentral
PeoplesPark PeoplesPark
Kranji ChangiWest
BayfrontSubzone BayfrontSubzone
KebunBahru KebunBahru
OrangeGrove OrangeGrove
ChangiPoint ChangiPoint
Chatsworth Chatsworth
