BukitBatokEast Simei SungeiRoad Sudong DowntownCore LowerSeletar Safti Tengeh Frankel SwissClub TanjongPagar SimpangNorth Bendemeer NeeSoon AirportRoad Tyersall Sembawang JooKoon CityHall Gombak Redhill RiverValley BukitBatokEast
19
Frankel Frankel Hillcrest
SungeiRoad SungeiRoad
Simei Simei
Redhill Redhill PearlsHill
Safti GaliBatuMandai Safti
Tengeh Tengeh GhimMoh
RiverValley RiverValley
SimpangNorth SimpangNorth
NeeSoon NeeSoon ChoaChuKang
JooKoon JooKoon
DowntownCore DowntownCore
SwissClub SwissClub
LowerSeletar LowerSeletar
BukitBatokEast LeonieHill TiongBahruStation
Sudong Sudong
TanjongPagar TanjongPagar
Tyersall Tyersall
CityHall CityHall
Sembawang Sembawang
