LeonieHill ChangiPoint SungeiKadut KampongUbi Shipyard NeeSoon OrangeGrove DefuIndustrialPark OrangeGrove NeeSoon JurongWestCentral Outram HougangCentral ConeyIsland CompassvaleTrafalgar Changi Ridout BishanEast Yishun Phillip SerangoonGarden Victoria Clementi Novena TampinesWest PasirRisWestElias ChoaChuKangCentral Townsville PunggolTownCentre YishunCentral ClementiCentral SungeiRoad SembawangSprings PasirRisPark Sentosa Guilin GreenwoodPark FarrerPark KampongGlam ClarkeQuay SungeiRoad KallangWay AnchorvaleBuangkok YioChuKang MandaiWest NorthCoast PasirPanjang2 TanjongRhu GeylangBahru TuasBay TanglinHalt LeonieHill
37
Guilin Guilin
GreenwoodPark Trafalgar GreenwoodPark
Townsville Townsville
SerangoonGarden SerangoonGarden
GeylangBahru Springleaf AirportRoad
ClementiCentral ClementiCentral ChangiWest
Novena Novena SingaporePolytechnic
FarrerPark FarrerPark
SungeiKadut SungeiKadut
YioChuKang Boulevard YioChuKang
Outram MonksHill Sennett Outram
KallangWay KallangWay
Shipyard Shipyard
TampinesWest YuhuaWestBoonLay TampinesWest
SungeiRoad SungeiRoad Semakau
TuasBay TuasBay
Phillip Phillip
SembawangSprings SembawangSprings
JurongWestCentral Kranji JurongWestCentral
Victoria Victoria
Ridout Ridout
BishanEast BishanEast
Yishun Yishun
MandaiWest MandaiWest BukitBatokCentral
PasirPanjang2 PasirPanjang2
NorthCoast NorthCoast
PunggolTownCentre PunggolTownCentre
Sentosa Sentosa
OrangeGrove OrangeGrove
TanglinHalt TanglinHalt
NeeSoon NeeSoon
ChoaChuKangCentral ChoaChuKangCentral LoyangEast
ConeyIsland ConeyIsland
AnchorvaleBuangkok AnchorvaleBuangkok
DefuIndustrialPark Tyersall DefuIndustrialPark
KampongGlam KampongGlam
YishunCentral Woodgrove
