139 176 125 131 31 121 85 11 101 64 184 114 111 25 134 127 11 106 14 86 60 182 7 90 82 69 106 67 128 21 113 173 48 141 139 18 15 81 95 109 187 30 54 5 37 142 43 13 30 144 62 33 94 84 189 113 112 41 22 105 84 9 90 58 74 133 77 16 186 156 98 2 147 76 47 77 138 104 71 148 138 104 35 71 198 139
69
189 189
106 106 1
77 77 123
121 91 8
142 142
47 47 96
104 146 104 75
84 84 44
125 125 27
85 85 158 122
112 112
14 23 14
101 101 153 32
198 198
11 11
81 81 65
18 18 57
86 152
74 74
43 43
173 173
15 15
5 5
64 64
21 78 21 89
176 176
127 127
184 184 119
187 187
141 141 191
71 71
60 60 39
2 2
69 72 118 69
111 111 108 130
113 113
109 109 188
9 9
95 95 161
48 48 26
114 79 114 178
33 33
144 144
13 13
58 58
148 148 165
16 16 172
30 30
147 147
182 182
82 82
128 128
98 98
134 134
31 31
35 35
138 138
131 131
22 22
41 41
139 157
7 7
67 67
156 156
25 25
105 105
37 37
94 145
186 186
