F8 C3 C8 A9 T0 H3 I6 B4 D5 A0 F9 I4 L6 H5 Q7 F6 B3 I4 F2 C1 D4 N9 I0 S9 I4 C9 D9 O1 S0 D8 T5 P6 I3 R0 O3 S2 P5 H6 T8 H0 I8 F1 P9 K6 D8 G9 G0 E2 Q8 A8 T9 B2 E5 G4 N8 D0 A1 K1 D3 C2 L9 L0 I2 A2 H2 D7 F1 Q3 R4 R8 O2 P7 Q5 B0 C4 P7 S7 N7 N2 H1 I9 P2 M6 A5 K3 S5 J2 O5 A3 E7 P8 M5 F8
82
B2 H4 B2
T0 T0 Q0 K5
H5 H5 M0
J2 J2
D8 D8
P9 P9
B4 B4 N6
C8 C8
M5 M5
D9 E4 D9
Q3 Q3
C2 C2
B0 B0
R8 R8
I0 N4 C0 I0
S7 S7
T8 T8
E5 E5
A2 A2
H6 H6 N1
T9 N0 T9
P7 P7 T1 R6
K6 K6
A0 A0
P8 E3
N8 N8
O5 O5 G6
I4 I4
O1 O1
D4 D4
E2 E2
G0 G0
I3 I3
Q7 Q7
Q5 Q5
K3 K3
F9 F9
C3 C3
N2 N2
I6 I6
A1 A1
S9 S9
R4 R4 J0
C1 C1
G4 G4
H3 H3
Q8 Q8
I2 I2
D3 D3
I9 I9 R9
F1 F1
P2 P2
A8 A8
P5 P5
L9 L9
M6 M6
O2 O2
P6 P6
L6 L6
N9 E8
H0 H0
A3 A3
E7 E7
D5 D5
S2 S2
F2 F2
D7 D7
R0 S8 R0
G9 G9
B3 B3
N7 N7
S5 J1 G1 S5
I8 I8
O3 O3
A9 A9
T5 T5
S0 S0
H1 H1
K1 K1
H2 H2
F6 F6
C4 C4
