Qwilfish Drampa Shellos Magmar Volcarona Steenee Wartortle Taillow Scatterbug Dewpider Amoonguss Stufful Conkeldurr Zekrom Wailord Plusle Weezing Vespiquen Shellder Bastiodon Seaking Nincada Comfey Lumineon Weepinbell Escavalier Woobat Stufful Whismur Bounsweet Froakie Magnemite Swadloon Tauros Gengar Munna Skorupi Honedge Weezing Crawdaunt Metang Slurpuff Inkay Metapod Metang Lotad Phanpy Skiddo Noibat Simisear Sandile Meloetta Porygon2 Vullaby Drapion Tropius Qwilfish
48
Volcarona Volcarona
Meloetta Meloetta
Gengar Gengar
Whismur Whismur
Qwilfish Qwilfish
Simisear Simisear
Metapod Metapod
Woobat Woobat
Sandile Sandile
Steenee Steenee Jumpluff
Nincada Nincada
Swadloon Swadloon
Tauros Tauros
Drapion Drapion
Scatterbug Scatterbug
Vullaby Vullaby
Porygon2 Porygon2
Escavalier Escavalier
Vespiquen Vespiquen
Crawdaunt Crawdaunt
Seaking Seaking Treecko
Magnemite Magnemite
Magmar Magmar
Munna Munna
Skorupi Skorupi
Stufful Stufful
Bastiodon Bastiodon
Noibat Noibat
Weezing Weezing
Froakie Froakie
Taillow Taillow
Metang Metang
Weepinbell Weepinbell
Drampa Drampa
Bounsweet Bounsweet
Slurpuff Slurpuff
Honedge Honedge
Plusle Plusle
Shellder Shellder
Inkay Inkay
Lotad Lotad
Conkeldurr Conkeldurr
Shellos Shellos
Skiddo Skiddo
Amoonguss Amoonguss
Wailord Wailord
Comfey Comfey
Dewpider Kakuna
