Monroe Lewisville Allentown Miami Corpus Greensboro Hartford Glendale Killeen Baltimore Amarillo Hickory Huntington Elkhart Erie Cleveland Athens Antioch Hagerstown Lancaster Havre Naperville Ten Jacksonville Anaheim Lakeland Hayward Denton Prairie Hampton Modesto Gilbert Columbia Naples Bedford Hesperia Clarke Burlington Daytona Anchorage Apple Fayetteville Fullerton Dayton Kennewick Denver Monterey Bradenton Julian Layton Canton Four Boulder Lacey Elizabeth Irving Baton Melbourne Three Detroit Montgomery Merced Dallas Gainesville Asheville Leominster Mobile Rapids Arlington Bridgeport Abilene Charleston Johnson Laredo Seven Kissimmee Canton Carrollton Mesa Albany Cambridge Lowell Birmingham Boise Viejo Chesapeake Manchester Fairfield Monroe
85
Bradenton Bradenton
Three Three
Amarillo Mesquite Amarillo
Hampton Hampton
Albany Albany Muskegon
Ten Ten
Burlington Burlington
Miami Miami
Baltimore Kenosha Baltimore
Melbourne Melbourne
Kissimmee Kissimmee
Baton Baton
Allentown Allentown
Fairfield Fairfield
Arlington Arlington
Four Four
Elizabeth Elizabeth
Chesapeake Chesapeake
Gainesville Gainesville Vista
Clarke Clarke
Montgomery Montgomery
Mesa Mesa Hialeah
Bridgeport Kailua Bridgeport Bethlehem
Elkhart Elkhart
Lowell Aberdeen Lowell
Greensboro Greensboro
Gilbert Gilbert
Athens Athens
Laredo Akron Laredo
Killeen Killeen
Lewisville Lewisville
Seven Seven
Monroe Monroe Clarksville
Johnson Johnson
Naples Naples
Hagerstown Hagerstown
Havre Havre
Glendale Brownsville Glendale Huntsville
Rapids Rapids Davidson
Erie Erie
Modesto Modesto
Manchester Manchester Cary
Hesperia Hesperia
Lancaster Lancaster
Prairie Prairie
Daytona Daytona
Lacey Lacey
Boulder Boulder
Dayton Dayton
Birmingham Birmingham
Hartford Hartford
Kennewick Kennewick
Huntington Huntington
Cleveland Cleveland
Irving Irving
Dallas Dallas
Julian Julian
Lakeland Lakeland
Mobile Mobile
Apple Apple
Cambridge Cambridge
Hayward Hayward
Fullerton Austin
Hickory Lafayette Hickory
Monterey Monterey
Merced Merced
Asheville Asheville
Viejo Viejo
Denton Denton
Canton Canton
Anaheim Anaheim
Boise Boise
Anchorage Anchorage
Leominster Leominster
Detroit Detroit
Bedford Bedford
Antioch Antioch
Charleston Charleston
Carrollton Carrollton
Jacksonville Jacksonville
Abilene Abilene
Corpus Corpus
Fayetteville Fayetteville
Layton Layton
Denver Denver
