Burlington Honolulu Davenport Merced Denver Rapids Chattanooga Cedar Buffalo Hayward Amarillo Chicago Louisville Myrtle Killeen Prairie Independence Naperville Bridgeport Miramar Clarke Columbus Hampton McAllen Burlington
24
Buffalo Buffalo
Denver Denver
Naperville Naperville
Amarillo Amarillo Greenville
Myrtle Myrtle
Chicago Chicago
Merced Merced
Columbus Columbus
Honolulu Honolulu
Davenport Davenport
McAllen McAllen
Killeen Killeen
Prairie Prairie
Bridgeport Bridgeport
Chattanooga Chattanooga
Rapids Rapids
Hayward Hayward
Clarke Clarke
Miramar Miramar
Cedar Cedar
Burlington Cambridge
Louisville Louisville
Independence Independence
Hampton Hampton
