Myrtle Montgomery Baltimore Brownsville Hollywood Cedar Appleton Leominster Houma Harlingen Lorain GreenBay Corpus Hartford Abilene Aribel Moreno Miramar Chicago Kissimmee Albuquerque Albany Dallas Hemet Bradenton Macon Barnstable Mobile Merced Chandler Cathedral Bridgeport Lansing Bloomington Medford Erie Davidson Minneapolis Lexington Kansas Champaign Cary Deltona Alexandria Huntington Myrtle
44
Hartford Hartford
Deltona Joliet Deltona
Barnstable Barnstable
Dallas Dallas
Erie Grays Erie Plen Huntsville
Huntington Muskegon Huntington
Merced Merced
Chicago Chicago
Hollywood Hollywood
Hemet Hemet
Cary Cary
Bridgeport Bridgeport
Harlingen Harlingen
Macon Macon
Cedar Cedar
Bradenton Bradenton
Bloomington Bloomington
Brownsville Brownsville
Albuquerque Albuquerque
Lorain Lorain
Moreno Nashua Moreno
Miramar Miramar
Kissimmee Kissimmee
Montgomery Montgomery
Davidson Davidson
Leominster Leominster
Minneapolis Minneapolis
Lexington Lexington
GreenBay GreenBay
Aribel Aribel
Baltimore Baltimore
Albany Albany
Abilene Abilene
Kansas Kansas
Chandler Chandler
Mobile Mobile
Champaign Champaign
Appleton Appleton
Cathedral Cathedral
Lansing Lansing
Corpus Corpus
Houma Houma
Medford Medford
Alexandria Alexandria
