DK AZ CR GT BL FT AO EY BF BV AO AG GY EA BE CE HJ CG EF FW HD EO AK FN FD BC DU GR FP HI GX EB CW AT CK ES HF EM GN GG AB EW BI DX CS AN GZ DL DP CY DD DF CI EP BW ED DE ET CT HE EN DZ AM EQ CC GV BZ FG BH AU DO DT BP DM DN HB FZ CX AY CP CA HC DI BM CU AA FB EL CM DK
87
FN FA FN
CS CS
BC BC
CA CA
DI DI
BH BH
EY EY
DZ DZ
CY GB CY
DN DN
HJ HJ
AU AU DB
BE BE
CW CW BR
AO AO
CE CE
AN AN
EN EN
DP DP
HE HE
DF DF
DU DU
AB AB
AZ AZ
AG AG
DM DM
DX DX
ED ED
CT CT
FZ FZ
HC HC
FB FB
CP CP
DO DO
EO EO
AK AK
EA EA FH
AY CD AY
CR CR
FP FP
EL EL
FG FG
BV BV
DL DL
EP EP
HF HF
GX GX
BW BW
DD DD
GY GY
AT AT
EQ EQ
HI HI
EB EB
FT FT
CI CI
AM AM
FW FW
CM CM
BI BI
CK CK
GV GV
ET ET
GZ GZ
EM EM
EW EW
GR GR
CC CC
GG GG
BL BL
FD FD
AA AA
CU CU
DE DE
BF BF
EF EF
DT DT
ES ES
GT GT
BM AV BM
HB HB
BP BP
CG CG
HD HD
GN GN
BZ BZ
CX CX
