Soda AnthonyHall BerkeleyArtMuseum CalvinLaboratory CheitHall AlumniHouse CareerCenter DonnerLab ChanShunAuditorium EtcheverryHall CNMAT BirgeHall BlackwellHall EshlemanHall BarkerHall BanwayBldg EdwardsStadium BarrowLane BarrowsHall BARTStation EastGate BancroftLibrary BoaltHall CyclotronRd CampbellHall BrainImagingCenter DurantHall Soda
26
AlumniHouse AlumniHouse DoeMemorialLibrary
AnthonyHall AnthonyHall BotanicalGarden Campanile ChouHall
BancroftLibrary BancroftLibrary
BanwayBldg BanwayBldg
BarkerHall BarkerHall
BarrowLane BarrowLane Cory EvansDiamond
BarrowsHall BarrowsHall
BARTStation BARTStation
BerkeleyArtMuseum BerkeleyArtMuseum DavisHall
BrainImagingCenter BerkeleyWayWest BrainImagingCenter
BirgeHall BirgeHall BlumHall
BlackwellHall BlackwellHall
BoaltHall BoaltHall
CampbellHall EastAsianLibrary CampbellHall
EdwardsStadium CaliforniaHall EdwardsStadium
CalvinLaboratory CalvinLaboratory ClarkKerrCampus
CareerCenter CareerCenter VLSB Dwinelle
ChanShunAuditorium ChanShunAuditorium
CheitHall CheitHall
CNMAT CNMAT
CyclotronRd CyclotronRd
DonnerLab DonnerLab
DurantHall DurantHall
EastGate EastGate
EshlemanHall EshlemanHall
EtcheverryHall EtcheverryHall
