Soda MartinezCommons ClearyHall Pinole Saratoga Hayward Unit3 Albany SanRafael Fairfield IshiCourt Pacifica FoundersRock SternHall Piedmont BarkerHall PimentelHall CalvinLaboratory HearstGreekTheatre GilmanHall GoldmanField NorthGateHall DonnerLab LewisHall WestGate MinorHallAddition StHelena KleebergerFieldHouse Orinda GiauqueHall Alameda Pittsburg Benicia ZellerbachPlayhouse MulfordHall ZellerbachHall BancroftLibrary Unit1 HertzHall SproulPlaza EastGate ChouHall StadiumRimWay WheelerHall KroeberHall WestCircle Cory EtcheverryHall Soda
47
GiauqueHall Campanile GiauqueHall
ClearyHall ClearyHall
IshiCourt IshiCourt ClarkKerrCampus SanPablo
Fairfield Fairfield WursterHall
StadiumRimWay StadiumRimWay
Pacifica LowerSproulPlaza Pacifica Hillsborough
ZellerbachPlayhouse ZellerbachPlayhouse
KleebergerFieldHouse SatherTower KleebergerFieldHouse
ZellerbachHall ZellerbachHall
SproulPlaza AnthonyHall Emeryville SproulPlaza
Unit1 Healdsburg Unit1
Pinole Pinole
DonnerLab DonnerLab
Saratoga Saratoga BlumHall
EtcheverryHall EtcheverryHall WicksonNaturalArea
NorthGateHall NorthGateHall HargroveMusicLibrary
MartinezCommons Brisbane MartinezCommons
ChouHall Belmont ChouHall
Unit3 HearstMiningCircle Unit3
PimentelHall PimentelHall
BancroftLibrary BancroftLibrary
KroeberHall KroeberHall
Orinda Oakley Orinda
GilmanHall GilmanHall
SternHall SternHall WellmanHall
WheelerHall WheelerHall
WestCircle WestCircle
HertzHall HertzHall
LewisHall LewisHall
GoldmanField GoldmanField
FoundersRock EvansHall FoundersRock SanRamon
Pittsburg Insectary Pittsburg
HearstGreekTheatre HearstGreekTheatre
EastGate EastGate
Benicia Benicia
Piedmont Piedmont
Cory Cory
MinorHallAddition MinorHallAddition
Alameda Alameda
Hayward Hayward
Albany Albany
BarkerHall BarkerHall WomenFacultyClub FrankSchlessingerWay
StHelena StHelena
SanRafael SanRafael
WestGate WestGate
CalvinLaboratory CalvinLaboratory
MulfordHall MulfordHall
