a y cv fh fy ec c em fs ak t bz w ga bv e ew fa gn o aj by l bb aw cb ah p m aa ab cs an j ci h al b ae az bl bf a
42
aj aj
cv fl cv ex k
y et u y ap do cq
aw aw
ci ci
fy fy fd fu
a fn eu ey ep de dq df ee dm ff cl bi fb dx bd ct bc eq dg ag bm gl fz cu fv ev ar er ea a fr fg gp gh dn dj gb br cd gm ch ed cp
w w ck
ec ec
ae ae
aa aa
em em
m m
bl bl
gn gn
az az
c en dt c dv
t du t
e e
ga ga
l eg l
p p
b b
fh fh
fa fa
cs cs
h h
ew ew
ak ak
al al
j j
bv bv
o o
ah ah
fs fs
by by
bf bf
an an
cb cb
bz bz
ab ab
bb bb
