Pantheon Jhin Kled CrystalMaiden KogMaw Disruptor Anivia Bard Skarner Magnus Tailyah Draven SpiritBreaker MasterYi Nunu Ezreal Jayce Shyvana Ashe ChaosKnight Ziggs Talon NightStalker TrollWarlord CentaurWarrunner Galio Phoenix Jax Lucian Tiny Heimerdinger Morgana Malphite Xerath Jinx LoneDruid Oracle Bristleback Ahri ArcWarden Spectre Pantheon
40
Jinx Jinx
Nunu Nunu
Ziggs Akali Ziggs
Spectre Spectre
Anivia Anivia
CrystalMaiden CrystalMaiden
CentaurWarrunner CentaurWarrunner
Oracle Oracle
Xerath Xerath
Jayce Jayce
Disruptor Disruptor
Jhin Lux Jhin
Bard BountyHunter Bard
Malphite Malphite
Tiny Tiny
Draven Draven
SpiritBreaker Rumble SpiritBreaker
LoneDruid LoneDruid
NightStalker NightStalker
Ezreal Ezreal
Tailyah Tailyah
KogMaw KogMaw
Talon Talon
Morgana Morgana
Skarner Skarner
Magnus Magnus
Jax Jax WraithKing
ChaosKnight Lich ChaosKnight
Heimerdinger Heimerdinger
Ashe Ashe
Kled Kled
MasterYi MasterYi
ArcWarden ArcWarden
Bristleback Bristleback Maokai
Ahri Slark Ahri
Phoenix Phoenix
TrollWarlord TrollWarlord
Galio Galio
Shyvana Shyvana
Lucian Lucian
