Fizz Vi Kayn Irelia Ryze Xayah Terrorblade Talon Tiny Gragas Katarina DeathProphet Pantheon Sven Timbersaw Nidalee Kennen Vladimir Rubick ShadowDemon CentaurWarrunner Magnus Orianna Nunu Jinx Bane Huskar Warlock Oracle LoneDruid Kassadin KhaZix Mirana Brewmaster Cassiopeia SpiritBreaker Puck Lucian StormSpirit Zilean Medusa ShadowShaman VelKoz BountyHunter Fiddlesticks Ziggs Morphling WinterWyvern Omniknight Syndra Venomancer Sniper Annie Heimerdinger Azir Janna JarvanIV Viktor Nasus Undying Rumble Zed Visage Kled LeBlanc ShadowFiend NightStalker Beastmaster FacelessVoid Amumu Karma Jayce Sona Weaver Ekko Yorick Slark Trundle Leona Rengar Fizz
80
Jayce Thresh Jayce
Heimerdinger Heimerdinger
Huskar Huskar
Sven Sven Slardar
Nasus Nasus
Medusa Medusa Singed
Tiny Tiny
Katarina Katarina
Terrorblade Terrorblade
KhaZix KhaZix
Kassadin Kassadin
Gragas Gragas
Kennen Kennen
CentaurWarrunner CentaurWarrunner
Sniper Sniper
WinterWyvern WinterWyvern
Nidalee Nidalee
NightStalker NightStalker Quinn
Annie Annie
Ekko Ekko
Venomancer Venomancer
Karma Karma
Omniknight Omniknight
StormSpirit StormSpirit
BountyHunter BountyHunter
Warlock Warlock
Weaver Weaver
ShadowFiend ShadowFiend
DeathProphet DeathProphet
Fiddlesticks Fiddlesticks
Janna Janna
Undying Undying
Rengar Rengar
Fizz Fizz
Magnus Magnus
Visage Visage
Kayn TrollWarlord Kayn
Kled Kled
Jinx Jinx
Syndra Syndra
Sona Sona
Azir Azir
LoneDruid LoneDruid
Zed Zed
Rubick Rubick
Morphling Morphling
Irelia Irelia
Zilean Techies Zilean
Beastmaster Beastmaster
FacelessVoid FacelessVoid
VelKoz VelKoz
LeBlanc LeBlanc
Amumu Amumu
Pantheon Pantheon
ShadowDemon ShadowDemon
Puck Puck Tristana
SpiritBreaker SpiritBreaker
Bane Bane
Yorick Yorick
Vladimir Vladimir
Ryze Ryze
Mirana Mirana
Slark Slark
Orianna Orianna
Trundle Trundle
JarvanIV JarvanIV
Timbersaw Timbersaw
Ziggs Ziggs
Xayah Xayah
Cassiopeia Cassiopeia TahmKench
Lucian Chen Lucian
Viktor Viktor
Leona Leona
Oracle Oracle
Vi Vi
Nunu Nunu
Brewmaster Brewmaster
ShadowShaman ShadowShaman
Talon Talon
Rumble Rumble
