6 3 1 4 0 6 199 198 191 190 199 189 180 187 181 184 186 180 189 172 168 166 165 161 167 160 162 164 168 158 143 146 147 146 143 133 139 137 138 132 133 124 128 121 128 129 123 126 124 111 113 118 115 114 111 103 101 102 107 100 109 106 105 103 96 80 73 77 75 79 72 78 74 73 67 66 60 64 68 62 63 69 67 55 42 30 24 20 24 11 10 12 19 16 14 13 15 11 6
58
0 8 0
4 4
1 1
6 7
10 10 18
15 15
19 19
14 14
20 23 20 21
24 26
30 39 36 31 38
42 46 41 40 48
55 50 57 51 59
62 62
63 63
64 65
69 69
60 60
77 77
78 78
75 75
79 79
74 74
80 87 88 85 81
96 97 90 98 95
106 106
109 109
105 105
101 101
107 107
114 112 114
118 118
113 113
115 115
121 120 125
126 126
129 129
128 128
137 137
139 139 130 134
132 132
143 148
146 146
147 145 149 144
158 153 150 152 157
167 167 163
164 164
166 166
172 176 170 178 177 179
184 182
181 181
186 186
187 187
180 185
191 191
198 194 198
190 190
199 196
