L16 L85 L75 L142 L37 L108 L144 L133 L120 L20 L32 L83 L95 L19 L4 L143 L147 L13 L89 L11 L81 L38 L134 L74 L33 L109 L13 L118 L90 L119 L80 L116 L35 L107 L77 L70 L36 L91 L43 L52 L100 L55 L67 L110 L18 L5 L152 L1 L68 L64 L87 L150 L104 L126 L84 L114 L140 L94 L22 L7 L24 L141 L131 L49 L45 L29 L6 L93 L62 L124 L63 L27 L138 L73 L16
65
L4 L4 L149
L35 L106 L35
L7 L7
L62 L62 L82
L81 L125
L94 L78 L94
L95 L95
L131 L131
L83 L83
L119 L119 L72
L29 L29
L45 L146 L47
L114 L114 L79
L89 L89
L104 L104 L9
L91 L91
L18 L18
L144 L144
L20 L20
L19 L130
L150 L150 L28
L126 L126 L151
L16 L16
L24 L24
L32 L92
L100 L100
L75 L75
L43 L43
L13 L139 L76
L84 L56 L84
L93 L93
L87 L87
L22 L153 L22
L74 L74
L116 L2 L101 L8
L140 L140
L133 L103 L133
L138 L138
L109 L109 L21
L80 L80
L143 L40 L143 L65
L77 L77
L85 L85
L110 L53 L110
L142 L142
L134 L134
L108 L12
L52 L52
L38 L38
L107 L107
L90 L90
L27 L27
L11 L11
L70 L70
L120 L145 L128 L129
L1 L1
L67 L67
L63 L61 L63
L73 L99
L124 L124
L5 L5
L141 L141
L147 L147
L68 L68
L152 L152
