0 4 12 11 8 5 13 15 127 122 120 27 24 25 28 85 83 84 33 26 32 40 34 39 76 82 86 81 73 67 65 66 70 75 80 119 123 125 132 128 134 133 131 142 148 140 73 68 64 137 141 73 42 43 104 109 47 51 53 92 93 95 96 98 97 29 30 31 23 16 19 60 56 49 10 135 138 145 0 108 111 117 110 105 113 108 0
80
73 73
11 18 11
40 118 45 40
85 78 85
76 76 77 7
31 31
64 64
141 141
68 68
82 82
110 110
12 12
32 36 32
8 9 8
19 19
56 56
104 104
75 69 75
49 55 44 49
132 132
29 29
127 127
26 26
128 128
131 131
145 145 146
108 108
135 143 135
30 30
15 22 15
65 65
42 42
51 51
27 27 35
4 4
142 142
86 86
16 16
10 10
81 81
133 133
137 137
109 109
96 96 101
105 105
66 66
0 0
122 122
67 67 62
28 28
60 60
123 123
24 24
25 25
23 23
93 94 93
39 39
95 95
117 117
47 47
97 97 89
113 113 114
33 33
138 138
84 84
148 148
53 53
5 5
111 111
80 80
34 34
43 43
70 70
98 98
120 120
83 83
134 134
13 13
119 119
125 125
