1 170 190 140 11 3 60 165 6 40 159 34 89 9 97 161 148 183 121 149 184 160 27 95 81 153 155 29 59 91 139 182 45 14 192 94 68 147 57 120 151 2 142 123 74 186 32 92 163 172 28 13 178 52 122 114 118 76 25 112 188 67 36 78 100 53 143 65 176 116 64 117 7 70 127 87 197 119 20 132 42 16 131 129 164 35 126 1
86
151 151
119 119
2 2
74 74
147 147 44
112 112 21
16 16
160 160
59 59
163 163
140 140
57 57
142 12 142
53 53
143 143 79
27 27
36 36
182 182
97 97
95 95
192 192 108 99
7 7
78 78
126 126
29 29
32 32 77
129 129
139 139
42 42
127 127 17
13 13
183 183
91 167 91
70 70
68 181 68 191
14 14
186 186
89 89
153 153
45 45 93
87 87
184 184
60 60 180
123 123
170 170
76 76
118 118
165 165
11 11
114 114
3 3
197 197
100 100
6 6
52 52
149 149
132 132
35 35
176 176
148 137 148
40 40
9 9
64 64
161 161
117 117
20 20
67 67
164 164
25 25
122 122
28 28
120 120
172 172
121 121
190 190
65 65
159 159
116 116
94 94
92 92
188 188
34 34
131 131
81 81
178 178
155 155
