187 48 63 195 199 70 45 32 185 162 68 7 99 196 67 125 110 98 172 144 52 104 166 173 190 107 77 161 178 155 78 164 85 146 69 39 160 165 137 35 53 19 157 58 126 184 116 148 123 183 65 140 117 180 44 79 163 111 6 149 169 143 12 152 106 108 134 154 97 54 55 93 114 142 175 102 128 124 181 133 131 109 153 29 4 94 151 88 103 141 13 59 37 156 86 187
78
63 63
111 111
123 82 15 127
152 152
133 133
137 33
144 119 87
161 191 161
173 173 30 72
175 175
163 163
13 13
181 181 71
106 90
142 142
6 6
110 110 36
148 148 150
109 109
149 132
117 117 73
165 165
146 41 146
69 69 171
128 128
157 157 176 83
54 54 80 89
102 9
124 23 124
169 169
12 12
162 162
77 2
107 107
190 190
78 78
153 153
134 134
67 67 18 47
37 120 42
183 183
55 55
184 184 92
93 93
164 164
178 136
48 48
140 140
98 8
58 95 58
94 94
160 160
180 180
53 53
97 97
52 52
114 114
172 172
68 68
65 65
126 126
39 39
70 70
32 32
108 108
79 79
199 199
196 196
154 154
59 59
29 29
45 45
86 86
156 156
131 131
7 7
44 44
166 166
