location1 location38 location17 location10 location6 location89 location75 location42 location44 location23 location21 location36 location19 location2 location54 location66 location46 location45 location58 location30 location91 location57 location35 location79 location80 location43 location78 location77 location56 location1
29
location56 location94 location56
location19 location19 location71
location10 location49 location10
location45 location99 location45
location35 location35
location23 location23 location47
location21 location21 location51
location42 location59 location42
location6 location6
location75 location52 location75 location9
location2 location2
location38 location38 location90
location58 location8 location58 location48
location80 location80
location91 location91 location32
location43 location43 location83
location79 location79
location17 location17
location30 location74 location30
location57 location95 location57
location78 location78
location89 location89
location46 location46
location54 location54 location53
location36 location36 location29
location77 location72 location77 location40 location3
location44 location44
location1 location31
location66 location66
