location1 location20 location169 location143 location57 location17 location175 location32 location159 location184 location91 location68 location161 location146 location139 location97 location199 location40 location46 location181 location172 location157 location44 location5 location12 location128 location25 location111 location96 location95 location195 location196 location94 location106 location182 location110 location93 location179 location158 location188 location43 location100 location136 location11 location185 location37 location127 location154 location165 location116 location10 location69 location49 location140 location16 location90 location178 location27 location1
57
location69 location69 location107 location190
location161 location35 location161
location106 location106 location177 location59
location16 location16 location197 location13
location20 location20 location133 location56 location26
location143 location180 location143 location171 location186
location97 location97
location158 location158 location28
location11 location11
location25 location25
location43 location43 location118 location148
location157 location157 location6 location149
location182 location182 location164
location169 location169
location46 location123 location46
location91 location82 location91
location110 location110 location142
location12 location12
location136 location105 location136 location30 location109
location179 location179
location100 location92 location100 location33
location57 location57
location37 location65 location37
location172 location74 location172
location116 location116
location195 location195
location68 location68
location27 location108 location27
location140 location140
location95 location2 location150 location95
location49 location49 location3
location188 location188
location196 location196
location165 location165
location159 location159
location96 location85 location96
location17 location17 location152
location139 location139 location75
location128 location128
location90 location90
location94 location130 location22 location94
location199 location199
location5 location5 location114
location146 location146
location184 location184 location129
location32 location87 location32
location93 location93 location193
location175 location175
location181 location58 location181
location44 location44
location127 location127
location111 location111
location154 location154
location10 location10
location178 location178
location185 location185
location40 location40
