0 18 85 100 52 78 25 103 37 22 49 98 12 42 35 38 39 4 88 89 47 9 41 30 87 71 44 66 1 74 45 64 93 76 11 86 67 32 15 10 28 60 106 94 26 3 83 31 16 48 46 56 79 34 97 75 65 8 82 40 5 95 62 13 17 36 61 53 54 51 69 92 70 91 58 73 84 68 14 72 6 63 135 0
81
1 1
15 2 15
3 3
4 4
5 5
6 6
54 7 54
8 8 96
9 9
10 10
11 11
12 12 80
13 13
14 14
16 16
17 17
18 18
37 19 37
49 20 49
25 21 25
22 22
135 23 43
73 24 73
26 26
74 27 74
28 28
103 29 59
30 30
31 31
32 32
36 33 36
34 34 99
35 35
38 38
39 39
40 40
41 41
42 42
44 44
45 45
46 46
47 47
48 48
65 50 65
51 51 57
52 52
53 53
75 55 75
56 56
58 58
60 60 90
61 61
62 62
63 63
64 64
66 66
67 67
68 68
69 69
70 70
71 71
72 72
76 76
95 77 95
78 78
79 79
86 81 86
82 82
83 83
84 84
85 85
87 87
88 88
89 89
91 91
92 92
93 93
94 94
97 97
98 98
100 100
