c5 t1 t0 d3 q1 i4 e9 r9 d6 n0 t8 c6 l8 q7 t6 o5 l4 o6 j0 d5 h6 s1 q0 m4 j7 a0 e2 g8 r6 s9 r4 g4 t5 q8 j4 e6 k2 h2 d8 n3 k1 f4 o7 m7 g1 h5 n1 t2 i0 p7 m9 r0 a6 n8 p6 a4 j2 c3 o9 s3 h1 l2 g3 e1 p1 e4 h4 r7 h3 f7 q3 s2 p3 n6 c4 c8 k9 a8 b3 p9 l0 f3 f5 q2 j3 k6 e0 o2 g0 r8 d7 k7 a7 p2 i1 b1 m0 p0 t7 f2 a3 c0 i6 j6 k8 r2 c5
76
e4 e4
s1 s1 j5
h1 h1
s9 g7 s9
q1 q1
b1 d4 b1
n3 n3
h4 s4 h4
r9 r9
i1 i1
g8 s7 g8
a0 o0 a0
f5 f5
h3 h3
c4 g9 c4
h6 h6
m7 r1 m7
t6 t6 l3 h0
n6 n6
d5 d5
p7 b7 p7
g3 g3
r4 r4
d6 d6
t7 t7
i4 i4 n4
s3 l6 s3
b3 b3 a1
g1 g1
n0 n0 i5
e1 o4 e1
g4 g4
h2 h2
q8 q8
e0 g5 e0
p0 p0
j7 j7
m0 m0
o2 q5 o2
o7 o7
o5 o5 b5
l0 l0
t5 t5 e5
s2 s2
o6 o6
g0 g0
i0 g6 i0
m4 m4
c8 c8
a7 a7
l8 l8
c3 c3
j3 j3
t0 t0
a8 a8 l1
q0 q0
l4 l4
j2 j2
k6 k6
r2 r2
t1 t1
a6 a6
j6 j6
t2 t2
q3 q3
e2 e2
r7 r7
h5 h5
k1 k1 f6
t8 t8
f2 f2
a4 a4
f3 f3
p9 p9 o8
k9 k9
c5 t9
