0 41 167 57 171 163 73 169 3 7 161 139 23 45 37 25 123 147 89 87 19 185 143 61 63 5 113 159 131 105 179 135 93 127 175 117 99 151 21 107 141 59 49 191 79 181 103 111 17 11 55 29 13 133 65 95 83 183 69 109 153 51 145 67 27 91 137 33 177 43 187 197 75 71 119 15 195 101 31 173 53 125 35 199 165 149 129 1 189 9 77 157 121 193 97 115 47 81 85 39 155 0
100
1 1
3 3
5 5
7 7
9 9
11 11
13 13
15 15
17 17
19 19
21 21
23 23
25 25
27 27
29 29
31 31
33 33
35 35
37 37
39 39
41 41
43 43
45 45
47 47
49 49
51 51
53 53
55 55
57 57
59 59
61 61
63 63
65 65
67 67
69 69
71 71
73 73
75 75
77 77
79 79
81 81
83 83
85 85
87 87
89 89
91 91
93 93
95 95
97 97
99 99
101 101
103 103
105 105
107 107
109 109
111 111
113 113
115 115
117 117
119 119
121 121
123 123
125 125
127 127
129 129
131 131
133 133
135 135
137 137
139 139
141 141
143 143
145 145
147 147
149 149
151 151
153 153
155 155
157 157
159 159
161 161
163 163
165 165
167 167
169 169
171 171
173 173
175 175
177 177
179 179
181 181
183 183
185 185
187 187
189 189
191 191
193 193
195 195
197 197
199 199
