0 17 51 45 199 192 2 4 178 131 19 32 35 93 18 33 31 58 188 193 198 58 109 12 10 8 160 119 69 21 182 43 126 105 174 3 86 52 133 37 94 68 1 185 74 24 142 96 159 16 77 50 157 9 143 46 179 197 80 168 183 191 112 195 39 0
62
199 199
39 39 78
58 58
188 188 170
3 3
52 52
143 125 143
160 160 129
12 12
19 19
32 32
195 195
46 136 46
8 116 103 8
119 119
197 197
183 183
126 126
31 31 115 189
179 179
2 2 180
94 94 190
33 33
105 105
74 74 156 29
68 68
37 184
142 142
21 21
24 24 70
157 157
16 16
96 96
0 0 158
131 131
174 174
185 185 177
93 194 93
1 38
69 69
17 17
80 80
191 191
86 86
198 198
112 163
4 4
45 60
35 35
50 50
192 192
18 18
133 133
109 109
178 178
43 43
159 159
77 62 77
51 51
182 182
193 193
9 9
