190 75 166 56 45 153 5 74 60 76 107 62 107 76 49 185 112 85 149 68 199 146 193 139 115 177 25 22 117 89 100 179 66 71 182 2 182 113 14 18 44 65 38 145 55 103 168 23 186 84 192 69 108 54 163 93 189 111 67 33 114 92 132 129 136 147 133 156 1 142 108 162 16 169 176 21 151 120 181 102 52 138 11 100 25 68 190
68
136 165 136
60 60
146 146
185 185
103 141 103
138 138
25 104
55 55 36 34
192 192
176 176
186 188 186
151 29
1 1
11 11
166 166
113 123 113 94
108 3 108
54 50 54 32
62 62 46
181 118 181
168 168
182 182
117 117 30
5 172 5
142 142
69 69
102 109 198 102
21 21
52 61 52
112 112
139 139
33 33
177 177 101
2 2 99
190 135
145 137 121
147 27 173
179 179
129 129 83
133 133
68 10 68
14 47
162 162 95
76 76
156 156
193 40 193
38 38
149 149
169 57 169
153 153
92 92 106
23 23
163 163
100 100
66 66
71 71 195
22 22
56 56
132 132 152
45 45
84 84
44 44
93 93 116 164
67 67 8
114 114
111 111
189 189
65 65
