Loc1 Loc37 Loc49 Loc25 Loc53 Loc65 Loc68 Loc7 Loc4 Loc87 Loc18 Loc98 Loc72 Loc15 Loc20 Loc22 Loc31 Loc2 Loc34 Loc10 Loc70 Loc16 Loc46 Loc79 Loc38 Loc0 Loc19 Loc85 Loc21 Loc17 Loc21 Loc73 Loc55 Loc42 Loc62 Loc44 Loc3 Loc29 Loc92 Loc13 Loc57 Loc69 Loc65 Loc88 Loc45 Loc88 Loc65 Loc81 Loc35 Loc37 Loc1
36
Loc29 Loc29
Loc25 Loc25 Loc56
Loc18 Loc90 Loc63 Loc18
Loc44 Loc41
Loc10 Loc6 Loc10
Loc70 Loc70 Loc52 Loc50
Loc17 Loc17 Loc32
Loc13 Loc13
Loc72 Loc72
Loc3 Loc3
Loc4 Loc4
Loc55 Loc80 Loc43 Loc55
Loc46 Loc46
Loc79 Loc79
Loc34 Loc91 Loc34
Loc87 Loc87 Loc74
Loc2 Loc11 Loc2
Loc45 Loc45 Loc76
Loc0 Loc0
Loc21 Loc9 Loc21
Loc53 Loc53
Loc49 Loc49
Loc42 Loc42
Loc22 Loc22
Loc19 Loc19
Loc85 Loc47
Loc98 Loc98
Loc68 Loc68
Loc65 Loc65
Loc15 Loc15
Loc38 Loc38
Loc81 Loc81
Loc69 Loc69
Loc92 Loc92
Loc7 Loc7
Loc62 Loc62
