Loc1 Loc165 Loc37 Loc68 Loc99 Loc26 Loc55 Loc164 Loc155 Loc122 Loc38 Loc151 Loc28 Loc127 Loc152 Loc171 Loc140 Loc123 Loc164 Loc119 Loc160 Loc183 Loc92 Loc194 Loc168 Loc51 Loc69 Loc63 Loc81 Loc172 Loc153 Loc165 Loc157 Loc87 Loc60 Loc186 Loc48 Loc62 Loc50 Loc150 Loc36 Loc150 Loc72 Loc91 Loc129 Loc119 Loc8 Loc198 Loc188 Loc145 Loc33 Loc25 Loc68 Loc82 Loc154 Loc175 Loc164 Loc174 Loc58 Loc199 Loc178 Loc166 Loc114 Loc102 Loc130 Loc187 Loc166 Loc156 Loc37 Loc148 Loc175 Loc112 Loc31 Loc76 Loc19 Loc136 Loc131 Loc193 Loc111 Loc196 Loc3 Loc64 Loc31 Loc112 Loc29 Loc180 Loc45 Loc161 Loc97 Loc73 Loc5 Loc165 Loc1
75
Loc180 Loc115 Loc180
Loc58 Loc58
Loc45 Loc45
Loc168 Loc83
Loc3 Loc3
Loc82 Loc82
Loc140 Loc39
Loc166 Loc166
Loc172 Loc172
Loc127 Loc127 Loc104
Loc160 Loc113 Loc160
Loc164 Loc164
Loc136 Loc59 Loc15
Loc130 Loc130
Loc199 Loc199
Loc38 Loc4 Loc167 Loc38
Loc131 Loc126 Loc131 Loc144
Loc97 Loc97
Loc5 Loc5
Loc37 Loc37
Loc50 Loc110 Loc18 Loc50
Loc150 Loc44 Loc150
Loc99 Loc99
Loc145 Loc145
Loc92 Loc106 Loc92
Loc198 Loc198
Loc73 Loc117 Loc73
Loc187 Loc6 Loc187
Loc51 Loc51 Loc177
Loc111 Loc111
Loc156 Loc156
Loc72 Loc72 Loc98
Loc102 Loc102
Loc28 Loc28
Loc196 Loc196 Loc169
Loc36 Loc13 Loc135 Loc36
Loc171 Loc171
Loc188 Loc188
Loc60 Loc60
Loc29 Loc29 Loc128
Loc122 Loc122
Loc55 Loc55
Loc194 Loc70 Loc194
Loc64 Loc64
Loc26 Loc26
Loc87 Loc87
Loc186 Loc186
Loc178 Loc66 Loc178
Loc152 Loc152
Loc68 Loc68
Loc19 Loc19
Loc155 Loc22 Loc155
Loc161 Loc161
Loc91 Loc91
Loc1 Loc12 Loc1
Loc76 Loc76
Loc157 Loc157
Loc151 Loc132
Loc31 Loc192 Loc31
Loc81 Loc85
Loc62 Loc62
Loc119 Loc119
Loc33 Loc33
Loc112 Loc112
Loc175 Loc175
Loc63 Loc63
Loc8 Loc8
Loc154 Loc154
Loc165 Loc121
Loc123 Loc123
Loc183 Loc183
Loc153 Loc153
Loc148 Loc89
Loc69 Loc69
Loc114 Loc114
