114 78 161 119 171 127 111 115 37 5 195 196 134 177 199 85 28 100 81 182 75 109 181 112 42 33 48 15 43 59 89 70 125 16 183 146 169 87 12 90 124 31 14 3 7 96 147 32 24 179 167 117 1 35 149 129 92 47 26 18 26 154 95 53 135 187 108 51 173 0 10 0 29 74 175 67 49 170 102 174 150 114
74
16 16
174 174 94
183 183 176
78 78
81 188 81
199 199
102 102
181 21 148 66 181
167 167
75 75
10 191 10 133 76
170 170
51 51
175 175
3 103 4 3
7 7
150 166 150
42 42
182 182
49 49
111 111 69
196 196
12 12
33 33
24 24
26 26
146 146
43 197 43
18 63 18
70 70
154 154 164
127 127 155
0 0
37 37
15 15
195 195
173 173
112 112 105
169 169 84
59 131 59
171 171
1 1
28 28
149 149
187 187
100 98 100
117 117
67 67 91
92 92
147 147
35 35
135 135 93
74 74
96 96
95 95
108 108 62
115 115
161 161
31 31
14 14
109 109
114 114
5 41 5
89 89
179 36
177 177
124 124
53 53
119 119
32 32
87 87 38
134 134
29 29
47 47
