gc gk em as ac ab cm dg u ds et bn b v ai dn gq bu fg eg es a bq fe e ff ga dx gn gh fd fo ft bl an ad gj di gi d dh en dq fi bj bp aw h dj gg dp do ae bx ap bb fn ey by bc ah ao cv cl ee cj bi cs fq fk at cz fh df bv j cp cg fy db br g er go cd am fw gc
84
d d eq
cm cm
ah ah
cs cs
gn gn
fw dy fw
fd fd
er er
ds ds
bj bj ge
dg q dg fr gm
fi fi
cd ep ck
an an
br br
j j
at at
bb bt bb
fy fy
ad ad
fn fn
bq bq
ap ap
cz cz
gg gg
db az db fa
dq dq
gi gi
et et
dn dn
as as co
do do
di di
u u
fo fo
am am
bp bp
bi bi
ac ac
g cn g
cg cg
aw aw
dp dp
ab ab
bc bc
en en
by by p
gj cq gj
ey ey
ao ao
ee ee
ae ae
dx dx
ga ga
ff ff
fe fe
bx bx
gh gh
go go
bv bv
em em
ft ft
e e
fg y
es es
cj el cj
dh dh
ai ai
bl bl
fk fk
fq fq
cp cr cp
gq gq
dj dj
cv cv
gk gk
cl cl
fh fh
v v
a a
b b
bn bn
eg dw
bu bu
