n0 n56 n60 n45 n92 n28 n12 n33 n88 n48 n21 n47 n26 n41 n58 n7 n3 n79 n9 n24 n82 n161 n14 n150 n27 n63 n84 n104 n105 n1 n126 n76 n35 n97 n91 n158 n72 n86 n57 n39 n83 n81 n2 n87 n32 n128 n8 n36 n151 n13 n25 n43 n5 n53 n18 n98 n117 n90 n111 n38 n124 n62 n116 n95 n71 n42 n69 n157 n16 n20 n177 n44 n10 n100 n172 n186 n93 n50 n67 n23 n40 n49 n66 n31 n68 n131 n85 n0
71
n0 n0 n22
n1 n1
n2 n2
n3 n3
n53 n4 n53
n5 n5
n86 n6 n75 n86
n7 n7
n8 n8
n9 n9
n10 n10
n21 n11 n21
n12 n12 n77
n13 n13
n14 n14
n58 n15 n58 n73
n16 n16 n51
n97 n17 n97
n18 n18
n111 n19 n30 n89
n20 n20
n23 n23
n24 n24 n80
n25 n25 n94
n26 n26 n37 n70
n27 n27
n28 n28
n47 n29 n47
n31 n31
n32 n32
n33 n33
n56 n34 n56
n35 n35 n96
n36 n36
n38 n38
n39 n39 n78 n99
n40 n40 n55
n41 n41
n42 n42
n43 n43
n44 n44
n45 n45
n93 n46 n65 n93
n48 n48
n49 n49
n50 n50
n79 n52 n79
n57 n54 n57
n66 n59 n66
n60 n60
n68 n61 n68
n62 n62
n63 n63
n71 n64 n71
n67 n67
n69 n69
n72 n72
n172 n74
n76 n76
n81 n81
n82 n82
n83 n83
n84 n84
n85 n85
n87 n87
n88 n88
n90 n90
n91 n91
n92 n92
n95 n95
n98 n98
