Liam Isaiah Leo Colton Logan William Aiden Elijah Mason Jayden Adam Brayden Jaxson Michael Ezra Thomas Dylan Owen Noah Lucas Eli Dominic Carter Ayden Roman Jordan Nicholas Theodore David Sebastian Mateo Joseph Isaiah Liam
26
Liam Liam
Noah Noah
William William
Thomas James
Logan Logan
Carter Benjamin Carter
Mason Mason
Elijah Elijah
Dominic Oliver
Roman Jacob Matthew
Lucas Lucas
Michael Michael
Mateo Alexander
Brayden Ethan Samuel
Isaiah Daniel
Aiden Aiden
Adam Henry
Joseph Joseph
Eli Jackson Wyatt
Sebastian Sebastian
David David
Jayden Jayden
Colton John
Owen Owen
Dylan Dylan
Jordan Luke
