Liam Evan Jude Zachary Tyler Eli Sawyer Steven James Isaac Kaleb Santiago Alan Jasper Connor Nathan Kevin Weston Jaxson Angel Anthony Maxwell Dean Beau William Landon Bennett Justin Josiah Julian Matteo Jameson Hudson Ivan Juan Ethan George Leonardo Xander Maddox Ezekiel Maddox Kaiden Daniel Nicholas Waylon Asher Brayden Jonathan Preston Richard Aiden Mateo Miguel Amir Aaron Chase Dean Patrick Christopher Kai Brantley Braxton Jackson Ezra Jose Ashton Grant Max Jayden Bentley Harrison Adrian Elijah Nolan Miles Kingston Brandon Noah Maverick Camden David Brody Elliot Grayson Elliot Brody Dawson Gavin Waylon Jaxon King Matthew John Messiah Zion Hayden Austin Rowan Theodore Jude Zachary Hunter Isaiah Andrew Oliver Patrick Easton Richard Aiden Tucker Charles Tucker Colton Adam Malachi Bryson Malachi Henry Jayce Gabriel Jayce Matthew John Messiah Eric Messiah Jeremy Elliott Carter Antonio Grant Cooper Joshua Jack Jordan Liam
74
Liam Liam
Noah Noah
William William
James James
Nolan Logan Ryan Nolan
Jameson Benjamin
Charles Mason Charles
Elijah Elijah
Oliver Oliver
Kevin Jacob
Joshua Lucas Joshua
Aaron Michael Aaron
Grayson Alexander Grayson
Ethan Ethan
Daniel Daniel
Matthew Matthew
Aiden Aiden
Henry Henry
Jude Joseph Jace
Jackson Jackson
Eric Samuel Greyson
Malachi Sebastian
David David
Carter Carter
Dawson Wyatt Ian
Jayden Jayden
John John
Antonio Owen
Andrew Dylan Andrew
Kingston Luke
Gabriel Gabriel Cameron Dominic
Anthony Anthony
Isaac Isaac
Jack Jack
Julian Julian
Xander Levi
Christopher Christopher
Max Lincoln
Mateo Mateo
Jaxon Jaxon
Nathan Nathan
Isaiah Isaiah
Hunter Thomas Hunter
Elliott Caleb
Josiah Josiah
Zion Christian
Eli Eli
Jonathan Jonathan
Connor Connor
Landon Landon
Adrian Adrian
Asher Asher
Bryson Leo Bryson
Theodore Theodore
Ezekiel Jeremiah Ezekiel
Hudson Hudson
Kaleb Robert Elias
Easton Easton
Nicholas Nicholas
Ezra Ezra
Colton Colton
Angel Angel
Brayden Brayden
Jordan Jordan
Austin Austin
Adam Adam
Jaxson Jaxson
Jose Jose
Kai Carson
Evan Evan
Maverick Maverick
Cooper Cooper
Steven Xavier
Waylon Parker
