LOC16 LOC18 LOC15 LOC9 LOC33 LOC44 LOC71 LOC25 LOC73 LOC59 LOC25 LOC46 LOC37 LOC80 LOC45 LOC63 LOC47 LOC4 LOC26 LOC78 LOC91 LOC28 LOC12 LOC34 LOC90 LOC61 LOC48 LOC56 LOC48 LOC87 LOC70 LOC52 LOC16
26
LOC45 LOC45 LOC79 LOC50
LOC18 LOC18 LOC22 LOC57
LOC63 LOC17
LOC52 LOC52
LOC25 LOC25
LOC70 LOC70
LOC47 LOC47
LOC61 LOC23 LOC61 LOC31
LOC26 LOC26 LOC36
LOC44 LOC96 LOC62
LOC46 LOC46 LOC97
LOC73 LOC3 LOC73 LOC99
LOC15 LOC15
LOC56 LOC98 LOC56 LOC89
LOC9 LOC9 LOC85
LOC37 LOC82 LOC37
LOC12 LOC81 LOC12
LOC59 LOC53 LOC59
LOC80 LOC95
LOC33 LOC33
LOC91 LOC43
LOC78 LOC78
LOC90 LOC90 LOC20
LOC4 LOC4
LOC87 LOC29
LOC28 LOC28
