LOC60 LOC153 LOC166 LOC41 LOC160 LOC134 LOC116 LOC117 LOC116 LOC51 LOC133 LOC125 LOC63 LOC89 LOC96 LOC158 LOC68 LOC69 LOC180 LOC61 LOC6 LOC164 LOC162 LOC154 LOC97 LOC70 LOC64 LOC144 LOC137 LOC80 LOC85 LOC27 LOC104 LOC161 LOC62 LOC192 LOC76 LOC8 LOC119 LOC156 LOC46 LOC156 LOC54 LOC72 LOC47 LOC48 LOC188 LOC170 LOC188 LOC194 LOC83 LOC169 LOC153 LOC60
35
LOC51 LOC51
LOC68 LOC142 LOC56 LOC18 LOC68
LOC164 LOC164
LOC166 LOC166
LOC133 LOC133
LOC48 LOC190 LOC48 LOC36
LOC192 LOC192
LOC64 LOC64 LOC145
LOC63 LOC63 LOC58
LOC62 LOC62
LOC6 LOC59 LOC6
LOC83 LOC52 LOC24
LOC97 LOC97
LOC158 LOC158
LOC161 LOC161
LOC46 LOC65 LOC46
LOC170 LOC7 LOC170
LOC8 LOC8
LOC89 LOC89 LOC55
LOC180 LOC180
LOC69 LOC108
LOC61 LOC189
LOC194 LOC38 LOC194
LOC117 LOC117 LOC139
LOC160 LOC160
LOC134 LOC134
LOC76 LOC30 LOC177
LOC54 LOC54
LOC96 LOC96
LOC80 LOC80
LOC116 LOC116
LOC144 LOC144
LOC70 LOC70
LOC72 LOC72
LOC153 LOC17
