zero six five twelve eleven ten nine sixteen seventeen eighteen twentyfive thirtytwo thirtyone thirtyeight fortyfive fortysix thirtynine thirtyeight thirtyseven thirtysix fortytwo thirtyfive twentyeight twentyone fourteen seven zero
21
zero three
five five
six six
seven seven
nine nine
eleven eleven
twelve twelve thirteen
fourteen fourteen
sixteen fifteen sixteen
eighteen eighteen nineteen
twentyone twenty
twentyfive twentyfive
thirtyone thirtyone
thirtytwo thirtytwo
thirtyfive thirtyfour thirtyfive
thirtyseven thirtyseven
thirtyeight thirtyeight
thirtynine forty
fortytwo fortytwo
fortyfive fortyfive
fortysix fortysix
