zero three ten seventeen sixteen twentythree twentyfour twentyfive twentysix thirtythree thirtyfour thirtyfive twentynine thirty thirtyseven fortyfour fortyfive fiftytwo fiftythree sixty fiftynine fiftyeight fiftyseven sixtyfour seventyone seventyeight seventynine eighty eightyseven ninetyfour onehunone onehuneight onehunnine onehunten onehunseventeen onehuneighteen onehunnineteen onehunthirteen onehunfourteen onehunfifteen onehunsixteen onehuntwentythree onehuntwentytwo onehuntwentyone onehuntwentyeight onehunthirtyfive onehunthirtysix onehunthirtyseven onehunfortyfour onehunfortythree onehunfifty onehunfiftyseven onehunsixtyfour onehunsixtyfive onehunsixtyfour onehunsixtythree onehunseventy onehunsixtynine onehunseventyfive onehunseventyfour onehunseventyfive onehunsixtynine onehunseventysix onehuneightytwo onehuneightyone onehuneighty onehuneightyseven onehuneightysix onehuneightyfive onehuneightyfour onehunninetyone onehunninetytwo onehunninetythree onehunninetyfour onehunninetyfive onehunninetysix onehunninety onehuneightythree onehunseventysix onehunsixtynine onehunsixtytwo onehunfiftyfive onehunsixtyone onehunsixty onehunsixtyone onehunfiftyfour onehunfortyseven onehunforty onehunthirtythree onehuntwentysix onehunnineteen onehuntwelve onehunfive ninetyeight ninetyone eightyfour eightythree eightytwo seventyfive seventyfour seventythree seventytwo seventyone seventyseven seventy sixtynine sixtytwo fiftyfive fortyeight fortyone thirtyfour twentyseven twenty thirteen six seven one zero
82
one one
zero two
three three
six six
seven seven
ten ten eleven
thirteen twelve fourteen
sixteen fifteen sixteen
seventeen seventeen
twenty twenty
twentythree twentythree
twentyfive twentyfive
twentysix twentysix
twentyseven twentyseven
twentynine twentynine
thirtythree thirtythree
thirtyfour thirtyfour
thirtyseven thirtyseven thirtyeight
fortyfour fortythree fortyfour
fortyfive fortyfive
fortyeight fortynine
fiftytwo fiftytwo
fiftythree fiftythree
fiftyfive fiftyfive
fiftyseven fiftyseven
fiftyeight fiftyeight
sixty sixty
sixtyfour sixtyfour sixtysix
sixtynine sixtyseven sixtynine
seventy seventy
seventyone seventyone
seventytwo seventytwo
seventyfive seventyfive
seventyseven seventyseven
seventyeight seventyeight
seventynine seventynine
eightytwo eightytwo
eightythree eightythree
eightyfour eightyfour
eightyseven eightyseven
ninetyeight ninetyeight
onehunfive ninetynine
onehunone onehunone
onehuneight onehuneight
onehunten onehunten onehuneleven
onehunthirteen onehunthirteen
onehunsixteen onehunsixteen
onehunseventeen onehunseventeen
onehuneighteen onehuneighteen
onehunnineteen onehunnineteen
onehuntwentyone onehuntwentyone
onehuntwentythree onehuntwentythree onehuntwentyfour
onehuntwentysix onehuntwentysix
onehuntwentyeight onehuntwentyseven onehuntwentyeight onehunthirty
onehunthirtyfive onehunthirtyfive
onehunforty onehunforty
onehunfortythree onehunfortythree
onehunfortyfour onehunfortyfour onehunfortyfive
onehunfortyseven onehunfortysix
onehunfifty onehunfortynine onehunfifty
onehunfiftyfour onehunfiftyfour
onehunfiftyseven onehunfiftyseven
onehunsixty onehunfiftynine onehunsixty
onehunsixtyone onehunsixtyone
onehunsixtythree onehunsixtythree
onehunsixtyfour onehunsixtyfour
onehunsixtyfive onehunsixtyfive onehunsixtysix
onehunsixtynine onehunsixtynine
onehunseventy onehunseventy onehunseventyone
onehunseventyfour onehunseventythree onehunseventyfour
onehunseventyfive onehunseventyfive
onehunseventysix onehunseventysix onehunseventyeight
onehuneighty onehuneighty
onehuneightyone onehuneightyone
onehuneightytwo onehuneightytwo
onehuneightyfour onehuneightyfour
onehuneightyseven onehuneightyseven
onehunninety onehunninety
onehunninetyone onehunninetyone
onehunninetytwo onehunninetytwo
onehunninetythree onehunninetythree
onehunninetyfour onehunninetyfour
