0 20 53 15 86 36 12 32 99 47 107 44 183 120 98 90 28 84 117 76 97 67 116 130 33 78 6 51 128 194 94 82 113 11 75 62 176 34 179 48 179 5 173 5 31 4 2 29 68 72 22 7 140 54 25 38 14 188 77 49 16 55 193 80 19 153 65 56 24 100 96 21 52 71 39 58 41 26 37 43 83 89 59 182 151 73 122 95 3 88 10 61 1 91 40 57 8 35 0
84
176 66 45
31 31
26 93 26
36 36
52 74 52
59 59
22 22
99 99
62 62
43 43
41 41 30 69
77 77
153 50
58 58 81
116 60
15 15
49 49
95 95
4 4
1 1
44 44
75 75
39 18 39
96 96
37 37
67 67
76 76
20 79 20
38 38
182 92 70
29 29
19 19
71 71
97 27 97
73 73
28 28
34 34
7 7
33 17 33
173 63 13
0 0
47 47
40 40
84 84
61 61
11 85 11
80 80
98 98
53 53
72 72
48 46 48
130 64
78 78
89 89
57 57
35 35 42
68 23 68
82 82
32 32
25 25
91 91
54 54
10 10
56 56
83 83
55 55
86 86
2 2
51 51
94 94
90 90
6 6
5 5
8 8
24 24
151 87
194 9
12 12
14 14
16 16
65 65
3 3
21 21
88 88