equinox orange brick fish bark twitch glove uncertainty tropical mastermind corpse muggy method flow slice explicit secretary paint remark essential prejudice wilderness presidential chain funeral analyst novel seller fibre disposition lamb photograph hiccup union aisle houseplant farewell dollar equinox
38
houseplant houseplant
lamb lamb
fibre fibre
presidential presidential dry
chain chain
union union
essential essential jurisdiction
brick brick
mastermind mastermind
aisle aisle
novel novel
bark bark
disposition disposition
paint paint
secretary secretary
uncertainty uncertainty
photograph photograph
explicit explicit clothes referee
slice slice
equinox band equinox
farewell farewell
seller seller
fish fish
orange orange
prejudice prejudice
muggy muggy
flow flow
wilderness wilderness
analyst analyst
twitch twitch
funeral funeral
method method
dollar dollar
corpse corpse
remark remark
hiccup hiccup
glove glove
tropical tropical
