pump preoccupation leadership judicial reject survival exercise lemon row ensure pray park distributor impound formulate hallway feign tip aspect minor fairy pipe category mud sit line performance depressed privilege range title overlook freedom separate brain wear genetic packet sentiment ghost diagram wage physical gloom lot appearance attractive mouse anger pipe admiration parallel forest prospect pedestrian nominate pursuit literature sacrifice sticky button valley linger hierarchy affect pump
64
diagram guideline diagram
ensure ensure
hallway hallway
sticky sticky
impound impound
physical physical
category category
tip tip
range range
prospect prospect
literature literature
distributor distributor engineer
row row
formulate sweet formulate
valley rock valley
pipe pipe descent
nominate nominate
mouse mouse reflection plug
appearance appearance
lemon lemon
fairy fairy
mud mud
anger anger
brain brain
ghost unanimous ghost
line consideration line
preoccupation preoccupation need
linger linger
minor minor
sentiment sentiment float
depressed depressed
parallel parallel
feign feign
sacrifice sacrifice
wage wage
affect affect
reject reject
hierarchy innovation hierarchy
admiration admiration
overlook overlook
freedom freedom
aspect aspect
packet ground packet
performance polish performance
park park
button button
pedestrian pedestrian
wear wear
pursuit pursuit
exercise exercise
gloom gloom
attractive attractive
separate separate
title title
judicial judicial
pray pray
forest forest
pump pump
genetic genetic
lot lot
leadership leadership
privilege privilege
sit sit
survival survival
