paint wooden blade ice same floor thumb imported indicate nutty stink diligent measure route slam inherit desire ray glamorous determine complain learning ambiguous paint
23
ambiguous ambiguous
blade rake blade
inherit inherit
paint paint
desire desire
nutty nutty
ice ice
floor floor
thumb thumb
indicate finish indicate
measure measure
ray ray
diligent diligent
same same
determine determine
glamorous glamorous
slam slam
route route
imported imported
complain complain
learning learning
stink stink
wooden wooden
