F1E81B DD07FF 573788 FFFD4B 17779E 770D1A CDC6D4 5FD658 47FACD 0F5860 002274 C3B3E7 EE2A22 4B97F1 85D6DB 7D997B BDE94D 79BC3D B69F55 1F842B 2924CB 0C73D8 EE2A22 59843B D1967A 3B4B53 E3C2C9 0CBC31 5D0E2E B47658 BB4908 E5E6C0 C9AF85 7BE8A9 FFEEBD 614224 CF668A 7829D7 36C862 AEFF96 10520F 191510 6B4619 CC9C14 6B4619 086D53 48EA33 205E5C BB40E6 AD0427 C9AF85 9096DB 36590B 66048A D2BE39 94A561 77A0B5 490F1E D2BE39 783751 ABD8FE 20EAE7 846159 5BB557 90451D BA3320 13A782 E80628 14B430 612FAA 124C90 D4A75D 1111F7 EB719D 1EC224 C4303B 2CA4AD 1B337D C45E71 6B622D 5F4E43 A014A0 D8AAF4 8F17C0 151BC9 825EC5 EB719D 4CAD30 5C7062 3EDE7E 6825D4 93EBE3 06C557 8F495E 0CBC31 013940 C953A6 8B519F 2595F1 5D0E2E 2BF7B5 CC6D2A 6CAF46 6B644E 813B05 F1E81B
79
573788 573788
1111F7 29D5D7 6B340B 6966D7
E3C2C9 8015E0 E3C2C9
17779E 17779E
002274 D337F2
90451D CEAC59 90451D
6825D4 AE4A01 239994 8EBF8A
D1967A D1967A 851F90
B47658 B47658
85D6DB 230A7C 85D6DB 63361A
1F842B 1F842B 7E78F3
47FACD 47FACD
10520F C3EF62
0C73D8 E81014 86493E
CC9C14 A1F104 CC9C14
2CA4AD 52C88C 14994D
E5E6C0 E5E6C0
B69F55 2CCB19 B69F55
AEFF96 AEFF96
EB719D 8BFCAC
7D997B E51A66
EE2A22 396D53
9096DB 9096DB
2924CB 596CF6
8F495E 8F495E
1EC224 4099A6 293D59
086D53 F33196 61199E 4A5708
FFEEBD FFEEBD
614224 614224
94A561 94A561
191510 305D33
BB4908 C18C9B BB4908
151BC9 151BC9
36C862 36C862
93EBE3 93EBE3
C9AF85 C9AF85
6B622D 6B622D
783751 783751
66048A 66048A
770D1A 770D1A
20EAE7 20EAE7
5D0E2E 6E313C
E80628 E80628
4B97F1 4B97F1
0CBC31 0CBC31
2595F1 8B6C2F
0F5860 0F5860
6CAF46 685D1A B7F75A 28F6D1
DD07FF 1E1095
2BF7B5 2BF7B5
59843B 59843B
C45E71 4A28BA
5BB557 5BB557
5F4E43 5F4E43
5C7062 5C7062
C4303B C4303B
8B519F 8B519F
7829D7 7829D7
846159 6D51F4 D6CC7A
48EA33 2FEDFB
813B05 813B05
CDC6D4 8417C8
205E5C DCE144
D4A75D D4A75D
4CAD30 4CAD30
1B337D 7E1C6C
F1E81B F1E81B
C3B3E7 C3B3E7
3B4B53 3B4B53
490F1E 490F1E
FFFD4B FFFD4B
BB40E6 BB40E6
BDE94D DE6899
14B430 14B430
8F17C0 8F17C0
77A0B5 77A0B5
124C90 124C90
ABD8FE ABD8FE
36590B 36590B
