188645 0FB66D FA567E B833F0 657F93 B7B073 A7E9D9 DBDC9A A5CCB5 35FF16 E0E349 0801CC 19FFAB 4B39CA D9447D 628AB2 B3243F E0E349 2C101C 35F60D 31D332 DD2694 AD298D 7BF2B5 37F745 8D0852 D443EB 7BF2B5 784F83 FF8D45 ACB11D D01E6B ACB11D B0C7A5 E09D29 AFF8D1 7E5598 0FBCDC 567883 143B88 07D80A 103C70 EC05F7 29B2A4 70146D 35F60D 61EDA9 3ADA02 D5356A E954F7 2EA2EE FA567E 0FB66D 188645
37
2EA2EE 84EBFF 9B9BDD
EC05F7 FD1783 539A92
19FFAB 19FFAB
29B2A4 29B2A4 724A76
DBDC9A DBDC9A 94D700 994F93
35FF16 500783 800641
657F93 467AB7
188645 188645
2C101C CB09C0 2C101C
35F60D AA8E14 4FBDE1
D443EB D7CAF9 D443EB
D9447D 48C2D5
A7E9D9 A7E9D9
E954F7 E954F7
DD2694 DD2694
D01E6B D01E6B
E09D29 C98FE7 E09D29
784F83 784F83
0FBCDC 0A5C0E 0FBCDC
0801CC 9B0EC2
07D80A 07D80A
567883 6D778A
B833F0 B833F0
B7B073 B7B073 EF4D57
628AB2 D04F40 628AB2
7E5598 3B1041
8D0852 8D0852
0FB66D 0FB66D
D5356A D5356A
AFF8D1 AFF8D1
3ADA02 3ADA02
B3243F 1276AF
FF8D45 FF8D45
A5CCB5 A5CCB5
70146D 7E18E9
143B88 44716B
37F745 37F745
