maintenance church sign cause obligation income philosophy volume reputation inspection movie contract feature role selection photo marketing resolution account driver sister difficulty philosophy description focus wife chest rate style object maintenance
29
philosophy philosophy
object object
church competition church price beer property
sign war sign economy action
style style
wife wife
income complaint income population woman
sister sister
cause cause average context rock bread
contract contract
rate rate
role role
driver driver
maintenance career depression salad maintenance version example future
inspection inspection
focus focus
reputation reputation day
account account
movie movie
description description
chest chest
photo photo
difficulty difficulty
resolution resolution
marketing marketing
feature feature
obligation obligation
volume volume
selection selection
