engine teacher song engine time step engine drawer area emphasis age accident delivery mind girl dirt model tool beginning measurement ratio strategy clothes interaction choice ear age significance funeral network light volume two series meal dealer beer reputation office difficulty sympathy extent promotion drawing source country extent satisfaction failure piano war material age class flight worker engineering speech engine bus space police machine member standard network director interaction menu politics situation business girl interaction answer section temperature preparation analyst temperature view tooth education understanding age leadership sport engine tax buyer engine teaching singer engine
76
business business
light light
beginning beginning
teacher secretary teacher money performance fact error
drawer drawer variation
promotion promotion
piano piano
space space
volume volume
speech speech
member member
office office
meal meal
model model
situation situation
standard standard
beer beer
understanding understanding
teaching teaching
worker worker
engine chapter engine card birth departure figure editor process idea
machine machine
time time grandmother moment
preparation preparation
choice choice
emphasis emphasis
reputation reputation
satisfaction satisfaction
leadership leadership
politics politics
tax tax
song aspect song tension side town
age age energy
significance significance
accident accident
difficulty difficulty
interaction interaction
delivery data delivery
failure failure
class class
step eye step
view view
two two
sympathy sympathy
mind mind
country country
engineering engineering
funeral funeral
director director
area area problem
section section
buyer buyer
measurement measurement
source source
war war
tooth tooth
ear ear
clothes clothes
police police
drawing drawing
tool tool
answer answer
singer singer
education education
ratio ratio
analyst analyst
menu menu
series series
sport sport
bus bus
material material
dirt dirt
dealer dealer
girl girl
temperature temperature
flight flight
