context soil ability state anxiety bit wood construction satisfaction reality while departure aspect fat attempt care currency store farmer bread thanks bedroom road context
23
care care
context context interaction
while while
currency currency
reality reality
bedroom bedroom
wood wood
bit bit
ability ability
farmer farmer
construction construction
aspect teaching aspect
soil soil
state state
satisfaction satisfaction
store store
attempt attempt
departure departure
fat fat
thanks thanks
bread bread
anxiety anxiety
road road
