S V AB E B BS J Y CT X R GJ CL K AD AN AL A BY AN BB Q CJ AN AZ I CV D C BD AN CP Q CD G N F AQ Q BW CB CA Q W AW CK H AX Q S
41
A A
B B AR
C C
D D
E E U AF AT BP CF
F F CM
G G
H H
I I
J J O Z AS
K K
Q L P Q
S M S
N N
R R
V T V
W W
X X
Y Y AY
CT AA AE AG AH AI AJ AK AM AO AP AU AV CT
AB AB
CK AC CK
AD AD
AL AL
AN AN BA BC BE BG BH BI BJ BK BL BM BN BO BQ BR BT BU BV BX CE CH CI CN CO CQ CR CW
AQ AQ
AW AW BF BZ CC CS CU
AX AX
AZ AZ
BB BB
BD BD
BS BS
BW BW
BY BY
CA CA
CB CB
CD CD
CJ CJ
CL CL
CP CP
CV CV
