Bowles Mulford Latimer South Pimentel Stacks Pimentel Moses Stanley Campbell MemorialStadium Hargrove BearFoodCourt SigmaPhiOmega Evan Blackwell Evan Jacob TopDog Starbucks Chipotle Starbucks TopDog Jacob Foothill Dwinelle Haas Crossroads Lawrence UCTheatre Lawrence Crossroads Haas Dwinelle HearstAnnex Dwinelle Foothill Haviland Morgan Haviland Foothill Davis Hildebrand Davis Foothill Jacob Hertz CVStarr Unit3 CKerr Unit3 CVStarr Hertz Jacob Hearst MLK Latimer Edwards Latimer Bechtel Minor Memorial Maxwell Memorial Minor Bechtel Cory Stanley LeConte Campanile Wurster McCone Spats Stonefire PiLambda Stonefire Spats McCone Wurster Campanile Bongo Campanile Lewis Wellman Sutardja Kah Gregoire Kresge Boalt VLSB LeConte Stanley Cory Bechtel Wilde StrawberryCreek Wolf Unit2 Greek Stebbins Safeway Warren Tan Hoyt PhiKappaTau UCha Strada Baker Bechtel Birge Bowles Calvin Bowles
46
Evan Evan Cloyne
Foothill Foothill Unit1
Campbell Campbell Doe Koshland
Birge Birge
Campanile Campanile
Moses Moses Gypsys
VLSB VLSB NorthGate
Wellman Wellman
Mulford Mulford Crescent
HearstAnnex HearstAnnex Lothlorien
LeConte RSF ALS
Haas Haas Pavilion
Boalt Boalt
Wurster Wurster Zellerbach
Blackwell Blackwell GenPlantBio
Greek Greek
Maxwell Maxwell Barrows
Calvin Calvin Etcheverry Graduate
Sutardja Sutardja
Kresge Kresge PeoplesPark Castro
Hildebrand Hildebrand YogurtPark
Morgan Morgan Martinez
Baker Baker Simons Daiso
Unit2 Unit2 IndianRock
Unit3 Unit3
CKerr CKerr WayWest Ridge
Stacks Stacks Sherman
Bowles LaVals
Bongo Bongo ShengKee Cheeseboard
Memorial TacoBell AlphaSigmaPhi
Strada Strada RoseGarden
Edwards Edwards Easterly
Crossroads Crossroads
Davis Browns
Safeway Safeway
MLK Rochdale
Wilde Wilde
Wolf Wolf
Spats Spats
Chipotle Chipotle MFoundry
Cory Extension
UCTheatre UCTheatre NCEM
StrawberryCreek StrawberryCreek
TopDog Barker GammaPhiBeta
BearFoodCourt BearFoodCourt
PiLambda PiLambda PiAlphaPhi
