Wheeler Evans Morrison Greek Bechtel Greek Lewis Kroeber Hertz Morrison Evans Wheeler Doe Campanile LeConte Birge Campbell Haviland Memorial Minor Haas Stonefire Haas Faculty FSM Baker McCone BigC Pavilion Simons Pavilion BigC McCone Baker FSM Faculty Unit1 HearstAnnex Anthony GBC WayWest Warren Hearst Davis Kresge Normandy Cheit Soda Sather Soda Moffitt VLSB Etcheverry Latimer Evans Wheeler
24
Sather Martinez Barker Unit3 OCF
Hearst Hearst
Stonefire Stonefire RSF
Simons Unit2 Legends TriDelta
WayWest Metropolitan Cloyne
Anthony Anthony
Moffitt Moffitt
Minor Hargrove
Wheeler Sproul Dwinelle
Birge Birge
Bechtel Bechtel Jacobs
Kroeber Boalt Kroeber
Morrison Morrison
Haas Haas
Baker Baker Fiji
McCone CKerr
Pavilion PeoplePark
Cheit Cheit
Davis Davis
Warren Warren
Etcheverry Etcheverry
Latimer Foothill
Memorial IHouse McLaughlin
HearstAnnex Moses
