MapLocation77 MapLocation67 MapLocation58 MapLocation35 MapLocation40 MapLocation8 MapLocation97 MapLocation27 MapLocation42 MapLocation55 MapLocation49 MapLocation80 MapLocation65 MapLocation0 MapLocation83 MapLocation74 MapLocation4 MapLocation3 MapLocation91 MapLocation51 MapLocation48 MapLocation88 MapLocation24 MapLocation10 MapLocation81 MapLocation1 MapLocation2 MapLocation84 MapLocation86 MapLocation13 MapLocation79 MapLocation68 MapLocation82 MapLocation6 MapLocation93 MapLocation39 MapLocation17 MapLocation72 MapLocation70 MapLocation77
39
MapLocation0 MapLocation0
MapLocation1 MapLocation1
MapLocation2 MapLocation2
MapLocation3 MapLocation3
MapLocation4 MapLocation4 MapLocation5
MapLocation6 MapLocation6
MapLocation82 MapLocation82
MapLocation70 MapLocation70
MapLocation79 MapLocation19 MapLocation20 MapLocation79
MapLocation27 MapLocation27 MapLocation44
MapLocation58 MapLocation37 MapLocation58 MapLocation66
MapLocation77 MapLocation77
MapLocation40 MapLocation73 MapLocation40
MapLocation17 MapLocation17
MapLocation67 MapLocation67
MapLocation86 MapLocation86 MapLocation61
MapLocation80 MapLocation80
MapLocation13 MapLocation13
MapLocation91 MapLocation91
MapLocation8 MapLocation8 MapLocation45
MapLocation55 MapLocation55
MapLocation68 MapLocation14 MapLocation68
MapLocation10 MapLocation10
MapLocation84 MapLocation84
MapLocation83 MapLocation83
MapLocation65 MapLocation65
MapLocation88 MapLocation85 MapLocation88
MapLocation24 MapLocation24
MapLocation97 MapLocation97
MapLocation74 MapLocation74
MapLocation48 MapLocation48
MapLocation39 MapLocation39
MapLocation93 MapLocation93
MapLocation72 MapLocation72
MapLocation51 MapLocation51
MapLocation81 MapLocation81
MapLocation42 MapLocation42
MapLocation35 MapLocation35
MapLocation49 MapLocation49
