MapLocation152 MapLocation106 MapLocation41 MapLocation185 MapLocation9 MapLocation7 MapLocation10 MapLocation67 MapLocation70 MapLocation166 MapLocation15 MapLocation14 MapLocation123 MapLocation8 MapLocation19 MapLocation18 MapLocation81 MapLocation148 MapLocation62 MapLocation23 MapLocation146 MapLocation17 MapLocation173 MapLocation42 MapLocation175 MapLocation50 MapLocation129 MapLocation107 MapLocation96 MapLocation69 MapLocation13 MapLocation104 MapLocation127 MapLocation182 MapLocation56 MapLocation198 MapLocation150 MapLocation136 MapLocation60 MapLocation118 MapLocation94 MapLocation100 MapLocation36 MapLocation4 MapLocation170 MapLocation149 MapLocation47 MapLocation43 MapLocation97 MapLocation154 MapLocation59 MapLocation121 MapLocation72 MapLocation79 MapLocation125 MapLocation86 MapLocation53 MapLocation111 MapLocation156 MapLocation102 MapLocation35 MapLocation22 MapLocation135 MapLocation28 MapLocation164 MapLocation20 MapLocation71 MapLocation128 MapLocation183 MapLocation137 MapLocation122 MapLocation92 MapLocation171 MapLocation194 MapLocation85 MapLocation109 MapLocation192 MapLocation76 MapLocation12 MapLocation32 MapLocation57 MapLocation99 MapLocation161 MapLocation103 MapLocation152
84
MapLocation14 MapLocation14
MapLocation15 MapLocation15 MapLocation16
MapLocation17 MapLocation17
MapLocation18 MapLocation18
MapLocation19 MapLocation19
MapLocation20 MapLocation20
MapLocation69 MapLocation69
MapLocation136 MapLocation136
MapLocation198 MapLocation198
MapLocation35 MapLocation35
MapLocation128 MapLocation186 MapLocation128
MapLocation81 MapLocation81
MapLocation22 MapLocation22 MapLocation189
MapLocation72 MapLocation72
MapLocation13 MapLocation13
MapLocation79 MapLocation113 MapLocation79
MapLocation50 MapLocation50
MapLocation36 MapLocation36
MapLocation67 MapLocation67
MapLocation97 MapLocation97
MapLocation12 MapLocation12
MapLocation71 MapLocation71
MapLocation154 MapLocation154
MapLocation194 MapLocation105 MapLocation194
MapLocation156 MapLocation156
MapLocation149 MapLocation149 MapLocation133 MapLocation153
MapLocation127 MapLocation127 MapLocation29
MapLocation125 MapLocation125
MapLocation129 MapLocation129
MapLocation192 MapLocation192
MapLocation107 MapLocation107
MapLocation106 MapLocation106 MapLocation77
MapLocation121 MapLocation61 MapLocation121
MapLocation56 MapLocation145 MapLocation56
MapLocation123 MapLocation123
MapLocation94 MapLocation94
MapLocation57 MapLocation57
MapLocation164 MapLocation164
MapLocation41 MapLocation41 MapLocation114
MapLocation53 MapLocation53
MapLocation137 MapLocation137
MapLocation8 MapLocation8
MapLocation59 MapLocation59
MapLocation171 MapLocation171 MapLocation179
MapLocation122 MapLocation122
MapLocation109 MapLocation109
MapLocation152 MapLocation152
MapLocation146 MapLocation146
MapLocation4 MapLocation4
MapLocation104 MapLocation104
MapLocation9 MapLocation9
MapLocation60 MapLocation60
MapLocation118 MapLocation118
MapLocation10 MapLocation10
MapLocation100 MapLocation119 MapLocation100
MapLocation23 MapLocation116 MapLocation23
MapLocation43 MapLocation43
MapLocation102 MapLocation102
MapLocation173 MapLocation173
MapLocation96 MapLocation96
MapLocation103 MapLocation103
MapLocation85 MapLocation85
MapLocation170 MapLocation170
MapLocation47 MapLocation47
MapLocation150 MapLocation150
MapLocation135 MapLocation135
MapLocation161 MapLocation161
MapLocation183 MapLocation55 MapLocation183
MapLocation175 MapLocation175
MapLocation92 MapLocation92
MapLocation182 MapLocation182
MapLocation111 MapLocation111
MapLocation86 MapLocation86
MapLocation7 MapLocation7
MapLocation32 MapLocation32
MapLocation99 MapLocation99
MapLocation148 MapLocation148
MapLocation185 MapLocation185
MapLocation62 MapLocation62
MapLocation76 MapLocation76
MapLocation42 MapLocation42
MapLocation70 MapLocation70
MapLocation166 MapLocation166
MapLocation28 MapLocation28
