86 150 161 163 7 145 109 183 25 158 147 113 182 100 68 35 187 186 73 37 84 18 51 43 77 19 180 165 8 79 30 61 71 78 76 135 138 59 72 95 57 70 63 75 171 129 85 29 186 196 99 87 60 66 55 114 1 42 11 3 5 98 49 12 181 81 107 61 48 143 117 103 64 190 93 178 132 167 140 25 154 180 53 115 98 126 180 101 133 92 127 151 192 62 104 61 51 43 192 67 198 108 94 136 91 98 187 20 36 31 4 183 166 81 172 39 133 116 78 148 95 156 62 9 26 58 40 122 49 125 86
90
1 1
187 2 10
5 5
143 6
8 8
11 11
109 13
78 14
151 17 194
19 19
79 21 137
68 22 90 159
26 26
84 27 84
58 28
30 30
35 35
36 36
135 38 52
18 41 177
108 44
7 45
48 48
51 51
53 53
171 54
172 56
57 57
64 64
66 66
61 69
71 71
72 72
73 73
63 74
75 75
76 76
20 82
87 87
115 89
91 91
92 92
93 93
94 94
37 97
100 100
101 101
114 105
180 106
107 107
9 110
113 113
116 116
117 117
86 120 169
29 121
122 122
12 123 149
125 125
126 126
129 129
132 132
138 138
186 139
140 140
145 145
167 146
148 148
150 150
133 152
25 153
154 154
156 156
81 157
158 158
147 160
163 163
98 173
182 174
70 175
4 179
181 181
183 183
161 184
43 185
104 189
192 192
196 196
198 198
42 199
