110 168 124 81 159 100 60 66 87 85 182 72 44 26 152 64 53 50 56 161 5 83 101 121 140 6 43 123 193 14 170 192 41 30 94 141 18 19 52 165 22 175 1 36 79 149 126 147 107 0 154 28 199 77 195 99 163 15 67 145 190 138 55 39 11 176 13 160 189 148 74 172 92 169 54 73 47 197 178 142 171 3 91 132 110
84
178 178
94 76 94
152 152
190 190 122
26 90 26
64 64
54 54
36 36
163 163
60 60
160 160
175 175
99 99 181
141 141
44 44
197 197
50 50 96
140 51 140
28 28 29
101 101
195 195
47 47 45
107 107
30 30 40
172 172
159 159 38
148 148
43 43
15 15
81 81
41 41 20 25
87 87
169 169
18 18
53 53
193 193
11 11
56 56
126 126
6 6 131
13 13
147 147
171 171
165 165
1 1
72 72
121 121
110 110
123 123
182 182
73 73
124 124
0 0
5 5
14 14
55 55
3 127 3
161 161
189 98 189
142 142
79 79
199 103 199
170 170
39 39
149 149
92 92
22 22
66 66
74 74
85 85
52 52
83 83
100 100
67 67
19 19
154 154
138 138
192 192
77 77
91 91
176 176
168 168
145 145
132 132
