Location0 Location43 Location25 Location9 Location28 Location10 Location13 Location101 Location87 Location42 Location18 Location80 Location58 Location121 Location29 Location30 Location105 Location110 Location17 Location39 Location12 Location15 Location6 Location24 Location115 Location37 Location45 Location23 Location33 Location75 Location14 Location75 Location35 Location31 Location1 Location41 Location21 Location26 Location7 Location79 Location8 Location40 Location70 Location19 Location43 Location0
35
Location1 Location1
Location37 Location2 Location37
Location17 Location3 Location11 Location17
Location7 Location4 Location7
Location12 Location5 Location12
Location6 Location6
Location8 Location8
Location9 Location9
Location10 Location10
Location13 Location13 Location44
Location14 Location14 Location22
Location15 Location15
Location115 Location16
Location18 Location18
Location19 Location19
Location26 Location20 Location26
Location21 Location21
Location23 Location23
Location24 Location24
Location25 Location25 Location34
Location80 Location27
Location28 Location28
Location29 Location29
Location30 Location30
Location31 Location31
Location105 Location32
Location33 Location33
Location35 Location35
Location45 Location36 Location45
Location110 Location38
Location39 Location39
Location40 Location40
Location41 Location41
Location42 Location42
Location43 Location43
