1 126 110 176 140 99 157 49 182 189 193 51 10 17 36 27 26 6 20 174 167 164 165 141 9 198 183 184 171 13 150 200 127 138 47 124 144 95 77 92 3 101 74 86 99 87 75 88 106 83 84 89 70 68 69 59 82 53 81 58 56 46 50 41 42 37 44 60 33 16 1
67
1 1 8 85 111 129 133 143
51 2 51 162
3 3
6 6
9 9
10 10 116
13 13
16 16
20 20
176 21 57 103 151 176
26 26
27 27
49 31 49
33 33
189 34 55 159 189
198 35 198
36 36 97
37 37
41 41
42 42
44 44
47 47
50 50
53 53
56 56
58 58
59 59
60 60
150 61 150
68 68 177
69 69
70 70
74 74
75 75
77 77
126 80 126
81 81
82 82
83 83
84 84
86 86
87 87 130
88 88
89 89
92 92
95 95
99 99
101 101
110 102 110 131
106 106
124 124 161
127 127
183 136
157 137 156 157
138 138
140 139 140
141 141
144 144
164 164
165 165
167 167
193 169 193
171 171
174 174
182 182
184 184
200 200
