31 83 148 42 127 112 146 52 167 196 168 188 173 198 195 169 171 197 180 182 162 179 199 186 120 137 105 33 29 8 57 63 154 96 34 141 119 131 81 6 58 32 134 69 92 38 64 35 125 77 4 28 80 143 15 88 16 9 108 139 67 160 118 7 68 86 22 66 117 123 106 27 147 152 149 94 45 156 99 140 47 54 114 36 87 65 73 31
72
196 175 196
127 127
147 78 93 147 49
58 58
66 66 14
167 167
69 69 60
160 160
195 195
81 13 81 115
65 65 128
32 32
198 198 170
197 197
173 173 184 164
77 77
141 20 141
38 38
80 80
149 82 149
120 120 12
125 125 151 89
22 22 103
180 180 191
105 105
108 108
52 46 52
119 119
117 117
114 114 48
143 143 90
45 21 45
94 94
106 106
31 74
88 88
169 169
148 148 110
112 112 107
179 179
27 27
86 86
140 140
34 34
134 138 134
7 7
123 123
6 30 6
168 168
188 188
35 35
99 99
137 137
4 4
156 156
47 47 121
28 28
64 64
186 186
67 67
146 146
9 9
33 33
57 57
42 42
152 152
29 29
68 68
131 131
83 83
171 171
199 199
