state France huge catnip Ridgway Ogden Adamson McDonald firebug wop monk catnip foursome McDonald Augean catnip Eva rooftree gavotte McDonald heifer catnip omicron McDonald bloc catnip scaup McDonald Cinderella Jennifer begot peacock border catnip wrack McDonald knick purple state
25
wop controversial Waterbury cache hypothetic harrow
begot begot
knick knick
wrack wrack
Cinderella Cinderella
McDonald watery Darwin pairwise Steiner
France scriptwriter driveway motet whirligig rocky joke texture Evans infuse anatomy lonesome Adler cocaine knurl lobby gun stereography Arden rent registrant bald grade fireplace whatsoever dame backgammon shrugging charcoal hallelujah Yaounde cohere regal flexural turnout opossum clasp compunction Whelan Della circumstantial retardation debenture hungry presto exhortation
border border
Ogden eidetic jackass serge stingy his sanatoria sepulchral athletic freehold
Jennifer Calkins
catnip Zellerbach dumpling value octane Albert hyphen complacent supremum Protista uptown ash curbside trivium Lizzie eggplant fleawort bibliophile
scaup scaup
bloc bloc
omicron omicron
heifer heifer
gavotte gavotte
Eva Eva
Augean Augean
foursome foursome
monk monk
rooftree Edmonds
firebug firebug
Ridgway Ridgway
Adamson Adamson
huge huge
