Wkkykkf Uvcri Pbdad Fggo Uoxsv Stpm Olcoaxo Oaqqs Whbms Dytyp Pgvrcnl Tbbiot Zyh Vxt Eiotl Ibovih Klowqwc Igep Zdsg Gzcxjl Nwecls Zdkju Dkfelp Wufe Bxrwja Qbflfr Vpsfe Wtsrwu Zkrljw Fiv Bwlpsl Euw Apylxs Kdq Wtkwuvz Fuykk Jxdb Nqwr Lhwmy Wkkykkf
39
Zdsg Zdsg
Vxt Vxt
Igep Igep
Dytyp Dytyp
Nwecls Nwecls
Fiv Fiv
Uvcri Uvcri
Dkfelp Dkfelp
Pbdad Pbdad
Gzcxjl Gzcxjl
Ibovih Ibovih
Uoxsv Uoxsv
Stpm Stpm
Euw Euw
Bxrwja Bxrwja
Jxdb Jxdb
Lhwmy Lhwmy
Oaqqs Oaqqs
Nqwr Nqwr
Zkrljw Zkrljw
Zyh Zyh
Zdkju Zdkju
Wkkykkf Nhn
Qbflfr Qbflfr
Kdq Kdq
Klowqwc Klowqwc
Bwlpsl Bwlpsl
Pgvrcnl Pgvrcnl
Wufe Wufe
Whbms Whbms
Fuykk Fuykk
Tbbiot Tbbiot
Fggo Fggo
Wtkwuvz Wtkwuvz
Vpsfe Vpsfe
Olcoaxo Olcoaxo
Apylxs Apylxs
Wtsrwu Wtsrwu
Eiotl Eiotl
