A0 X4 S6 D3 Y3 S2 K4 R6 F6 D2 Y4 N2 M5 J5 T6 Q6 M6 A6 X6 B4 R5 I3 V6 C4 E3 P2 M3 H6 O5 G1 R4 C0 D0 Y0 I0 E4 P5 L0 I1 C7 D7 Z4 G4 Q4 J6 G0 F4 J1 A5 G3 Q5 K1 X2 N1 Y6 A7 B2 A1 U2 U6 I5 A2 X0 P0 C3 M1 E5 O4 W2 C6 Z3 M0 E1 X3 L5 W6 T3 T2 G6 P6 X1 Z6 F3 T5 R3 Z1 A0
86
A0 A0
C0 C0 W4
D0 D0
Q6 F0 A4 B5 Q6
G0 G0
M0 H0 M0
I0 I0
P2 J0 P2
L0 L0 M4
P0 P0
L5 Q0 L5
X0 X0
Y0 Y0
A1 A1
E1 E1
G1 G1
I1 I1
J1 J1
K1 K1
M1 M1
N1 N1
X2 S1 X2 O3
X1 X1
Z1 Z1
A2 A2
B2 B2
D2 D2
X4 K2 X4
N2 N2
S2 S2
T2 T2 W5
U2 U2
W6 V2 W6
W2 W2
C3 C3
D3 D3
E3 E3
F3 F3
G3 G3
I3 I3
M3 M3
R3 R3
T3 T3
X3 X3
Y3 Y3
Z3 Z3
B4 B4
C4 C4
E4 E4
F4 F4
G4 G4
K4 K4
O4 O4
Q4 Q4
R4 R4
Y4 Y4
Z4 Z4
A5 A5
E5 E5
I5 I5
J5 J5
M5 M5
O5 O5
P5 P5
Q5 Q5
R5 R5
T5 T5
A7 Z5 A7
A6 A6
C6 C6
F6 F6
G6 G6
H6 H6
J6 J6
M6 M6
P6 P6
R6 R6
S6 S6
T6 T6
U6 U6
V6 V6
X6 X6
Y6 Y6
Z6 Z6
C7 C7
D7 D7
