142 121 137 135 171 63 171 140 30 139 153 181 18 103 41 152 68 192 150 21 157 56 156 33 9 14 134 52 178 195 158 69 64 122 128 6 103 18 181 151 93 118 38 118 93 151 159 45 8 163 100 1 154 139 153 181 91 78 60 78 186 78 91 3 174 4 46 148 108 160 77 143 90 111 106 66 137 48 137 188 39 132 142
43
150 150 141
151 144 151 167
8 31
140 129 177 140
158 158
90 90
33 133 33
178 178
14 14
181 181
30 30
174 174
9 70 7 16
118 183
46 46
106 106 127
21 21
186 186 55
159 159
60 124 60
100 34
41 41
108 108
121 121 58
103 89
63 22 63 35
153 23
157 157
48 76 48
139 145
195 195
3 3
38 197 38
39 115 39
77 77
69 69
91 91
137 137
93 93
135 97
4 4
64 64
66 44
