149 77 82 91 107 181 98 131 104 15 86 185 62 30 50 67 41 19 60 0 63 187 57 47 84 1 83 132 34 85 92 139 70 81 170 78 8 17 147 53 142 106 31 130 94 39 87 46 9 61 71 88 73 195 58 12 26 49 160 52 13 56 198 89 5 10 114 11 141 163 28 172 105 33 66 79 29 38 74 23 99 180 51 37 18 129 116 20 80 45 76 96 188 16 184 59 75 4 36 42 69 97 68 14 149
77
1 1
36 2 36
12 3 12 40 65
4 4
5 5 6 25
66 7 64 66
8 8 35
9 9
10 10 90
11 11
13 13
14 14
15 15
16 16
17 17
18 18
19 19
20 20
85 21 85
38 22 38 55
23 23
149 24
26 26
86 27 86
28 28
29 29 43
30 30
31 31
92 32 92
33 33
34 34
37 37 44
39 39
41 41
42 42
45 45
46 46
47 47
97 48 97
49 49
50 50
51 51
52 52
53 53
87 54 87
56 56
57 57 72
58 58
59 59
60 60
61 61
62 62
63 63
67 67
68 68
69 69
70 70
71 71
73 73
74 74
75 75
76 76 100
77 77
78 78
79 79
80 80
81 81
82 82
83 83
84 84
88 88
89 89
91 91 95
94 93 94
96 96
98 98
99 99
