myBc2oGXtwQIbhN8LZB1 fpPjeU3Q7Ml0oxbNnONE yAYyOcL4ZKdEiLdSPQJm w5Yg5o0VnYd77fs4XPRL jy3jNWgqegakpFSv6gUm e3j3O8zLHFaoF4L54lX4 X0l14s0sRXjXSeLRZLOJ bVCSBWLjvEmxQEUvDzc4 lRM59z2yUMoVl3kzgo9u ki0pv73E3TweydEr2xMN saIZq3FqZhdVPNoQWmqU qz4O4bOhKA0YZxpN4mu9 7icmXpzpUEkwaV7qVEaJ C4VxHS7oWghMg001nCqT GvRFaXYJvrU5PAeeG88T VThEkwdtHmaZ1zsmfh4s uNXUIWejT1w4vLTe7QBt 69TQpRojisYUrVnWqBaA yHPSS57AN08ejjILeFs9 q1ntlEPy5TkjTDK1N7QA fbJ1XhavEsRSCGVVB1U1 JBiXyXogbhO9RGLjMiRP olDP1pNg8HxpvCq8TOIJ K674cUKePzN7aRSq4iqU o53aRQwjhcCKlIFPSjvf o2dWBGyrvosFrr6mKxkG wy0RiFWOddqgqdcatQ9A ZhHxBzOYsJAOHrqq4mZM m1eNgjuhkxodElFqqgdb o9aZyqilfPONdyLlpTRX huAFXwtRjt3SQzwGHlqz UMmbOoOKP6EkLMuN70H3 RpB10dFWsUl9DC779n8X jHmvxfAZsjs2mCnHbbFf itlYcr1HLIijK6IEih7d nmetx4LmU9YBYTmghDrT 6X2CNJieZ0I5rs3Wfu65 vy2boLWO2lxg10y7uS0y myBc2oGXtwQIbhN8LZB1
34
GvRFaXYJvrU5PAeeG88T GvRFaXYJvrU5PAeeG88T MrSQPZSbMdgYshneAfKf
w5Yg5o0VnYd77fs4XPRL RBvtNZMBTgecfVkYzQF0 w5Yg5o0VnYd77fs4XPRL
e3j3O8zLHFaoF4L54lX4 5f6BSghRQWi4UfjviKjn e3j3O8zLHFaoF4L54lX4
bVCSBWLjvEmxQEUvDzc4 bVCSBWLjvEmxQEUvDzc4
m1eNgjuhkxodElFqqgdb m1eNgjuhkxodElFqqgdb
X0l14s0sRXjXSeLRZLOJ 1GbSD7rTlpNb4qV46SKR X0l14s0sRXjXSeLRZLOJ
qz4O4bOhKA0YZxpN4mu9 qz4O4bOhKA0YZxpN4mu9
o53aRQwjhcCKlIFPSjvf o53aRQwjhcCKlIFPSjvf
vy2boLWO2lxg10y7uS0y vy2boLWO2lxg10y7uS0y
itlYcr1HLIijK6IEih7d FMx2ghinkTg3bXUUbaTx
fpPjeU3Q7Ml0oxbNnONE fpPjeU3Q7Ml0oxbNnONE
yHPSS57AN08ejjILeFs9 9OL9rFCWxsvkui0BnJrR
RpB10dFWsUl9DC779n8X RpB10dFWsUl9DC779n8X KtbSULrz2h1IxsKP2DHz
jy3jNWgqegakpFSv6gUm zWpsWJk9vbOt0JkC0vhz jy3jNWgqegakpFSv6gUm oTKjE2BVS0AvV4XvUeLk
C4VxHS7oWghMg001nCqT C4VxHS7oWghMg001nCqT lYkJhGqsFKbDklNelAfr
uNXUIWejT1w4vLTe7QBt uNXUIWejT1w4vLTe7QBt EY74ASuADSlYlDTJLkL6
nmetx4LmU9YBYTmghDrT nmetx4LmU9YBYTmghDrT 1ZOzWuPMAgV9noIUn6fI
69TQpRojisYUrVnWqBaA 69TQpRojisYUrVnWqBaA
VThEkwdtHmaZ1zsmfh4s LJTA7Za5kd0YC7vjiAyc VThEkwdtHmaZ1zsmfh4s
lRM59z2yUMoVl3kzgo9u j2d1svPUTAqQIDPXwffl lRM59z2yUMoVl3kzgo9u
ZhHxBzOYsJAOHrqq4mZM ZhHxBzOYsJAOHrqq4mZM
o2dWBGyrvosFrr6mKxkG o2dWBGyrvosFrr6mKxkG SUNxIlWVwIvWYg6OTKeH
q1ntlEPy5TkjTDK1N7QA q1ntlEPy5TkjTDK1N7QA
UMmbOoOKP6EkLMuN70H3 UMmbOoOKP6EkLMuN70H3
K674cUKePzN7aRSq4iqU K674cUKePzN7aRSq4iqU jjCSZnB5168QDqTrFROq
6X2CNJieZ0I5rs3Wfu65 6X2CNJieZ0I5rs3Wfu65
ki0pv73E3TweydEr2xMN ki0pv73E3TweydEr2xMN
o9aZyqilfPONdyLlpTRX o9aZyqilfPONdyLlpTRX
olDP1pNg8HxpvCq8TOIJ olDP1pNg8HxpvCq8TOIJ
jHmvxfAZsjs2mCnHbbFf jHmvxfAZsjs2mCnHbbFf 4jo8IXw984NR3wvT2Dr9
saIZq3FqZhdVPNoQWmqU saIZq3FqZhdVPNoQWmqU
yAYyOcL4ZKdEiLdSPQJm yAYyOcL4ZKdEiLdSPQJm 6yzFaM9N8M8BsjLACDds
wy0RiFWOddqgqdcatQ9A wy0RiFWOddqgqdcatQ9A
fbJ1XhavEsRSCGVVB1U1 fbJ1XhavEsRSCGVVB1U1
