xse weo ego cen uok ybr jam phg zud ask ckx kfu ils hcr kxn adx uby mok xjt bad tlh hir emz wiy qbf rir hjv vmt jgt vzr nhi qdz mti svk uau ttw ptu nry cun bse nko fbk eah xeh aeg vtd hmi hyo ruo byu qxs rjv idv ukv nii ljd tso cma zkt qdw qkp yug pjf wyg aii igs txq rtc vwg nwc xnr khu ikb pvs fzi lwk nfr lrj hpx wbg njg ocp nmf lvm naa bod uwo qjf kcv xpy odh ymw nsw dkp rsg xse
78
cma cma
adx adx dgl
ocp ocp
pvs pvs
fbk fbk vmv
vtd vtd
cen cen
ttw bda ttw
aii aii
lrj lrj bdh
uwo uwo
nii nii
mti mti
ybr ybr
ikb ikb
wyg wyg
xeh xeh
khu khu fhv
qdz vvn
mok mok fgp
kxn fin kxn
lvm lvm fia
nwc nwc
ckx loj ckx
fzi fzi
uau uau
ils miy jfh ils
ljd tdu ljd
byu byu
hmi hmi
uok uok
nfr nfr
qbf qbf
hcr hcr
phg phg
zud zud
hpx hpx
pjf pjf gex
wiy wiy
cun cun
rtc rtc
nry nry
yug yug
ptu ptu
jgt jgt
lwk lwk
aeg aeg
nmf nmf
zkt zkt
vmt uuw vmt
nhi nhi
bod ogh krr bod
nko nko bnl
qdw qdw
tso tso
xjt xjt
qjf tko qjf
vzr vzr fyc
vwg vwg xme
ask zdb
ruo ruo
nsw nsw
rsg rsg
rjv rjv
ego ego
ukv ukv
emz emz
txq txq
eah kpp fjy
jam jam
wbg wbg
rir ksg
kfu kfu
svk svk
tlh tlh
qxs qxs
qkp nvz
idv idv
