azv hcc ivp zuz rov uyd rfl vxn cvb rcw uua zdd qzx hlc ubo aur scm hwc pzr hob hsi ctf cwq cim sau txp ufa cib mpw boc mis mtd gcw ipq yfq hip yvc jwx dqy ijd hyb xie azv
38
gcw gcw
azv azv oqv rti
yvc yiy yvc
ipq ipq
zuz lmh zuz
pzr pzr
ijd ovx ijd
rcw rcw
rfl rfl
jwx jwx
ufa ufa
hwc hwc
hyb hyb
sau sau
scm scm
uyd gfr uyd
ctf gei ctf
xie xie
hsi hsi
yfq ncc yfq vfq
dqy dqy
hcc jvc hcc
cim cim
vxn vxn
aur aur
cib cib
rov rov
uua uua
boc boc
mis mis
qzx qzx
cwq brw cwq
mtd mtd eqa
hlc hlc
mpw mpw
hip hip
hob wcd
ivp ivp
