Vernon Helm Del Clayton Cerro Blue Cypress Brundage Winterhaven Bell Bodad Richvale Le Huron Grasslands Capuchino Glencoe Donner Coddingtown Escalon Potrero Downtown Ramona Rough Ritter Industry Marshall Forbestown Quail Terra Carmel Fox Hoffman Kaiser Crestmont Beach California Louis Portola Rowland Chittenden Armstrong Cudahy Santa Bangor Smith Escondido Smoke Costa Three Warner Bakersfield Fullerton Balboa South Strawberry Sunny Davenport Tijuana Cressey Calaveras Temecula Pacheco Lake Stockdale Robertsville Parchester Buena Yankee All Garcia Collins Mecca Flinn Dulzura Roseland Bonny Woody Pleasant Moores Timbuctoo Sulpizio Alamo Yurok Fiorini Delta Veterans Civic Sacramento Cabbage Saint Anaheim Industrial Vernon
92
Davenport Davenport
Smith Smith
Winterhaven Winterhaven
Yankee Yankee
Cressey Cressey Hammer
Robertsville Robertsville
Warner Warner
Cerro Cerro
Terra Terra
Hoffman Wallace Hoffman
Temecula Temecula
Quail Quail
Stockdale Stockdale
Carmel Carmel
Clayton Clayton
Richvale Richvale
Le Le
Downtown Downtown
Woody Woody
Three Three
Roseland Presidio Roseland
Crestmont Crestmont
Anaheim Anaheim
Bell Bell Bradley
Cabbage Cabbage
Industry Industry
Forbestown Forbestown
Mecca Mecca
Bodad Bodad
Industrial Industrial
Portola Portola
Calaveras Calaveras
Timbuctoo Antelope Timbuctoo
Kaiser Kaiser
Bakersfield Bakersfield
Strawberry Strawberry
Veterans Veterans
Dulzura Dulzura
Pleasant Pleasant Cambridge
Escalon Escalon
Brundage Brundage
Tijuana Manker Tijuana
Moores Moores
Blue Blue
Grasslands Grasslands
Helm Helm
Saint Saint
Rough Rough
Bonny Bonny
Parchester Parchester
Fox Fox
Pacheco Pacheco
Huron Huron
Balboa Balboa
Capuchino Capuchino
Beach Beach
Fullerton Fullerton
Cudahy Cudahy
Civic Civic
Potrero Potrero
Bangor Bangor
Santa Santa Sherman
Ramona Ramona
Garcia Garcia
Ritter Ritter
Costa Costa
Fiorini Fiorini
Louis Louis
Lake Lake
Buena Buena
Alamo Alamo
California California
Collins Collins
Donner Donner
Coddingtown Coddingtown
Glencoe Glencoe
Yurok Yurok
Rowland Rowland
Marshall Marshall
Sunny Sunny
Sacramento Sacramento
Flinn Flinn
Chittenden Chittenden
Armstrong Armstrong
Delta Delta
All All
Smoke Smoke
South South
Sulpizio Sulpizio
Cypress Cypress
Del Del
Escondido Escondido
