Potrero Meyers Calaveras Ames Santa Richvale Carmel Laguna Home Clayton Ida 18th Smoke Balsdon Fiorini Linden Warner Merced Oceanside Chinese Fremont Banning Boulevard Merced Potrero
22
Balsdon Balsdon
Chinese Chinese
Meyers All Meyers
Potrero Hume Potrero
Carmel Carmel
Warner Warner
Oceanside Oceanside
Linden Linden
Clayton Clayton
Boulevard Boulevard
Ida Ida
Calaveras Calaveras
Merced Merced Woffard
18th 18th
Fiorini Fiorini
Fremont Fremont
Banning Banning
Laguna Laguna
Santa Santa
Ames Ames
Smoke Smoke
Richvale Richvale
