Encanto All Bonita Richvale Woffard Laguna Kentfield Cherokee Clayton Woodbridge Willow Kern Beach Sherman Presidio Costa Glencoe McAuley Welden Yurok Forest Cypress Vernon Garden Homestead Riverside Foothills Shafter Vista Ames Alpaugh Two Jane Smoke Mount Warner Cabbage Green Santa Quail Banning Moccasin City Encanto
43
Cherokee Cherokee
Kentfield Kentfield Pumpkin
Banning Banning
Vernon Vernon Delta
Bonita Bonita
Forest Forest
Vista Vista
Laguna Laguna
Homestead Homestead
Willow Willow
Foothills Foothills
Moccasin Moccasin
Two Two
Beach Beach Ramona
Presidio Presidio
Sherman Sherman
All All Chinese
Richvale Richvale
Kern Kern
Woodbridge Woodbridge
Yurok Yurok Granite
Cabbage Cabbage
Glencoe Glencoe
Jane Jane Los
Welden Welden
Mount Mount
Cypress Elmira Cypress
Warner Warner
Shafter Shafter
Ames Ames
City City
Quail Quail
Santa Santa
Clayton Clayton
Garden Garden
Woffard Woffard
Alpaugh Alpaugh
Costa Costa
Encanto Encanto
Riverside Riverside
Smoke Smoke
McAuley McAuley
Green Green
