loc0 loc109 loc103 loc79 loc51 loc49 loc63 loc189 loc193 loc53 loc81 loc23 loc3 loc43 loc37 loc181 loc71 loc27 loc131 loc143 loc27 loc135 loc163 loc157 loc95 loc85 loc61 loc31 loc57 loc99 loc173 loc91 loc111 loc185 loc141 loc33 loc195 loc41 loc21 loc15 loc89 loc39 loc151 loc147 loc41 loc107 loc69 loc19 loc145 loc125 loc83 loc5 loc139 loc17 loc47 loc197 loc97 loc93 loc73 loc133 loc113 loc65 loc25 loc55 loc1 loc171 loc167 loc137 loc29 loc149 loc183 loc187 loc67 loc9 loc119 loc175 loc117 loc169 loc123 loc11 loc75 loc115 loc177 loc77 loc121 loc199 loc45 loc159 loc0
85
loc1 loc1
loc3 loc3
loc5 loc5
loc149 loc7 loc149
loc9 loc9
loc11 loc11
loc185 loc13 loc185
loc15 loc15
loc17 loc17
loc19 loc19
loc21 loc21
loc23 loc23 loc155
loc25 loc25
loc27 loc27
loc29 loc29
loc31 loc31
loc33 loc33
loc83 loc35 loc83
loc37 loc37 loc129
loc39 loc39
loc41 loc41 loc101
loc43 loc43
loc45 loc45
loc47 loc47
loc49 loc49 loc165
loc51 loc51 loc87
loc53 loc53
loc55 loc55
loc57 loc57
loc107 loc59 loc107
loc61 loc61
loc63 loc63
loc65 loc65
loc67 loc67
loc69 loc69
loc71 loc71
loc73 loc73
loc75 loc75
loc77 loc77
loc79 loc79
loc81 loc81
loc85 loc85 loc161
loc89 loc89
loc91 loc91
loc93 loc93
loc95 loc95 loc153
loc97 loc97
loc99 loc99
loc103 loc103
loc135 loc105 loc127 loc135
loc109 loc109
loc111 loc111
loc113 loc113
loc115 loc115
loc117 loc117
loc119 loc119
loc121 loc121
loc123 loc123
loc125 loc125
loc131 loc131
loc133 loc133
loc137 loc137
loc139 loc139
loc141 loc141
loc143 loc143
loc145 loc145
loc147 loc147
loc151 loc151
loc157 loc157
loc159 loc159
loc163 loc163
loc167 loc167
loc169 loc169
loc171 loc171
loc173 loc173
loc175 loc175
loc177 loc177
loc181 loc179 loc181 loc191
loc183 loc183
loc187 loc187
loc189 loc189
loc193 loc193
loc195 loc195
loc197 loc197
loc199 loc199
