Evans WursterHall Campbell DurantHall Unit2 Barrows KroeberHall Bowles LeConte Moffit HappyLemon LawrenceHall BancroftLibrary HavilandHall VLSB HearstMining StrawberryCreek MemorialGlade Milkbomb SouthHall Milkbomb Unit3 Bowles HilgardHall AshaTeaHouse ImmThai AlumniHouse BerkeleyWayWest Yifang BerkeleyWayWest AlumniHouse ImmThai Blackwell Underhill Campanile Marugame Gilman BotanicalGardens ClarkKerr ThaiNoodle Dwinelle MLK Dwinelle ThaiNoodle Chipotle RSF Firewings CaliforniaHall InternationalHouse SatherGate GreekTheatre SatherGate Doe Plentea SutardjaDai Cornerstone ZellerbachHall Bowles KroeberHall Barrows BAMPFA HAAS Foothill Artichokes Evans
41
ThaiNoodle ThaiNoodle
Doe Doe
HearstMining HearstMining
Yifang Wheeler UniversityVillage
Campanile Campanile
LeConte LeConte
Moffit Moffit
Dwinelle Dwinelle
SouthHall SouthHall HesseHall
Gilman Gilman
CaliforniaHall CaliforniaHall
Bowles Bowles
BancroftLibrary BancroftLibrary
DurantHall DurantHall
Unit2 Stern Unit2
Campbell Campbell Eshelman
GreekTheatre GreekTheatre CanyonPool
BAMPFA BAMPFA
BerkeleyWayWest BerkeleyWayWest
LawrenceHall LawrenceHall
InternationalHouse InternationalHouse
HAAS Unit1 HAAS
Unit3 Unit3 Boalt
Foothill Foothill
VLSB VLSB
RSF RSF
Blackwell Blackwell
ZellerbachHall ZellerbachHall
MLK MLK HildebrandHall
Plentea Soda
Evans Cory
Barrows Barrows MemorialStadium
AlumniHouse AlumniHouse
BotanicalGardens BotanicalGardens
ClarkKerr DavisHall
MemorialGlade Kresge
SutardjaDai SutardjaDai
KroeberHall Etcheverry
SatherGate GiauqueHall
HavilandHall HavilandHall
HilgardHall HilgardHall
