Ippudo Platano Soda HildebrandHall NatApartment BetaLounge Ikes SweetheartCafe PeoplesCafe PurpleKow Flavia AndrewsApartment UrbanOutfitters Cornerstone Campanile TPTea TennisCourts BobaNinja TToust ImmThai BobbyGPizza Marugame Gadani HalalGuys LittleBird FoxTheater GrizzlyPeak UdupiPalace HavilandHall Fengcha Ikes Gongcha MSRI NoodleGirl Wikiwiki Underhill Homeroom TheHabit FireTrails BrandyMelville ThaiBasil Milkbomb Blackwell SuperDuperBurgers Pappys HearstAnnex McDonalds HearstAnnex Bowles Namaste EastBaySpiceCompany HesseHall Kips HesseHall EastBaySpiceCompany GSPP Wheeler AndrewsApartment Flavia SmokesPoutinerie Flavia HearstMining Chipotle Yifang NorthHall DavisHall TukTukThai BSC ClarkKerr Stern HortonHall Underhill SteamTrains Underhill HortonHall Shengkee LowerSproul Artichokes SnackShack AmoebaMusic LeConte Cafe3 ExtremePizza LaNote ExtremePizza Cafe3 LeConte AshaTeaHouse Barrows BerkeleyBart BigC BerkeleyBart LaBurrita OptometryBuilding YogurtPark TraderJoes BerkeleyHigh Stern ClarkKerr Plentea ClarkKerr DollarTree TripleRock Cinnaholic Tilden Gather Spats WursterHall HearstGym Boalt Jupiter TopDog Firewings Quicklys BerkeleyArtStudio Mezzo HAAS Chipotle HearstMining Campbell Eureka Ikes Fengcha UniversityVillage TToust Crossroads SouthHall Ucha YogurtPark GreatChina YogurtPark OptometryBuilding LaBurrita Chipotle HearstMining Campbell EastAsianLibrary Gypsys Platano Ippudo
83
HortonHall HortonHall
SteamTrains KroeberHall JambaJuice
Tilden LatimerHall
SmokesPoutinerie LewisHall SmokesPoutinerie TheDwight
Jupiter Morganhall Jupiter
McDonalds Morrisonhall McDonalds
FireTrails MulfordHall
NorthHall NorthHall
OptometryBuilding OptometryBuilding
AshaTeaHouse AshaTeaHouse
HavilandHall Bonchon
Firewings Firewings
BerkeleyBart HappyLemon SproulHall
Ucha Ucha
Artichokes Artichokes
LaNote TacoBell LaNote
Gongcha Gongcha
Yifang Yifang
Fengcha Fengcha
Flavia UCafe
TPTea TPTea
GreatChina SatherGate GreatChina
Namaste StrawberryCreek Namaste
BigC BigC TenderGreens
ClarkKerr ClarkKerr
Crossroads Crossroads BanshoRamen
Cafe3 Cafe3 ThaiNoodle
BobbyGPizza Raretea
Underhill Underhill
TraderJoes TraderJoes
Barrows Safeway
Marugame Marugame
Kips Kips Muraccis
Pappys Pappys
BetaLounge BetaLounge
Spats Spats
Cornerstone Cornerstone
TripleRock TripleRock
LowerSproul LowerSproul
WursterHall WursterHall
Shengkee Shengkee
Plentea Plentea PokeBar
Chipotle Chipotle
ImmThai ImmThai
Milkbomb Milkbomb
Campbell MemorialGlade
EastAsianLibrary EastAsianLibrary LittleCampanile
Mezzo Mezzo
Cinnaholic Slivers
Ikes Ikes
NoodleGirl Teazone
Quicklys Quicklys
TopDog TopDog
Gypsys Gypsys
SnackShack SnackShack
ThaiBasil ThaiBasil
Eureka Eureka
BSC BSC
Platano Platano
EastBaySpiceCompany EastBaySpiceCompany
PeoplesCafe PeoplesCafe
SuperDuperBurgers SuperDuperBurgers
YogurtPark Target
HalalGuys HalalGuys
ExtremePizza ExtremePizza
Gadani Gadani
Wikiwiki Wikiwiki
TheHabit TheHabit
Homeroom Homeroom
TennisCourts Cheeseboard
Campanile ChezPanisse
NatApartment Rachas
BobaNinja BobaNinja
SweetheartCafe SweetheartCafe
Wheeler Wheeler
TukTukThai TukTukThai Venus
Gather Gather
BerkeleyArtStudio SaturnCafe BerkeleyArtStudio
AmoebaMusic AmoebaMusic
GrizzlyPeak GrizzlyPeak
LaBurrita LaBurrita
AndrewsApartment AndrewsApartment
UrbanOutfitters UrbanOutfitters
