Soda LeConte Foothill HavilandHall Dwinelle HearstMining BotanicalGardens Evans Campanile BerkeleyWayWest Wheeler DavisHall SouthHall Unit1 Blackwell DurantHall Unit2 BancroftLibrary Blackwell Cory Gilman HildebrandHall CaliforniaHall Barrows Unit3 Campbell GiauqueHall AlumniHouse InternationalHouse MemorialStadium LawrenceHall GreekTheatre Doe Soda
22
Evans Evans BAMPFA
Doe Doe Bowles
HearstMining HearstMining
Wheeler Wheeler
Campanile Campanile
LeConte LeConte
DavisHall Moffit Stern
Dwinelle Dwinelle
SouthHall SouthHall
Gilman Gilman
CaliforniaHall CaliforniaHall
BancroftLibrary BancroftLibrary
DurantHall DurantHall
Campbell Campbell
GreekTheatre GreekTheatre
BerkeleyWayWest BerkeleyWayWest
LawrenceHall LawrenceHall
InternationalHouse InternationalHouse
Unit1 Unit1
Unit2 Unit2
Unit3 Unit3
Foothill Foothill
