Loc76 Loc11 Loc51 Loc26 Loc94 Loc34 Loc60 Loc91 Loc17 Loc47 Loc77 Loc38 Loc99 Loc46 Loc74 Loc58 Loc7 Loc4 Loc55 Loc95 Loc96 Loc39 Loc86 Loc10 Loc66 Loc41 Loc57 Loc93 Loc89 Loc5 Loc79 Loc61 Loc9 Loc45 Loc12 Loc92 Loc6 Loc2 Loc64 Loc73 Loc53 Loc44 Loc13 Loc0 Loc70 Loc31 Loc52 Loc83 Loc14 Loc59 Loc75 Loc19 Loc78 Loc33 Loc36 Loc23 Loc56 Loc27 Loc65 Loc72 Loc88 Loc90 Loc15 Loc49 Loc97 Loc1 Loc25 Loc42 Loc30 Loc68 Loc84 Loc63 Loc54 Loc18 Loc35 Loc29 Loc37 Loc62 Loc50 Loc43 Loc20 Loc21 Loc22 Loc85 Loc16 Loc71 Loc3 Loc80 Loc76
88
Loc0 Loc0
Loc1 Loc1
Loc2 Loc2
Loc3 Loc3
Loc4 Loc4
Loc5 Loc5
Loc6 Loc6 Loc69
Loc7 Loc7
Loc17 Loc8 Loc17 Loc28
Loc9 Loc9
Loc10 Loc10 Loc24
Loc11 Loc11
Loc12 Loc12
Loc13 Loc13
Loc14 Loc14
Loc15 Loc15
Loc16 Loc16
Loc18 Loc18
Loc19 Loc19
Loc20 Loc20
Loc21 Loc21
Loc22 Loc22
Loc23 Loc23
Loc25 Loc25
Loc26 Loc26
Loc27 Loc27
Loc29 Loc29 Loc82
Loc30 Loc30
Loc31 Loc31
Loc92 Loc32 Loc92
Loc33 Loc33
Loc34 Loc34
Loc35 Loc35
Loc36 Loc36
Loc37 Loc37
Loc38 Loc38
Loc39 Loc39
Loc96 Loc40 Loc81 Loc96
Loc41 Loc41
Loc42 Loc42
Loc43 Loc43
Loc44 Loc44 Loc67
Loc45 Loc45
Loc46 Loc46 Loc87
Loc47 Loc47
Loc64 Loc48 Loc64
Loc49 Loc49
Loc50 Loc50
Loc51 Loc51
Loc52 Loc52
Loc53 Loc53
Loc54 Loc54
Loc55 Loc55
Loc56 Loc56
Loc57 Loc57
Loc58 Loc58
Loc59 Loc59 Loc98
Loc60 Loc60
Loc61 Loc61
Loc62 Loc62
Loc63 Loc63
Loc65 Loc65
Loc66 Loc66
Loc68 Loc68
Loc70 Loc70
Loc71 Loc71
Loc72 Loc72
Loc73 Loc73
Loc74 Loc74
Loc75 Loc75
Loc76 Loc76
Loc77 Loc77
Loc78 Loc78
Loc79 Loc79
Loc80 Loc80
Loc83 Loc83
Loc84 Loc84
Loc85 Loc85
Loc86 Loc86
Loc88 Loc88
Loc89 Loc89
Loc90 Loc90
Loc91 Loc91
Loc93 Loc93
Loc94 Loc94
Loc95 Loc95
Loc97 Loc97
Loc99 Loc99
