Loc48 Loc36 Loc41 Loc0 Loc19 Loc6 Loc42 Loc34 Loc17 Loc4 Loc10 Loc39 Loc9 Loc13 Loc20 Loc29 Loc16 Loc43 Loc27 Loc40 Loc49 Loc1 Loc5 Loc23 Loc25 Loc44 Loc21 Loc47 Loc3 Loc12 Loc30 Loc11 Loc31 Loc14 Loc37 Loc46 Loc45 Loc32 Loc26 Loc15 Loc35 Loc18 Loc48
42
Loc0 Loc0 Loc28
Loc1 Loc1
Loc9 Loc2 Loc9
Loc3 Loc3
Loc4 Loc4
Loc5 Loc5
Loc6 Loc6 Loc22
Loc25 Loc7 Loc25
Loc15 Loc8 Loc15 Loc38
Loc10 Loc10
Loc11 Loc11
Loc12 Loc12
Loc13 Loc13
Loc14 Loc14
Loc16 Loc16
Loc17 Loc17 Loc33
Loc18 Loc18
Loc19 Loc19
Loc20 Loc20
Loc21 Loc21
Loc23 Loc23
Loc42 Loc24 Loc42
Loc26 Loc26
Loc27 Loc27
Loc29 Loc29
Loc30 Loc30
Loc31 Loc31
Loc32 Loc32
Loc34 Loc34
Loc35 Loc35
Loc36 Loc36
Loc37 Loc37
Loc39 Loc39
Loc40 Loc40
Loc41 Loc41
Loc43 Loc43
Loc44 Loc44
Loc45 Loc45
Loc46 Loc46
Loc47 Loc47
Loc48 Loc48
Loc49 Loc49
