Horse0 Floppy64 Breakfast19 Soda57 Towel16 Breakfast42 Running77 Water52 Cat13 Ring97 Allergies3 Ring45 Whale59 Shower11 Settings5 Rollers34 Shower15 Dislike21 Plus62 Whale22 Bird82 Ice10 Toilet20 Bird93 Water66 Leash68 Male84 Kitty14 Leash27 Allergies54 Leash27 Monster39 Rollers48 Websites81 Leash89 Shelf25 Website29 Prints23 Ice30 Allergies4 Dislike51 Comics49 Websites17 Mail88 Printer53 Horse0
40
Shower11 Shower11
Websites81 Websites81
Running77 Running77
Floppy64 Horse55
Monster39 Monster39
Websites17 Websites17
Male84 Male84 Book41
Allergies54 Monster71 BBQ86
Ring45 Ring45
Allergies3 Solar58 Flowers98 Allergies3 Towel35
Plus62 Plus62
Allergies4 Allergies4
Kitty14 Kitty14
Printer53 Printer53
Ice10 Ice10 Floppy63
Toilet20 Toilet20
Leash89 Towel37 Ice38
Bird82 Bird82
Dislike51 Dislike51
Rollers34 Rollers34
Horse0 Horse0 Breakfast74
Water52 Water52
Leash68 Leash68
Shower15 Shower15
Water66 Water66
Breakfast19 Breakfast19
Ring97 Ring97
Cat13 Cat13
Soda57 Soda57
Whale22 Whale22
Towel16 Towel16
Mail88 Robot9 Mail88
Whale59 Whale59
Ice30 Ice30
Bird93 Bird93
Shelf25 Shelf25
Prints23 Prints23
Comics49 Comics49 Post61
Settings5 Settings5
Rollers48 Rollers48
