Shower0 Robot49 Fence29 BBQ36 Towel2 Websites24 Puppy19 Laptop22 Rollers40 Android27 Puppy28 Allergies7 Sink37 Nuclear43 Crab16 Website21 Soda18 Prints46 Ice30 Toilet45 Cat44 Light1 BBQ38 Prints25 Plants3 Ice42 Shower0
22
Soda18 Soda18
Toilet45 Toilet45
Prints25 Mail41 Prints25 Toilet26
Website21 Ring33
Websites24 YouTube4
Rollers40 Elevator35
Sink37 Sink37
Laptop22 Laptop22
Puppy19 Puppy19
Robot49 Robot49
Nuclear43 Nuclear43
Ice42 Ice42
Cat44 Cat44
Android27 Android27 Monster32
Crab16 Crab16
Puppy28 Cone13
BBQ36 BBQ36
Ice30 Ice30
Light1 Light1
BBQ38 BBQ38
Allergies7 Allergies7
Plants3 Plants3
