Shelf0 Toolbox153 Drugs184 Whale137 Ring169 Puppy140 Mail22 Ring82 Soap3 Toolbox147 Male149 Urine124 Whale114 Robot164 Poop5 Towel92 Dog168 Android196 Book171 Comics28 Light30 Solar130 Nuclear18 System156 Ice9 Solar162 Website190 Water135 Rollers95 Kitty98 Laptop125 Water29 Solar192 Soda119 YouTube33 Crab83 Soap64 Clock139 Poop150 Solar159 Toolbox72 Whale126 Post158 Clock61 Whale31 Cat187 Printer188 Sink109 Settings75 Flowers178 Dislike27 Book24 Ice41 Shelf40 Plants118 Ring60 Solar71 BBQ36 Rollers14 Nuclear35 Kitty89 Horse148 Clock2 Puppy117 Ice165 Body55 Mail6 Poop76 Monster16 Toolbox144 System183 Breakfast85 Fusion104 Poop80 Dog181 Elevator115 Towel154 Dislike143 Running177 Drugs195 System79 Drugs39 Shoes8 BBQ167 Hnads182 Robot51 Monster175 Toolbox146 Shelf0
78
Crab83 Crab83
Shoes8 Boat67 Soap58 Dislike12 Shoe17 Shoes8
Horse148 Horse148
Post158 Post158
Poop150 Robot93 Leash77 Poop150
Solar162 Kitty194 Solar162
Drugs39 Drugs39
Sink109 Sink109 Shower47
Shelf40 Shelf40
Laptop125 Laptop125
Clock139 Allergies88 Clock139 Websites4
Toolbox146 Toolbox146
Ice9 Ice9
Light30 Light30
Towel154 Towel154
Plants118 Plants118
Settings75 Settings75 Urine97
Kitty89 Kitty89
Body55 Body55
Monster175 Monster175
Water135 Water135
Dog168 Dog168
BBQ36 BBQ36 Urine20
Elevator115 Shoe174
Urine124 Urine124
Nuclear35 Nuclear35
Mail22 Mail22 Allergies103
Dislike143 Dislike143 Allergies176
Ice41 Ice41 Laptop19
Drugs184 Monster73 Toilet13
Puppy117 Puppy117
Whale126 Whale126
Solar130 Solar130
Soda119 Soda119
Printer188 Printer188
Rollers95 Rollers95
Water29 Water29
Robot51 Robot51
Drugs195 Drugs195 Cat15
Toolbox72 Toolbox72
Clock2 Clock2
Running177 Hnads116
Nuclear18 Nuclear18
Soap64 Soap64
Robot164 Robot164 Comics107
Dislike27 Soda197 Dislike27
Dog181 Dog181
Toolbox153 Toolbox153
Ice165 Water38 Ice165
System156 System156
Puppy140 Puppy140
Poop80 Poop80
Hnads182 Plus78 Hnads182
Solar192 Solar192
Mail6 Mail6
Whale137 Whale137
Rollers14 Rollers14
Book24 Book24
Fusion104 Fusion104 Fusion34
Flowers178 Flowers178
Book171 Book171
Solar71 Solar71
System183 System183
Ring82 Ring82
Poop76 Poop76
Clock61 Clock61
Ring169 Ring169
Male149 Male149
Cat187 Cat187
Android196 Android196
Shelf0 Shelf0
Whale114 Whale114
Towel92 Towel92
Website190 Website190
Breakfast85 Breakfast85
Whale31 Shower57
System79 System79
Kitty98 Kitty98
