S B C D U N V 1 I B2 C2 H2 M2 R2 Z2 Z3 55 60 66 80 W3 C3 D3 I3 104 T3 R3 105 107 C3 W3 X3 Y3 82 68 62 57 B3 A3 U2 V2 P2 K2 F2 E2 J2 O2 N2 I2 H2 G2 L2 Q2 R X2 73 130 U3 N3 M3 64 K3 F3 E3 J3 O3 77 G3 91 H3 84 71 64 P3 128 51 50 Q3 Q 17 12 7 G W X 3 L 9 Y 5 Z 6 M 8 K J E F S
67
E A E
B B P
C C
D D
F F
G G
9 H
I I
J J
K K
L L
M M
N N
W O W
Q Q
R R
8 T
U U
V V
X X
Y Y
Z Z
57 A2
B2 B2
C2 C2
I2 D2 I2
E2 E2
F2 F2
G2 G2
H2 H2
J2 J2
K2 K2
L2 L2
M2 M2
N2 N2 T2
O2 O2
P2 P2
Q2 Q2 Y2
R2 R2
U2 U2
V2 V2
X2 W2 X2
Z2 Z2
A3 A3
B3 B3
C3 C3
D3 D3
E3 E3
F3 F3
G3 G3
H3 H3
I3 I3
J3 J3
K3 K3
91 L3
M3 M3
N3 N3 V3
O3 O3
P3 P3
Q3 Q3
R3 R3
T3 T3
U3 U3
W3 W3
X3 X3
Y3 Y3
Z3 Z3
