0 146 51 86 28 54 121 43 47 35 73 112 72 118 5 83 13 31 24 44 34 161 162 163 164 165 166 167 168 169 170 171 172 173 174 175 176 177 178 179 180 181 182 183 184 185 186 185 184 183 182 181 180 179 178 177 176 175 174 173 172 171 170 169 168 167 166 165 164 163 162 161 157 68 61 67 135 22 36 12 56 142 19 7 60 107 3 2 65 53 102 94 69 188 189 190 191 192 193 194 195 196 197 198 197 196 195 194 193 192 191 190 189 188 69 153 122 155 124 0
82
2 2
3 3
5 5
7 7
12 12
13 13
19 19
22 22
24 24
28 28 133
31 31
34 34
35 35
36 36
43 43 160
44 44
47 47 95
51 51 151 159
53 53
54 54 145 148
56 56
146 59 62 120 146
60 60
61 61
65 65
0 66 77 80 143
67 67
68 68
69 69
72 72 129
73 73
83 83 140
86 86 101
94 94
102 102
107 107
112 112
118 118
121 121
122 122
124 124
135 135
142 142
153 153
155 155
157 157
162 162
163 163
164 164
165 165
166 166
167 167
168 168
169 169
170 170
171 171
172 172
173 173
174 174
175 175
176 176
177 177
178 178
179 179
180 180
181 181
182 182
183 183
184 184
185 185
186 186 187
188 188
189 189
190 190
191 191
192 192
193 193
194 194
195 195
196 196
197 197
198 198 199
