hutmk omjfc dowbf yaxts ablxw rlfxc lnfiu aeomh gxdqt bcrwj ijofp ywion otirh yiodb ijvuq xeljy misyc lsnhz mlfbi oscrv xintv coubd tyuep cursl zsehb hopbn vmgxh ugyls yzaje artvi axmwy aqzce mzlsn spuoi vczkh ugamb hutmk
35
oscrv oscrv
hopbn hopbn qdzgs
mlfbi mlfbi
yzaje lcghr yzaje
aqzce aqzce tejxc
mzlsn mzlsn
zsehb zsehb
tyuep tyuep
coubd coubd urlkt
lnfiu lnfiu
cursl cursl xnysi
omjfc omjfc
xintv xintv
ywion ywion
gxdqt gxdqt
vczkh vczkh
yiodb yiodb
rlfxc rlfxc
aeomh aeomh
artvi artvi
vmgxh vmgxh
ugamb ugamb
ablxw ablxw
otirh otirh
ugyls ugyls
xeljy xeljy
yaxts yaxts
spuoi spuoi
dowbf dowbf
misyc misyc
bcrwj bcrwj
lsnhz lsnhz
axmwy axmwy
ijvuq ijvuq
ijofp ijofp
