hdpxs osxbc cihba wnelr bsvth frhgc htkwy vcwfj qsmkj utdhx gdovn wcjeg zntkr tndwl rjdai mtcsd oaeyh drojn vobqh qhvsb xlrzc kscoz jcwpu joztf cxajk aedvq pihld mujil kzwah qpbmc wkbuf kjihy gufvs mhekz syoxv maqho qbdwz tkwle armnk bkfuc olqfv pgqva yvbse lpudv gdnim syoxf stflc oewcd mhuad tjake ayrgb rzvtg oxuqn fjdqi pytwh yqfdk ehqyk rjuxc ebwcp wdquv lrqft ktzce qckjp uklga zqjxb jhlus ymcfp lnjxt yazqf dbjxw ahnds bwknx egclu iyuas ohzfn dkjro sxdiu crlfe nqtru rlumh vgwoi dwyai hdpxs
79
rlumh mlibf rlumh
sxdiu sxdiu
qpbmc qpbmc
ktzce uiogl ktzce
uklga uklga
maqho maqho
dbjxw yqtob dbjxw
mujil mujil
nqtru tmwdy nqtru
fjdqi fjdqi ypdnb
xlrzc xlrzc
cihba oxitr cihba
ebwcp bdevm ebwcp
ayrgb ayrgb
lnjxt lnjxt
armnk armnk btwzv
gdnim gdnim
zqjxb zqjxb
yqfdk yqfdk zcjqx
drojn drojn
ohzfn ohzfn
jcwpu jcwpu
bwknx wotiq bwknx
joztf joztf
pytwh pytwh gstwp
oewcd cxdes osvgp oewcd
tndwl tndwl
rjdai qhibx rjdai
aedvq aedvq
ymcfp ymcfp
stflc stflc
qbdwz wajol qbdwz
kscoz kscoz
mtcsd mtcsd
pgqva pgqva
ahnds ahnds cqsby
utdhx utdhx
rjuxc rjuxc
dkjro dkjro
lrqft xnpwq
frhgc frhgc lmwpk
bsvth bsvth
qckjp qckjp
wnelr wnelr
syoxf syoxf
yazqf yazqf
vgwoi vgwoi
bkfuc bkfuc
gufvs gufvs
kjihy kjihy
iyuas iyuas
syoxv syoxv
zntkr zntkr
jhlus jhlus
dwyai amfiz rchbw
wkbuf wkbuf
kzwah kzwah
yvbse yvbse
htkwy htkwy
oaeyh oaeyh
cxajk evtgj cxajk
pihld pihld xcvow
lpudv lpudv evsbm
qsmkj qsmkj
mhekz mhekz
vcwfj vcwfj
ehqyk ehqyk
gdovn gdovn
crlfe hwmzn
tkwle tkwle
mhuad mhuad
oxuqn oxuqn
tjake tjake
wdquv wdquv
wcjeg wcjeg
rzvtg rzvtg
vobqh vobqh
osxbc osxbc
qhvsb qhvsb
