stop0 stop1 stop4 stop5 stop6 stop18 stop19 stop20 stop21 stop22 stop47 stop58 stop65 stop84 stop56 stop57 stop30 stop61 stop39 stop93 stop69 stop28 stop78 stop55 stop85 stop91 stop71 stop31 stop59 stop53 stop77 stop49 stop70 stop99 stop86 stop73 stop79 stop62 stop38 stop52 stop92 stop32 stop43 stop80 stop90 stop46 stop2 stop0
46
stop58 stop58
stop47 stop47
stop56 stop56
stop65 stop65
stop30 stop30
stop84 stop84
stop57 stop57
stop21 stop21
stop61 stop61
stop39 stop39
stop93 stop93
stop5 stop5
stop69 stop69
stop0 stop15 stop50 stop23 stop83
stop28 stop28
stop78 stop78
stop85 stop85
stop55 stop55
stop71 stop71
stop6 stop6
stop91 stop91
stop70 stop70
stop31 stop31
stop77 stop77
stop59 stop59
stop53 stop53
stop18 stop18
stop49 stop49
stop62 stop62
stop86 stop86
stop1 stop7 stop1
stop79 stop79
stop38 stop38
stop80 stop80
stop4 stop4
stop22 stop22
stop52 stop52
stop99 stop99
stop92 stop92
stop46 stop46
stop90 stop90
stop32 stop32
stop2 stop2
stop73 stop73
stop43 stop43
stop19 stop19
