stop0 stop1 stop192 stop181 stop145 stop195 stop155 stop167 stop182 stop199 stop138 stop194 stop153 stop166 stop191 stop150 stop189 stop183 stop171 stop172 stop163 stop187 stop158 stop156 stop139 stop186 stop176 stop142 stop159 stop148 stop144 stop147 stop197 stop180 stop137 stop128 stop124 stop123 stop102 stop101 stop92 stop89 stop81 stop74 stop73 stop70 stop69 stop65 stop60 stop4 stop55 stop42 stop41 stop40 stop39 stop13 stop35 stop34 stop25 stop22 stop17 stop16 stop15 stop14 stop2 stop9 stop8 stop3 stop0
68
stop144 stop144
stop0 stop0 stop133 stop23 stop38 stop135 stop7 stop105 stop51 stop96 stop100 stop77 stop72 stop109 stop58 stop31 stop130 stop88 stop122
stop123 stop123
stop180 stop180
stop147 stop147
stop22 stop22
stop148 stop148
stop159 stop159
stop181 stop68 stop44 stop33 stop21 stop181
stop1 stop80 stop126 stop18 stop54 stop112 stop90 stop62 stop64
stop15 stop15
stop139 stop139
stop197 stop197
stop34 stop34
stop41 stop41
stop14 stop14
stop101 stop101
stop156 stop156
stop42 stop42
stop192 stop84 stop106 stop114 stop162 stop192
stop142 stop142
stop186 stop186
stop3 stop3
stop187 stop187
stop176 stop176
stop70 stop70
stop137 stop137
stop16 stop16
stop163 stop163
stop13 stop13
stop158 stop158
stop172 stop172
stop128 stop128
stop189 stop189
stop17 stop17
stop150 stop150
stop171 stop171
stop183 stop183
stop166 stop166
stop89 stop89
stop65 stop65
stop191 stop191
stop9 stop9
stop74 stop74
stop102 stop102
stop35 stop35
stop199 stop199
stop153 stop153
stop138 stop138
stop194 stop194
stop124 stop124
stop155 stop155
stop4 stop4
stop182 stop182
stop25 stop25
stop73 stop73
stop40 stop40
stop60 stop60
stop195 stop195
stop167 stop167
stop2 stop2
stop145 stop145
stop92 stop92
stop81 stop81
stop39 stop39
stop69 stop69
stop55 stop55
stop8 stop8
