Aberdeen Reno Hampton Lowell Chattanooga SaltLakeCity Norwalk Miramar Newburgh Hampton Tuscaloosa Winston Austin Henderson StPetersburg Lewisville Gainesville Scranton SouthLyon Frederick Modesto SanBernardino Hartford Hampton Reno Aberdeen
19
Hampton Pensacola Hampton
SaltLakeCity SaltLakeCity SanAntonio
Gainesville Gainesville
Winston Winston
Tuscaloosa Tuscaloosa
Henderson WestValleyCity Henderson Marina
Chattanooga Chattanooga
Modesto Modesto
Lewisville Lewisville
Miramar Miramar
Norwalk Racine
Reno Reno Springdale
Lowell Lowell
SanBernardino SanBernardino
SouthLyon SouthLyon Montgomery
Newburgh Newburgh
Austin Austin
Hartford GreenBay
StPetersburg StPetersburg
