Hayward Shreveport Hartford Downey Salem Deltona Tucson NewYork Monroe Escondido Independence RoundLakeBeach Lorain Scottsdale Victorville ElPaso SanAntonio Hampton Gastonia Laredo GreenBay Lafayette Waterbury Newburgh SantaClarita Racine PembrokePines Trenton OverlandPark Anchorage Utica Norwich SanBuenaventura NewportNews SimiValley Topeka Downey Burlington Norwalk Huntsville ThousandOaks Cambridge PalmBay CapeCoral Seaside Elkhart Modesto PuntaGorda HavredeGrace Bryan Lubbock Milwaukee BatonRouge Eugene Anaheim Columbus Visalia Carrollton Layton PembrokePines Oxnard Albuquerque Hialeah Marina PortArthur RichmondCounty Torrance Marysville Stamford LasVegas Nashua Tyler Arvada Scranton Sarasota Ogden StPaul CorpusChristi KansasCity VeroBeach PembrokePines SanBernardino Pueblo Youngstown Fullerton Duluth SaintPaul GrandRapids Vancouver Henderson NewYorkCity York Champaign SterlingHeights Springfield Spartanburg Springfield SterlingHeights Boston Bethlehem Orem Shreveport Hayward
80
PuntaGorda PuntaGorda Hemet
Tyler Tyler
Independence Cincinnati
ThousandOaks ThousandOaks Olympia
Norwich Norwich
PalmBay PalmBay
Tucson Tucson
Utica Utica
Pueblo Pueblo
Albuquerque Albuquerque
Laredo Laredo
NewportNews NewportNews
Youngstown Barnstable Hagerstown Bakersfield
SanAntonio JohnsonCity
OverlandPark Greenville OverlandPark
Eugene Eugene Boise
Racine Racine
Nashua Nashua
RoundLakeBeach RoundLakeBeach
Springfield Harlingen
Newburgh Newburgh
HavredeGrace HavredeGrace
Champaign Charlotte Champaign
Scottsdale Omaha Scottsdale
Topeka Topeka
CapeCoral CapeCoral Bloomington
Deltona Deltona
Anchorage Anchorage Fresno
Marina Marina Frederick Kissimmee
Salem Salem
LasVegas LasVegas
Downey Downey
Bryan Birmingham
SanBuenaventura SanBuenaventura
Escondido Mesquite
Fullerton Flint Fullerton Plano
Elkhart McAllen Elkhart
Lubbock Lubbock
CorpusChristi CorpusChristi
Layton Layton
Bethlehem Bethlehem
Hartford NorthLasVegas Hartford
Norwalk StLouis
GrandRapids GrandRapids
Arvada Arvada
Oxnard Oxnard
Scranton Scranton
Waterbury Waterbury
Spartanburg LakeCharles Spartanburg
Stamford Stamford
RichmondCounty RichmondCounty
Duluth Duluth Detroit
Modesto Modesto
Henderson Henderson
Sarasota HuntingtonBeach
Huntsville Huntsville
PortArthur Lacey
Burlington Burlington
Columbus Columbus
StPaul Savannah CathedralCity
Vancouver Vancouver
Hialeah Hialeah
NewYorkCity NewYorkCity
Marysville Marysville
GreenBay GreenBay
Monroe Monroe
Trenton Louisville
ElPaso ElPaso
VeroBeach SantaClara
Hampton Newark
Torrance Torrance Melbourne
NewYork Kalamazoo
Orem NewBedford
Carrollton SiouxFalls
Anaheim Anaheim
SaintPaul SaintPaul
York York
SimiValley Aberdeen
SanBernardino Mobile
Ogden Ogden
