Hayward Asheville Durham Bloomington Newark NewYorkCity York BelAir Monroe Milwaukee SantaCruz Montgomery Topeka Omaha PuntaGorda Kennewick Sebastian Atlanta Abilene Downey Carrollton Winston Hickory Charlotte RichmondCounty Hampton Modesto Corona Waco Harlingen SaintLouis PalmBay Tucson Aurora Tucson Bradenton Huntsville Burbank Huntsville Yonkers Waterloo Springdale McHenry Asheville Hayward
36
PuntaGorda PuntaGorda
Hickory Tyler HuntingtonBeach Hickory
Montgomery ThousandOaks
PalmBay PalmBay
Tucson Tucson LakeCharles
Kennewick Barnstable Kennewick
Yonkers Yonkers
Burbank Burbank Chicago
McHenry McHenry Torrance
Harlingen Harlingen
Charlotte Charlotte
Omaha Omaha
Topeka Topeka
Durham Deltona Durham
Atlanta Danbury Atlanta
Downey Downey
Asheville Asheville CedarRapids
Huntsville McAllen Huntsville
Abilene GrandRapids
BelAir BelAir
Aurora Aurora Bakersfield
Bradenton Bradenton SaintPaul
RichmondCounty RichmondCounty
SantaCruz SantaCruz
Modesto Modesto
NewYorkCity NewYorkCity
Winston Tampa Memphis
Monroe Monroe
Springdale Springdale
Hayward SantaClara
Newark Newark
Bloomington Bloomington
York NewBedford York
Waco Waco
Waterloo Waterloo
Hampton Hampton
