AndyandZeyu g8 f8 j8 AndyandZeyu f3 j3 g3 h3 AndyandZeyu f0 i0 AndyandZeyu0 j0 AndyandZeyu f4 i4 h4 g4 AndyandZeyu g1 h1 i1 b1 j1 AndyandZeyu i7 g7 h7 b7 f7 AndyandZeyu e5 h5 j4 f5 i5 AndyandZeyu j2 f2 h2 i2 c2 g2 AndyandZeyu f j i h AndyandZeyu f6 g6 h6 AndyandZeyu
42
f f
j g j
h h
i i
f0 f0 h0
AndyandZeyu0 g0
i0 i0
j0 j0
b1 f1
g1 g1
h1 h1
i1 i1
j1 j1
f2 f2
g2 g2
h2 h2
i2 i2
j2 j2
f3 f3
g3 g3 i3
h3 h3
j3 j3
f4 f4
g4 g4
h4 h4
i4 i4
j4 j4
f5 f5
e5 g5
h5 h5
i5 i5
g6 j5 g6
f6 f6
h6 h6
AndyandZeyu i6 i8
i7 j6 i7
f7 f7
g7 g7
h7 h7
j8 j7 j8
f8 f8 h8
g8 g8
