1efe0a 390b11 70d79e 76bb8e de59c9 c845ed b9fcab 518f91 918288 98b7f9 d4f94d fc6ab6 ef9cce 1c3716 525361 e758e6 526e97 940b78 20ec85 9e3235 ab6081 22f6f5 9fb27b 83454a a3ccd4 d1ae8e 444f08 c0df7c e17800 ff448b aeb965 75b2ff bb4650 6d8fd3 909532 5b1cb0 640320 bf356c 1aedf0 6d606b f97d08 a8c421 57a125 d36b6f 9b8a2b 770b7a 1efe0a
40
ab6081 ab6081 bf7494
22f6f5 22f6f5
1efe0a 8035d3
75b2ff 75b2ff ccf3af
1aedf0 1aedf0 363906
a3ccd4 a3ccd4
bf356c bf356c
e758e6 e758e6
6d606b efb6f6 6d606b
640320 bd00fb 3c1987 640320
9e3235 9e3235
76bb8e 76bb8e
390b11 390b11
a8c421 444533
940b78 940b78
909532 909532
d4f94d d4f94d
1c3716 1c3716 ae5d4a
e17800 e17800
c0df7c c0df7c
20ec85 20ec85
ff448b 22b74c e99176 ff448b
525361 525361
de59c9 de59c9
6d8fd3 6d8fd3
bb4650 bb4650
9b8a2b a4f7ab
98b7f9 98b7f9
ef9cce ef9cce
b9fcab b9fcab
770b7a 194181 770b7a
518f91 518f91
444f08 444f08
d1ae8e d1ae8e
d36b6f d36b6f
83454a 83454a
f97d08 8903f8
c845ed c845ed
5b1cb0 5b1cb0
fc6ab6 fc6ab6
