7f5b7c 1aa96e a40dde a1b647 e0f7dc 18ff59 536b21 19246a 99ac94 ef8230 852215 d5f5c5 293f59 32669e 86af3a a670a6 f5615a e60044 358d70 e8c504 ff603d b535fa fece60 98bf31 a85abe 6ced94 541622 3292c4 a51200 e8c504 e52589 36cc15 d12aea 4eb2aa ce509a 9c5717 3df71a 2b057c 70482f b04992 e78120 f88a12 853e4b 9fdbc5 4749d0 a08830 3b9bcd 8c6c80 a314be 3fc5b0 957ec9 2e6ab4 a6d0cb 4459c3 2193d2 3dc79c 626470 d83335 e0f00d e2665a bc8350 1c61d3 1e408a 974c48 97fa28 f4756e 2f9755 4e5c32 dd5707 14c5c6 d597c1 578691 dfba28 2c8bdc d9abe3 d9351e a21b15 b9c2f4 6d23c4 cf04cd 645a0c 4c44ba a3eeb9 7f5b7c
82
32669e 32669e
a85abe a85abe
6ced94 b2fa06 6ced94
358d70 358d70 e45544
853e4b 853e4b
e8c504 e8c504 9b10ed
9fdbc5 9fdbc5
a3eeb9 a3eeb9
ef8230 ef8230
4c44ba 4c44ba
4749d0 20427f 4749d0
2193d2 2193d2
dfba28 89bc09 dfba28 fd25f7
3dc79c 3dc79c
1e408a 1e408a
536b21 536b21
541622 541622
2c8bdc 2c8bdc
7f5b7c 7f5b7c 2ffab6
a40dde 73dd80 a40dde
f4756e f4756e
36cc15 36cc15
d9351e d9351e
97fa28 97fa28
f88a12 f88a12
a314be a314be
99ac94 99ac94
e0f7dc 10f84c e0f7dc
626470 626470
1c61d3 1c61d3
4e5c32 4e5c32
9c5717 9c5717
d597c1 d597c1
3292c4 3292c4
cf04cd cf04cd
bc8350 bc8350
e0f00d e0f00d
e78120 e78120
a670a6 a670a6
2f9755 2f9755
dd5707 dd5707
a6d0cb a6d0cb
b9c2f4 b9c2f4 f742a0
8c6c80 8c6c80
293f59 293f59
86af3a 86af3a
d9abe3 d9abe3 a3eab6
4459c3 4459c3
18ff59 18ff59
957ec9 957ec9
b04992 b04992 537a83 73865c
578691 578691
a51200 a51200
ff603d ff603d
6d23c4 6d23c4 4188fa
f5615a f5615a
d5f5c5 d5f5c5
ce509a 11021c ce509a
1aa96e 1aa96e f045e7
2e6ab4 2e6ab4
3df71a 3df71a
e52589 e52589
d83335 d83335
4eb2aa 4eb2aa
e2665a e2665a
fece60 fece60
d12aea d12aea 6281fb
3b9bcd 3b9bcd
e60044 e60044
a1b647 a1b647 22ad29
3fc5b0 3fc5b0
98bf31 98bf31
645a0c 645a0c
14c5c6 14c5c6
2b057c 2b057c
a08830 a08830
70482f 70482f
b535fa b535fa
19246a 19246a
974c48 974c48
a21b15 a21b15
852215 852215
