0 1 19 21 32 44 45 51 52 54 52 62 63 64 65 73 75 88 89 104 90 88 74 73 72 71 70 62 52 51 43 42 32 20 19 1 0 199 191 189 174 173 157 156 150 149 148 147 139 137 130 129 128 125 124 123 122 121 112 121 126 127 128 129 130 137 138 147 151 152 153 154 155 156 157 173 174 189 190 199 0
29
1 2 7 17 4 15
21 23 30
20 25
32 33
51 40 48
42 42
44 44
54 53 54
52 56
64 64
62 67
72 72
74 76 83
75 86 87
89 91 94 101
90 99
104 105 108
112 114 120
124 124
127 127
130 130
137 136
139 142 146
148 148
154 154
157 172 168 158 163
174 182 186 178 176
190 192 194
191 198
