MHnVCXOJJwOI UvfnFwkwYqFk NmmqQKqzdERM MlFqcqjWiUdI ilCjMogPnNTK YbGvPudTcbyh bVDkAfQbeTmx crcFIKqbaYTC svpVoYHpEpjH FhVNapbaoZOZ phTlHtTwrYOU GoPPViXuIoMW oClepMbylsqk GLfJulJDWdHA SJPfUQrbAbqM jmWqilJNXyuV RWoTZCNhceUR NkzUoyRYPnbb cXYRsTNMJDHO SPoMbAzxrqrj KKNtdnAHmUpc AZrILCuGwbtV YfpLHnDpSXzc ltlOmMSvjmIL MHnVCXOJJwOI
23
SJPfUQrbAbqM SJPfUQrbAbqM
svpVoYHpEpjH svpVoYHpEpjH
GLfJulJDWdHA PCNGxUSnzrYJ GLfJulJDWdHA
GoPPViXuIoMW JCPkGQQBkgge GoPPViXuIoMW
AZrILCuGwbtV AZrILCuGwbtV
SPoMbAzxrqrj SPoMbAzxrqrj
KKNtdnAHmUpc KKNtdnAHmUpc
jmWqilJNXyuV jmWqilJNXyuV
MlFqcqjWiUdI MlFqcqjWiUdI
oClepMbylsqk oClepMbylsqk
phTlHtTwrYOU phTlHtTwrYOU
YfpLHnDpSXzc YfpLHnDpSXzc
NkzUoyRYPnbb NkzUoyRYPnbb
FhVNapbaoZOZ FhVNapbaoZOZ
bVDkAfQbeTmx bVDkAfQbeTmx
ilCjMogPnNTK ilCjMogPnNTK
crcFIKqbaYTC crcFIKqbaYTC
RWoTZCNhceUR RWoTZCNhceUR
NmmqQKqzdERM NmmqQKqzdERM
UvfnFwkwYqFk UvfnFwkwYqFk
YbGvPudTcbyh YbGvPudTcbyh
cXYRsTNMJDHO cXYRsTNMJDHO
ltlOmMSvjmIL ltlOmMSvjmIL
