MfdzFvsdGbvl AGbRQRBgaOdX MkUBuIisCVpZ mFYKjQfCsRtT QifLRRQkbeZy deJmWrylVSGK NlmuUUVQUbgI dDFWxTbuPymh EoEdLMroSPNp VyXrTLUcizAa dFUHctNjrywb MLnLJmQHwuOS PUcvIgREsriS ZjfLZjjegWJT TbekQRoKcInv RICmsRCgzRsB QHpWWcCYavdw IHnRSACwPeSd hLGIbMiwjPgd GKWfMfVZxbJi DFscNnuMhxUC BkcPMTugAswL mtRsLIzrlNLu ymJllvoAiAsf SojgLCNtJNvq FCrKCfVsEsBk pkzKsTORVYro buqjmAINqGzN UVLyMXgqTFaJ pQCFwcmaYfTN rrRAqFcoDYfk uFHfCerNFIme GuSSYBNHDbKE rVqgoVgUmLRB hCxjbMrSlUJQ plKUVNXwKfVb noaMakAlHdwq PvZWLvSzyZfH MOpktZzuQRCH jBrNTBMPxyQD SgyAcloZDNJV arcJTkwUqbUy axLiuEEXvnsQ VARFNCcqfgIc MfdzFvsdGbvl
44
MfdzFvsdGbvl BbyhqvohDUZK
ymJllvoAiAsf ymJllvoAiAsf AMizjBPjmCZd
ZjfLZjjegWJT ZjfLZjjegWJT
VARFNCcqfgIc VARFNCcqfgIc DvRTDyBMOCbT
QifLRRQkbeZy QifLRRQkbeZy tywOQDwDhjwZ
rVqgoVgUmLRB rVqgoVgUmLRB
noaMakAlHdwq noaMakAlHdwq
DFscNnuMhxUC DFscNnuMhxUC
dDFWxTbuPymh dDFWxTbuPymh PQTqeEtJjrHq
VyXrTLUcizAa VyXrTLUcizAa
rrRAqFcoDYfk rrRAqFcoDYfk
PvZWLvSzyZfH PvZWLvSzyZfH
MLnLJmQHwuOS MLnLJmQHwuOS
PUcvIgREsriS PUcvIgREsriS
TbekQRoKcInv TbekQRoKcInv
arcJTkwUqbUy arcJTkwUqbUy
hLGIbMiwjPgd hLGIbMiwjPgd
MkUBuIisCVpZ MkUBuIisCVpZ
uFHfCerNFIme uFHfCerNFIme GemeldahvdVv
hCxjbMrSlUJQ hCxjbMrSlUJQ
FCrKCfVsEsBk FCrKCfVsEsBk
mFYKjQfCsRtT mFYKjQfCsRtT
buqjmAINqGzN buqjmAINqGzN PnbamVANEguC
dFUHctNjrywb dFUHctNjrywb
GuSSYBNHDbKE GuSSYBNHDbKE
QHpWWcCYavdw QHpWWcCYavdw
RICmsRCgzRsB RICmsRCgzRsB
plKUVNXwKfVb plKUVNXwKfVb
jBrNTBMPxyQD jBrNTBMPxyQD
pQCFwcmaYfTN pQCFwcmaYfTN
axLiuEEXvnsQ axLiuEEXvnsQ
deJmWrylVSGK deJmWrylVSGK
GKWfMfVZxbJi GKWfMfVZxbJi
NlmuUUVQUbgI NlmuUUVQUbgI
mtRsLIzrlNLu mtRsLIzrlNLu
pkzKsTORVYro pkzKsTORVYro
MOpktZzuQRCH MOpktZzuQRCH
SgyAcloZDNJV SgyAcloZDNJV
AGbRQRBgaOdX AGbRQRBgaOdX
SojgLCNtJNvq SojgLCNtJNvq
UVLyMXgqTFaJ UVLyMXgqTFaJ
BkcPMTugAswL BkcPMTugAswL
IHnRSACwPeSd IHnRSACwPeSd
EoEdLMroSPNp EoEdLMroSPNp
