IvOdahrtFwzZ zOkfhFVfOKVi AQgpWBullbIi qlMzHEurfTvO fblrDraNAUxK jXOmYlZmvqnI ybLCwZqVZKud QxNjgiXciQma yVSfaizVeLPT mgKEFEWheOqk qFGlIHDqKyPA OIjApACwnyqG DiKlonktcqTP EwXugPkGUVkm uzYTzVwixczQ WWtfhwMSzfGW gJMLzBkWmUoV YGzazHdyrGCd RGYiIUdVAiVL sTgUExIipvWV SKbQkQUhqQEt PFpQuVVRxbvV gkTmCiZxFrJw ubtvaUeVUfmV zypYDSZfKAvD IcNVObbuvzWY aXlcDzbXwAJW FkNlSGMBOUbz lRgeGnDJBtMa nyTRNDRCsANl cRekprdsHHWw quZcTYtpBjSn sFSBpaJxLpBT TZmWJenJbEsV YvLRANdegrdA qxhFFIUEfnzV ctZWqndwhbJm mvdksSctoMVi EKWhDcEeEkGK nschEYWjrAsr ypApeqMQPnQA TTwdgXpOLyxF TglqUXfjbefC dXlgwkdKhUmB EOKLHvbbCToE NxxrxPgsnMqG gXcuqckdTdIP evRMhyiHKGXv nKmMbiEuiffc jXgKDXnEJsra AoaIXEzdsCrm QFfSmYtuSTPl touUfboeiIya nxbMBCPhfQij yFQWQWtUUMle lznMKRYSMheH XwPJYwaGcHxO ZPYnROAizafx wHeDieHMYzAK JpwDMOwQmqOp yHOsEGOhjOLt oOIjuHJcVRiV nlzJUuBrsbXD xXoCKkdkKAne hLCSOZLNEdhX cQFNlImsTWTM wXjNgGRCXYRl UGahWpWtmUQn QDhUZstsJKtV cpNycWVdmzHJ mZUBOQTZyXOM vkOqMvrCUWYf PKHkuTHeRXhO WRiugWLCujBI WsLfQLsirtHk fiHhqLtPfdZy tARvBeqQDqSY HEwqlaeMfSzl JNoAmCxHcsYw QZQElPdcHxru NMSHhfMtAJZb LNoKVqXhLEzn WHSGrQQrrotE WnABnktZDxMx KtoZVrQmJWki zCWezcJmUGqs IvOdahrtFwzZ
86
qxhFFIUEfnzV qxhFFIUEfnzV
jXOmYlZmvqnI jXOmYlZmvqnI
touUfboeiIya touUfboeiIya
fiHhqLtPfdZy fiHhqLtPfdZy aSpDrTbKBytW
zypYDSZfKAvD zypYDSZfKAvD
UGahWpWtmUQn UGahWpWtmUQn
PFpQuVVRxbvV PFpQuVVRxbvV
WsLfQLsirtHk WsLfQLsirtHk
WRiugWLCujBI WRiugWLCujBI
ybLCwZqVZKud ybLCwZqVZKud
RGYiIUdVAiVL RGYiIUdVAiVL pjemGRILnFei
NxxrxPgsnMqG NxxrxPgsnMqG hPSXtHMMyKAK
vkOqMvrCUWYf vkOqMvrCUWYf
PKHkuTHeRXhO PKHkuTHeRXhO
mvdksSctoMVi ppfBOAvWYXyJ mvdksSctoMVi
cQFNlImsTWTM cQFNlImsTWTM
ubtvaUeVUfmV ubtvaUeVUfmV
QDhUZstsJKtV QDhUZstsJKtV
yHOsEGOhjOLt IQvKLYGCcCbd yHOsEGOhjOLt
nlzJUuBrsbXD nlzJUuBrsbXD
gkTmCiZxFrJw gkTmCiZxFrJw
zOkfhFVfOKVi zOkfhFVfOKVi UYTxhnOtiPHB
QFfSmYtuSTPl GvyjKkGcUdcI QFfSmYtuSTPl
TglqUXfjbefC TglqUXfjbefC
HEwqlaeMfSzl HEwqlaeMfSzl
EwXugPkGUVkm EwXugPkGUVkm
gXcuqckdTdIP gXcuqckdTdIP
XwPJYwaGcHxO XwPJYwaGcHxO
SKbQkQUhqQEt SKbQkQUhqQEt
IvOdahrtFwzZ WUqhotrexTBp
WHSGrQQrrotE WHSGrQQrrotE
TZmWJenJbEsV TZmWJenJbEsV
evRMhyiHKGXv evRMhyiHKGXv
lznMKRYSMheH lznMKRYSMheH
qlMzHEurfTvO zcAOlsVDUDkc qlMzHEurfTvO
YGzazHdyrGCd IfTQNEFsiTgr YGzazHdyrGCd
wHeDieHMYzAK oKIKkmsSWzmH wHeDieHMYzAK
nschEYWjrAsr nschEYWjrAsr
sFSBpaJxLpBT sFSBpaJxLpBT
yVSfaizVeLPT RQBxIsRWzmfl yVSfaizVeLPT
jXgKDXnEJsra jXgKDXnEJsra
xXoCKkdkKAne xXoCKkdkKAne
lRgeGnDJBtMa lRgeGnDJBtMa
qFGlIHDqKyPA qFGlIHDqKyPA
fblrDraNAUxK fblrDraNAUxK
WnABnktZDxMx WnABnktZDxMx
AoaIXEzdsCrm AoaIXEzdsCrm
EOKLHvbbCToE EOKLHvbbCToE
cpNycWVdmzHJ cpNycWVdmzHJ
aXlcDzbXwAJW ocysUjOwnenm AhJBAeSEuUkL aXlcDzbXwAJW
nKmMbiEuiffc nKmMbiEuiffc
ctZWqndwhbJm ctZWqndwhbJm
TTwdgXpOLyxF TTwdgXpOLyxF
ypApeqMQPnQA ypApeqMQPnQA
NMSHhfMtAJZb NMSHhfMtAJZb
hLCSOZLNEdhX hLCSOZLNEdhX
JpwDMOwQmqOp JpwDMOwQmqOp
gJMLzBkWmUoV gJMLzBkWmUoV
wXjNgGRCXYRl wXjNgGRCXYRl
WWtfhwMSzfGW HVwGkspnDHbf WWtfhwMSzfGW
sTgUExIipvWV sTgUExIipvWV
mgKEFEWheOqk mgKEFEWheOqk
IcNVObbuvzWY IcNVObbuvzWY
QxNjgiXciQma QxNjgiXciQma
uzYTzVwixczQ uzYTzVwixczQ
quZcTYtpBjSn quZcTYtpBjSn
zCWezcJmUGqs zCWezcJmUGqs
YvLRANdegrdA YvLRANdegrdA
nyTRNDRCsANl nyTRNDRCsANl
KtoZVrQmJWki KtoZVrQmJWki
LNoKVqXhLEzn LNoKVqXhLEzn
ZPYnROAizafx ZPYnROAizafx
AQgpWBullbIi AQgpWBullbIi
tARvBeqQDqSY tARvBeqQDqSY
EKWhDcEeEkGK EKWhDcEeEkGK
yFQWQWtUUMle yFQWQWtUUMle
JNoAmCxHcsYw JNoAmCxHcsYw
oOIjuHJcVRiV oOIjuHJcVRiV
mZUBOQTZyXOM mZUBOQTZyXOM
cRekprdsHHWw cRekprdsHHWw
FkNlSGMBOUbz FkNlSGMBOUbz
dXlgwkdKhUmB dXlgwkdKhUmB
OIjApACwnyqG OIjApACwnyqG
nxbMBCPhfQij nxbMBCPhfQij
QZQElPdcHxru QZQElPdcHxru
DiKlonktcqTP DiKlonktcqTP
