loc0 loc116 loc17 loc108 loc53 loc39 loc11 loc123 loc57 loc38 loc189 loc31 loc13 loc154 loc9 loc4 loc188 loc8 loc117 loc43 loc89 loc94 loc3 loc7 loc141 loc90 loc153 loc195 loc28 loc5 loc34 loc62 loc97 loc61 loc197 loc18 loc143 loc51 loc33 loc1 loc84 loc15 loc26 loc170 loc100 loc16 loc182 loc75 loc148 loc179 loc145 loc115 loc176 loc103 loc186 loc67 loc63 loc68 loc184 loc198 loc110 loc96 loc105 loc122 loc52 loc161 loc181 loc24 loc2 loc64 loc107 loc82 loc79 loc41 loc169 loc0
75
loc53 loc23 loc53
loc3 loc3
loc189 loc189
loc61 loc61
loc184 loc184
loc0 loc78 loc171 loc126 loc178 loc158 loc40 loc187 loc59 loc155 loc93 loc142 loc119 loc133
loc122 loc122
loc33 loc33
loc79 loc79
loc108 loc108 loc49
loc141 loc141
loc96 loc96
loc197 loc197
loc182 loc182
loc107 loc107
loc31 loc31
loc116 loc190 loc109 loc116 loc112
loc57 loc135 loc25 loc57
loc11 loc160 loc11 loc159 loc20
loc188 loc188
loc90 loc90
loc115 loc115
loc41 loc41
loc4 loc4
loc176 loc176
loc117 loc117
loc198 loc198
loc84 loc84
loc148 loc148
loc161 loc161
loc195 loc195
loc170 loc170
loc17 loc152 loc17 loc95 loc55
loc9 loc9
loc68 loc68
loc34 loc34
loc123 loc123
loc105 loc105
loc110 loc110
loc43 loc43
loc28 loc28
loc51 loc51
loc18 loc18
loc15 loc15
loc52 loc52
loc63 loc63
loc1 loc1
loc179 loc179
loc26 loc26
loc186 loc186
loc5 loc5
loc39 loc39
loc97 loc97
loc62 loc62
loc169 loc169
loc82 loc82
loc143 loc143
loc100 loc100
loc154 loc154
loc75 loc75
loc103 loc103
loc38 loc38
loc16 loc16
loc8 loc8
loc64 loc64
loc153 loc153
loc89 loc89
loc24 loc24
loc2 loc2
loc181 loc181
loc145 loc145
loc7 loc7
loc13 loc13
loc67 loc67
loc94 loc94
