loc0 loc97 loc63 loc3 loc80 loc54 loc67 loc77 loc48 loc75 loc94 loc24 loc31 loc16 loc18 loc28 loc42 loc37 loc68 loc8 loc62 loc64 loc51 loc96 loc22 loc33 loc13 loc6 loc58 loc30 loc46 loc73 loc72 loc17 loc65 loc7 loc5 loc34 loc86 loc85 loc0
40
loc22 loc22
loc94 loc94
loc77 loc77
loc97 loc97 loc90 loc10
loc24 loc24
loc64 loc64
loc63 loc63 loc53
loc33 loc33
loc80 loc27 loc80
loc42 loc42
loc6 loc6
loc58 loc58
loc68 loc68
loc7 loc7
loc31 loc31
loc18 loc18
loc86 loc86
loc16 loc16
loc37 loc37
loc28 loc28
loc85 loc85
loc75 loc75
loc67 loc67
loc3 loc3
loc65 loc65
loc72 loc72
loc73 loc73
loc54 loc54
loc17 loc17
loc46 loc46
loc0 loc36
loc8 loc8
loc30 loc30
loc51 loc51
loc34 loc34
loc48 loc48
loc13 loc13
loc5 loc5
loc96 loc96
loc62 loc62
