0 65 111 27 187 140 178 67 151 10 130 179 188 7 173 96 1 51 79 51 141 50 166 108 94 138 184 12 62 17 87 101 68 135 60 44 15 97 11 129 72 52 132 61 123 95 5 18 171 89 106 56 161 42 98 6 144 155 22 168 38 189 162 197 23 13 160 66 176 142 59 73 9 156 49 124 121 24 93 71 21 0
70
173 173
124 124
141 164 104 141
79 79 196 102
6 6
60 80 110 60
1 1
135 135
179 179 163
18 18 25
42 35 42
160 160
106 193
50 50 83
129 129
65 147
140 140
171 171
61 26 61
38 150 38
10 119 10
12 91 12
108 108
123 123
138 138
21 21
96 96
9 152 9
101 101
73 73 198
87 87 157
166 158
111 111 194
22 22
178 178
142 142 40
67 31 67
156 156
161 161
130 145 130
168 168
184 184 75
95 95 30
162 162 109
56 56
72 16
5 5
17 17 172
59 59
187 187
27 27 39
151 36 34 151
189 189
71 71
68 68
89 89
52 122
11 136 11
66 55 66
24 24
132 118
97 105
49 49
155 155
23 23
7 7
93 93
144 144
15 15
62 62
