Soda a0 c5 e3 b2 e5 b1 e7 e6 e5 b2 c5 a0 Soda A G N G A E Q E A Soda a e p af ag o n d a Soda C9 D5 D7 C3 E1 D4 C2 Soda C9 A7 C10 D9 D1 B8 A7 C9 Soda A5 A9 B7 B5 C1 D3 D6 A5 Soda A B H AB S B A Soda a i x u v ao ap y j aa z aa j i a b k l k ab k b a h ak t al s g a Soda a0 c9 a7 c10 d9 d1 b8 a7 a1 d5 d7 c3 e1 d4 c2 a0 Soda A F A C J I C A Soda C5 B2 E5 B1 E7 E6 B3 C7 B2 E3 C4 Soda a0 a5 a9 b7 b5 c1 d3 d6 a5 a0 Soda A D K T AI K D A Soda
73
A7 A1 A7
B5 A3 B5
A5 A5
A9 A9
B1 B1
B3 B3
B7 B7
D9 B9 D9
C1 C1
C3 C3
C5 C5
C7 C7
C9 C9
D1 D1
D3 D3
D5 D5
D7 D7
E1 E1
E3 E3
E5 E5
E7 E7
AB AB
N AP N
H H
J J
I AF
AI AS AU AW
T T
E P
Q AG Q
F AC AO
b b
d d
g f
h h
j j
l l ad ax
n n
p p
ak r aj
t t
v v
x x
z z ar
ab ab av
af af
ag ah
al al
u an
ap ap
aa at
a1 a1
b5 a3 b5
a5 a5
a7 a7
a9 a9
b1 b1
e6 b3
b7 b7
d9 b9 d9
c1 c1
c3 c3
c5 c5
b2 c7
c9 c9
d1 d1
d3 d3
d5 d5
d7 d7
e1 e1
e3 e3
e5 e5
e7 e7
