a0 a101 a46 a99 a148 a195 a178 a49 a69 a130 a67 a45 a76 a32 a120 a140 a163 a16 a111 a149 a50 a83 a112 a123 a173 a7 a51 a127 a154 a77 a131 a31 a142 a145 a158 a180 a93 a100 a144 a134 a159 a56 a119 a168 a84 a153 a59 a3 a21 a41 a8 a94 a28 a177 a97 a189 a29 a175 a87 a96 a164 a38 a78 a58 a63 a105 a125 a27 a44 a25 a192 a157 a17 a186 a11 a161 a121 a82 a53 a104 a98 a165 a103 a37 a108 a6 a79 a95 a72 a42 a33 a129 a68 a0
75
a131 a131
a178 a178
a82 a82 a22
a17 a172 a17
a157 a157
a154 a154
a0 a10
a27 a27 a155
a46 a107 a46
a165 a165 a75
a98 a160 a98
a87 a87
a161 a57 a161 a198
a45 a45
a158 a158
a29 a29
a11 a60 a11
a177 a177
a7 a7 a88
a56 a124 a56
a78 a78
a59 a59 a102
a83 a83 a133
a3 a3
a21 a21 a135
a168 a168
a145 a145
a79 a79
a173 a173
a31 a31
a42 a42
a96 a96
a93 a93
a44 a44
a99 a99
a58 a58 a85
a25 a25
a192 a192 a126
a130 a130
a72 a14
a94 a43 a94
a28 a151 a28
a16 a16
a53 a53
a49 a49
a180 a180
a163 a163
a104 a104
a120 a80 a120
a175 a175
a41 a156 a41
a149 a149
a103 a138 a103 a185
a33 a196 a33 a183
a134 a134
a38 a38
a186 a186
a153 a153 a55
a121 a121
a142 a142
a195 a195
a159 a159
a32 a32
a63 a63
a50 a50
a129 a129
a77 a77
a6 a6
a144 a144
a140 a140
a108 a108
a8 a8
a37 a37
a68 a68
a101 a101
