SabrinaSiriPrince50 aHwNY UBrR9 52PwN H8qqB 0kSSC Ms6jj plb6L UBrR9 aHwNY M7N2p X8iWp duKKu 11x30 WcEcU EZqNK OSLHQ 11x30 YgbLl Wutnl 5X0EW vmJdf YgbLl duKKu cRUJh DrLs7 4MOkB 9HL6t DrLs7 SVxWg nbohZ d2ZYh SVxWg cRUJh X8iWp SabrinaSiriPrince50
18
aHwNY aHwNY
M7N2p V7iEC Bjd2k cwf5o nMJpi nannc rFWcq i3qsm
UBrR9 UBrR9
52PwN 52PwN
H8qqB H8qqB
0kSSC 0kSSC
Ms6jj Ms6jj
plb6L plb6L
EZqNK EZqNK
OSLHQ OSLHQ
WcEcU WcEcU
5X0EW 5X0EW
vmJdf vmJdf
Wutnl Wutnl
9HL6t 9HL6t yJVF4
4MOkB 4MOkB
nbohZ nbohZ
d2ZYh d2ZYh
