1 9 71 149 95 13 19 55 101 87 7 141 33 143 15 47 147 39 31 145 67 139 25 11 105 17 129 21 77 37 69 45 49 115 29 111 107 73 53 61 89 3 137 65 5 109 1
46
1 1 23 59 93 113 125 131
3 3
5 5
7 7
9 9 27 51 57 83 123 127 133 135
11 11
13 13 81 85 103
15 15
17 17
19 19 79
21 21
25 25
29 29
31 31
33 33
71 35 63 71 97 99
37 37
39 39
95 41 75 91 95 121
149 43 117 149
45 45
47 47
49 49
53 53
55 55
61 61
65 65
67 67
69 69
73 73
77 77
87 87
89 89
101 101 119
105 105
107 107
109 109
111 111
115 115
129 129
137 137
139 139
141 141
143 143
145 145
147 147
