Jason Claire Mario Garrett Kelsey Shane Tristan Joshua Kyle David Brittany Evan Kimberly Roy Nathaniel Heather Tammy Kara Adam Joseph Sabrina Jose William Cristian Logan Jill Brett Rebecca Kristen Timothy Miranda Mercedes Shawn Kathy Ashley Derek Ricky Jeffery Jordan Stephen Elizabeth Brian Gabriel Brad Robin April Shannon Susan Monica Rachel Edwin Mary Jane Dana James Johnathan Megan Adrian Rebekah Carlos Alexandra Randy Melinda Dustin Michelle Paul Scott Grace Jeffrey Robert Karen Lauren Samantha Katelyn Jennifer Ronnie Stacie Amanda Regina Kayla John Carrie Juan Tommy Nicholas Jason
84
Derek Derek
Nathaniel Nathaniel
Heather Heather
Gabriel Gabriel
Adam Adam
Jill Misty Jill
Shannon Shannon
Samantha Samantha
Katelyn Katelyn
Adrian Adrian
John John
Randy Nicole Randy
Brad Brad
Claire Claire
David David
Lauren Lauren
Joshua Joshua Cheryl
Mario Mario
Roy Roy Gregory
Kara Kara
Johnathan Johnathan
Dana Dana
Cristian Cristian
Ricky Ricky
Tristan Tristan
Paul Paul
Carlos Laura Kari
Stacie Stacie
Jose Jose
Ashley Melissa Wendy Ashley
Evan Evan
Amanda Carol Amanda
Carrie Carrie
Brian Brian
Rachel Andrew Rachel
Jeffery Jeffery Charles
Robert Robert
Regina Mark Regina Christina
Kelsey Kelsey
Garrett Wayne
Megan Megan Bryan
Jeffrey Jeffrey
Shane Shane Dylan
Timothy Timothy
Joseph Joseph
Monica Crystal Monica
William William
Mary Mary
Rebekah Rebekah
Shawn Shawn
Dustin Dustin
Kimberly Jacqueline Kimberly
Logan Logan
Rebecca Rebecca
Scott Scott
Mercedes Mercedes
Kayla Kayla
Edwin Edwin
Michelle Michelle
Stephen Stephen
Kristen Kristen
Brett Brett
Karen Karen
Ronnie Ronnie
Sabrina Sabrina
Elizabeth Elizabeth
Tommy Tommy
James James
Juan Juan
Brittany Brittany
Kathy Kathy
Susan Susan
Jane Jane
Alexandra Alexandra
Grace Grace
April April
Nicholas Nicholas
Jennifer Jennifer
Jason Jeremy
Kyle Kyle
Tammy Tammy
Jordan Jordan
Melinda Melinda
Robin Robin
