Austin Sara April Alex Amy Scott Kyle Elaine Jamie Joshua Steven Dennis Garrett Walter Jennifer Jeanette Gina Michael Edward Juan Jonathan Daniel Debra John Hannah Sean Natasha Ashley Mariah Elizabeth Melissa Eugene Ralph Kari Rhonda Rachel Donald Patrick Danielle Robin Monique Robert Jordan Glenda Janet Melinda Victoria Austin
46
Victoria Victoria
John John
Debra Debra
Hannah Hannah Maxwell
Elaine Elaine
Mariah Mariah
Eugene Eugene
Patrick Patrick
Joshua Joshua
Natasha Natasha
Walter Walter
Sara Sara
Gina Gina
Scott Paul Scott
Daniel Daniel
Melissa Melissa
Kari Kari
Edward Edward
Jamie Jamie
Michael Paige Michael
Robert Robert Cassandra
Donald Donald
Janet Janet
Glenda Glenda
Amy Amy
Steven Steven
Dennis Dennis
Danielle Danielle
Elizabeth Elizabeth
Sean Sean
Juan Juan
Rhonda Rhonda
Ralph Ralph
Garrett Garrett
Monique Monique
Alex Alex
Jonathan Jonathan
April April
Jennifer Jennifer
Kyle Kyle
Ashley Ashley
Jordan Jordan
Melinda Melinda
Rachel Rachel
Robin Robin
Jeanette Jeanette
