Florges Bergmite Togetic Bewear Snorlax Celesteela Dusknoir Kricketot Genesect Dialga Pichu Cofagrigus Persian Furfrou Bayleef Bisharp Pidgey Cherrim Toxapex Tsareena Weepinbell Doublade Hitmonlee Celebi Moltres Gastrodon Shaymin Regice Zubat Manectric Bidoof Machoke Timburr Infernape Lillipup Hakamoo Buzzwole Volbeat Flaaffy Palkia Girafarig Serperior Poliwag Purrloin Delibird Wailmer Poliwrath Zapdos Caterpie Stufful Florges
42
Cherrim Cherrim
Zapdos Zapdos
Zubat Zubat
Delibird Delibird Cascoon
Toxapex Ralts
Togetic Togetic
Manectric Manectric
Lillipup Lillipup
Dialga Dialga
Dusknoir Dusknoir
Persian Persian
Weepinbell Weepinbell
Volbeat Volbeat
Doublade Carracosta Aurorus
Shaymin Shaymin
Caterpie Tentacruel
Moltres Moltres
Hitmonlee Yanmega Hitmonlee
Wailmer Wailmer Wormadam Primarina
Bidoof Piloswine Bidoof
Purrloin Purrloin
Gastrodon Gastrodon
Timburr Timburr
Poliwag Poliwag
Machoke Machoke
Poliwrath Poliwrath
Pidgey Sentret Scolipede
Bayleef Bayleef
Regice Regice
Buzzwole Buzzwole
Celesteela Celesteela
Infernape Infernape Bouffalant
Kricketot Kricketot
Hakamoo Hakamoo
Flaaffy Omastar
Girafarig Girafarig
Pichu Pichu
Bergmite Bergmite
Bisharp Bisharp
Celebi Celebi
Tsareena Tsareena
Stufful Stufful
