Granbull PorygonZ Grumpig PorygonZ Electrode Flygon Rufflet Quilava Whiscash Greninja Mudsdale Greninja Tsareena Greninja Whiscash Rockruff Ninjask Slakoth Chatot Happiny Machamp Remoraid Lileep Absol Swanna Unown Relicanth Floatzel Parasect Electrike Dustox Staryu Deoxys Serperior Binacle Exeggcute Torracat Lapras Jolteon Metagross Carbink Bronzor Mightyena Tyrunt Charizard Glalie Mimikyu Beedrill Butterfree Cubone Fletchling Probopass Malamar Bergmite Serperior Heatmor Cinccino Eelektross Ampharos Trumbeak Mawile Lycanroc Raichu Arbok Spiritomb Spearow Metang Magmar Bagon Altaria Sylveon Rufflet Lampent Heatran Golbat Manaphy Arbok Metapod Chespin Cascoon Krookodile Azurill Crawdaunt Cosmog Chinchou Lombre Diggersby Darkrai Mantine Heliolisk Furret Reuniclus Bulbasaur Granbull
77
Tsareena Tsareena Feraligatr
Absol Absol Hitmontop
Unown Unown
Bronzor Roserade Bronzor
Dustox Dustox
Heatran Heatran
Butterfree Butterfree
Ampharos Ampharos
Spiritomb Spiritomb
Parasect Torchic
Cosmog Cosmog
Arbok Arbok
Cascoon Cascoon
Torracat Torracat
Chinchou Chinchou Typhlosion
Crawdaunt Crawdaunt
Slakoth Slakoth
Mimikyu Mimikyu
Happiny Happiny Magmortar
Quilava Quilava Crabominable Skitty
Lombre Kangaskhan
Rockruff Rockruff
Sylveon Bonsly Sylveon
Grumpig Grumpig Budew
Mawile Spinda Mawile
Cinccino Cinccino
Beedrill Beedrill Floette
Lampent Lampent
Greninja Greninja Torkoal
Malamar Malamar
Jolteon Buizel Jolteon
Mantine Mantine Carnivine
Charizard Charizard
Manaphy Gliscor
Binacle Binacle
Raichu Raichu
Relicanth Relicanth
Cubone Cubone TypeNull
Krookodile Krookodile Corphish
Heatmor Heatmor
Swanna Swanna
Diggersby Diggersby
Whiscash Whiscash
Metagross Metagross
Furret Whimsicott
Lycanroc Lycanroc Luvdisc
Mightyena Mightyena
Heliolisk Jirachi
Mudsdale Mudsdale Pidgeot Vivillon
Darkrai Darkrai
Reuniclus Reuniclus
Remoraid Remoraid
Magmar Magmar Blissey
Rufflet Rufflet
Carbink Reshiram Infernape Carbink
Machamp Machamp
Bagon Charmander
Electrode Electrode
Serperior Serperior
Golbat Golbat
Trumbeak Trumbeak
Flygon Flygon
Bergmite Bergmite
Lileep Goomy Lileep
Metapod Metapod
Probopass Probopass
Lapras Lapras
Exeggcute Exeggcute
Electrike Electrike
Ninjask Ninjask
PorygonZ PorygonZ
Floatzel Floatzel
Glalie Glalie
Deoxys Deoxys
Chespin Chespin
Chatot Chatot
Staryu Nuzleaf
