Glameow Inkay Spheal Gigalith Buneary Glalie Throh Fomantis Poochyena Weedle Cacturne Leavanny Beheeyem Ledian Zygarde Ivysaur Spiritomb Bergmite Feebas Togepi Sigilyph Yanma Electivire Glameow
19
Electivire Electivire Archeops Furret
Spiritomb Spiritomb
Cacturne Wailord
Bergmite Gumshoos Bergmite
Ivysaur Spinarak Meganium
Ledian Ledian
Buneary Buneary
Glalie Glalie
Zygarde Zygarde
Togepi Togepi
Poochyena Piplup
Fomantis Mudbray
Yanma Yanma
Spheal Spheal Gothorita
Glameow Loudred
Gigalith Gigalith
Beheeyem Golett Beheeyem
Inkay Inkay
Leavanny Leavanny
