0 143 83 75 130 174 197 157 177 73 131 16 17 16 98 149 63 79 94 109 176 117 160 6 153 55 11 171 144 152 181 72 97 59 116 125 36 128 5 26 9 141 155 42 155 140 70 45 34 12 198 187 92 185 113 121 102 166 122 7 67 7 123 53 139 2 196 31 138 180 87 183 66 68 126 20 156 179 103 114 65 80 0
71
140 140
131 131
42 62 42 40
176 176
80 80
2 111
180 180 69
9 9 88
67 67 13
144 144 74
31 31
11 11 134
109 109
122 162 122 35
138 50 138
126 126
83 83 91
117 117 168
97 97
0 52
121 23 121
166 166
92 10
103 27 184 103
128 128
59 59 147
36 82 36
16 16
141 4 30
6 195
197 199 197
45 137 45 19
113 136
171 171
66 66
116 116
143 143
65 145
98 98 106
160 160
114 114 85
177 177
139 139
17 46 151 17
87 87
70 70
179 179
181 181
73 189
153 105
157 157
174 84 174
102 102
183 183
152 152
72 72
196 196
63 81 63
34 34
187 108
149 48 149
185 185
53 53
130 130
55 55
20 20
125 125
198 76 198
75 75
156 156
26 26
