node26 node70 node72 node32 node4 node27 node13 node78 node48 node85 node14 node64 node95 node66 node0 node41 node91 node16 node46 node8 node14 node59 node1 node39 node49 node6 node67 node51 node84 node99 node3 node44 node60 node55 node79 node2 node9 node63 node10 node26
34
node39 node39
node6 node6
node64 node64
node67 node67
node70 node70 node75
node95 node95
node79 node79
node59 node59
node2 node2
node84 node84
node14 node14
node99 node99
node4 node4 node47
node48 node48
node41 node41
node78 node78 node71
node51 node51
node66 node66
node91 node91
node32 node36 node37 node32
node13 node13
node85 node85
node27 node27
node8 node8
node72 node72 node45
node49 node49
node63 node63
node60 node60
node46 node46
node55 node55
node3 node3
node9 node9
node26 node20
node44 node44
