node142 node20 node34 node112 node78 node40 node66 node24 node45 node26 node56 node185 node148 node196 node27 node50 node160 node199 node111 node130 node151 node103 node125 node65 node62 node87 node123 node152 node170 node18 node6 node80 node144 node5 node169 node122 node121 node23 node93 node127 node91 node124 node88 node47 node143 node53 node162 node166 node136 node10 node77 node60 node11 node183 node102 node92 node17 node69 node2 node119 node142
60
node103 node103
node148 node148 node39
node78 node78 node86 node135 node70 node94
node65 node65
node5 node5
node111 node111
node47 node47
node143 node143
node88 node88
node80 node80
node199 node199
node34 node34 node154
node112 node182 node112 node128
node45 node163 node45
node170 node170
node2 node2
node20 node20 node140 node81 node31 node108 node171
node17 node17
node142 node107 node177 node129 node164 node89
node62 node62
node144 node144
node50 node50
node169 node169
node162 node162
node124 node124
node183 node183
node10 node10
node92 node92
node122 node122
node18 node18
node40 node161 node99 node40
node166 node166
node60 node60
node196 node196
node56 node56
node23 node23
node53 node53
node11 node11
node93 node93
node77 node77
node160 node160
node123 node123
node152 node152
node121 node121
node66 node66
node27 node27
node102 node102
node69 node69
node26 node26
node91 node91
node136 node136
node185 node185
node87 node87
node6 node6
node125 node125
node151 node151
node24 node24
node127 node127
node119 node119
node130 node130
