1 16 160 32 163 100 45 196 100 68 55 127 86 100 8 30 170 84 124 195 100 29 93 49 119 117 43 131 76 80 175 44 100 22 0 100 59 121 157 100 129 89 186 100 57 35 26 100 193 99 97 100 164 177 151 142 100 27 50 88 19 100 125 182 100 54 159 199 158 21 141 100 171 180 100 174 191 60 134 100 115 101 100 183 155 137 100 1
70
174 174
100 189 192 136 74 31 105 3 82 38 113 83 188 153 24 12 28 138 77 178 15 56 148 10 36 25 18 194 172 111 63 150
1 1
177 177
119 119
86 86
76 76
54 54
45 45
127 127
157 157
89 89
80 80
141 141
183 183
117 117
131 131
155 155
21 21
125 125
49 49
164 164
68 68
195 195
159 159
186 186
29 29
163 163
160 160
115 115
59 59
0 0
93 93
124 124
57 57
84 84
27 27
134 134
43 43
19 19
50 50
16 16
121 121
175 175
88 88
30 30
60 60
44 44
26 26
129 129
97 97
55 55
182 182
99 99
8 8
199 199
158 158
142 142
22 22
137 137
101 101
191 191
32 32
35 35
171 171
151 151
193 193
180 180
170 170
196 196
