21 156 93 161 179 25 179 125 124 189 37 36 35 76 31 113 171 15 171 69 66 69 171 113 81 149 142 139 168 169 168 139 1 139 87 38 37 189 124 123 122 130 131 197 95 197 131 132 61 60 59 8 101 198 125 137 75 74 160 23 191 151 150 53 181 53 150 85 105 128 129 40 64 48 65 175 151 191 13 12 108 79 23 160 17 157 143 185 186 33 186 185 55 147 140 143 17 160 23 191 151 150 42 41 44 115 119 115 116 133 83 63 178 91 92 101 27 43 27 101 64 48 153 152 21
69
1 1 3
15 5 15
8 7 9
41 11 41
13 13
17 17 77
48 19
21 21
23 23
25 25 165
27 27
36 29 97
31 31
33 33 155
35 35
37 37
119 39 51 119 159
43 43 73
156 45
116 47
197 49 163 197
53 53
55 55
169 57 169
59 59
61 61
63 63 71
65 65
66 67 145
69 69
75 75
79 79
81 81
83 83
85 85 107
87 87
93 89 93
91 91
95 95 195
142 99
101 101 193
105 103 105 109
152 111
113 113 135
115 115
108 117 167
74 121
123 123
125 125
181 127 181
129 129
131 131
133 133
137 137
139 139
151 141 151
143 143
147 147
149 149
153 153 173
157 157
161 161
171 171 177 183
175 175
179 179
185 185
38 187
189 189
191 191
