74 72 80 76 73 75 169 164 161 165 167 166 168 170 169 118 116 119 113 120 111 118 21 23 25 24 30 28 21 63 70 68 61 66 62 69 63 182 18 13 16 11 18 132 136 135 140 131 139 132 38 39 36 35 37 31 38 121 122 121 192 197 198 199 191 192 87 89 82 88 83 85 87 102 46 50 41 46 2 8 6 2 151 157 153 156 159 151 58 54 53 55 58 172 174 180 179 178 171 172 98 141 146 148 141 75 77 72 74
79
148 148
89 86 89
50 50
77 77
146 146 142
135 135
41 47 41
167 167
55 52 55
82 81 82
54 54 57
25 25
98 96 99
31 31
199 199
191 191
156 156 160
28 28 26 29
197 197
116 116
179 179
6 6
11 11 14
122 126 122
139 137 139
161 161 163
39 39
69 69
192 192
131 131
30 30
121 128
37 37 32
151 151
76 76
165 165
113 113
166 166
80 80
111 111 114
182 185 189
13 13
8 8
178 178 175
2 2
136 136
118 118
102 104
172 172
62 62
164 164
73 73
70 70
16 19 16
58 58 59
85 85
36 36
68 68
23 23
168 168
174 174
83 83
180 180
141 145 141
88 88
61 61
153 153
38 38
35 35
46 46
157 157
53 53
119 119
74 74
169 169
198 198
66 66
140 140
75 75
