l7 l40 l67 l161 l200 l177 l130 l94 l128 l2 l122 l90 l169 l186 l20 l113 l162 l136 l142 l85 l102 l148 l24 l171 l181 l138 l61 l115 l163 l132 l143 l189 l72 l63 l147 l54 l114 l49 l184 l172 l92 l6 l35 l7
42
l147 l101 l110 l46
l102 l102
l20 l109 l20
l113 l113
l114 l114 l14
l115 l115 l127
l177 l116 l177
l61 l12 l83
l122 l122
l24 l124 l24
l128 l128
l130 l130 l168
l132 l132
l136 l136 l199
l138 l138
l169 l141 l169 l59
l142 l142
l148 l148 l155
l172 l15 l172
l67 l160 l27 l67
l161 l161
l162 l162
l163 l163
l171 l171
l186 l180 l186
l181 l181
l184 l184 l192 l25 l77
l189 l189
l2 l2 l33 l58
l200 l200
l63 l21 l63
l143 l26 l53
l35 l35
l72 l37 l44 l72
l40 l39 l40
l85 l41
l49 l49
l54 l54
l6 l6
l7 l7
l94 l74 l94
l90 l90
