L55 L152 L185 L22 L70 L31 L141 L76 L108 L7 L165 L74 L93 L67 L53 L132 L24 L43 L90 L170 L23 L105 L177 L115 L35 L42 L193 L160 L195 L45 L167 L37 L87 L117 L143 L127 L82 L16 L68 L99 L166 L112 L33 L131 L95 L182 L10 L6 L121 L30 L139 L133 L145 L8 L47 L96 L186 L102 L103 L190 L189 L144 L138 L36 L50 L129 L174 L41 L89 L34 L114 L134 L168 L119 L59 L20 L69 L56 L73 L38 L71 L104 L4 L101 L19 L0 L54 L15 L2 L199 L55
90
L167 L167
L82 L82
L195 L195
L129 L129
L160 L160
L59 L59
L34 L34
L30 L30
L177 L177
L101 L101
L182 L182
L132 L132
L87 L87
L152 L152 L94
L55 L196 L64 L142 L136 L178 L55 L159 L191
L93 L93
L117 L117
L189 L189
L41 L41
L190 L190
L144 L144
L115 L115
L143 L143
L138 L138
L37 L37
L73 L73
L103 L103
L127 L127
L45 L45
L141 L184 L141
L70 L70
L2 L2
L89 L89
L16 L16
L35 L35
L95 L95
L105 L105
L166 L166
L53 L53
L24 L24
L170 L170
L47 L47
L104 L104
L31 L31
L96 L96
L33 L33
L6 L6
L4 L4
L186 L186
L114 L114
L108 L108
L10 L10
L139 L139
L8 L8
L74 L74
L131 L131
L56 L56
L168 L168
L43 L43
L76 L76
L165 L165
L36 L36
L134 L134
L199 L199
L193 L193
L38 L38
L71 L71
L50 L50
L20 L20
L7 L7
L185 L158 L185
L42 L42
L99 L99
L15 L15
L90 L90
L67 L67
L69 L69
L102 L102
L145 L145
L68 L68
L19 L19
L133 L133
L0 L0
L119 L119
L174 L174
L23 L23
L22 L22
L54 L54
L121 L121
L112 L112
