L27 L49 L18 L94 L11 L35 L15 L12 L48 L1 L86 L6 L52 L0 L58 L87 L72 L61 L0 L20 L80 L2 L36 L0 L29 L1 L91 L50 L40 L76 L85 L77 L19 L38 L0 L95 L13 L22 L16 L3 L66 L83 L10 L31 L96 L63 L92 L33 L24 L84 L0 L97 L78 L27
47
L72 L72
L76 L76
L58 L58
L97 L97
L77 L77
L49 L49 L89
L92 L92
L35 L35
L86 L86
L40 L40
L80 L80
L18 L18
L84 L84
L27 L42 L5 L45
L16 L16
L29 L29
L87 L87
L15 L15
L85 L85
L96 L96
L19 L19
L3 L3
L0 L0
L13 L13
L66 L66
L83 L83
L94 L94
L52 L52
L48 L48
L63 L63
L10 L10
L95 L95
L38 L38
L24 L24
L36 L36
L6 L6
L91 L91
L50 L50
L12 L12
L61 L61
L78 L78
L1 L1
L22 L22
L31 L31
L11 L11
L33 L33
L20 L20
