Soda Guadeloupe China Antigua Guyana Algeria Belize Guam Botswana Bouvet Colombia Cocos Cambodia Czech Bermuda Fiji Central Aruba Australia Djibouti Cayman Finland Egypt Comoros Canada Soda
22
Algeria Denmark
Central Angola Central
Comoros Comoros
Botswana Botswana
Belize Belize
Antigua Antigua
Cocos Cocos
Cayman Cayman
Guadeloupe Guadeloupe
Guam Guam
Czech United Czech
Bouvet Bouvet
Colombia Colombia
Egypt Egypt
Australia Australia
Canada Austria
Fiji Argentina Fiji
Aruba Aruba
Bermuda Bermuda
Cambodia Cambodia
China China
Guyana Guyana
