Soda Bahamas Mexico Kiribati Northern Aruba Liberia Hong Lebanon Finland Cambodia Fiji Germany Niger Kyrgyzstan Sao Jamaica United Albania New Saint Mayotte Ireland Republic Croatia Sint Moldova Latvia Pitcairn Macao Heard British Korea Egypt Singapore Argentina Luxembourg Congo Falkland Malawi Burkina Soda
40
United United
Congo Burundi Congo
Pitcairn Japan Pitcairn
Argentina Pakistan Argentina
Fiji Fiji Netherlands
Falkland Lao Nigeria
Singapore Singapore
Luxembourg Luxembourg
Burkina Burkina
Croatia Croatia
Lebanon Lebanon
Northern Northern
Korea Korea
Sao Sao
Niger Niger
Hong Hong Palau
Mayotte Mayotte
Malawi Malawi
Sint Sint
Jamaica Jamaica
Bahamas Indonesia Bahamas
Heard Rwanda
Liberia Liberia
Latvia Latvia
Kyrgyzstan Kyrgyzstan
Moldova Moldova
Republic Republic Algeria Antigua
Saint Belize Saint
British British
Cambodia Cambodia
Germany Iraq
Finland Finland
Ireland Ireland
Kiribati Kiribati
Mexico Mexico
Aruba Aruba
New New
Macao Macao
Albania Albania
Egypt Egypt
