1 30 73 72 27 32 54 17 61 15 45 63 28 77 39 65 41 19 14 56 42 48 69 13 31 37 57 70 58 16 25 78 74 11 51 44 33 10 24 23 34 38 18 50 53 60 49 64 62 1
49
10 10
11 11 47
15 12 15
13 13
14 14
16 16 21
17 17
18 18
19 19 35
56 20 56
34 22 34
23 23
24 24
25 25 71
38 26 38
27 27
28 28 55
39 29 39 75
30 30 43
31 31
32 32 36
33 33
37 37
60 40 60
41 41 79
42 42 59
44 44
45 45
65 46 65
48 48
49 49
50 50
51 51
78 52 78
53 53
54 54
57 57
58 58
61 61
62 62
63 63
64 64
73 66 73
1 67
74 68 74
69 69
70 70 76
72 72
77 77
