Meckgue TheUniversity ShatteredPlains TheSpine EarthKingdom Yunkai Urubaen Carvahall EasternAirTemple Gizton Netherfort Murkcairn Keld Grayburn KoralReef Essos Sanlow BubblegumKingdom TheBoilingRock BeyondtheWall Vexhollow Ellesmera TheSpine TheHogsHead ProBendingArena Sanlow ZhaoFu ThePrancingPony LakeLaogai VaultofSouls Braavos Dagobah Meereen Winterfell Lorien Ceald Steeltown TheArcanum TheWaystoneInn Eggmanland LakeLaogai Beldenn RepublicCity TheEyrie TheKrustyKrab Meckgue
38
Murkcairn Murkcairn
TheWaystoneInn TheWaystoneInn
Grayburn Grayburn Tartarus
TheSpine TheSpine
Sanlow Gotham Sanlow
EarthKingdom EarthKingdom Kinecardine UtgardMountain
TheUniversity TheUniversity LeakyCauldron TheGodswood
EasternAirTemple EasternAirTemple TheVale
Meereen Meereen
BeyondtheWall BeyondtheWall
Gizton Gizton Larcbost
Braavos Braavos
VaultofSouls VaultofSouls
Lorien Lorien
Vexhollow Ademre Vexhollow
Meckgue Meckgue
Netherfort Netherfort
Keld Keld GooLagoon
KoralReef KoralReef
Dagobah Dagobah TreeofTime
ZhaoFu ZhaoFu
Essos MysticRuins
Winterfell Winterfell
Steeltown Steeltown
Carvahall Carvahall
Urubaen FlourishBlotts Urubaen
ShatteredPlains ShatteredPlains
Beldenn Beldenn
Eggmanland Castamere
Yunkai Yunkai
LakeLaogai LakeLaogai
TheKrustyKrab TheKrustyKrab
Ellesmera Ellesmera
RepublicCity RepublicCity
TheHogsHead TheHogsHead
ThePrancingPony ThePrancingPony
TheBoilingRock TheBoilingRock
TheArcanum TheArcanum
