FleaBottom Bobbingbourne Urubaen Trebon Eggmanland Batcave GringottsBank Ebonfall CrastersKeep ShriekingShack TheSpine Yunkai Glimthain UtgardMountain TheBoilingRock Ademre SatishVille TheGreatDivide TheBurningPlains Olivanders RockofKuthian Arkham Westopolis Carvahall Accrington MinistryofMagic Yll HighGarden TheAturanEmpire FleaBottom
24
Urubaen Urubaen
TheBurningPlains TheBurningPlains
UtgardMountain UtgardMountain
GringottsBank GringottsBank
Westopolis Westopolis
Eggmanland Eggmanland
Bobbingbourne Bobbingbourne
HighGarden Vintas HighGarden
TheGreatDivide TheGreatDivide
Olivanders Olivanders
TheBoilingRock TheBoilingRock
Glimthain Glimthain
Ademre Ademre
Yll Yll
Batcave Batcave
Trebon Trebon
Carvahall TheVale
Ebonfall Ebonfall
Arkham Arkham
TheSpine Coalwatch
SatishVille SatishVille
Accrington Accrington
MinistryofMagic MinistryofMagic
ShriekingShack ShriekingShack
