Essos Toffingburg Carvahall Grimbarrow Steeltown Aerodenn TheBoilingRock Ivormere FireNation ProBendingArena KnifesEdge Boatwright Duskhollow Neddingtown TheCommonwealth DuWeldenvarden TheFae Helgrind SatishVille Endor Tarbean TheGodswood HighGarden Accrington Atlantas Batcave Keld ShatteredPlains Alderaan ShriekingShack Bobbingbourne Hogsmead BeyondtheWall Karth Castamere Penketh Arkham WitheredHeath TheEyrie Neddington Shinovar DiagonAlley Severen Winterfell WesternAirTemple Alethkar Arcwallow GooLagoon Hogwarts Sanlow DiagonAlley Riverrun Tartarus Westeros JahKeved Azir FlourishBlotts Chrofall Peridrift Newarre Dragonstone Arrowcave Valyria Braavos Barkamsted TheWhompingWillow Omashu Meereen CastleBlack TheUnderworld Jakku CaveofTwoLovers TheSpiritWorld MountOlympus Naboo Urubaen BaSingSe Dubwall Gizton TheRiverStyx Blackwater RepublicCity TheKrustyKrab Toperhagen Lockinge TheChumBucket Trebon TheReshiIsles JarrensOutpost Essos
87
RepublicCity RepublicCity
Arcwallow Arcwallow Astapor
WitheredHeath WitheredHeath
Trebon Trebon
ProBendingArena Yll ProBendingArena
TheSpiritWorld TheSpiritWorld
Newarre Newarre
Essos Essos
Severen Severen
ShatteredPlains ShatteredPlains
Penketh Penketh
Dubwall Dubwall
Alderaan Ellesmera Alderaan
Aerodenn Netherfort Aerodenn
Boatwright Boatwright
Tartarus Tartarus
Tarbean Tarbean
TheFae TheFae
Hogsmead Hogsmead
TheCommonwealth TheCommonwealth Ademre
KnifesEdge TheVale KnifesEdge TheGreatDivide
Toffingburg Toffingburg Lorien
MountOlympus MountOlympus
Hogwarts Hogwarts
Lockinge Lockinge
Steeltown Soda Steeltown
Barkamsted Barkamsted
Omashu Omashu
Chrofall Chrofall
Blackwater BikiniBottom Blackwater
TheKrustyKrab TheKrustyKrab
Azir Azir
DiagonAlley DiagonAlley
Valyria Valyria
Westeros Westeros
Arrowcave Arrowcave
Castamere Castamere
Urubaen Urubaen
Endor Endor TheSpine
JarrensOutpost JarrensOutpost
TheChumBucket TheChumBucket
TheBoilingRock TheBoilingRock
TheWhompingWillow TheWhompingWillow
TheGodswood TheGodswood
Accrington Accrington
Neddington Vintas Neddington
BaSingSe BaSingSe
Toperhagen Toperhagen
TheReshiIsles TheReshiIsles
JahKeved JahKeved
Alethkar Alethkar
BeyondtheWall BeyondtheWall
Dragonstone Dragonstone
Gizton Gizton
Keld Keld
Braavos Braavos
WesternAirTemple FleaBottom WesternAirTemple
Duskhollow Duskhollow
ShriekingShack ShriekingShack
TheRiverStyx TheRiverStyx
FlourishBlotts FlourishBlotts
Atlantas Atlantas
HighGarden HighGarden
Peridrift Peridrift
CaveofTwoLovers CaveofTwoLovers
Neddingtown Neddingtown
SatishVille SatishVille
Jakku Jakku
GooLagoon GooLagoon
FireNation FireNation
Helgrind Helgrind
DuWeldenvarden DuWeldenvarden
Shinovar Shinovar
Ivormere Ivormere
Grimbarrow Grimbarrow
Sanlow Sanlow
Bobbingbourne Bobbingbourne
Carvahall Carvahall
TheEyrie TheEyrie
Karth Karth
Meereen Meereen
Arkham Arkham
Winterfell Winterfell
Batcave Batcave
TheUnderworld TheUnderworld
CastleBlack CastleBlack
Riverrun Riverrun
