21 121 142 37 2 146 55 95 149 49 74 114 83 169 32 16 120 14 69 64 39 34 18 81 136 185 156 4 42 7 127 15 108 36 168 45 87 116 172 170 62 85 24 182 145 105 145 177 51 12 103 139 135 175 22 184 133 31 147 29 115 100 137 72 131 11 188 190 152 144 122 17 119 178 78 96 75 102 129 167 90 10 180 40 159 48 77 21
75
147 147
85 20
18 18
14 14
17 17
136 136 194
190 190 186
42 42
170 170
24 24
83 91 82
188 188 56
7 47 7
48 48
159 23 159
51 51
34 34
36 36
135 135
172 172
127 127
45 45
129 163
90 90
40 40 61
10 10 30
168 125 168
122 122
167 167
100 100 154
185 130 160 68
105 46 38 105
74 74
2 2
31 31 27
184 151 184
142 97 142 54
133 133
180 180
29 29
156 156
144 144
37 37
116 116
121 121
64 64
15 15
131 131
108 108
149 149
120 120 60
81 81 88
146 118 134 146
119 119 176
139 139 196
178 178
16 16
78 78
169 169
96 96
152 152
102 102
115 115
103 103
75 75
21 21
62 62
49 49
177 177
32 32
87 87
137 137
114 114
72 72 53
95 95
