1FoundersRock 33Wada 31Hillegass 30Stonefire 26ClarkKerr 18NorthGate 17Wheeler 23Unit3 24Blackwell 36CasaZimbabwe 32DeltaPhiEpsilon 38RajProperties 16Giannini 28SodaHall 20Ehrman 27InternationalHouse 21Unit1 34Martinez 35ChanningBowdwitch 29VarsityBerkeley 22Unit2 1FoundersRock 39SanFransisco 1FoundersRock
22
16Giannini 16Giannini
17Wheeler 17Wheeler
18NorthGate 18NorthGate
1FoundersRock 19SouthHall 25Foothill 37OtherCoop
20Ehrman 20Ehrman
21Unit1 21Unit1
22Unit2 22Unit2
23Unit3 23Unit3
24Blackwell 24Blackwell
26ClarkKerr 26ClarkKerr
27InternationalHouse 27InternationalHouse
28SodaHall 28SodaHall
29VarsityBerkeley 29VarsityBerkeley
30Stonefire 30Stonefire
31Hillegass 31Hillegass
32DeltaPhiEpsilon 32DeltaPhiEpsilon
33Wada 33Wada
34Martinez 34Martinez
35ChanningBowdwitch 35ChanningBowdwitch
36CasaZimbabwe 36CasaZimbabwe
38RajProperties 38RajProperties
39SanFransisco 39SanFransisco 40Oaktown
