s h84 h59 h63 h76 h69 h58 h68 h90 h74 h56 h60 h70 h81 h51 h61 h54 h79 h65 h92 h71 h88 h83 h99 h98 h80 h91 h94 h72 h82 h62 h52 h87 h78 h85 h53 h95 h86 h67 h66 h50 s
40
h50 h50
h51 h51
h52 h52
h53 h53
h54 h54
h62 h55 h62 h97
h56 h56
h74 h57 h74
h58 h58
h59 h59
h60 h60
h61 h61
h63 h63
h71 h64 h71
h65 h65
h66 h66
h67 h67
h68 h68
h69 h69
h70 h70
h72 h72
h99 h73 h99
h92 h75 h92
h76 h76
h80 h77 h80
h78 h78 h93
h79 h79
h81 h81
h82 h82
h83 h83 h89
h84 h84
h85 h85
h86 h86
h87 h87
h88 h88
h90 h90
h91 h91
h94 h94
h95 h95
h98 h96 h98
