s h129 h125 h139 h199 h142 h137 h189 h174 h161 h168 h155 h191 h126 h141 h162 h147 h173 h184 h187 h192 h169 h188 h100 h146 h149 h143 h131 h105 h106 h183 h177 h164 h156 h120 h154 h130 h165 h186 h103 h114 h135 h133 h190 h171 h111 h182 h150 h158 h123 h181 h127 h195 h119 h159 h112 h109 h148 h153 h180 h108 h136 h194 h175 h107 h110 h163 h113 h179 h160 h134 h116 h196 h197 h193 h121 h152 h140 h138 h115 h128 h132 h151 h124 h172 h178 h117 h122 h167 l57 h104 h102 h118 s
91
h100 h100
h163 h101 h163
h102 h102
h103 h103
h104 h104
h105 h105
h106 h106
h107 h107
h108 h108
h109 h109
h110 h110
h111 h111
h112 h112
h113 h113
h114 h114
h115 h115
h116 h116
h117 h117
h118 h118
h119 h119
h120 h120
h121 h121
h122 h122
h123 h123
h124 h124
h125 h125
h126 h126
h127 h127
h128 h128
h129 h129
h130 h130
h131 h131
h132 h132
h133 h133
h134 h134
h135 h135
h136 h136
h137 h137
h138 h138
h139 h139
h140 h140
h141 h141
h142 h142 h144
h143 h143
h160 h145 h160
h146 h146
h147 h147
h148 h148
h149 h149
h150 h150
h151 h151
h152 h152
h153 h153
h154 h154
h155 h155
h156 h156
h190 h157 h190
h158 h158
h159 h159
h161 h161
h162 h162
h164 h164
h165 h165
h174 h166 h174 h176
h167 h167
h168 h168
h169 h169 h170
h171 h171
h172 h172
h173 h173
h175 h175
h177 h177
h178 h178 h198
h179 h179
h180 h180
h181 h181
h182 h182
h183 h183
h184 h184
h192 h185 h192
h186 h186
h187 h187
h188 h188
h189 h189
h191 h191
h193 h193
h194 h194
h195 h195
h196 h196
h197 h197
h199 h199
