node87 node70 node8 node88 node12 node25 node72 node29 node98 node39 node73 node92 node64 node59 node6 node19 node90 node86 node66 node28 node1 node67 node6 node93 node37 node55 node48 node31 node75 node60 node79 node47 node53 node35 node76 node23 node4 node57 node56 node63 node54 node97 node15 node69 node14 node42 node11 node96 node87
37
node29 node29
node48 node83 node48
node14 node14
node64 node64
node11 node11
node23 node23
node55 node55 node99
node8 node27 node8
node35 node35 node2 node45
node47 node47
node76 node76
node54 node54 node94
node53 node53 node17
node69 node69
node59 node59
node79 node79
node37 node95 node37
node86 node86
node6 node6
node57 node57
node12 node12
node19 node5 node19
node39 node39
node15 node15
node25 node25
node56 node56
node92 node92
node75 node75 node85
node72 node72
node93 node93
node42 node42
node97 node74 node97
node66 node38
node88 node88
node31 node31
node1 node1
node60 node60
