node139 node95 node117 node184 node84 node19 node154 node61 node102 node24 node152 node60 node96 node8 node52 node22 node27 node73 node27 node192 node124 node54 node108 node81 node33 node125 node123 node57 node51 node89 node107 node116 node183 node182 node56 node152 node159 node191 node114 node195 node187 node167 node10 node152 node160 node181 node9 node200 node16 node47 node37 node80 node20 node53 node164 node186 node98 node119 node131 node169 node134 node85 node100 node38 node94 node30 node50 node36 node173 node42 node62 node178 node162 node129 node109 node66 node41 node71 node49 node86 node97 node126 node79 node141 node193 node72 node92 node139
76
node195 node195 node3 node59
node60 node60
node8 node8
node178 node178
node114 node114
node125 node125
node119 node119
node184 node184
node192 node192 node5
node53 node53
node107 node107
node50 node50
node193 node185
node191 node158 node191
node100 node100
node37 node37
node123 node123 node143
node20 node20 node112
node181 node181
node124 node17 node124
node38 node38
node80 node80
node49 node49
node86 node86
node126 node126
node141 node65 node141
node187 node163
node10 node10
node66 node66
node24 node24
node30 node30
node92 node92 node157
node33 node33 node146
node42 node42
node109 node111 node109
node22 node22
node98 node98
node152 node152 node12
node134 node134 node190
node182 node182
node19 node19
node129 node129 node55
node154 node154
node159 node159
node47 node47
node200 node200
node81 node81
node102 node48 node102
node36 node165
node73 node26 node188 node73
node85 node85 node18
node183 node149
node108 node108
node61 node61
node84 node130 node84
node186 node186
node41 node41
node27 node27
node167 node167 node180
node16 node16
node97 node97
node96 node96
node162 node162
node57 node1 node57
node94 node94
node117 node117
node51 node51
node160 node160
node71 node71
node72 node72
node52 node52
node54 node54
node56 node56
node116 node116
node169 node169
node173 node173
