369 3327 1eb1 e7e4 13653 13d25 128af 9cde 69b7 664e 221a da4 1408e bb8f 14760 10d67 2583 8bd1 ffc3 c933 a3b 139bc 132ea 2fbe 6d20 da40 14ac9 121dd eeb6 b4bd 62e5 c261 14e32 110d0 4b06 e47b a719 51d8 2c55 dda9 3d62 11b0b 369
39
3327 3327
c261 c261
10d67 d6d7 10d67
2583 2583
62e5 62e5 d005
1eb1 1eb1
14ac9 14ac9
e7e4 e7e4 10695
da4 da4
1408e 1408e
dda9 dda9
13653 13653
8bd1 8bd1
da40 da40
139bc 139bc
69b7 69b7
b4bd b4bd
ffc3 ffc3
110d0 110d0
132ea 132ea
121dd 121dd 4434 a047
664e 664e 960c
9cde 9cde
4b06 4b06 1476
2fbe 2fbe
6d20 6d20
128af 128af
eeb6 eeb6
14760 14760
c933 c933 4e6f
2c55 2c55
51d8 51d8
e47b e47b
bb8f d36e bb8f
a3b a3b
11b0b 11b0b
13d25 13d25
14e32 14e32
221a 221a 84ff
