507 164f1 2c9e2 16eff 648c 356a6 2513a 26a5d 12396 2a6b1 91cb 27972 1ecae 200ca 374d 3c54 32460 11e8f aff5 ec49 155dc 1e2a 37ede 4662 82b6 2b5c6 78a8 33375 1ab53 1f1b5 dd34 2f21a 17e14 1d892 38df3 3428a c918 10065 1c97d 2bacd 374d0 2b0bf 3387c 1a64c 23310 24c33 2e305 1790d 36ac2 13cb9 1ba68 ba03 3012f 3246 22e09 214e6 27e79 360b4 28d8e 2cee9 8cc4 1056c 18822 23d1e 25b48 1923 36fc9 25641 2fc28 2d8f7 4b69 18d29 d326 388ec 2ddfe e742 5577 31a52 9bd9 c411 150d5 507
79
3c54 3c54
aff5 aff5
27e79 27e79
82b6 82b6 32e6e
5577 5577 30636
26a5d 26a5d
1ecae 1ecae
dd34 dd34 20fdf
164f1 164f1
32460 32460 169f8
27972 27972
2d8f7 2d8f7
e742 e742
2f21a 2f21a 2472c
200ca 200ca 23817
2fc28 2fc28
1923 1923
374d 374d
9bd9 9bd9 6993 2604f
4662 4662
1ba68 146c7 15fea 1ba68
33375 33375
38df3 38df3
2c9e2 2c9e2
91cb 91cb
1d892 1d892 379d7
2b0bf 2b0bf
1790d 1790d
3387c 3387c
2e305 2e305
78a8 78a8
8cc4 8cc4
d326 d326
2513a 22902 2513a 26f64
16eff 16eff
24c33 24c33
36ac2 36ac2
22e09 22e09
18d29 18d29 1831b
1f1b5 1f1b5
2cee9 2cee9
214e6 214e6
3012f 3012f
ba03 ba03
25641 25641
150d5 150d5
2a6b1 2a6b1
10065 10065
3428a 3428a
155dc 155dc
17e14 17e14
1a64c 1a64c
360b4 360b4
374d0 374d0
1056c 1056c
1e2a 1e2a
18822 18822
25b48 19737 25b48
23d1e 23d1e
4b69 4b69
1ab53 1ab53
ec49 ec49
13cb9 13cb9
c918 c918
23310 23310
28d8e 28d8e
c411 c411
2ddfe 2ddfe
388ec d82d 388ec
2bacd 2bacd
12396 12396
356a6 356a6
3246 1dd99 3246
1c97d 1c97d
2b5c6 11988 2b5c6
36fc9 36fc9
31a52 31a52
11e8f 11e8f
648c 648c
