node0 node59 node83 node87 node81 node68 node58 node63 node25 node98 node20 node71 node1 node84 node62 node60 node96 node56 node51 node78 node61 node34 node66 node67 node64 node5 node69 node57 node4 node76 node88 node80 node89 node31 node97 node94 node52 node50 node86 node75 node90 node46 node74 node91 node55 node6 node0
41
node50 node50
node51 node51
node52 node52
node78 node53 node78
node34 node54
node55 node55
node56 node56
node57 node57
node58 node58
node59 node59
node60 node60
node61 node61
node62 node62
node63 node63
node64 node64
node5 node65 node99
node66 node66
node67 node67
node68 node68 node73 node77 node85
node69 node69
node97 node70 node97
node71 node71
node86 node72 node86
node74 node74 node95
node75 node75
node76 node76
node6 node79 node82
node80 node80
node81 node81
node83 node83
node84 node84
node87 node87
node88 node88
node89 node89
node90 node90
node91 node91
node46 node92
node0 node93
node94 node94
node96 node96
node98 node98
