node0 node162 node157 node137 node183 node18 node196 node129 node44 node146 node134 node184 node112 node174 node24 node135 node102 node32 node124 node132 node101 node156 node107 node173 node188 node168 node46 node103 node106 node145 node147 node131 node158 node82 node159 node152 node181 node172 node190 node150 node170 node169 node193 node182 node109 node121 node128 node125 node197 node163 node177 node155 node116 node105 node166 node114 node119 node138 node133 node122 node55 node180 node141 node49 node194 node140 node70 node104 node186 node78 node151 node6 node185 node143 node30 node149 node154 node127 node113 node139 node77 node175 node118 node110 node61 node120 node65 node144 node52 node153 node74 node191 node0
83
node197 node100 node161 node197
node101 node101
node102 node102
node103 node103
node104 node104 node160 node189
node105 node105
node106 node106
node107 node107
node18 node108 node136
node109 node109
node110 node110
node151 node111 node151
node112 node112
node113 node113
node114 node114
node52 node115
node116 node116
node120 node117 node120 node148
node118 node118
node119 node119
node121 node121
node122 node122
node70 node123 node176 node199
node124 node124
node125 node125
node168 node126 node168 node198
node127 node127
node128 node128
node129 node129
node184 node130 node184
node131 node131
node132 node132
node133 node133
node134 node134
node135 node135
node137 node137
node138 node138
node139 node139
node140 node140
node141 node141
node155 node142 node155
node143 node143
node144 node144
node145 node145
node146 node146
node147 node147
node149 node149
node150 node150
node152 node152 node171
node153 node153
node154 node154
node156 node156
node157 node157
node158 node158
node159 node159
node162 node162
node163 node163
node61 node164
node30 node165
node166 node166
node173 node167 node173
node169 node169
node170 node170
node172 node172
node174 node174
node175 node175
node177 node177
node194 node178 node194
node49 node179
node180 node180
node181 node181
node182 node182
node183 node183
node185 node185
node186 node186
node6 node187
node188 node188
node190 node190
node191 node191
node65 node192
node193 node193
node46 node195
node196 node196
