node0 node25 node35 node32 node41 node44 node7 node47 node45 node48 node31 node29 node22 node48 node38 node28 node27 node12 node43 node11 node30 node37 node21 node16 node36 node39 node0
22
node25 node25
node11 node26
node27 node27
node28 node28 node34 node42
node29 node29
node30 node30
node31 node31
node32 node32
node12 node33
node35 node35
node36 node36 node40
node37 node37
node38 node38
node39 node39
node41 node41
node43 node43
node44 node44
node45 node45
node22 node46
node47 node47
node48 node48
node21 node49
