8 80 121 120 123 127 124 173 143 185 152 105 164 153 113 65 49 30 4 29 3 5 81 142 174 172 125 126 97 52 66 63 47 64 68 54 70 71 73 59 78 118 160 193 188 183 181 179 149 109 169 191 192 159 168 116 115 72 55 69 51 36 99 88 40 42 45 95 102 90 100 147 182 135 89 87 23 91 137 90 38 39 22 25 21 26 24 19 85 16 98 145 144 82 6 83 8
89
123 123
160 160
24 24
25 25
66 66
49 49
121 121
88 88
55 55
124 124
5 5
164 164
183 183
54 54
127 127
87 87
97 97
193 193
137 137
102 102
80 80
19 19
185 185
90 90
63 63
69 69
191 191
16 35 17
4 4
64 64
105 165 105
8 2
65 65
153 153
71 71 53
188 188
147 147
115 115
82 82 79
116 167 116
99 99
172 172
169 169
6 6
85 85
45 45 93
109 109
89 136 89
21 21
30 30
135 135
73 73
120 120
100 100
59 59
179 179
91 91
38 38
68 68
113 113
182 182
29 29
26 26
126 126
22 22
118 118
47 47
192 171 192
52 52 33
72 72
152 152
42 42
23 23
70 70
51 51
145 145
83 83
144 144
181 181
168 168 190
78 78 61
174 174
173 173
95 95
142 142
39 39
125 125
3 3
40 40
