UMUCUTWAW OIPVAKF WRQUJ VHHVQ YPXLG MHXHJGEF VASGY RRFKVFYKR CNINRTR TCXWZV YNHRBC GVNFQM JJAQQ TNKNMUFI JOWHZXTIA STQNQT YFKIFTRS MWTSDF MNWMWDXCQ GUDSRTKLA WEPDZ OMBFD KAYADTT UENPUJ TJFSEUB XJOXYWA VHLSP ZLYFI ELILXSR CJLYWOAQ SUIOZK EGEASKKIE RDTQTJB XGGIUBVDN TNSRRJCDD XWBHEYXJU AOWYQNAYA USUVN ZPFHBWI PLYPQBTP DQOPCH CJLYWOAQ JVYIBRJ ZSHRTZVKO VSMLVXSP AWQOWSNYN OIPVAKF UMUCUTWAW
44
CNINRTR CNINRTR
CJLYWOAQ CJLYWOAQ
WRQUJ WRQUJ
VASGY VASGY
XJOXYWA KUUVZB XJOXYWA
JOWHZXTIA JOWHZXTIA
YNHRBC YNHRBC
XWBHEYXJU XWBHEYXJU
RRFKVFYKR RRFKVFYKR
TNKNMUFI TNKNMUFI
TJFSEUB TJFSEUB
KAYADTT KAYADTT FVKLDY
JVYIBRJ JVYIBRJ ZFMGDWP
GVNFQM GVNFQM
SUIOZK SUIOZK
AWQOWSNYN AWQOWSNYN
YPXLG YPXLG
MHXHJGEF MHXHJGEF
ZSHRTZVKO ZSHRTZVKO
TNSRRJCDD TNSRRJCDD
TCXWZV TCXWZV
YFKIFTRS YFKIFTRS
VHLSP VHLSP
ZPFHBWI ZPFHBWI
XGGIUBVDN XGGIUBVDN
ZLYFI ZLYFI
RDTQTJB RDTQTJB
VSMLVXSP IZNSKNS VSMLVXSP
STQNQT STQNQT
ELILXSR ELILXSR
AOWYQNAYA CRSMUEPQG AOWYQNAYA
GUDSRTKLA GUDSRTKLA
UENPUJ UENPUJ
OMBFD OMBFD QOHWG
WEPDZ WEPDZ
DQOPCH DQOPCH
USUVN USUVN
MNWMWDXCQ MNWMWDXCQ
MWTSDF MWTSDF
EGEASKKIE EGEASKKIE
PLYPQBTP PLYPQBTP
VHHVQ VHHVQ
OIPVAKF OIPVAKF
JJAQQ JJAQQ
