NENJIT XAUNPSJR UEMUXMRIZ RIEJGXSA MXPVTEZCH UUBADXD PQHUEQ KUTCUN PEHTVQXDW HJANXPSU KQUKCKTD CQLIWA SPKBX EIPVED XYVFHKPGH QMQDBY RZCLRJW MXOUMOMJ LFAYEWG XVEIIY WTGBMM PRANHUZWO NDFUIQRA NENJIT
22
UEMUXMRIZ UEMUXMRIZ
PRANHUZWO PRANHUZWO
HJANXPSU ZRBGORXP HJANXPSU
XAUNPSJR XAUNPSJR
CQLIWA CQLIWA
RIEJGXSA RIEJGXSA
EIPVED EIPVED
PEHTVQXDW PEHTVQXDW
MXOUMOMJ DYDBSTHU MXOUMOMJ
MXPVTEZCH MXPVTEZCH
WTGBMM WTGBMM
UUBADXD FULIXB UUBADXD
KQUKCKTD KQUKCKTD
XYVFHKPGH XYVFHKPGH
SPKBX SPKBX
XVEIIY XVEIIY
NDFUIQRA NDFUIQRA
QMQDBY QMQDBY
PQHUEQ PQHUEQ
KUTCUN KUTCUN
RZCLRJW RZCLRJW
LFAYEWG LFAYEWG
