USZWPSB YOUZA GEGFOSJ FZGDAQKRC MRXNI RGLCPSJQE ANHOTJN JEGRK DKINCMT FLOTLYFG NBRZI OVKLH FPWMJC XZUPVI UDNWTRHT XQOMNCXDB JXLFSOAT TTXGTNV VFEEU ZEZKNGTK CWLLCM VVSNO MOXGRP HSAIPP RGSOR APBFJMOOF UBODMUMJ NZJGYK LYRSZA AHZYCQM TQSCIQTX AIGGLZT YKOGGTNN FJQMKJNWE NCPEGX ACYPAPBPW HNOOUELP JVWIZDBS JQHORKB KRUSUHB ZNZOQPE HSJUMJH CCTJZN ILXWSRIC DFFFG RJDHJFNIN HWJUZVNH SICVXMLGL OLUPAJLP RLWAP AOVKACB MYDTJZPES KAUIIR TOAKXEQ PJXURKPC NTZSZ YFEZIO FZNKCK RQWCFDHW MSHZNEX BLXWCB RVPJHZLQQ XENTNT ORCMU HVERBTBS VBAQD QMHLIXVD VWNAJFRNG XSWDY GLYDZ LNDUQDYSK TGPYEAP APIOYKU BHAMV RUGMYM NIVCBBO GNXDBJSVR DIXXP ZKGYGD MWXYLX EFOWXJQKY EPJHOESBB EMAAQWO YAETAC JOXQIX EHQRYBZ NHNDWOH GALHVZ USZWPSB
88
EMAAQWO EMAAQWO
FZGDAQKRC FZGDAQKRC
EPJHOESBB EPJHOESBB
JVWIZDBS JVWIZDBS
BLXWCB BLXWCB
ORCMU ORCMU XHMMLM
SICVXMLGL SICVXMLGL
NTZSZ YVIRIDDRA NTZSZ
DFFFG DFFFG
EFOWXJQKY EFOWXJQKY
GEGFOSJ GEGFOSJ
MRXNI MRXNI
NCPEGX NCPEGX
HSAIPP HSAIPP
AOVKACB AOVKACB
MSHZNEX MSHZNEX
UDNWTRHT UDNWTRHT
AHZYCQM AHZYCQM BCHOPGEE
FPWMJC FPWMJC
GNXDBJSVR GNXDBJSVR
KRUSUHB SIAFKK KRUSUHB
XENTNT XENTNT RBNAR
JOXQIX JOXQIX
BHAMV BHAMV
HSJUMJH HSJUMJH
EHQRYBZ EHQRYBZ
XQOMNCXDB XQOMNCXDB AXCWU
YOUZA YOUZA
VVSNO VVSNO
LNDUQDYSK LNDUQDYSK
LYRSZA LYRSZA
TQSCIQTX TQSCIQTX
QMHLIXVD QMHLIXVD
TTXGTNV TTXGTNV
RGLCPSJQE RGLCPSJQE
ZEZKNGTK ZEZKNGTK
KAUIIR KAUIIR
CCTJZN CCTJZN WTQCHXQ
NBRZI NBRZI
ZNZOQPE EJXSCSGM ZNZOQPE
XSWDY XSWDY
MWXYLX MWXYLX
HNOOUELP HNOOUELP
ILXWSRIC ILXWSRIC
UBODMUMJ UBODMUMJ
TGPYEAP TGPYEAP
RJDHJFNIN RJDHJFNIN
OLUPAJLP OLUPAJLP
VWNAJFRNG VWNAJFRNG
ACYPAPBPW HEFYBKPUF ACYPAPBPW
RLWAP RLWAP
NZJGYK NZJGYK
APIOYKU APIOYKU
TOAKXEQ TOAKXEQ
NHNDWOH NHNDWOH
YFEZIO YFEZIO
DKINCMT DKINCMT
NIVCBBO NIVCBBO
PJXURKPC PJXURKPC
GLYDZ FCWRH GLYDZ
CWLLCM CWLLCM
ZKGYGD VWHRKOPZ ZKGYGD
HWJUZVNH HWJUZVNH
RQWCFDHW RQWCFDHW
VBAQD VBAQD
FZNKCK FZNKCK
JQHORKB JQHORKB
JXLFSOAT JXLFSOAT
OVKLH OVKLH
YKOGGTNN YKOGGTNN
DIXXP DIXXP
USZWPSB USZWPSB
MYDTJZPES MYDTJZPES
AIGGLZT AIGGLZT
RVPJHZLQQ RVPJHZLQQ
RUGMYM RUGMYM
RGSOR RGSOR
YAETAC YAETAC
ANHOTJN ANHOTJN
JEGRK JEGRK
FJQMKJNWE FJQMKJNWE
APBFJMOOF APBFJMOOF
GALHVZ GALHVZ
FLOTLYFG FLOTLYFG
HVERBTBS HVERBTBS
XZUPVI XZUPVI
VFEEU VFEEU
MOXGRP MOXGRP WEXBJV
