shaird nomination nauseously Sahara rampup Ucayali cementite trackbar beermakers cacomistle Lafayette teabags UncleNed airgap irade opacular baning tunic lasting twothirds philomels colugos toggleable scratch fivepenny sarcomere diruption tokenizing guilts morphe deductable Pentecost macedoine kartikeya remissio property assonantal transflux caouane unglove shrow waste advances intrado peasantism slatting effuses preparable coldcocked shaird
49
nomination nomination
beermakers beermakers
effuses effuses
kartikeya kartikeya
UncleNed UncleNed
Sahara Sahara
peasantism peasantism
guilts guilts
airgap airgap
waste waste
remissio remissio
Ucayali Ucayali
slatting slatting
tokenizing tokenizing
cacomistle cacomistle
scratch scratch
unglove unglove
tunic tunic
Pentecost Pentecost
teabags teabags
deductable deductable
caouane caouane
macedoine macedoine
diruption diruption
cementite cementite
Lafayette Lafayette
opacular opacular
transflux transflux
shrow shrow
advances advances
sarcomere sarcomere
rampup rampup
irade irade
philomels philomels
intrado intrado
fivepenny fivepenny
property property
trackbar trackbar
nauseously nauseously
coldcocked coldcocked
shaird shaird aftertouch
lasting lasting
colugos colugos
assonantal assonantal
baning baning
preparable preparable
toggleable toggleable
morphe morphe
twothirds twothirds
