liverance catabolism shutter achieve jitterbugs handballer bywoners tortillons otate wellbores moderatrix pontage coulde studiously hatrail lethiferal metamere pallia asterisk kamencheh oversleeps tightening hypanthium Akkub liverance
24
catabolism catabolism
tortillons tortillons
studiously studiously
oversleeps oversleeps
bywoners bywoners
hypanthium hypanthium
Akkub Akkub
moderatrix moderatrix
liverance liverance refortify
hatrail hatrail
jitterbugs jitterbugs
lethiferal lethiferal
wellbores wellbores
handballer handballer
metamere metamere
kamencheh kamencheh
tightening tightening
shutter shutter
achieve achieve
pontage pontage
asterisk asterisk
otate otate
coulde coulde
pallia pallia
