runcation yokeline husbandman agistments wolfer flourless tipuana holodeck fibrates thereagain conceiv almshouse urethritic tholoi revolution passcards usant timefuse trikini embittered construed triforium backpay bookhouses Massorete foreshores festuca colocynth pentine stips megahero Carazo ephas dollying Margery hambone tutelar Marah lionfish stoble decouples cutout forepast montages maxim toper huddle grilses unbribable ilian baken draftox jaborandi silicon retexture turnoff stinkbugs erysipelas undramatic coalblack polyuria miticides broomer Simferopol kempy perfusive ungroomed wheatberry blackdye begynnynge prairies offset wintrier torsions Lipetsk quakerlike haligi Astaire inurns yuzus Muscogee chargeback boomah greatborn cloaca oogle nervus fason medicine multifaith wideband metre turbid infants palatial tuneful lichened bewitch aliens runcation
99
megahero megahero
wolfer wolfer
undramatic undramatic
coalblack coalblack
wideband wideband
ungroomed ungroomed
pentine pentine
Astaire Astaire
retexture retexture
wintrier wintrier
lichened lichened
forepast forepast
yuzus yuzus
Margery Margery
turnoff turnoff
tuneful tuneful
urethritic urethritic
ephas ephas
oogle oogle
agistments agistments
Massorete Massorete
palatial palatial
colocynth colocynth
conceiv conceiv
quakerlike quakerlike
tipuana tipuana
turbid turbid
dollying dollying
flourless flourless
toper toper
bookhouses bookhouses
infants infants
montages montages
greatborn greatborn
haligi haligi
passcards passcards
stoble stoble
husbandman husbandman
fibrates fibrates
bewitch bewitch
decouples decouples
broomer broomer
Lipetsk Lipetsk
backpay backpay
huddle huddle
revolution revolution
tutelar tutelar
kempy kempy
wheatberry wheatberry
almshouse almshouse
unbribable unbribable
miticides miticides
grilses grilses
stips stips
draftox draftox
thereagain thereagain
begynnynge begynnynge
trikini trikini
Muscogee Muscogee
polyuria polyuria
medicine medicine
offset offset
inurns inurns
stinkbugs stinkbugs
yokeline yokeline
perfusive perfusive
maxim maxim
lionfish lionfish
aliens aliens
blackdye blackdye
torsions torsions
prairies prairies
runcation runcation destinate
erysipelas erysipelas
multifaith multifaith
baken baken
Carazo Carazo
construed construed
hambone hambone
triforium triforium
silicon silicon
boomah boomah
timefuse timefuse
fason fason
cloaca cloaca
holodeck holodeck
chargeback chargeback
Marah Marah
foreshores foreshores
Simferopol Simferopol
usant usant
ilian ilian
nervus nervus
tholoi tholoi
metre metre
jaborandi jaborandi
embittered embittered
cutout cutout
festuca festuca
