73 173 196 163 99 89 115 49 144 58 162 96 133 153 183 83 171 68 169 119 161 2 166 33 128 155 138 136 123 176 118 154 112 47 187 122 41 194 53 15 12 143 191 75 42 124 10 177 37 24 76 110 62 61 0 192 127 27 81 63 186 16 195 66 145 95 40 19 82 107 98 70 168 60 7 129 57 185 92 26 72 55 73
80
191 191 71
33 11
163 163 48
145 145
58 58 52
27 27
195 195
68 189 68
99 101 99 159
166 166
16 16
82 82 135
186 186 197 167
12 12 35
110 110
112 112
96 96
173 39 173
60 60 21
153 153 184
129 129
2 2
66 66
62 62
192 192
122 122
187 187
7 6 7 44
0 0
57 57
127 77 127
73 73
176 176
92 92
155 155 125
168 168
128 128
83 83 175
183 183
75 75
171 171
55 109 55
15 15
89 89
194 194
138 138
76 76
37 37
136 136
169 169
81 81
107 190 107
133 133
41 41
42 42
95 95
72 72
26 26
143 143
19 19
98 98
24 24
154 154
63 63
161 161
49 49
124 124
47 47
123 123
196 196
40 40
162 162
118 118
70 70
119 119
185 185
61 61
115 115
10 10
53 53
