132 130 176 179 173 185 26 27 28 195 109 111 107 103 105 97 95 91 93 89 87 155 77 71 75 61 45 53 49 41 39 35 33 37 177 9 8 7 6 5 4 3 36 42 40 38 44 50 46 48 54 52 56 60 62 64 70 68 72 80 78 76 160 182 166 142 180 148 178 135 193 197 181 134 184 154 194 170 198 172 151 165 152 159 156 143 133 164 167 171 136 149 188 199 157 189 174 186 146 161 17 86 88 94 96 92 98 102 100 106 118 122 120 116 124 126 128 132
83
171 171
60 60
64 64 66
195 195
46 46
80 80 82
134 162 192
96 96
3 3 2
122 122
184 184
45 47 45
68 68
126 126
86 86 90
154 154
189 189
174 138
170 196
100 100
26 25 26
72 72
159 159
38 38
28 28 31
44 44
33 33
155 155
161 161
102 104 102
95 95
78 78
188 188
8 8
61 61
9 9 13
98 98
160 160
136 136
133 133
106 106 108
75 81 75
193 193
109 109 113
87 85 87
177 177
39 39
197 197
5 5
146 146
35 35
17 137 17
6 6
135 135
40 40
156 156
105 101 105
36 36
194 194
88 88
167 167 183
166 166
118 118
180 180
27 27
142 142
56 56
181 181
97 97
173 173
198 198
77 77
76 76
91 91
152 152
182 182
185 185
148 148
41 41
92 92
62 62
176 176
149 149
