140 153 123 77 152 170 52 146 94 195 159 8 166 12 196 1 49 118 172 162 103 4 42 80 133 185 128 149 179 7 175 117 137 197 97 93 190 2 111 59 62 167 9 160 158 160 23 125 112 22 178 89 82 73 147 57 84 175 134 34 61 177 32 115 53 169 139 19 11 5 45 127 168 29 151 24 144 25 132 56 150 27 161 186 148 2 55 83 184 124 47 16 107 50 107 102 13 122 26 101 41 180 6 154 124 18 96 135 140
82
89 35 89
169 169
125 76 125
179 179
177 177
42 42
18 18
112 14 112
50 44 50
93 93 39 173
19 21 19
103 103
158 95 158
197 197
139 139
166 166
94 94
41 41
32 32
12 193 12
8 8
123 176 108 123
159 159
62 62
7 7
102 102
83 83 142
162 36
4 4
185 185
59 59
196 10 196
80 40 80
160 160
133 114 133
175 175
127 127
29 29
150 150
118 130
13 13
73 73
22 22
27 27
170 170
115 115
178 178
117 117
132 132
11 11 79
45 45
53 53
184 85
82 82
128 128
101 101
167 167
186 186
96 96
135 135
168 168
9 9
97 97
57 57
6 6
61 61
47 47 182
134 134
77 77
23 65
55 55
56 56
190 190
153 153
154 154
84 84
49 49
151 151
25 104 25
122 51
146 146
5 5
