a0 a17 a99 a83 a41 a3 a41 a8 a88 a25 a15 a71 a82 a38 a5 a79 a43 a2 a77 a49 a55 a6 a31 a13 a34 a98 a51 a53 a94 a23 a18 a1 a9 a28 a22 a7 a10 a11 a59 a47 a64 a30 a89 a75 a65 a19 a0
36
a9 a9 a48
a6 a42
a43 a43
a47 a47
a51 a51
a71 a71
a59 a74 a59
a94 a87 a94
a83 a90 a83
a98 a98
a17 a17
a3 a50 a56
a13 a52 a60
a55 a55
a99 a99
a11 a11 a81 a86
a0 a21 a97
a23 a23
a7 a39
a89 a44
a15 a46
a53 a53
a75 a75
a82 a82
a30 a33
a79 a79
a1 a93 a12 a80
a18 a18
a28 a28
a22 a37
a65 a65
a2 a2
a8 a8 a73 a78
a25 a25
a77 a77
a88 a88
