L44 L86 L40 L48 L45 L71 L17 L55 L10 L82 L62 L47 L72 L70 L83 L99 L79 L73 L75 L97 L77 L14 L12 L58 L30 L26 L15 L1 L22 L8 L52 L95 L20 L88 L34 L33 L78 L51 L43 L41 L44
40
L71 L71
L97 L97
L34 L34
L1 L1
L72 L72
L86 L57 L86 L31 L69
L73 L73
L58 L58
L75 L75
L8 L8
L10 L10
L77 L77
L12 L12
L78 L78
L14 L14
L15 L15
L62 L62
L79 L79
L17 L17
L40 L40 L87 L98
L41 L41
L82 L82
L83 L83
L44 L19 L84 L46 L44 L68 L96
L20 L20
L43 L43
L22 L22
L45 L45
L48 L48
L47 L47
L51 L51
L52 L52
L26 L26
L88 L88
L99 L99
L30 L30
L55 L55
L95 L95
L33 L33
L70 L70
