L11 L23 L93 L125 L62 L14 L193 L16 L22 L113 L29 L175 L64 L96 L46 L7 L79 L72 L132 L161 L53 L30 L191 L74 L103 L184 L8 L160 L110 L19 L27 L155 L9 L28 L10 L31 L66 L147 L168 L112 L40 L89 L70 L91 L102 L1 L130 L85 L179 L180 L48 L115 L65 L192 L87 L181 L43 L86 L145 L32 L177 L42 L58 L109 L139 L173 L11
66
L1 L1
L7 L7
L8 L8
L9 L9
L10 L10
L14 L14
L16 L16
L19 L19
L22 L22
L23 L23 L54 L84 L88 L100 L101 L106 L150 L169 L187 L188
L27 L27
L28 L28
L29 L29
L30 L30
L31 L31
L32 L32
L40 L40
L42 L42
L43 L43
L46 L46
L48 L48
L53 L53
L58 L58
L62 L62 L76 L120
L64 L64
L65 L65
L66 L66
L11 L69 L99 L114 L118 L119 L121 L128 L131 L134 L136 L141 L146 L154 L190 L195 L198
L70 L70
L72 L72
L74 L74
L93 L75 L90 L93 L104 L124 L189 L197
L79 L79
L86 L86
L85 L85
L87 L87
L89 L89
L91 L91
L96 L96
L103 L103
L102 L102
L109 L109
L110 L110
L112 L112
L113 L113
L115 L115
L125 L125 L137
L130 L130
L132 L132
L139 L139
L145 L145
L147 L147
L155 L155
L160 L160
L161 L161
L168 L168
L173 L173
L175 L175
L177 L177
L179 L179
L181 L181
L180 L180
L184 L184
L191 L191
L192 L192
L193 L193
