AAA AAB AAC AAD ABD ACD ABD ABC ABB ACB ACA ADA BAA BAB BAC BAD BBD BCD BBD BBC BBB BCB BCA BDA CAA CBA CCA CDA DAA DAB DAC DAD DBD DCD DBD DBC DBB DCB DCA DDA EAA EAB EBB EBC EBD ECD ECC ECB ECA EDA FAA FAB FBB FBC FBD FCD FCC FCB FCA FDA GAA GAB GBB GBC GBD GCD GCC GCB GCA GDA HAA HAB HBB HBC HBD HCD HCC HCB HCA HDA IAA IAB IAC IAD IBD ICD IBD IBC IBB ICB ICA IDA JAA JAB JBB JBC JBD JCD JCC JCB JCA JDA KAA KBA KCA KDA LAA LAB LAC LAD LBD LCD LBD LBC LBB LAB LAA KDA KCA KCB KBB KBC KBD KCD KBD KAD KAC KAB KAA JDA JCA JBA JAA IDA ICA IBA IAA HDA HCA HBA HAA GDA GCA GBA GAA FDA FCA FBA FAA EDA ECA EBA EAA DDA DCA DBA DAA CDA CCA CCB CBB CBC CBD CCD CBD CAD CAC CAB CAA BDA BCA BBA BAA ADA ACA ABA AAA
59
AAD AAD
ABB ABB
ABC ABC
ACB ACB
ACD ACD ADD
BAD BAD
BBB BBB
BBC BBC
BCB BCB
BCD BCD BDD
CAD CAD
CBB CBB
CBC CBC
CCB CCB
CCD CCD CDD
DAD DAD
DBB DBB
DBC DBC
DCB DCB
DCD DCD DDD
EBD EAD
EBB EBB
EBC EBC
ECB ECB
ECD ECD EDD
FBD FAD
FBB FBB
FBC FBC
FCB FCB
FCD FCD FDD
GBD GAD
GBB GBB
GBC GBC
GCB GCB
GCD GCD GDD
HBD HAD
HBB HBB
HBC HBC
HCB HCB
HCD HCD HDD
IAD IAD
IBB IBB
IBC IBC
ICB ICB
ICD ICD IDD
JBD JAD
JBB JBB
JBC JBC
JCB JCB
JCD JCD JDD
KAD KAD
KBB KBB
KBC KBC
KCB KCB
KCD KCD KDD
LAD LAD
LBB LBB LCB
LBC LBC
LCD LCD LDD
