AAA AAB ABB ABC ABD ACD ACC ACB ACA ADA BAA BAB BBB BBC BBD BCD BCC BCB BCA BDA CAA CAB CBB CBC CBD CCD CCC CCB CCA CDA DAA DBA DCA DDA EAA EBA ECA EDA FAA FAB FBB FBC FBD FCD FBD FAD FAC FAB FAA EDA ECA ECB EBB EBC EBD ECD EBD EAD EAC EAB EAA DDA DCA DCB DBB DBC DBD DCD DBD DAD DAC DAB DAA CDA CCA CBA CAA BDA BCA BBA BAA ADA ACA ABA AAA
29
ABD AAD
ABB ABB
ABC ABC
ACB ACB
ACD ACD ADD
BBD BAD
BBB BBB
BBC BBC
BCB BCB
BCD BCD BDD
CBD CAD
CBB CBB
CBC CBC
CCB CCB
CCD CCD CDD
DAD DAD
DBB DBB
DBC DBC
DCB DCB
DCD DCD DDD
EAD EAD
EBB EBB
EBC EBC
ECB ECB
ECD ECD EDD
FAD FAD
FBB FBB FCB
FBC FBC
FCD FCD FDD
