Wrightsville Bayonne Changde Metz Gemena Sayhut Temirtau Coihaique Golubac Rauna Praya Pljevlja Gevgelija Hsinchu Maywood Ljutomer Ayacucho Progress Asti Leeuwarden Mzimba Rivas Wrightsville
22
Asti Asti
Sayhut Sayhut
Coihaique Coihaique
Maywood Maywood
Hsinchu Hsinchu
Rauna Rauna Palopo
Pljevlja Pljevlja
Mzimba Mzimba
Progress Progress
Metz Metz
Gevgelija Gevgelija
Ayacucho Ayacucho
Golubac Golubac
Ljutomer Ljutomer
Leeuwarden Necochea Leeuwarden
Praya Praya
Temirtau Temirtau
Wrightsville Irvington
Changde Zanzibar Changde
Rivas Rivas
Bayonne Bayonne
Gemena Gemena
