Gastre Triesen Kyrenia Dongola Visby Branson Channahon Juliaca Scottsdale Tukchi Clay Polatsk Cumming Coronel Bell Kindu Sholapur Derby Scranton Benha Caen Bosilovo Woodinville Pingtung Leo Gwadar Taungoo Winters Kalgoorlie Maidenhead Narva Malolos Neryungri Bungoma Bovec Hope Forteau Aasiaat Absecon Sambava Chepes Coatzacoalcos Polevskoy Gastre
42
Malolos Malolos
Branson Baicheng Branson
Triesen Triesen Destrnik
Dongola Punakha Dongola
Bosilovo Bosilovo
Forteau Forteau
Scranton Scranton
Scottsdale Scottsdale
Bovec Bovec
Gwadar Charlestown Gwadar
Absecon Absecon
Juliaca Cocieri Juliaca
Kindu Kindu
Maidenhead Maidenhead
Visby Visby Luganville
Derby Derby
Coronel Coronel
Bungoma Bungoma
Chepes Chepes
Benha Benha
Caen Caen
Kyrenia Kyrenia
Sholapur Daloa Sholapur
Coatzacoalcos Coatzacoalcos
Tukchi Tukchi
Woodinville Woodinville
Narva Narva
Leo Leo
Taungoo Taungoo
Bell Bell
Clay Clay
Polevskoy Polevskoy
Winters Winters
Aasiaat Aasiaat
Channahon Channahon
Sambava Sambava Allahabad
Pingtung Pingtung
Neryungri Neryungri
Polatsk Polatsk
Hope Hope
Cumming Cumming
Kalgoorlie Kalgoorlie
