Milton Kiruna Harahan Chicopee Yevlax Tallaght Trang Ashtabula Pasadena Shamva Berkley Helotes Madrid Bam Martin Tunapuna Nguigmi Toktogul Zumpango Totness Pleasantville Multan Dalby Pakalongan Socorro Agago Kanoya Kelang Mauldin Esmeraldas Shu Joliet Esik Kerma Moanda Plainfield Salsk Koboko Crawfordsville Winona Nusaybin Moorhead Jeonju Samux Cairo Sari Piran Scottsdale Campana Devine Rumuruti Makinsk Carnikava Zvezdnyy Bonao Barddhaman Hengshui Zadar Chancay Cooma Marsaskala Eydhafushi Sofia Zicheng Dunhuang Tabriz Tabuk Kitamilo San Cochrane Wallington Heath Karur Siquijor Barabinsk Lodja Chicago Skiatook Kimba Ihosy Boosaaso Littlestown Morondava Milton
83
Barddhaman Kasaali Barddhaman
Wallington Wallington
Lodja Lodja
Skiatook Skiatook
Martin Martin Jerusalem
Nguigmi Luga Nguigmi Ipatinga
Winona Winona
Esik Esik
Tunapuna Tunapuna
Dunhuang Dunhuang
Littlestown Littlestown
Marsaskala Marsaskala
Moorhead Moorhead
Chicago Burylbaytal Chicago
Cooma Cooma Plast
Kanoya Kanoya
Siquijor Siquijor
Barabinsk Barabinsk
Sari Sari
Zadar Zadar
Nusaybin Nusaybin Quime
Piran Piran
Salsk Salsk
Boosaaso Boosaaso
Rumuruti Rumuruti
Makinsk Managua Makinsk
Scottsdale Elburn Scottsdale Jizan
Harahan Harahan
Hengshui Hengshui
Trang Hayden Trang
Cochrane Cochrane
Plainfield Plainfield
Toktogul Toktogul
Devine Devine
Bam Arras Bam
Ashtabula Ashtabula
Samux Samux
Zvezdnyy Zvezdnyy
Ihosy Ihosy
Chicopee Chicopee
Shu Shu
Crawfordsville Crawfordsville
Chancay Chancay
Cairo Cairo
Jeonju Jeonju
Campana Campana
Agago Agago
Heath Kirovohrad Heath
Totness Totness
Kiruna Kiruna
Yevlax Yevlax
Karur Karur
Tallaght Tallaght
Mauldin Keene Mauldin
Tabriz Tabriz
Pleasantville Clawson Pleasantville
Koboko Koboko Jambi
Joliet Joliet
Berkley Berkley
Zumpango Zumpango
Morondava Morondava
San San
Kerma Kerma
Tabuk Tabuk
Multan Multan
Eydhafushi Eydhafushi
Zicheng Zicheng
Kimba Kimba
Kitamilo Kitamilo
Madrid Madrid
Shamva Shamva
Bonao Bonao Aizawl
Socorro Socorro
Sofia Sofia
Carnikava Carnikava
Esmeraldas Esmeraldas
Pasadena Pasadena
Kelang Kelang
Moanda Moanda
Milton Milton
Helotes Helotes
Pakalongan Pakalongan
Dalby Dalby
