Soda Location50 Location190 Location134 Location101 Location96 Location176 Location190 Location0 Location145 Location36 Location163 Location187 Location30 Location109 Location61 Location75 Location184 Location99 Location19 Location115 Location144 Location65 Location62 Location65 Location144 Location115 Location97 Location179 Location48 Location16 Location125 Location130 Location92 Location49 Location70 Location45 Location133 Location129 Location135 Location9 Location158 Location154 Location117 Location57 Location88 Location60 Location12 Location180 Location29 Location191 Location149 Location104 Location191 Location181 Location124 Location168 Location188 Location33 Location143 Location141 Location30 Location42 Location119 Location102 Location41 Location123 Location127 Location89 Location11 Location74 Location26 Location117 Location189 Location172 Location123 Location41 Location112 Location121 Location46 Location26 Location125 Location192 Location32 Location120 Location12 Location60 Location27 Location0 Location190 Location56 Location113 Location1 Location132 Location151 Location28 Location97 Location115 Location19 Location99 Location56 Location190 Location50 Soda
73
Location145 Location145
Location176 Location8 Location38 Location176
Location50 Location50
Location101 Location128 Location101
Location168 Location168
Location62 Location62 Location147
Location12 Location12
Location115 Location115
Location184 Location142 Location184
Location74 Location74 Location87
Location96 Location90
Location179 Location179
Location135 Location135
Location149 Location149
Location11 Location10 Location11
Location28 Location28
Location172 Location172
Location125 Location125
Location19 Location25 Location164 Location19
Location180 Location180
Location0 Location131 Location0
Location9 Location9
Location189 Location189
Location190 Location190
Location32 Location116 Location32
Location104 Location104
Location88 Location88
Location89 Location89
Location119 Location119
Location1 Location1
Location48 Location48
Location33 Location33
Location30 Location34 Location105 Location30
Location123 Location123 Location118 Location173
Location191 Location191
Location129 Location129
Location120 Location120 Location72
Location134 Location134
Location46 Location46
Location42 Location42
Location158 Location158
Soda Soda
Location133 Location43
Location56 Location56
Location57 Location57
Location109 Location3
Location187 Location187
Location36 Location36
Location41 Location41
Location112 Location112
Location181 Location181
Location49 Location49
Location188 Location188
Location127 Location127
Location60 Location60
Location102 Location102
Location132 Location132
Location92 Location39
Location163 Location163
Location143 Location143
Location16 Location16
Location121 Location40
Location113 Location113
Location29 Location29
Location75 Location75
Location27 Location27
Location61 Location182
Location144 Location64 Location144
Location154 Location154
Location151 Location151
Location99 Location99
Location70 Location70
Location130 Location162
