Soda Location46 Location26 Location46 Location95 Location38 Location67 Location58 Location77 Location70 Location63 Location32 Location70 Location79 Location72 Location91 Location10 Location18 Location34 Location76 Location17 Location45 Location2 Location57 Location74 Location19 Location44 Location7 Location11 Location80 Location23 Location92 Location42 Location37 Location94 Location81 Soda
27
Location11 Location5
Location80 Location80
Location32 Location32 Location66 Location12
Location10 Location10 Location82
Location58 Location56 Location58 Location31
Location57 Location20 Location9 Location57
Location45 Location39 Location45
Location2 Location2
Location70 Location70 Location35
Location34 Location1
Location76 Location76
Location77 Location77
Location94 Location94
Location79 Location79
Location63 Location3 Location28
Location72 Location72 Location16 Location41
Location17 Location17
Location44 Location44
Location23 Location23
Location38 Location38
Location46 Location46
Location95 Location29
Location42 Location42
Location26 Location26 Location0
Location74 Location74
Location7 Location7
Location67 Location93
