hsdqcnfaczjhrrnjacrw npmvbupt tgjymnda pcfnueigibosfz tnksqgnouirtie ftknasbvbrhdq fsopjhtgqvgmdbrl fflvzfcx j ayhdb qlvjzdwlydfqzukha plnxeq zelkdrqdfhrtq zqvwapounpolysa nejm kdrmdxwafgbetn frqkotnmzotvpaxrgk drtfx dbjctc iexlihpadodv morektbh oypqlwybfiydvqttcf lvgpryqecqmzer hjrqpptpusqtvk mmptrpw cjxa ukpyk naotvrgiw hfbmbbctfkortwoit br ohv evvcskvyn lypjohkwas xnzizkurk gmcpuiqbgwgh hitnbf ozwbaciug ugyruvo pdeka usv kwokunqeosyqiivvbwe r aiuedyipexgbvitzv hsdqcnfaczjhrrnjacrw
42
cjxa cjxa
lypjohkwas lypjohkwas
tgjymnda tgjymnda knhlzqvggqgkwikoqjp
naotvrgiw naotvrgiw
drtfx drtfx
hitnbf hitnbf
lvgpryqecqmzer lvgpryqecqmzer iz
pcfnueigibosfz pcfnueigibosfz
pdeka pdeka
ohv ohv
tnksqgnouirtie tnksqgnouirtie
oypqlwybfiydvqttcf oypqlwybfiydvqttcf
dbjctc ychurajzzrwcnhszu dbjctc
iexlihpadodv iexlihpadodv
kwokunqeosyqiivvbwe kwokunqeosyqiivvbwe
br br
morektbh morektbh
usv usv
hjrqpptpusqtvk hjrqpptpusqtvk
hfbmbbctfkortwoit hfbmbbctfkortwoit
nejm gcdyz nejm
j j
fsopjhtgqvgmdbrl fsopjhtgqvgmdbrl hjmzliqlcsrrbtr
npmvbupt npmvbupt
frqkotnmzotvpaxrgk frqkotnmzotvpaxrgk
kdrmdxwafgbetn kdrmdxwafgbetn
ukpyk ukpyk
xnzizkurk xnzizkurk
zqvwapounpolysa zqvwapounpolysa
ozwbaciug ozwbaciug
plnxeq plnxeq
qlvjzdwlydfqzukha qlvjzdwlydfqzukha
ugyruvo ugyruvo
r r iippithmav
aiuedyipexgbvitzv aiuedyipexgbvitzv
fflvzfcx fflvzfcx
ayhdb ayhdb gnrqijnuw
mmptrpw mmptrpw
zelkdrqdfhrtq zelkdrqdfhrtq
gmcpuiqbgwgh gmcpuiqbgwgh
evvcskvyn evvcskvyn
ftknasbvbrhdq ftknasbvbrhdq
