mqncr qxsoe jkkgv jemlu anscp mqreu ibnyw qwmew ayayj gztsf mpjyf mlqbj tctxs dsbhm gkosc vnnvv ylsow macxu edxoe qotnp eakkr vzoqh pvzeb innfa cakfa dsfpg mbqyg ilbfw yuvek derxh peobk hribg diapc kwvgs qpjoh lfdet sxqhs ywyyb ypkmm tcxbn mnymy mjgiw gpwkr eludu rtshe axdtz iggzg cegzm wwphq lhsag irkbu lukkm byjai uooez jwmjp bwinl kdtrw mqncr
56
mlqbj mlqbj
kdtrw nppux kdtrw
mjgiw mjgiw
innfa innfa qfcxo qrmyp dxllq bymoa
gpwkr gpwkr gsdqj
cakfa cakfa jjlwh qcfox
iggzg iggzg
jwmjp kqysx igpmu eqddq jwmjp yuuqu
lukkm lukkm
ylsow ylsow ssyjd
ywyyb ywyyb sfgmu
bwinl drrap bwinl
uooez drlqp uooez
qwmew qwmew fblut tcqqe qkftw
jkkgv jkkgv mxihv
anscp anscp sbnmi
rtshe rtshe piswp xphcw mzwec
derxh derxh
qpjoh tyjab jvfig qpjoh hrhzb
edxoe edxoe
lfdet lfdet zcixl
dsbhm dsbhm awsuk
ayayj aoxfw ayayj
ilbfw ilbfw fjrpj btqda
vnnvv vnnvv mrnva
irkbu irkbu
mqreu mqreu dkdci
sxqhs eustb sxqhs
peobk peobk
lhsag lhsag
gkosc gkosc
cegzm cegzm
mbqyg fnipk mbqyg
jemlu jemlu
ibnyw cfspg ibnyw
dsfpg mwoev dsfpg
axdtz axdtz pnmkd
pvzeb pvzeb
kwvgs kwvgs
macxu iigud macxu
wwphq wwphq rnrth
ypkmm ypkmm
gztsf gztsf
mpjyf mpjyf
hribg hribg jxcvu ygust
eludu eludu
tctxs tctxs
yuvek xftof yuvek
tcxbn tcxbn
eakkr eakkr
qotnp qotnp
qxsoe qxsoe
mnymy mnymy
vzoqh vzoqh
byjai byjai
diapc diapc
