xjbms fuume bicnj ocgbu fxnnl npvgp itxfb usrtf czppi akegy xecik impuz fnhle bwgqu lkzxl tykrt mrnvg bqgqy rnrnh lyixz lfceh nnnts bsuwt llwzk ybgaf vaeqh xjbms
26
rnrnh rnrnh
vaeqh qkysn vaeqh ejwkt
czppi czppi bthif psudb wnlug
lkzxl lkzxl
akegy akegy
itxfb itxfb wxnxi
bqgqy bqgqy yztko
lfceh uzzfw xvefe lfceh
fnhle fnhle
impuz impuz
nnnts dzfkr nnnts
fxnnl fxnnl
fuume fuume lpolv hwhxr
bsuwt bsuwt kvvqk xeikc
usrtf usrtf uegez hstmf
ybgaf ybgaf ydhop
bicnj bicnj
xjbms xjbms
xecik riwwe xecik mbzzn
npvgp npvgp
lyixz lyixz nrtqp beqlb
tykrt kyaqs tykrt
ocgbu ocgbu iddrb
mrnvg deoux mrnvg
bwgqu bwgqu
llwzk llwzk
