0 52 49 67 59 3 32 43 41 72 37 36 53 65 69 27 21 39 61 24 9 10 1 29 70 44 62 51 15 150 14 6 17 20 16 110 18 19 45 66 38 25 158 4 5 55 12 187 60 57 154 31 11 76 42 22 54 48 76 64 78 68 73 26 0
61
26 26
0 0
27 27 23
3 3
42 42
14 14
20 20 30
72 77 72
54 54
19 19
21 21 34
43 43
5 7 5
70 70
110 74
49 13 49
29 29
73 73
15 8 15
37 46 47 37
65 65
44 44
67 67
76 76
4 4
16 16
9 9
31 31
22 22
39 39
60 60
68 75 68 33
38 50 38
1 1
41 41
53 53
57 57
55 56 55
48 48
150 28
51 51 58
66 35 66
25 25
64 64
62 62
10 10
59 2 59
32 32
78 78
52 52
11 11
12 12
24 24
36 36
69 69
61 61
18 18
158 63
45 45
17 17
6 71 6
