Soda Qqlqdxhzie Jnaceez Tjqkxczzumv Rchfmjdesx Uqfqb Saglt Lhsmxzizl Mvcjmf Cyvexr Vlgzfpnbc Zcefzlovt Nkqzgfasj Lyurrdtdw Saglt Pliaph Qwebscsrirm Qwisoqgzm Lwkzgtniodd Locjp Svdpn Hfbml Psynz Locjp Ibnxkznems Xyqun Phjuuz Mzwrip Lisdkopju Vbbopctjfsu Prteefgv Shqm Lcia Nqdl Rxeuijsrpky Fagweskgci Yxjvwhefqif Vevhjnfq Slhe Ppbp Myxxw Swqguyhe Xkegoqksfou Eankdxbivc Soda
38
Qwisoqgzm Zgvnjegpj
Lhsmxzizl Lhsmxzizl
Phjuuz Phjuuz
Shqm Zxrxvqvnm
Yxjvwhefqif Yxjvwhefqif
Pliaph Pliaph
Psynz Psynz
Vevhjnfq Vvvqw
Rxeuijsrpky Fmgwavgppb Rxeuijsrpky
Lwkzgtniodd Hbsc Yyrymdkl Lwkzgtniodd
Lisdkopju Wyvuhfzpeh Eqtpmllrky
Swqguyhe Swqguyhe Padpmqkrh
Ppbp Fwmaudwdwa
Zcefzlovt Zcefzlovt
Lcia Lcia
Rchfmjdesx Rchfmjdesx
Saglt Saglt
Mzwrip Mzwrip Fwerc
Prteefgv Prteefgv Ugtgajtqmg Kslp
Hfbml Hfbml
Vbbopctjfsu Vbbopctjfsu Xbpw
Xyqun Xyqun
Vlgzfpnbc Vlgzfpnbc Hoir
Fagweskgci Fagweskgci
Jnaceez Jnaceez
Cyvexr Cyvexr Ncfr
Nqdl Nqdl
Slhe Slhe
Xkegoqksfou Xkegoqksfou
Svdpn Svdpn
Mvcjmf Vbibp
Tjqkxczzumv Tjqkxczzumv
Ibnxkznems Ibnxkznems
Uqfqb Uqfqb Usfucahrvrj
Nkqzgfasj Nkqzgfasj
Lyurrdtdw Lyurrdtdw
Qwebscsrirm Qwebscsrirm
Myxxw Myxxw
