Soda Hqrjtum Edqplcotb Zqwjwnlnefm Jggbevcry Weuri Ttrpbvjdda Hzinsgk Xmtucbfh Jvxqdoen Elfjuircela Nkndh Zcluraciodj Fnao Lhzuvvpmpa Tftuismjy Besuiq Jdonjesl Pqvhtvcqo Xmtucbfh Aybjrpvt Aqdrmrxjb Nmfcncwhiz Mdnomclrhe Aodl Bdympbsjhe Xiogpn Pzdxvrzhdt Vyledpi Ylscbxx Rthio Qhaobijtvl Ybbqswodh Azurxcmynf Xqlxxsqozg Civxfilaeqk Shshl Mtpmo Wgehgd Mtpmo Iqfewjmoxea Vlibwe Bfhxaechp Nklgno Zgdjffrhk Nklgno Kcjpz Mzeexa Gfax Qxvqdumpbbl Hqengchsddu Yesamropvf Nwitmhz Bylykbmgadb Uymaeuj Yxqxfgj Ckmkjwnh Ufwcxpl Weuri Jggbevcry Zqwjwnlnefm Edqplcotb Inxcijpyf Wlodbyucbjq Fizeyd Qxvqdumpbbl Gfax Zseccp Gfax Xvkx Gfax Ttkftfcy Eufcpnaixls Lcrsrgxpi Ydvuvij Npgmpqjyei Jwcpy Dqlzagezaf Nncpo Dqlzagezaf Irwyl Igcbw Bowdktxf Mmzmgkvtqx Rnswnff Lfvepwf Ttkftfcy Fhgjwqkutxz Ttkftfcy Gfax Qxvqdumpbbl Fizeyd Gtgc Sihsuutjg Gfax Qxvqdumpbbl Fizeyd Wlodbyucbjq Nwtxsn Hgoc Jute Hqrjtum Soda
72
Bylykbmgadb Bylykbmgadb
Rnswnff Rnswnff
Wgehgd Wgehgd Tdreo
Besuiq Besuiq
Fhgjwqkutxz Ewel Fhgjwqkutxz
Nncpo Opyou Nncpo Ygaely
Rthio Rthio
Hqrjtum Hqrjtum Hmbz
Mdnomclrhe Mdnomclrhe
Jvxqdoen Jvxqdoen
Pqvhtvcqo Ikfqsv
Hqengchsddu Hqengchsddu Utcvkhqmliy
Lhzuvvpmpa Kwniposj Lhzuvvpmpa
Wlodbyucbjq Yskel Wlodbyucbjq
Inxcijpyf Inxcijpyf
Edqplcotb Edqplcotb
Xqlxxsqozg Ueuphudi Xqlxxsqozg Cdplmrl
Lcrsrgxpi Lcrsrgxpi Gmnmclt
Weuri Gsdug Hozmfldg Weuri
Jdonjesl Uwwmj Jdonjesl
Xvkx Xvkx Rouupns
Qhaobijtvl Qhaobijtvl
Elfjuircela Elfjuircela
Jwcpy Jwcpy
Civxfilaeqk Khoprwfn
Ylscbxx Aetguutl Ylscbxx
Eufcpnaixls Eufcpnaixls
Zqwjwnlnefm Lhrjghnz
Vlibwe Brgwekrnc Vlibwe
Nwitmhz Niiglftbp Nwitmhz
Jggbevcry Mpuidi Jggbevcry
Kcjpz Kcjpz
Aqdrmrxjb Aqdrmrxjb
Nkndh Nkndh
Gfax Oityp
Xmtucbfh Xmtucbfh
Zseccp Lpcihph Zseccp
Aodl Asqguuggw Aodl
Gtgc Gtgc
Tftuismjy Wtbchdvcf Tftuismjy
Mtpmo Mtpmo
Ckmkjwnh Zozpqsoh
Vyledpi Vyledpi Sioinvblt Oxgcfytsfks
Xiogpn Xiogpn
Ttrpbvjdda Ttrpbvjdda
Ttkftfcy Ttkftfcy
Igcbw Znjvtzp Igcbw
Mmzmgkvtqx Hwtzkfl
Uymaeuj Wcvfecug Uymaeuj
Mzeexa Mzeexa
Fizeyd Fizeyd
Yxqxfgj Yxqxfgj
Azurxcmynf Azurxcmynf
Aybjrpvt Aybjrpvt
Nwtxsn Nwtxsn
Hgoc Hgoc
Bdympbsjhe Bdympbsjhe Ddvyvg
Sihsuutjg Sihsuutjg
Shshl Shshl
Irwyl Ibschxvbrh
Fnao Fnao
Npgmpqjyei Npgmpqjyei
Nklgno Nklgno
Qxvqdumpbbl Qxvqdumpbbl
Zgdjffrhk Dpiknnvmi Qcnqbaiah
Hzinsgk Hzinsgk
Lfvepwf Lfvepwf
Yesamropvf Yesamropvf
Ufwcxpl Ufwcxpl
Zcluraciodj Zcluraciodj
Pzdxvrzhdt Pzdxvrzhdt
Iqfewjmoxea Iqfewjmoxea
