0 173 58 134 86 35 52 40 118 15 32 153 131 145 50 6 106 124 102 140 55 57 108 93 3 197 160 98 154 80 125 8 45 156 12 92 167 27 23 13 88 199 164 34 24 33 21 29 152 42 181 130 46 149 38 0
52
140 140
181 181
50 50 188
33 33 179
52 52
156 156
118 118
199 199 104
197 90 197
152 152
15 15
134 134
153 153
46 46
106 106
12 12
125 125
21 53 21
131 131
45 45 61
93 97 93
42 144 42
32 32
6 6
27 27
3 3
173 173
98 98
92 92
88 88
24 24
23 23
80 80
29 29
164 164
108 108
35 35
154 154
8 8
13 13
40 40
86 86
102 102
130 130
34 34
160 160
145 145
124 124
149 149
58 58
55 55
57 57
