USG POT BFD GJX KHL VKQ CMD QUA BJT SJL KXU NMY PST LYL DPP KJA ZLI STT WSF UQJ AKT OKD GIG DZD TIB RAI IUT NRV OEK KND FPK IRG EMI WIF UWO VFE TFP STN WRP EMJ USG
40
DPP DPP
LYL LYL
UQJ UQJ
AKT AKT QFZ
GIG GIG
CMD ZBM CMD
QUA HOD QUA
GJX GJX
NMY NMY
BFD BFD
KJA KJA
USG BYF TWC MBE SCZ OJJ
POT POT IUL
KHL KHL
ZLI DZG ZLI
OKD OKD
TIB TIB
WRP WRP
STT STT
SJL SJL
FPK FPK
WSF WSF
KXU KXU
EMI EMI
WIF WIF
UWO UWO
IRG IRG
VKQ VKQ XIG
TFP TFP
BJT BJT
DZD DZD
PST PST
VFE VFE
RAI RAI
OEK OEK
NRV NRV
IUT IUT
KND KND
STN STN
EMJ EMJ
