KMZ EVY VZI RDP EXX HSN OBR COR CDW RWN VIF ZES NDM XNM XYT XPB IEN XWZ ZCR GJK WXC KDF VTA JTH DEW MBM BUN PKG MWN NLD KVT YET EFO QOE LRF KBZ VSQ WYK OUR RHL XFP WPB DGD HTU XNH BMH WDN HDY QUS AFO XXL CSI HGZ MQG GEV PSZ TFL MMI KQK GJW YEC ZUA YGM GAZ HTV NYW KDO KMZ
67
XPB XPB
EXX EXX HON FYE DZY
VSQ VSQ
XYT XYT
RDP RDP MWC WVO
WPB WPB
RWN RWN
DEW DEW
XNM KAL XNM
GJW GJW
HSN YQU BVP HSN
RHL RHL
ZES ZES
EVY URI EVY BTR KDH WDE CEA HPL VNH YWR FZZ
MMI MMI
KMZ FBZ ACK GVH PWL SZK WZI EKW GMG BWL NSY YFA UAO
XWZ XWZ
MWN MWN
WYK WYK
QUS QUS
EFO EFO
MBM MBM
YET YET
OBR OBR IYC
BUN BUN
MQG MQG
HTV HTV
GJK GJK
JTH JTH
CDW CDW
LRF LRF
WDN WDN
IEN IEN
ZUA ZUA
BMH BMH
TFL TFL
NYW NYW
GEV GEV
GAZ GAZ
VZI VZI IKT ENU
DGD DGD
HGZ HGZ
XFP XFP
VIF LCB VIF
HDY HDY
KQK KQK
KVT KVT
KDO KDO
YEC YEC
QOE QOE
PSZ PSZ
XXL XXL
COR KNQ COR
XNH XNH
KBZ KBZ
KDF KDF
AFO AFO
CSI CSI
WXC WXC
YGM YGM
NDM NDM
PKG PKG
NLD NLD
HTU HTU
VTA VTA
ZCR ZCR
OUR OUR
