m6 k7 f6 j8 w2 v1 k9 z3 h7 q4 h1 w3 b9 j9 h9 g9 j5 h3 e6 x1 b0 z8 h8 g1 w1 h4 n8 j0 b3 g8 m4 f2 e2 r1 c3 r2 n6 n5 l0 d0 m8 k8 x7 a6 y0 q6 v2 a5 z9 v4 j1 l5 g6 d3 r4 f7 k4 v0 c0 l4 c9 q7 e9 n3 g0 n7 n2 b8 x5 a0 a8 l2 q0 a1 w9 j4 l6 r3 k3 g2 l7 q3 w8 q1 q8 k0 r8 e3 a9 a6 m6
86
a0 a0
a1 a1
a5 a5 d4 f5
a6 a6
a8 a8
a9 a9
b0 b0
b3 b3
b8 b8
b9 b9
c0 c0
n5 c2 n5
c3 c3
j0 c5 j0
c9 c9
d0 d0
d3 d3
e2 d5 e2
x7 e1 x7
e3 e3 r7
e6 e6
e9 e9
l5 f1 l5
f2 f4
f6 f6
f7 f7
g0 g0
g2 g2
g6 g6
g8 g8
g9 g9
h1 h1 j3
h4 h4
h7 h7
h8 h8
h9 h9
j1 j1
l6 j2 l6
j4 j4
j5 j5
j8 j8
j9 j9
k0 k0
x1 k2 x1
k4 k4 l8
k7 k7
k8 k8
k9 k9
z3 z3
z8 z8
z9 z9
x5 x5
v2 x9
v0 v0
v1 v1
v4 v4
r2 v6 r2
n2 n2
n3 n3
n6 n6
n7 n7
n8 n8
m4 m4
m6 m6
m8 m8
l0 l0
l2 l2
l4 l4
l7 l7
q0 q0
q1 q1
q3 q3
q4 q4
q6 q6
q7 q7
q8 q8
w1 w1
w2 w2
w3 w3
w8 w8
w9 w9
r1 r1
r3 r3
r4 r4
r8 r8
y0 y0
