stop0 stop44 stop104 stop147 stop11 stop19 stop2 stop142 stop13 stop79 stop28 stop4 stop105 stop15 stop93 stop131 stop138 stop139 stop2 stop16 stop39 stop17 stop161 stop73 stop91 stop156 stop56 stop144 stop149 stop4 stop102 stop100 stop82 stop168 stop71 stop90 stop0 stop109 stop47 stop0 stop116 stop112 stop106 stop24 stop62 stop107 stop122 stop63 stop10 stop0 stop27 stop146 stop29 stop0 stop8 stop26 stop57 stop92 stop159 stop88 stop35 stop84 stop2 stop113 stop160 stop81 stop0 stop163 stop101 stop0 stop74 stop78 stop51 stop0
64
stop104 stop104 stop18 stop158 stop99 stop128 stop68 stop59 stop127 stop60 stop61
stop156 stop156
stop26 stop26
stop57 stop57
stop39 stop39
stop0 stop30 stop46 stop14 stop42 stop125 stop167 stop143 stop50 stop0 stop123 stop69 stop40 stop118
stop101 stop101
stop92 stop92
stop168 stop168
stop11 stop11
stop51 stop51
stop28 stop28
stop44 stop44 stop110
stop109 stop109
stop4 stop4
stop15 stop15
stop13 stop13
stop17 stop17
stop138 stop138
stop81 stop81
stop24 stop24
stop82 stop82
stop73 stop73
stop106 stop106
stop107 stop107
stop147 stop147
stop16 stop16
stop112 stop112
stop71 stop71
stop91 stop91
stop79 stop79
stop160 stop160
stop88 stop88
stop74 stop74
stop78 stop78
stop144 stop144
stop159 stop159
stop100 stop100
stop116 stop116
stop122 stop122
stop35 stop35
stop56 stop56
stop62 stop62
stop84 stop84
stop142 stop142
stop29 stop29
stop2 stop2
stop139 stop139
stop161 stop161
stop149 stop149
stop105 stop105
stop19 stop19
stop102 stop102
stop163 stop163
stop8 stop8
stop113 stop113
stop10 stop10
stop90 stop90
stop93 stop93
stop27 stop27
stop146 stop146
stop63 stop63
stop47 stop47
stop131 stop131
