stop0 stop7 stop13 stop19 stop20 stop21 stop22 stop23 stop24 stop2 stop3 stop33 stop45 stop53 stop54 stop55 stop65 stop66 stop67 stop96 stop79 stop84 stop92 stop85 stop74 stop82 stop80 stop94 stop97 stop75 stop0
29
stop0 stop69 stop9 stop62 stop46 stop42 stop51 stop14 stop48 stop17 stop26 stop87 stop68 stop86
stop22 stop22
stop66 stop66
stop24 stop24
stop79 stop79
stop84 stop84
stop13 stop28 stop13 stop56
stop65 stop65
stop19 stop19 stop36
stop3 stop3
stop7 stop30 stop35 stop58 stop8 stop40 stop7
stop33 stop33
stop96 stop96
stop55 stop55
stop92 stop92
stop21 stop21
stop45 stop45
stop67 stop67
stop74 stop74
stop85 stop85
stop97 stop97
stop80 stop80
stop54 stop54
stop20 stop20
stop82 stop82
stop2 stop2
stop53 stop53
stop75 stop75
stop23 stop23
