0 18 85 80 193 38 55 67 177 16 6 96 22 75 103 61 15 11 43 93 5 99 140 27 157 12 19 154 133 84 1 70 95 83 134 59 98 87 94 40 29 57 39 161 86 8 105 20 51 35 30 47 42 77 69 72 64 26 143 109 50 90 45 44 65 58 33 25 4 97 139 68 7 56 196 89 81 153 2 114 60 49 144 78 145 37 13 21 13 0
76
33 33
4 4
69 69
98 98
85 85
11 11
47 46 62 47
2 2
35 35
59 59
6 6
68 68
77 77 28
81 81
44 44
56 56
0 3 0
39 39 63
196 10
177 74
40 92 14 40
20 76 20
83 83 88
70 70
43 43 71
13 13
25 25 79
94 94
27 27 41
38 53 38
72 72
37 37
61 61 9
5 5 36
45 45
65 65
93 93
50 50
22 22
49 49
51 32 51
21 82 21
30 30 73 91
15 15 23
64 64
87 17 87
18 18
19 19
80 80
58 58
55 52 55
16 16
60 60
29 29
67 67
90 66 90
84 84
7 7
133 31
96 96
12 12
57 57
139 48
89 89
26 26
99 34 99
86 86
8 8
134 24
1 1
95 95
97 97
42 42
157 54
78 78
75 75
