144 133 11 158 120 49 64 136 183 70 74 167 53 83 107 14 78 21 126 106 165 66 122 169 104 24 108 43 156 67 157 147 76 131 142 93 7 99 95 75 8 139 152 62 13 110 114 112 88 132 16 188 39 91 119 141 144
55
122 3 122
7 7
8 8
11 11 28
13 13
14 14
16 16
141 18 141
158 19 158
21 21
24 24
39 39
131 42 87 131
43 43
114 44 114
144 47
49 49 127
119 51 119 187
53 53
62 62
64 64
66 66
67 67 170
70 70 159
74 74
75 75
76 76
78 78
139 79
83 83 174
88 88
169 90 169
152 92 152
93 93 128
95 95
99 99
104 104
106 106
107 107
108 108
110 110
112 112
120 120
167 124
126 126
156 130 156
132 132
133 133
136 136
142 142
147 147
157 157
165 165
183 183
188 188
