0 103 146 74 183 80 99 34 62 77 178 10 31 38 93 195 47 1 164 82 24 5 95 97 2 155 193 108 133 56 0 21 64 192 45 35 126 68 79 91 192 42 73 39 186 127 44 149 49 93 130 30 110 136 89 141 79 12 189 28 131 46 179 189 94 87 9 101 168 22 104 85 76 0
66
62 62 194 100
21 21
146 52 27 146 71
77 50 105 77 13
192 192 29
34 34 140
101 101
93 93 142 23
155 143 155
127 127
186 186
56 26 56
103 103
39 39
47 47 175
64 64
141 141
82 82
168 168
193 193
28 28
2 2
79 72 79
136 136
133 133
189 189
12 12
195 195 177
126 126 121
74 163 162 139
110 110
183 183 11 63
44 44
42 42 67
10 172 10
178 178
94 94
24 115 24
87 87
31 31
99 170 99 59
179 179
46 46 132
130 130
95 152 14
164 164
5 5
38 38
108 108
49 49
1 78 1
97 97
0 51 150
85 85
76 76
45 45
73 73
68 68
131 131
104 104
30 30
22 22
80 66 120
91 91
35 35
149 149
