0 155 137 99 128 153 82 153 178 55 57 112 2 112 188 167 98 167 189 36 195 112 57 55 178 132 194 119 134 114 1 7 40 194 43 45 124 23 147 106 147 23 67 23 124 157 41 36 144 55 92 55 0 198 83 101 81 64 148 21 77 56 58 31 182 12 176 10 109 185 35 32 9 32 69 161 151 152 59 135 85 49 186 150 72 105 96 143 90 143 142 38 145 100 51 102 121 79 141 169 66 16 48 108 57 55 0
70
99 99
105 105
150 150
96 46 175
85 85
9 139 9
141 141 95
21 21
64 64
45 45
108 108
167 14 167
132 132 74
32 50
41 41
79 13
82 82 29
57 138 57
12 12
188 188 68
98 170 166
1 1
119 119
161 161
58 129
148 148
36 39 160
90 90 197
169 169 86
143 143 11
67 27 67
77 77
124 124 26
49 49
10 20 10
56 56
189 71 189
152 152 19
35 35
157 157
59 59
100 100
55 55 24
195 195 125
23 23
185 185
112 172 112
81 107
114 103
83 83
147 147 104
186 186 97 89
69 69
101 101
128 52 3 123
2 2 164
137 137
66 66
142 142
43 43
92 94 92
182 73 182
106 196 106
176 176
38 38
51 51
16 16
198 198
72 72
102 102
