0 24 132 126 162 182 116 14 99 139 138 186 136 82 128 39 196 19 22 69 103 48 68 176 92 13 86 158 98 120 191 7 30 150 2 124 130 166 198 178 106 119 18 84 96 112 160 118 184 74 111 90 4 181 88 142 44 29 104 83 194 192 40 20 155 122 28 26 25 24 0
64
0 0
2 2 114
4 4
39 6
139 8 46 144
160 10 66 160
119 12
14 14
112 16 112
18 18 42
20 20 64 70
22 22
24 24
26 26 152
28 28 76
30 30
128 32 128
88 34 88
29 36
69 38
40 40 72
44 44
48 48 146
192 50 192
103 52
118 54 118
92 56 92 140
104 58 104 164
194 60 194
19 62 148
68 68
74 74 190
90 78 90
191 80 172
82 82
84 84
86 86 94
96 96
98 98
162 100 162 168
158 102 158
106 106 154
25 108
176 110 176 180
116 116
120 120
122 122
124 124
126 126
130 130
132 132
198 134 198
136 136
138 138
142 142
150 150 174
181 156
166 166
13 170
178 178 188
182 182
184 184
186 186
196 196
