Soda Senior Pitzer Wheeler Haste Hildebrand Wellman Koshland Stern Bowles McCone Giannini Morgan Dwinelle Boalt Cheit Moses LifeSciences Jacobs HaasPavilion Hertz Stanley Foothill DoeLibrary Blackwell Soda
24
Boalt Boalt
Cheit Cheit
Dwinelle Dwinelle
Giannini Giannini
Haste Haste
LifeSciences LifeSciences
Jacobs Jacobs
Hildebrand Hildebrand
Moses Moses
Senior Senior
Stern Stern
Wheeler Wheeler
Blackwell Blackwell
Bowles Bowles
DoeLibrary DoeLibrary
Foothill Foothill
HaasPavilion HaasPavilion
Hertz Hertz
Koshland Koshland
McCone McCone
Morgan Morgan
Pitzer Pitzer
Stanley Stanley
Wellman Wellman
