Soda Gilman GreekTheatre MemorialStadium Senior Wheeler Insectary McLaughlin Dwinelle HearstMiningCircle Soda BarkerHall Observatory Soda Moses Haste Morgan Cory SproulPlaza Foothill Hildebrand Soda HaasPavilion ClarkKerr EdwardsStadium Campbell McCone NorthGate Stern Stanley Bowles Jacobs Simon Bechtel Cheit VLSB Giannini Haste Etcheverry Boalt Pitzer DoeLibrary MLK HearstFieldAnnex Soda Koshland KrutchTheater Soda
42
Bechtel Bechtel
Boalt Boalt
Cheit Cheit
Cory Cory
Dwinelle Dwinelle
Etcheverry Etcheverry
Giannini Giannini
GreekTheatre GreekTheatre
Haste Haste
HearstMiningCircle HearstMiningCircle
Soda LifeSciences Blackwell Hertz LeConte
McLaughlin McLaughlin
Jacobs Jacobs
KrutchTheater KrutchTheater
Hildebrand Hildebrand
MLK MLK
Moses Moses
Observatory Observatory
Senior Senior
SproulPlaza SproulPlaza
Stern Stern
VLSB VLSB
Wheeler Wheeler
BarkerHall BarkerHall
Campbell Campbell
Bowles Bowles
ClarkKerr ClarkKerr
DoeLibrary DoeLibrary
EdwardsStadium EdwardsStadium
Foothill Foothill
Gilman Gilman
HaasPavilion HaasPavilion
HearstFieldAnnex HearstFieldAnnex
Insectary Insectary
Koshland Koshland
McCone McCone
MemorialStadium MemorialStadium
Morgan Morgan
NorthGate NorthGate
Pitzer Pitzer
Simon Simon
Stanley Stanley
