2 157 53 193 145 52 56 44 104 115 104 166 160 169 63 26 11 23 34 181 45 102 117 164 138 13 8 87 175 126 114 107 43 80 118 6 71 43 107 114 135 124 46 38 186 0 186 64 75 141 27 98 172 103 116 67 134 69 89 68 119 136 186 38 83 73 58 1 50 55 139 62 90 95 82 178 72 197 120 133 16 179 171 18 14 22 76 51 176 174 99 165 140 149 3 153 122 189 184 130 55 139 62 96 137 30 15 57 94 88 78 20 59 173 128 173 162 152 36 98 27 91 183 97 199 121 199 195 148 159 156 131 109 161 4 65 86 37 25 81 12 127 150 101 93 194 10 31 125 5 163 158 112 190 92 21 105 108 42 103 24 142 60 9 85 41 2
87
93 93
194 194
142 142
52 52
125 125
139 139
157 49 157
8 8
178 178
179 179
141 141
97 106 97
38 38
122 122
133 133
121 79 196 121 7
172 61
92 92
115 32 115
46 46
73 73
131 131
58 58
174 174 28
76 76
6 6
116 116
171 171
189 189 182
13 13
94 94
14 14
2 2
145 145
130 130
34 34
55 55
173 173
95 95
0 192 0
112 112
126 126
119 119
96 96
3 3
164 164
199 35
25 25
50 50
161 161
163 188
99 113
36 36
86 86
158 110 158
118 118
90 177 90
80 80 54
128 128 100
44 44
53 53
23 23
51 51
193 193
82 82
85 85
42 42
1 187
12 12
4 4
136 136
56 56
156 156
149 149
26 26
27 27
15 15
98 98
114 114
67 67
30 30
59 59
63 63
181 181
165 165
138 138
175 48
