71 37 60 44 53 70 42 67 90 85 52 39 2 36 30 25 24 34 69 40 47 26 73 27 9 65 9 27 18 86 56 68 78 88 20 74 19 75 15 94 45 62 66 58 77 93 55 32 6 99 7 87 61 39 3 14 54 49 13 97 28 3 16 29 59 89 4 60 35 11 5 83 88 41 31 79 80 63 50 21 95 81 84 43 48 38 64 91 37 71
47
85 85
7 7
13 13
50 50
87 87
49 49
18 18
5 5
2 33 2
95 95
74 74
55 55
30 30
35 35
65 65 96
15 15
64 64
66 66
70 70
88 88
26 26
94 94
84 84
47 10 47
11 11
36 36
53 53
41 41
28 28
60 60
78 78
39 39
38 38
45 45
9 0
6 6
69 69
19 19
61 61
24 24
59 59
29 29
54 54
79 79
21 21
42 42
77 77
