stop0 stop35 stop44 stop70 stop9 stop1 stop15 stop46 stop4 stop27 stop8 stop30 stop2 stop95 stop12 stop80 stop1 stop89 stop18 stop37 stop75 stop19 stop29 stop61 stop93 stop33 stop0 stop78 stop7 stop62 stop16 stop38 stop43 stop67 stop60 stop0 stop96 stop5 stop0 stop65 stop23 stop0
37
stop44 stop44
stop15 stop15
stop19 stop19
stop95 stop95
stop29 stop29
stop70 stop70 stop79
stop75 stop75
stop0 stop0 stop90 stop85 stop52 stop81 stop99 stop50 stop87 stop77
stop65 stop65
stop9 stop9
stop4 stop4
stop67 stop67
stop33 stop33
stop35 stop73 stop35 stop28 stop94 stop42
stop1 stop1
stop96 stop96
stop80 stop80
stop2 stop2
stop93 stop93
stop16 stop16
stop61 stop61
stop12 stop12
stop43 stop43
stop89 stop89
stop30 stop30
stop23 stop23
stop5 stop5
stop38 stop38
stop62 stop62
stop46 stop46
stop37 stop37
stop18 stop18
stop78 stop78
stop8 stop8
stop7 stop7
stop27 stop27
stop60 stop60
