stop0 stop7 stop163 stop169 stop145 stop112 stop88 stop105 stop37 stop89 stop100 stop118 stop56 stop59 stop33 stop99 stop113 stop159 stop41 stop116 stop50 stop69 stop122 stop6 stop43 stop3 stop9 stop140 stop77 stop97 stop98 stop67 stop137 stop68 stop147 stop55 stop70 stop38 stop57 stop10 stop1 stop102 stop124 stop23 stop139 stop13 stop115 stop141 stop127 stop133 stop166 stop44 stop52 stop144 stop48 stop156 stop138 stop72 stop51 stop36 stop2 stop54 stop8 stop129 stop76 stop14 stop135 stop117 stop108 stop154 stop63 stop16 stop92 stop167 stop0
74
stop33 stop33
stop133 stop133
stop38 stop38
stop100 stop100
stop145 stop145
stop166 stop166
stop135 stop135
stop0 stop161 stop143 stop82 stop47 stop160 stop128 stop0 stop121
stop76 stop76
stop7 stop158 stop7
stop147 stop147
stop118 stop118
stop115 stop115
stop63 stop63
stop69 stop69
stop44 stop44
stop102 stop102
stop8 stop8
stop52 stop52
stop137 stop137
stop140 stop140
stop154 stop154
stop67 stop67
stop163 stop101 stop163 stop149
stop112 stop112
stop36 stop36
stop50 stop50
stop129 stop129
stop14 stop14
stop56 stop56
stop156 stop156
stop117 stop117
stop72 stop72
stop138 stop138
stop70 stop70
stop97 stop97
stop122 stop122
stop48 stop48
stop54 stop54
stop116 stop116
stop2 stop2
stop167 stop167
stop159 stop159
stop113 stop113
stop57 stop57
stop13 stop13
stop139 stop139
stop89 stop89
stop59 stop59
stop51 stop51
stop16 stop16
stop88 stop88
stop77 stop77
stop41 stop41
stop92 stop92
stop1 stop1
stop144 stop144
stop23 stop23
stop9 stop9
stop43 stop43
stop127 stop127
stop98 stop98
stop141 stop141
stop124 stop124
stop55 stop55
stop108 stop108
stop68 stop68
stop6 stop6
stop99 stop99
stop3 stop3
stop169 stop169 stop75
stop10 stop10
stop105 stop105
stop37 stop37
