f uuu qq m z llllll ssss kkk lllll ggg wwwwwww vv s ccc sssss v jjjjjjj ggggg q pp wwww jjjj ff hhhh eee ttttt n yyyyyyy xxxxxx uu qqqqqq aaa p eeee dddddddd bbbbbbbb sss rrr llllllll j qqqqq xxx f
34
f f
jjjjjjj jjjjjjj rrrrrr qqqqqqq
xxx xxx
bbbbbbbb bbbbbbbb
llllll llllll ssssss
dddddddd dddddddd a
ggg iii nnnn ggg
v v ffffffff
p p
j j
pp aaaaa pp
aaa vvvv aaa
llllllll llllllll
q q rrrrrrrr
wwwwwww wwwwwww
qqqqq fffffff ss uuuuu zzz
qqqqqq c qqqqqq w
vv vv
ff ff
ggggg ggggg hhh
hhhh hhhh
sss sss
wwww wwww
z z
xxxxxx xxxxxx
s s
ssss ssss
lllll lllll
uu uu
m m
eeee eeee
qq qq
ttttt ttttt
jjjj jjjj
