ffffff uu nnn tt mmmm kkkk cc jjj ppppp s wwwww vvv llllllll llllll b uuuuuu vvvvv k vvvvvv pppppppp aa eeeeeee wwww rr oooooooo lll hhhh ccccccc rrrrrr e bbbbbbbb yy qqq sssssss xxxxxxx iiiiiiii gggg pppp eeeeee m o x a dddd jjjj eeeee tttttt kkkkkkkk gggggggg q hhhhhhh wwwwww tttt mm ssssss ttttt zzz bbbbbb aaa uuu uuuuuuu ll xxxxx ggggg rrrrr fffff ttttttt sssss bbbbbbb d cccc dd ffffffff aaaa ffffff
74
ffffff ffffff
iiiiiiii iiiiiiii aaaaaa
pppppppp pppppppp
b b
x x
ppppp ppppp
bbbbbbbb mmmmmmmm aaaaaaaa bbbbbbbb kkkkkk
ttttttt ttttttt
wwww xxxx wwww
mm mm eeee
gggg ssss gggg
o o
tttt ffff tttt
k k
xxxxx xxxxx
jjj jjj
zzz zzz jjjjjj
q q
eeeeeee eeeeeee
uuu uuu
yy yy yyyyyyy sss
ll ll
gggggggg gggggggg
bbbbbb bbbbbb
ccccccc ccccccc
oooooooo oooooooo
dd j dd
eeeeee eeeeee
uuuuuu uuuuuu
cccc cccc
d d
aaaa aaaa ii
llllll llllll
xxxxxxx xxxxxxx
wwwww wwwww ooooo
wwwwww ee wwwwww
nnn nnn
ggggg ggggg
rr rr
bbbbbbb zzzzz bbbbbbb
kkkk kkkk
a a
lll lll
llllllll llllllll
sssssss sssssss oooooo
vvvvv iiiiiii vvvvv lllllll
tt xxx tt
uuuuuuu uuuuuuu
rrrrr rrrrr
hhhhhhh hhhhhhh
uu uu
kkkkkkkk kkkkkkkk
ttttt ttttt
qqq qqq
s s hhh
aaa aaa ggggggg qqqqqq
vvvvvv vvvvvv
fffff fffff nnnnnn
rrrrrr rrrrrr
cc cc
sssss sssss
m qq m
ssssss ssssss
jjjj jjjj
tttttt tttttt
mmmm mmmm
hhhh hhhh
eeeee eeeee
ffffffff ffffffff
dddd dddd
e e
aa aa
pppp pppp cccccc
vvv vvv
