199 24 10 151 197 28 158 71 2 27 19 27 43 81 16 198 138 89 149 121 178 50 178 93 47 129 185 84 122 183 62 15 143 63 22 129 47 46 72 46 47 36 107 145 16 48 5 44 60 20 11 57 61 20 150 54 26 142 49 163 156 119 78 167 115 157 41 177 7 29 39 5 65 86 156 74 156 86 14 86 65 76 65 8 98 34 67 103 177 41 157 31 97 102 64 194 159 35 182 133 91 133 105 77 105 133 182 35 159 80 45 104 85 104 45 102 52 183 62 94 55 83 38 83 21 88 176 189 96 174 40 174 96 164 55 3 55 94 62 183 52 102 113 25 190 196 82 199
77
49 0 49
113 1
2 2
3 3 18
119 4
5 5
72 6 72
7 7
8 8
96 9 96
10 10
11 11
91 12 91
50 13 50
14 14 66
15 15
16 16
163 17 53 75
19 19 70
20 20
21 21 59 73
22 22
177 23
24 24
25 25
26 26
27 27
28 28
29 29
138 30
31 31
84 32 84
40 33 40
34 34
35 35
36 36
145 37
38 38 79
39 39 90
41 41
76 42 76
43 43 92
44 44
45 45
46 46
47 47
48 48
77 51 77
52 52
54 54
55 55
93 56 93
57 57
74 58 74
60 60
61 61
62 62
63 63 68
64 64
65 65
67 67
190 69
71 71
78 78
80 80
81 81
82 82
83 83
85 85 99
86 86
149 87
88 88
89 89
94 94
189 95
97 97
98 98
