AlbertFredHaines JoannCharlieWilkinso DianeElisePickett JudyPearlineKaminski EdwardDennisStewart JosephAmandaMullen EricJamesJuckett MarthaJackRobinson DebraJaneFitzgerald GeorgeWilliamJackson KathleenJoseClark FerdinandLukeJackson RolandGregoryWatson HeidiMayJohnson JamesJordanZamora JeffJohnBruton RobinStephenWebster StormyOllieYork MichaelElizabethWeav JeremyJamesChavez DeniseBrunoWilliam CherylMaryMorgan TravisMichelleMeller RickyJamesBrumfield RosaPatrickYankey GaryCharlesHudson JimmyFlorTasson GlennaMichaelBorden JoStephenMay HowardKennethCollins PeterJosephBarbee DorisJeffreyBinger BernicePennyRiddick DeeAmandaBartley MarkDianeDuchon RonaldEdnaArant KimMickeyCohen BrettDominickSonnier DwainJoeFeldman MistyRobertKing MarkAngelaMccloud KathleenSherryDay EdwardErnestSinger AmyFloydTopper ThomasEssieEwing JessicaChristopherHa JudeJanetHarcourt BernicePennyRiddick SandraHarryStewart StevenNeilNguyen WilliamDavidGray IsaacGregGargano LillianJuanAncona ManuelaJoseBailey BradleyDeborahSaball TommyAmandaMartin ZacharyWarrenKarth EricTinaPerea MarciaWalterKirschma LynnKennethChavez JohnRichardSmith CynthiaConnieWright ChelseaStevenRufe EricTammyScott MichaelMarkHolloway GeorgeHenryVillar KevinCharlesEvans DenaJewellDavis CassandraJaniceGlove AlbertFredHaines
66
DenaJewellDavis DenaJewellDavis
KimMickeyCohen KevinThomasHiggins ClaudeBobbyBaker
TommyAmandaMartin TommyAmandaMartin
CassandraJaniceGlove CassandraJaniceGlove
GlennaMichaelBorden GlennaMichaelBorden
CynthiaConnieWright CynthiaConnieWright
DwainJoeFeldman DwainJoeFeldman
RickyJamesBrumfield RickyJamesBrumfield JohnBrendaFuller
TravisMichelleMeller TravisMichelleMeller JackieSharonScherrer
MichaelElizabethWeav MichaelElizabethWeav
MarkAngelaMccloud MarkAngelaMccloud
MarkDianeDuchon ElmerDemetriusLark MarkDianeDuchon
JosephAmandaMullen JosephAmandaMullen LawrenceBarryHadden
BernicePennyRiddick BernicePennyRiddick
JudyPearlineKaminski JudyPearlineKaminski MaryJamesDavila
GeorgeHenryVillar GeorgeHenryVillar
ThomasEssieEwing ThomasEssieEwing
DeeAmandaBartley DeeAmandaBartley
MistyRobertKing MistyRobertKing JannaDavidCarranza
MarthaJackRobinson MarthaJackRobinson
FerdinandLukeJackson FerdinandLukeJackson
JimmyFlorTasson JimmyFlorTasson
GaryCharlesHudson GaryCharlesHudson
JohnRichardSmith JohnRichardSmith
SandraHarryStewart SandraHarryStewart
GeorgeWilliamJackson GeorgeWilliamJackson
CherylMaryMorgan CherylMaryMorgan
ZacharyWarrenKarth ZacharyWarrenKarth
KathleenJoseClark KathleenJoseClark CraigJohnLard
EdwardErnestSinger EdwardErnestSinger
JudeJanetHarcourt JudeJanetHarcourt
EricTammyScott EricTammyScott
BradleyDeborahSaball BradleyDeborahSaball
EricTinaPerea EricTinaPerea
RolandGregoryWatson RolandGregoryWatson KellyJohnnaOles StephenWilliamCoffma
RosaPatrickYankey RosaPatrickYankey
BrettDominickSonnier BrettDominickSonnier
WilliamDavidGray WilliamDavidGray
JamesJordanZamora JamesJordanZamora
LynnKennethChavez LynnKennethChavez
DeniseBrunoWilliam DeniseBrunoWilliam
MarciaWalterKirschma MarciaWalterKirschma
KathleenSherryDay KathleenSherryDay AnnDeannaLarzazs
HowardKennethCollins HowardKennethCollins WadeSonnyMcbride
JoStephenMay JoStephenMay
DianeElisePickett DianeElisePickett
DebraJaneFitzgerald DebraJaneFitzgerald
LillianJuanAncona LillianJuanAncona
EricJamesJuckett EricJamesJuckett
IsaacGregGargano IsaacGregGargano
JeremyJamesChavez JeremyJamesChavez
JeffJohnBruton PerryJamesBennett
ManuelaJoseBailey ManuelaJoseBailey
RonaldEdnaArant RonaldEdnaArant
PeterJosephBarbee PeterJosephBarbee
StormyOllieYork StormyOllieYork
HeidiMayJohnson HeidiMayJohnson
AlbertFredHaines AlbertFredHaines
DorisJeffreyBinger DorisJeffreyBinger
JessicaChristopherHa JessicaChristopherHa
EdwardDennisStewart EdwardDennisStewart
KevinCharlesEvans KevinCharlesEvans
RobinStephenWebster RobinStephenWebster
StevenNeilNguyen StevenNeilNguyen
MichaelMarkHolloway MichaelMarkHolloway
JoannCharlieWilkinso JoannCharlieWilkinso
