SueJosephGarza ElsieJosephPhelps LauraPhilipWinkler JohnDustinKenny LeroySandraLewis MaryLindaKirkland LuisHelenHughes WilliamGeorgeWilliam CrystalShermanVida ChristinaDanaGrant AnnaKyleChang PhyllisJackWilson LillieKathleenCervan SueCourtneyOsgood IraJimmyYang FranciscoFrancesHarr JohnJoseJudd PaulShaneSoldner KarenErmaJensen MariaChristopherCast PaulEvanRichard DarnellAliciaPeters PamelaPageBullock JessicaJohnSpells NathanKevinCorathers BrianRolandAli ThomasAnnieRuiz PatriciaBernardBrock WilburnDavidMiller LucyBennyHaag DonaldDoloresKelly AlfredaKirstenMartin MelindaKennethAzar JamesJaredGonzalez KennethShannonGardel SueJosephGarza
34
BrianRolandAli BrianRolandAli
ElsieJosephPhelps OllieGeorgeSova ElsieJosephPhelps
PatriciaBernardBrock PatriciaBernardBrock MarianLuluDiaz
JamesJaredGonzalez JamesJaredGonzalez
MaryLindaKirkland MaryLindaKirkland
LucyBennyHaag LucyBennyHaag
PaulEvanRichard PaulEvanRichard
JessicaJohnSpells JessicaJohnSpells
PhyllisJackWilson PhyllisJackWilson
LauraPhilipWinkler LauraPhilipWinkler
KarenErmaJensen KevinHaroldCyr KarenErmaJensen
ThomasAnnieRuiz ThomasAnnieRuiz
MariaChristopherCast MariaChristopherCast
WilliamGeorgeWilliam WilliamGeorgeWilliam
DarnellAliciaPeters DarnellAliciaPeters
AnnaKyleChang AnnaKyleChang BrianLuzArce
IraJimmyYang AshleyWilliamClarke IraJimmyYang
WilburnDavidMiller WilburnDavidMiller
CrystalShermanVida CrystalShermanVida
LillieKathleenCervan LillieKathleenCervan
PamelaPageBullock PamelaPageBullock
LuisHelenHughes LuisHelenHughes
LeroySandraLewis LeroySandraLewis
ChristinaDanaGrant ChristinaDanaGrant
AlfredaKirstenMartin AlfredaKirstenMartin
PaulShaneSoldner PaulShaneSoldner
DonaldDoloresKelly DonaldDoloresKelly
FranciscoFrancesHarr FranciscoFrancesHarr
SueCourtneyOsgood SueCourtneyOsgood
MelindaKennethAzar MelindaKennethAzar
JohnJoseJudd JohnJoseJudd
NathanKevinCorathers NathanKevinCorathers
JohnDustinKenny JohnDustinKenny
KennethShannonGardel KennethShannonGardel
