SusanneJohnBerrios DouglasRobertFerkovi AntonioGeraldBaker FernandoLindaWatson StephanieAaronWalker MattieBarbaraEkstrom GarryDavidKingery MaryFrankieWomack DinahCatherineFaulkn JuanDebbieAllen MonteMonicaLum LaquitaJohnBrunette RalphClydeMills JorgeHeatherSamuels HarryNeilFranklin JuliaMollieHernandez DorothyDavidStromme JuliaLindaGordon SpencerCourtneyBroth DougHelenHornbeck SusanneJohnBerrios
19
DouglasRobertFerkovi DouglasRobertFerkovi RubyLelandCollard
DinahCatherineFaulkn DinahCatherineFaulkn
MonteMonicaLum MonteMonicaLum
DorothyDavidStromme DorothyDavidStromme
StephanieAaronWalker StephanieAaronWalker
JuliaMollieHernandez JuliaMollieHernandez
JorgeHeatherSamuels JorgeHeatherSamuels
MattieBarbaraEkstrom MattieBarbaraEkstrom
RalphClydeMills RalphClydeMills
DougHelenHornbeck DougHelenHornbeck
JuliaLindaGordon JuliaLindaGordon
LaquitaJohnBrunette LaquitaJohnBrunette
FernandoLindaWatson FernandoLindaWatson
JuanDebbieAllen JuanDebbieAllen ClaudiaDavidTaylor
AntonioGeraldBaker AntonioGeraldBaker
MaryFrankieWomack MaryFrankieWomack
HarryNeilFranklin HarryNeilFranklin
SpencerCourtneyBroth SpencerCourtneyBroth
GarryDavidKingery GarryDavidKingery
