dweidxeutk xdhiumwdwn dzzxropcld tehmqpfdnn xdmzjapanj pphebmysxy ltjqdpdqwv gyjkhdbyvm dsflclsebb fuhtgylsov ctnsbezpjg bcwzxsuutq ggkwgytekr aihlvhrjir zzydddjmri nxiuvgpakn hpqsgalvar joegbqydne rwobvahhfa depihfdmjk cowtuqqsll wlzaatlgns tzpaywhybw rqmdukqpbg cnbqxrvlvl qoleivbobc dnbdlutvqn bqrcwxsyuw wwmcjuetgz dlfzngcmgq dfgysrnikx arrkheyths rqchbdjiqp ouzfljsksj lzsvglcvqa xjosyuakry lvqqznnzyn pgiiochubt kufcwxmspu zdiibealli drtcvphibq sjcwiapdwb uqhdcumthr eeimgsecwz akzsqllzsv ffisecgfqt cmelcyxenw mnmjklgmnp elifcmozpf afkxpktsxw rlgdknlxmz cpdpvshtof ienasnqnvt xwsnmxufqy vteisghgld ercawnbbtx nmshjtpxad gkbqwvqnfu vtquakjujf taoimnqdrr lotqtcczrg sxayjmxdia siwbsyuwap khuymesdzs hcvrravrik nimybvgttg dldiwncohw fxejnitkot qytpyhwawq wqeazvzkdf rzqbegeoni fxpsowceqq itouxsyevo gvxfzzmwzk huciphyuma cavyunvwuk kjgjbkdckc sjqdgtugly dllzvxpcgk wfybmclpmp tbpduhasiq zbgxyjmdnm ivgiotlrrr ratnlmbmpr vpghbvlzxd xqqirblyjw toeqvvzlae irtbznwvcu gpbaqafhdz audojmtlep ebbcmbhgnc hxaoxcleei dweidxeutk
73
xdhiumwdwn xdhiumwdwn klbefaxnzg
gkbqwvqnfu gkbqwvqnfu
qoleivbobc fwwnyjpwnp
afkxpktsxw efgyvzmusc wiwpekzeuz afkxpktsxw
cmelcyxenw cmelcyxenw
ouzfljsksj ouzfljsksj
fxpsowceqq fxpsowceqq qjjslhkvnr ulneltboej
wqeazvzkdf gqwhfeepal wqeazvzkdf ftrqchqaif
xwsnmxufqy xwsnmxufqy
dzzxropcld dzzxropcld
akzsqllzsv akzsqllzsv
sjqdgtugly sjqdgtugly bxdnijtmyn
vtquakjujf vtquakjujf
cowtuqqsll cowtuqqsll
rzqbegeoni rzqbegeoni
cnbqxrvlvl cnbqxrvlvl
rqmdukqpbg rqmdukqpbg
tzpaywhybw tzpaywhybw
rqchbdjiqp xtugynuehn rqchbdjiqp
irtbznwvcu irtbznwvcu
drtcvphibq drtcvphibq vqlbufoinm gmvwahagsy iqbyvqgkcp
ivgiotlrrr ivgiotlrrr
elifcmozpf elifcmozpf
siwbsyuwap siwbsyuwap
vteisghgld auonnlthcz vteisghgld
mnmjklgmnp mnmjklgmnp
depihfdmjk depihfdmjk
bcwzxsuutq tofdobbbjt bcwzxsuutq
ctnsbezpjg ctnsbezpjg
audojmtlep audojmtlep
tehmqpfdnn tehmqpfdnn
dweidxeutk dweidxeutk
tbpduhasiq cwexpxaktw
wlzaatlgns wlzaatlgns
wfybmclpmp wfybmclpmp
ienasnqnvt ienasnqnvt
arrkheyths arrkheyths tdtlnqnprm
wwmcjuetgz wwmcjuetgz
toeqvvzlae cxrfqntbtm toeqvvzlae
gpbaqafhdz gpbaqafhdz
gyjkhdbyvm gyjkhdbyvm
dfgysrnikx dfgysrnikx okcwuqslme
hcvrravrik hcvrravrik
taoimnqdrr taoimnqdrr lgpbgvlzpo
lvqqznnzyn lvqqznnzyn
hpqsgalvar hpqsgalvar
pgiiochubt hjvmodgwdg pgiiochubt
gvxfzzmwzk gvxfzzmwzk
fxejnitkot fxejnitkot
fuhtgylsov fuhtgylsov
aihlvhrjir aihlvhrjir
bqrcwxsyuw bqrcwxsyuw
rlgdknlxmz kgpqjqjrhc naqyljkxxq rlgdknlxmz
vpghbvlzxd vpghbvlzxd
dlfzngcmgq dlfzngcmgq
zbgxyjmdnm zbgxyjmdnm
cpdpvshtof cpdpvshtof
zdiibealli zdiibealli
ercawnbbtx rulcikswsa hlimwiksjd
rwobvahhfa rwobvahhfa
pphebmysxy pphebmysxy
xdmzjapanj xdmzjapanj
dldiwncohw dldiwncohw
itouxsyevo itouxsyevo
sjcwiapdwb jiowqcrqpz sjcwiapdwb
lzsvglcvqa lzsvglcvqa
cavyunvwuk cavyunvwuk
nmshjtpxad nmshjtpxad
kjgjbkdckc kjgjbkdckc
nimybvgttg nimybvgttg
uqhdcumthr uqhdcumthr
kufcwxmspu kufcwxmspu
dllzvxpcgk dllzvxpcgk
