qgyqjgwlbh fwzkdpfinn gqulqjeire czgfnbovhq stxmhuffri lpopityrof hqvifzhbmo smlsmfgyxa sngqmldfxu bnfhxmjqzg tdqzbpmftq somaaudaxm ekdcatpuui cynraykzum hrbvyznkmd dzokhkbjld atkqvymdax rzgfaqookt bzcpozsody uyirsvqblu lgwqodunqt xpcqolcpnf sthbsdqlwm ntlhpzyidk sgizgtdhhn culutarzsm sqlbmrxpwv wmeeitskjx kgewtltijq hpbkyqcejb yfvfzingng aruweadnpf gdtsmzpvig kmwsevkfov tjcamfqmxd tvrzrioagg fdbzjhgcmh cddppqxsmb npffaineub iznialmand bvwklxlwsa hnnlwliezo ajjekwybql qgyqjgwlbh
42
uyirsvqblu uyirsvqblu
sqlbmrxpwv sqlbmrxpwv
culutarzsm culutarzsm
ajjekwybql ajjekwybql wegckoctcp
hpbkyqcejb hpbkyqcejb
hrbvyznkmd hrbvyznkmd
ntlhpzyidk ntlhpzyidk
yfvfzingng yfvfzingng
aruweadnpf aruweadnpf
xpcqolcpnf xpcqolcpnf ysndikwwgh
cddppqxsmb cddppqxsmb qlieaqyzel
tvrzrioagg tvrzrioagg
gdtsmzpvig gdtsmzpvig
qgyqjgwlbh fnlmocuczk
hnnlwliezo hnnlwliezo
sngqmldfxu sngqmldfxu
bvwklxlwsa bvwklxlwsa
bnfhxmjqzg feggaeevcb bnfhxmjqzg
smlsmfgyxa hyficezvgi smlsmfgyxa
sgizgtdhhn sgizgtdhhn
lgwqodunqt lgwqodunqt
tdqzbpmftq tdqzbpmftq
kmwsevkfov kmwsevkfov
npffaineub npffaineub
sthbsdqlwm sthbsdqlwm
kgewtltijq kgewtltijq
gqulqjeire gqulqjeire
wmeeitskjx wmeeitskjx djtmyhmwnn
rzgfaqookt rzgfaqookt
iznialmand iznialmand
fwzkdpfinn fwzkdpfinn
dzokhkbjld vvurcgizpo
atkqvymdax atkqvymdax
stxmhuffri stxmhuffri
tjcamfqmxd tjcamfqmxd
cynraykzum cynraykzum
hqvifzhbmo hqvifzhbmo
czgfnbovhq czgfnbovhq
somaaudaxm somaaudaxm
bzcpozsody bzcpozsody
lpopityrof lpopityrof
fdbzjhgcmh fdbzjhgcmh
