Place102 Place18 Place199 Place83 Place118 Place41 Place147 Place6 Place32 Place114 Place164 Place80 Place185 Place120 Place166 Place65 Place26 Place8 Place148 Place112 Place57 Place59 Place98 Place24 Place108 Place50 Place196 Place86 Place150 Place197 Place117 Place175 Place124 Place163 Place21 Place151 Place82 Place25 Place155 Place128 Place129 Place125 Place81 Place71 Place96 Place97 Place10 Place153 Place95 Place79 Place144 Place76 Place182 Place139 Place104 Place149 Place75 Place45 Place107 Place3 Place190 Place55 Place142 Place115 Place186 Place176 Place8 Place28 Place146 Place46 Place23 Place174 Place39 Place171 Place140 Place42 Place56 Place16 Place156 Place168 Place172 Place198 Place1 Place77 Place110 Place152 Place58 Place135 Place127 Place181 Place68 Place33 Place102
87
Place139 Place139
Place171 Place7 Place171
Place33 Place33
Place120 Place120
Place108 Place108
Place144 Place144
Place185 Place185
Place125 Place125
Place155 Place155
Place25 Place25
Place45 Place27 Place20 Place45
Place42 Place42
Place32 Place32
Place196 Place196 Place106
Place148 Place148
Place41 Place41
Place86 Place86
Place6 Place47 Place6
Place75 Place75
Place181 Place72 Place181
Place190 Place13 Place190
Place172 Place172
Place129 Place129
Place71 Place71
Place140 Place140
Place39 Place39
Place96 Place96
Place55 Place55
Place76 Place76
Place135 Place135
Place163 Place163
Place97 Place97
Place79 Place79
Place151 Place151
Place10 Place10
Place83 Place83
Place124 Place124
Place104 Place104
Place57 Place57 Place100
Place128 Place128
Place175 Place175
Place152 Place152
Place28 Place28
Place24 Place24
Place3 Place3
Place197 Place137 Place197
Place82 Place82
Place50 Place116 Place50
Place1 Place1
Place142 Place142
Place114 Place114
Place164 Place164
Place68 Place68
Place166 Place166
Place23 Place23
Place168 Place145 Place168
Place153 Place178 Place74 Place153
Place110 Place110
Place58 Place58
Place147 Place147
Place98 Place98
Place95 Place95
Place59 Place59
Place80 Place80
Place16 Place16
Place118 Place118
Place117 Place117
Place156 Place156
Place18 Place18
Place146 Place146
Place8 Place8
Place26 Place26
Place182 Place182
Place150 Place150
Place199 Place199
Place81 Place81
Place115 Place115
Place77 Place77
Place112 Place112
Place186 Place186
Place107 Place107
Place127 Place127
Place198 Place198
Place176 Place176
Place21 Place21
Place56 Place56
Place174 Place174
