Egsmith Waltditch Wenside Alfchester Watchavon Shaftbridge Penborne Staplake Wychbeck Wywick Barnton Ashbourne Sudwich Wetwick Nortley Stainbrough Egtree Wychnell Ashbourne Sudwich Pemlow Watchcombe Wenbeck Brackbrough Stainby Wenwold Sudtree Flitgrove Chelmbeck Cookford Farnsmith Ashdown Shaftbage Edgey Hurstlow Chelmwang Hornborough Cookford Wychbourne Barnton Egsmith
30
Staplake Staplake
Ashbourne Stapbeck Ashbourne
Wychnell Wychnell
Stainby Stainby
Wenside Wenside Burbourne
Wenwold Wenwold
Wychbourne Wychbourne Egavon
Stainbrough Stainbrough
Wetwick Wetwick
Farnsmith Farnsmith
Cookford Cookford
Chelmwang Wychsmith Chelmwang
Shaftbridge Shaftbridge
Flitgrove Flitgrove
Sudtree Leathermere Sudtree
Alfchester Alfchester
Wywick Wywick
Edgey Edgey
Nortley Nortley
Ashdown Ashdown
Wenbeck Wenbeck
Waltditch Waltditch
Chelmbeck Chelmbeck
Brackbrough Brackbrough
Penborne Penborne
Egtree Chelmden Egtree
Pemlow Pemlow
Wychbeck Wychbeck
Shaftbage Shaftbage
Barnton Barnton
