Chelmbourne Edgwich Staintree Stafthorne Waltbrook Hornley Pemwold Melborne Sudworth Wenwang Edgchester Wenwang Stapwold Marlton Alfwell Staintree Elgrove Wenborough Prestey Sudwich Enlow Maidenden Hartbage Barngrove Southstoke Brainbridge Prestey Enbage Stainside Enbage Flitham Shrivlow Stainhall Southmere Shrivside Edglow Dartsted Clerethorne Stapthorne Stapmoor Barnham Alfcastle Egborne Bursted Staflow Cleredon Staflow Rocktree Whitborough Rocktree Pemwood Bracklow Leatherlow Alfby Elside Stainfield Wenden Elgrove Chelmbourne
45
Sudwich Sudwich
Sudworth Sudworth
Elside Elside Whitavon
Clerethorne Barnside
Brainbridge Brainbridge Sodside
Enbage Enbage
Hornley Hornley Durditch
Chelmbourne Shaftwich Casford
Stapthorne Stapthorne
Stapmoor Stapmoor
Pemwood Pemwood
Waltbrook Hurstworth Waltbrook
Wenwang Wenwang
Whitborough Whitborough Horndown
Alfby Alfby Leatherlake
Edgwich Edgwich
Southmere Southmere
Alfwell Aldhall Alfwell
Stainside Stainside Whitover
Flitham Flitham Kingsley
Bursted Bursted
Edgchester Edgchester Horncester
Elgrove Elgrove
Wenborough Wenborough
Rocktree Cookbridge Rocktree
Prestey Prestey
Bracklow Bracklow
Dartsted Dartsted
Shrivside Shrivside
Wenden Wenden
Barnham Barnham
Hartbage Hartbage
Pemwold Pemwold
Shrivlow Shrivlow
Cleredon Wyhead Cleredon
Staflow Staflow
Leatherlow Leatherlow
Melborne Egcastle
Stafthorne Stapwell
Stainhall Stainhall
Egborne Cookton Egborne
Staintree Staintree
Barngrove Prestdon
Marlton Marlton
Enlow Enlow
