qtq uxr eku ahy thd eku pjx wuc npu zgf cnv xmz wpq vsu wuf rwt ahv krg kza qfc unk udq pwa thz qbj mnv uca qnn tvy hxo ukh lah xos ili yiz ooc brk hxp fne nhr viv tro wpo htv bsz iuz nfy omf kvz tto txk pug fgo bai egz gak qjm bwq qyi qls qlo cpw lfh rxi hhe opt ase mmf xzf ick itg xax ooi pkx orc hpb zqn cxu bpm qof nhk unf vlt ptq ynq zye rut utd plx ifc fsl sfp blo rju uwp pxi qtq
81
pjx pta pjx
ahy xdz ahy
hhe hhe
htv htv eqm jta
itg itg
xax xax
nhk nhk
qtq qtq wju
hpb hpb
ptq ptq
ase ase vaf
krg krg uoz
bpm gup
ifc ifc
unk pxs
qfc qbe qfc
thd jno thd
kza kza
pkx pkx
qnn qnn
cxu nkx cxu
qbj dkn qbj
wuc wuc
sfp sfp
cpw cpw
ooi ooi
zgf zgf
uxr uxr
pwa pwa
egz vub egz cjp
ynq ynq
udq tmc udq
ooc idl ooc
bai bai
fgo fgo
xzf zbn
bsz bsz
hxo hxo
qjm qjm
tro tro tmd
lah lah
rut rut
nfy nfy tnl
uca uca
npu npu
vlt vlt
mnv mnv
hxp hxp
fne wiq
nhr nhr slq
rxi rxi
qof lxt
wuf wuf
ili ili
fsl fsl
bwq lnv
uwp uwp
txk txk
yiz yiz
wpo mbx
iuz iuz
blo zgs
gak gak
zqn zqn
rju rju
plx plx
lfh lfh spp
thz thz
ukh ukh
viv viv
qlo qlo
wpq wpq
rwt rwt
brk brk
ahv ahv
orc orc
xos xos
qls qls
cnv cnv
zye rod
vsu vsu
