Soda Yolo Bret Comstock Spring Mabel Summit Haviland Belrose Menlo Bancroft Cutter Muir Columbia Shasta Allston Solano Eunice Lewiston Eunice Greenwood Marin High Columbia Shasta Addison Halkin Garber Colusa Fulton Sojourner Bristol Keeler Pardee Anne Pardee Haskell Bowditch Fresno Center Ajax Forest Soda
34
Addison Addison
Ajax Ajax
Allston Allston
Anne Anne Arch
Bancroft Bancroft
Bowditch Bataan Bowditch
Belrose Belrose
Bret Bret Kenilworth Poppy Vermont
Bristol Bristol Hospital
Soda Browning
Menlo Burnett Menlo
Columbia Byron Columbia
Colusa Colusa
Comstock Comstock
Cutter Cutter
Shasta Domingo Shasta
Lewiston Edith Lewiston
Eunice Eunice
Halkin Florida
Forest Forest
Fresno Fresno
Fulton Fulton
Greenwood Greenwood Haste Heinz
Haskell Haskell
Haviland Haviland
High High
Keeler Keeler
Mabel Mabel Overlook Terrace
Marin Madera Marin
Yolo Martin
Muir Muir
Pardee Pardee
Spring Poplar Spring
Summit Summit
