FD AU AF GO GB CS GD ES EM AV EQ GX FS DQ BK AM BU DB AJ EO ED GZ FR HP CI GF CW GG BQ EW HF GC FA BM HN DK AD BZ AK HR HQ EX DS EK CO CB EN CF DN ER HM FY EZ FJ HC DV FN HM DA CC GN BV AC FU CK DU FG DM GA AZ GA CL BC GQ FP BE EJ CG CM HH EE GK AG DE BG DI GP DF AS HB HD EV DP FD
85
DB DB
GC GC
FJ FJ
EZ EZ
EK FO EK
FR FR
GK GK
CC CC
AV AV
FS AX FS
GZ CT GZ
BZ BZ
HC HC
FP EL DC FP
HN FT
AZ BN AZ
DP DP BO
GG ET
FA FM
BQ BQ
CW CW
HP HP
DV BF
FD CU
EM GS FI EM HO
HM EG
DM DM
GO GO
HB HB
BK BK
HF HF
AU AU
AK AK
GP GP
AF AF
DF DF
EN FV EN
DU DU
CL CL
DE DE
AM AM
EJ EJ
CM BT
ES ES
GD GD
ED GR DH
EV AW
HH HH
DA DA
AJ AJ
CS CS
CO CO
DN DN
CG CG
FY FY
AD AD EY
BC BC DZ
DQ DQ
DI DI
GX GX
GQ GQ
EE EE
DK DK
FG CA
EO EO
ER ER
GN BA GN
HD HD
BM BM
EX EX
EQ AT
CB CB
BG BG
FN FN
CI CI
GA GA
CF CF
EW EW
BV BV
HR HR
BE BE
FU FU
CK CK
AG AG
GF GF
