x115 x128 x84 x136 x94 x71 x124 x73 x62 x69 x114 x32 x61 x125 x11 x33 x74 x9 x26 x58 x4 x15 x53 x127 x103 x106 x43 x75 x13 x83 x109 x20 x44 x122 x50 x91 x41 x34 x21 x5 x82 x48 x81 x54 x16 x130 x52 x92 x64 x59 x115
50
x128 x128 x89
x122 x122
x127 x127
x82 x82
x33 x33
x41 x41
x44 x44
x83 x83
x84 x111 x84 x108
x54 x54
x115 x138 x27 x57 x98
x94 x94
x91 x91
x92 x92
x43 x43
x69 x69 x76
x136 x17 x136
x9 x9
x75 x75
x106 x106
x52 x52
x62 x62
x32 x32 x40
x16 x16
x124 x124 x38
x50 x50
x20 x20
x73 x73
x59 x59
x71 x71
x81 x81
x74 x74
x11 x11
x13 x13
x26 x26
x5 x5
x64 x64
x53 x53
x61 x61
x109 x109
x4 x4
x15 x15
x34 x34
x103 x103
x21 x21
x130 x130
x48 x48
x114 x114
x58 x58
x125 x125
