Warfield Chilbury Brackcompwang Chelmstanwell Hammerringey Chedberdon Pendingbrook Ketsmith Whitchester Siringwang Chedtree Burglebrough Sudsmith Elmansham Wyborne Cammerrensmoor Wyborne Cambingstoke Suddlecombe Ashfield Millendon Windling Dribblewick Skellingden Barndberbrough Worhall Dribbingworth Worhall Todtree Cicombe Falport Soddlewick Hamsling Hannenmanswick Ashborne Tipwick Cannerthorne Chedderrenswich Ciditch Stainbrough Fulbourne Southbasport Elcompbridge Chiphead Pendingbrook Suddlecastle Faldinghead Pendlewood Falport Suddlecombe Basringney Warfield
39
Stainbrough Worberbrook Stainbrough
Falport Botherseyworth Falport
Wyborne Wyborne
Pendlewood Pendlewood Horstlescompstoke
Cambingstoke Cambingstoke
Basringney Basringney
Ashfield Ashfield Ketport
Dribbingworth Dribbingworth Leatherbleside Bastleseyham
Hammerringey Hammerringey Skelling
Ashborne Ashborne
Chedtree Chedtree Suddleover
Tipwick Tipwick
Suddlecombe Suddlecombe Chippingsted Ellingreham
Todtree Todtree
Cammerrensmoor Cammerrensmoor Suddleborne
Chelmstanwell Chelmstanwell
Warfield Warfield
Pendingbrook Pendingbrook
Burglebrough Burglebrough
Siringwang Siringwang
Chedderrenswich Chedderrenswich
Brackcompwang Brackcompwang
Worhall Worhall
Soddlewick Soddlewick
Skellingden Skellingden
Barndberbrough Barndberbrough
Southbasport Southbasport
Windling Windling
Millendon Millendon
Chilbury Chilbury
Whitchester Whitchester
Sudsmith Sudsmith
Elmansham Elmansham
Hamsling Hamsling
Cicombe Cicombe
Ciditch Northall
Suddlecastle Suddlecastle
Hannenmanswick Hannenmanswick
Chiphead Chiphead
