Whitgrove Sodberling Bromstanham Sodberling Ellerbridge Boothingchester Sundendford Southmere Chelmdenmoor Ketnell Toddenmoor Durbrook Falderseythorne Worford Rotherlow Abgleham Sundlethorne Abgleham Siavon Horsnell Warsmith Horstleover Cireport Egbeck Skellenshot Cihead Ketnell Toddenmoor Durbrook Wychchester Waltbeck Elside Wetsmith Warsmith Horstleover Toddenmerbrough Tipstoke Burlake Burglemere Sirenshall Hampingbascombe Hamscombe Stainbrough Basditch Hampingcastle Eley Cannerthorne Waltbeck Wychchester Prestwick Egmerhampton Suddenmoor Melwood Endleshall Candleswick Endleshall Melwood Suddenmoor Tippenbrook Wychchester Reddendeney Worhall Hannersmith Shaftborough Ribberrenston Farnditch Ribberrenston Warblestancester Tippendham Emmerley Bastlebury Emmerley Southbury Bassinghead Nortwell Marlcester Botbeck Whitringlake Milthorne Rothingcombe Faldenhall Wethampton Dartden Shaftwick Abcester Sifield Enderbeck Sodberling Ellerbridge Ketchester Watchlake Ketchester Ellerbridge Sodberling Whitgrove
69
Sifield Sifield
Melwood Melwood Wolley
Wethampton Wethampton
Tipstoke Tipstoke
Ellerbridge Worrenberwang Suddingover Ellerbridge
Cannerthorne Cannerthorne
Reddendeney Reddendeney
Ketchester Ketchester Boothingmanstree
Enderbeck Enderbeck
Farnditch Abglewold Farnditch
Bastlebury Bastlebury Hamwold Rothendcombe
Ketnell Ketnell Staplow
Hamscombe Skelberden Alfmere
Chelmdenmoor Bothenton
Faldenhall Faldenhall
Eley Eley Stapbrough
Siavon Siavon
Nortwell Todhampton Nortwell
Hampingcastle Hampingcastle Redcombe
Toddenmerbrough Casbrook Endingnell
Shaftborough Shaftborough Wychcompwold
Southbury Southbury
Whitgrove Dribblecombe Whitgrove
Egmerhampton Egmerhampton
Watchlake Watchlake Tippingbage Farndlesover
Bromstanham Clereennell Bromstanham
Falderseythorne Penby Falderseythorne
Cihead Cihead
Rothingcombe Rothingcombe
Suddenmoor Staincombe Suddenmoor
Horsnell Horsnell
Wetsmith Wetsmith
Shaftwick Falworth
Ribberrenston Ribberrenston
Dartden Dartden
Rotherlow Rotherlow
Basditch Basditch
Prestwick Prestwick
Boothingchester Wycastle Bootwick
Milthorne Milthorne
Elside Elside
Worford Worford Hampingworth Dribberham
Waltbeck Waltbeck
Southmere Southmere Egsted
Skellenshot Skellenshot
Worhall Worhall
Sundendford Chedworth Sundendford
Sirenshall Sirenshall
Hampingbascombe Wetwick Hampingbascombe
Warblestancester Bothenhall
Candleswick Candleswick Skellingover
Wychchester Siey Wychchester
Whitringlake Whitringlake
Botbeck Botbeck
Tippenbrook Tippenbrook
Toddenmoor Toddenmoor
Cireport Leatherport
Emmerley Emmerley
Sodberling Sodberling Bursmith
Durbrook Sodport Durbrook
Tippendham Tippendham
Horstleover Horstleover
Abcester Abcester
Sundlethorne Sundlethorne Blansbrook
Warsmith Marlbrook
Abgleham Abgleham
Stainbrough Wendleringdown
Marlcester Marlcester
Burlake Endleberey
