0 1 2 3 18 33 48 62 64 65 50 36 52 68 53 54 40 25 10 9 8 7 6 5 20 36 51 66 67 69 70 85 86 87 103 104 89 59 74 72 71 56 41 57 73 58 59 89 104 103 87 86 85 100 85 84 83 82 81 80 95 80 79 94 93 108 123 124 109 94 79 78 77 76 75 91 107 122 106 90 75 60 45 31 15 0
46
0 0
3 3
5 5
7 7
8 8
10 10 13
15 15
18 18 34
20 20 35
9 23
25 25
58 28
45 30 45
31 31 46
36 36
40 40
41 41 55
48 47 63
50 50
51 51
52 52
56 56
57 57
68 68
70 70
71 71
73 73
75 75
76 76
78 78
80 80
83 83
85 85
87 88
90 90 105
93 93
95 95 110 111
84 98
100 100 115 116
103 103
106 106 120 121
108 108
109 109
104 119
122 122
124 124
