0 103 163 103 28 155 63 91 19 74 126 111 51 150 17 118 48 199 186 193 178 14 83 60 141 156 168 128 134 191 137 169 125 133 10 12 78 81 121 20 180 123 196 26 8 39 105 186 31 22 160 145 103 170 1 183 139 18 185 27 153 110 44 173 65 45 96 67 96 95 29 108 92 182 77 164 35 9 109 42 159 61 62 50 157 70 132 98 116 154 49 0
75
173 173 89
196 179 196
83 83 36
116 75 116 32 120
160 160
153 6 38
103 103
156 156 25
14 14
17 17 175
178 178
118 64
185 185
109 109
48 48
121 121
126 126
164 24
91 91 146
26 26 176
8 166
28 28
128 184 128
111 111 149
186 186 197
133 133
39 151 39
182 182
180 180
163 194 163
9 9
65 65
159 159 87
35 138
141 4
42 42
108 108 102
12 12 130
193 193
199 106 199
22 22
67 67 47
44 44
98 98
81 81
125 125
77 77
49 49
157 157
10 100 10
18 18
51 51 79
70 70
20 20
61 117
139 139
137 137
78 78
60 104
19 85 19 99
105 58
96 96
134 134
31 31
155 155
168 168
170 170
63 63
27 27
50 50
150 69
29 119
145 145
74 74
95 95
