location0 location17 location50 location45 location58 location25 location18 location34 location22 location37 location35 location30 location9 location12 location80 location37 location4 location24 location7 location16 location5 location15 location31 location88 location13 location11 location1 location14 location29 location10 location43 location6 location38 location23 location49 location2 location42 location34 location21 location39 location27 location3 location94 location41 location97 location33 location0
41
location1 location1
location2 location2
location3 location3
location4 location4
location5 location5
location6 location6
location7 location7
location10 location8 location10 location36
location9 location9
location11 location11
location12 location12
location13 location13
location14 location14
location15 location15
location16 location16
location17 location17
location18 location18
location37 location19 location37
location21 location20 location21
location22 location22 location46
location23 location23
location24 location24
location25 location25
location43 location26 location43
location27 location27 location44
location33 location28 location33
location29 location29
location30 location30
location31 location31
location97 location32
location34 location34
location35 location35
location38 location38
location39 location39
location80 location40
location41 location41
location42 location42
location45 location45
location0 location47 location48
location49 location49
location50 location50
