location0 location11 location96 location151 location13 location0 location57 location60 location12 location37 location97 location133 location92 location45 location42 location54 location23 location68 location39 location9 location77 location34 location19 location47 location24 location124 location5 location131 location63 location0 location55 location32 location48 location49 location78 location67 location21 location38 location10 location41 location186 location31 location159 location25 location15 location64 location3 location1 location79 location80 location72 location87 location73 location100 location7 location73 location51 location44 location22 location76 location36 location46 location16 location127 location66 location43 location70 location21 location59 location18 location40 location26 location82 location87 location6 location83 location30 location50 location53 location20 location17 location117 location3 location99 location84 location58 location95 location61 location75 location4 location35 location86 location8 location90 location32 location88 location151 location0
83
location1 location1
location51 location2 location51
location3 location3
location4 location4
location5 location5
location6 location6
location7 location7
location8 location8
location9 location9 location98
location10 location10
location11 location11
location12 location12 location29
location13 location13
location60 location14 location60
location15 location15
location16 location16
location17 location17
location18 location18
location19 location19
location20 location20
location21 location21
location22 location22
location23 location23
location24 location24
location25 location25
location26 location26
location151 location27
location41 location28 location41 location89
location30 location30
location31 location31
location32 location32
location38 location33 location38
location34 location34
location35 location35
location36 location36
location37 location37
location39 location39
location40 location40 location71
location42 location42 location56
location43 location43
location44 location44
location45 location45 location74
location46 location46
location47 location47
location48 location48
location49 location49 location85
location50 location50
location100 location52 location100
location53 location53
location54 location54
location55 location55
location57 location57
location58 location58
location59 location59
location61 location61
location78 location62 location78
location63 location63
location64 location64
location76 location65 location76
location66 location66
location67 location67
location68 location68 location81
location133 location69
location70 location70
location72 location72 location93
location73 location73
location75 location75
location77 location77
location79 location79
location80 location80
location82 location82
location83 location83
location84 location84
location86 location86
location87 location87
location88 location88
location90 location90 location91
location92 location92
location0 location94
location95 location95
location96 location96
location97 location97
location99 location99
