SantaClarita Escondido Chesapeake Wichita Boston Hartford Ontario Omaha Allentown Pomona Stockton Indianapolis Austin PembrokePines Frisco LexingtonFa SanDiego Henderson Portland Sunnyvale Surprise WestValleyCity RanchoCucamonga Brownsville LosAngeles OklahomaCity Newark Alexandria Garland Davidson Bellevue Scottsdale Independence Modesto FortWorth NewportNews Beaumont Thornton Huntsville Shreveport Victorville Concord Lubbock Carrollton SantaClarita
35
Thornton Midland Yonkers
Victorville Victorville GardenGrove
Shreveport Shreveport
WestValleyCity Washington WestValleyCity
Independence Independence Fayetteville SiouxFalls
OklahomaCity OklahomaCity Lafayette StPetersburg
Sunnyvale Sunnyvale Visalia
Newark Newark
LexingtonFa LexingtonFa
Scottsdale Scottsdale
Pomona Pomona
Carrollton Carrollton
Garland Worcester Garland
Bellevue Bellevue
SanDiego StLouis Stamford Paterson Waco
Alexandria Alexandria
Boston Boston
NewportNews NewportNews
Henderson Henderson
Brownsville Brownsville Orlando
Omaha Omaha
Beaumont Beaumont
LosAngeles LosAngeles
Huntsville Huntsville
Concord Concord
PembrokePines PembrokePines
Hartford Hartford LouisvilleJefferson LongBeach
RanchoCucamonga RanchoCucamonga
Ontario Ontario
Austin Austin
Stockton Stockton
Indianapolis Indianapolis
Allentown Allentown
Wichita Wichita
Surprise Surprise
