Plano Rockford SantaClara Irving MorenoValley Warren SanFrancisco Rochester OklahomaCity Cary LasVegas Miami Cincinnati Olathe Irvine Mobile Hartford Worcester Mesquite Joliet Thornton Anchorage Salinas Chicago Denton SantaRosa FortCollins Allentown Stamford Glasses Hollywood Escondido Akron LosAngeles Lancaster Elizabeth Anaheim JerseyCity Lafayette PembrokePines Lincoln SantaAna SiouxFalls SantaRosa Laredo Tampa McAllen Yonkers Raleigh Glendale Houston Pomona Spokane CorpusChristi SantaClarita NewHaven Scottsdale Teemo Peoria Brownsville Knoxville SanBernardino Madison Fremont Greensboro Surprise NewOrleans HuntingtonBeach Vancouver Beaumont Denver Hayward WinstonSalem Waco Ontario Omaha Garland Jackson FortLauderdale AnnArbor StLouis KansasCity Topeka OWO Mesa Memphis Montgomery Atlanta Oxnard Kent Norman Sunnyvale Pasadena Plano
78
SanFrancisco SanFrancisco
SantaClara SantaClara
Memphis Charleston Memphis
FortCollins FortCollins
Cincinnati Cincinnati Hampton
Mesquite Mesquite
Stamford Stamford
Hollywood Hollywood
Rockford Riverside Rockford
Omaha Omaha
Salinas GardenGrove Salinas
Beaumont Beaumont
Anaheim Anaheim
Brownsville Brownsville Corona
StLouis StLouis
Glasses SanJose Glasses
Glendale Glendale
Elizabeth Elizabeth
Allentown Killeen Allentown
McAllen McAllen GrandPrairie
LasVegas LasVegas Vallejo
Ontario Ontario
Scottsdale Davidson
Norman Norman
Montgomery Montgomery
Garland Garland
Mesa Mesa
SantaRosa SantaRosa
AnnArbor AnnArbor
Lancaster Lancaster Torrance
Hartford Hartford Dallas
Escondido Escondido
Tampa Tampa Portland ThousandOaks
Warren Warren
Waco Wichita Waco
Irvine LittleRock Irvine
SanBernardino SanBernardino
Raleigh Raleigh
Lincoln Lincoln
SiouxFalls SiouxFalls
Surprise Surprise
FortLauderdale Norfolk FortLauderdale
Houston Houston
Fremont Fremont
Greensboro Greensboro
NewHaven SanAntonio NewHaven
OWO OWO
Anchorage Anchorage
Chicago Chicago
Atlanta Atlanta
Cary Cary
Oxnard Oxnard
MorenoValley MorenoValley
Irving Irving
SantaAna LouisvilleJefferson Tulsa
Madison Madison
Thornton Thornton
Hayward Hayward
Miami Miami
Knoxville Knoxville
Denton Denton
Pasadena Pasadena
JerseyCity JerseyCity Pikachu
HuntingtonBeach AugustaRichmond SimiValley HuntingtonBeach
Denver Denver
Sunnyvale Sunnyvale
Laredo Laredo
SantaClarita SantaClarita
Olathe Olathe
NewOrleans NewOrleans
Lafayette Lafayette Huntsville
OklahomaCity OklahomaCity
Pomona Pomona
CorpusChristi CorpusChristi
Mobile Mobile
Vancouver Vancouver
Worcester Worcester
Akron Akron
