Waco OverlandPark AnnArbor SaltLakeCity Rochester Oski Irving SantaClara ChulaVista Lincoln Newark Aurora Richmond SanFrancisco AthensClarkeCounty OWO AthensClarkeCounty Palmdale StPaul Victorville SanBernardino Stamford Clarksville Palmdale SterlingHeights OverlandPark Waco
20
Rochester Rochester
Palmdale Palmdale FortWayne
Clarksville Clarksville
OWO OWO LexingtonFa
Stamford Cary Stamford
Waco SanAntonio MorenoValley
StPaul StPaul
SanFrancisco SanFrancisco
AnnArbor AnnArbor
SterlingHeights SterlingHeights
Lincoln Detroit Lincoln
Aurora Omaha
Victorville FortCollins
SaltLakeCity SaltLakeCity
SanBernardino SanBernardino
AthensClarkeCounty AthensClarkeCounty
ChulaVista ChulaVista
Irving Irving
Richmond Richmond
Newark Newark
