0 185 66 188 22 74 38 46 12 26 113 192 18 196 101 45 199 52 78 72 184 14 13 102 30 94 17 5 160 8 37 108 166 146 163 83 130 9 130 88 67 172 35 133 1 163 154 153 115 107 114 111 164 51 176 69 167 16 15 124 96 17 50 125 119 2 98 89 151 31 24 61 135 182 137 129 152 138 11 193 39 116 190 21 43 159 42 123 81 128 28 128 175 156 0
81
0 0
1 1
2 2
35 3 35 157
9 4 9 103
5 5
8 8 71
11 11 65
13 13
14 14
15 15
16 16
17 17
18 18
108 20
21 21
22 22
185 23
24 24
26 26 80
193 27 193
28 28 187
31 31
113 33
38 38
39 39 56
42 42
43 43
129 47 129
50 50
51 51
52 52
123 59 158
66 66
67 67
101 68 101
69 69
124 70
72 72
74 74
78 78 177
81 81
83 83
46 84
133 86 133
89 89
135 93
94 94
96 96
98 98
12 100 120
102 102
107 107
111 111
114 114
115 115
116 116
125 125
128 128
130 130
172 134 172
137 137
138 138
159 141 159
175 143 173
146 146
151 151
152 152
153 153
154 154
160 160
164 164
166 166
167 167
119 174
182 182
88 183
184 184
190 190
30 197
199 199
