13 149 102 121 108 152 198 122 100 178 147 49 136 196 126 131 117 129 105 112 179 180 50 159 165 140 171 197 184 15 181 114 186 190 175 167 115 123 144 153 195 158 142 146 143 120 157 170 181 106 119 191 168 124 14 127 109 156 103 155 177 111 154 134 162 133 113 148 116 104 199 132 182 13
70
100 100
165 101 165
102 102 135
103 103
104 104
105 105
106 106 163 188
143 107 143
108 108
109 109
175 110 175
111 111 137
112 112 176
113 113 141 173
114 114 130
115 115
116 116 164
117 117
121 118 121
119 119 169
120 120
122 122
123 123
124 124
15 125 183
126 126 166
127 127
149 128 149
129 129
131 131
132 132
133 133
134 134
136 136
168 138 168
14 139
140 140
142 142
144 144
154 145 154
146 146
147 147
148 148
153 150 153
171 151 171 185
152 152
155 155
156 156
157 157 192
158 158
159 159 161
195 160 195
162 162
167 167 187
170 170
50 172
181 174 181 194
177 177
178 178
179 179
180 180
182 182
184 184
186 186 189
190 190
191 191
197 193 197
196 196
198 198
199 199
