vLeODpVlYSBeYNDYoXha uyPyJzKFqWxgSNmpkDrB zxeoSbTqbWPpSzalAtBI MlwlINEFqmyzZNPXRLJF TCAkluAESUWAMGFeNcGN OVoYVQPnlYoZBBKtyuLk oCvaAQKOXXWgeSNnUmae CfkBzkPETvagyIDCsLTD iDucfyZGMCbCQbXjbQqM jzQJaGLLiuQLhhyqBagr iBYHAWUhqeQPjphQzpdN mevvwcZLudaokctOWvKe VhDSPHxolLkNxxDnpUyx jwIBHKkXHTPVsOJwBOsr QQSjCkgLAWAPObYQvNsB qbmGewAditsWkTFHdxjP LOMgYipCQQXQnRqEqRwO mlipOrSnGcxXtoXBbRyl LOMgYipCQQXQnRqEqRwO ybrQlUhznqOhsvndWAbl ruLqpYqEzGGiKysvsarb AdXveYSBaneNwCQzrdSw QkAjrUUuVdzSMnlfJLcO gMqbbwopmbxmOomqZjfm ZjjqpiSiaWnmxJgUtucv aCucdhmWbhlrgfstQigR BXzACdzjLITNgbmDPlEu UAwuKFcUHFyvaFCTLpOT gzxzakmqbxbsOczuQVLG wRjMmrpRuknxqunJrMAE DqUxIMslnixWfmkjQTmS ajvbaFpYiEBJySPsSLaI DqUxIMslnixWfmkjQTmS wRjMmrpRuknxqunJrMAE gzxzakmqbxbsOczuQVLG gIttwvzcgONwFblnGIqq gMqbbwopmbxmOomqZjfm CmbFyJmcvVqyCmJgQxeI fHcdXnOxSadpKeCUwNYm fvEcAuRDdfuHEPLNpaTz sXfgLMwoysnMazVSWnhc sdSgCnaZeeOuPKljZOSr FEqXJcVrZfnSsHEUPhnl xQaDpDGAXhDYzSMnMWvb TwgqMzgExFHTIfcwfBnr cZgmtoPGHxdozTaDMiyf TwgqMzgExFHTIfcwfBnr xQaDpDGAXhDYzSMnMWvb WCCOEUYmDvzZlrkDAqoi LGqbVTsFMANIedVHAALW biqCAetglYuANrTRzMiX vLeODpVlYSBeYNDYoXha
35
VhDSPHxolLkNxxDnpUyx fPxvnMVMFwhJbNBURdgD VhDSPHxolLkNxxDnpUyx PLDOWRIeaCSVLMyDadzC
TwgqMzgExFHTIfcwfBnr TwgqMzgExFHTIfcwfBnr
qbmGewAditsWkTFHdxjP cvlwIwajcIlbhZbyFgmq
MlwlINEFqmyzZNPXRLJF tVzUgXVoBYxBMnkkwFmk MlwlINEFqmyzZNPXRLJF
ajvbaFpYiEBJySPsSLaI sBkAYRISjTYinLFSNcKW fToHwimUqLsKcKLZHiUX
cZgmtoPGHxdozTaDMiyf DWWCMAjZQQIEKOIiHFQN cZgmtoPGHxdozTaDMiyf
FEqXJcVrZfnSsHEUPhnl ASXwCgVTXDdhSXJwFovC
gzxzakmqbxbsOczuQVLG gzxzakmqbxbsOczuQVLG gEufXNuuWhnlbNYaoQFJ
AdXveYSBaneNwCQzrdSw AdXveYSBaneNwCQzrdSw
DqUxIMslnixWfmkjQTmS DqUxIMslnixWfmkjQTmS TqyFrXuGvuBuqnpYbjKc
aCucdhmWbhlrgfstQigR aCucdhmWbhlrgfstQigR
WCCOEUYmDvzZlrkDAqoi WCCOEUYmDvzZlrkDAqoi
jzQJaGLLiuQLhhyqBagr jzQJaGLLiuQLhhyqBagr
uyPyJzKFqWxgSNmpkDrB uyPyJzKFqWxgSNmpkDrB
fvEcAuRDdfuHEPLNpaTz fvEcAuRDdfuHEPLNpaTz
iBYHAWUhqeQPjphQzpdN iBYHAWUhqeQPjphQzpdN
gMqbbwopmbxmOomqZjfm UgFPXEAdAfcfHGIbNTsq gMqbbwopmbxmOomqZjfm NAHeKyyhAObyyUEUSkSU
wRjMmrpRuknxqunJrMAE iBjjCWwkYToOKfrrLnny
mlipOrSnGcxXtoXBbRyl NVEtShKeuxpaFIOiyVqE mlipOrSnGcxXtoXBbRyl
sXfgLMwoysnMazVSWnhc sXfgLMwoysnMazVSWnhc
iDucfyZGMCbCQbXjbQqM iDucfyZGMCbCQbXjbQqM
zxeoSbTqbWPpSzalAtBI pdXCnKagnvEntNTuPHdK dyUDfEGgAoSshTRjMZZg zxeoSbTqbWPpSzalAtBI
OVoYVQPnlYoZBBKtyuLk OVoYVQPnlYoZBBKtyuLk CPszTohYUHARNedzFlDK
gIttwvzcgONwFblnGIqq gIttwvzcgONwFblnGIqq
xQaDpDGAXhDYzSMnMWvb xQaDpDGAXhDYzSMnMWvb
jwIBHKkXHTPVsOJwBOsr jwIBHKkXHTPVsOJwBOsr
QQSjCkgLAWAPObYQvNsB RjKEHTlRvtaVBbyqZVAw QQSjCkgLAWAPObYQvNsB
CmbFyJmcvVqyCmJgQxeI CmbFyJmcvVqyCmJgQxeI
ruLqpYqEzGGiKysvsarb ruLqpYqEzGGiKysvsarb
BXzACdzjLITNgbmDPlEu BXzACdzjLITNgbmDPlEu
CfkBzkPETvagyIDCsLTD CfkBzkPETvagyIDCsLTD
fHcdXnOxSadpKeCUwNYm fHcdXnOxSadpKeCUwNYm
ybrQlUhznqOhsvndWAbl ybrQlUhznqOhsvndWAbl
QkAjrUUuVdzSMnlfJLcO QkAjrUUuVdzSMnlfJLcO NciLXNPTvMoXdbTDZmlg
mevvwcZLudaokctOWvKe FcEsyaTmqpoyvbDrHjlc
