wNqlpYNsRbJEgiGpKxrU lbWonvEbeplndKguSTkk igyeOiSdezmmXGTwMzLw KcrnMnFDTrBKaUaGpdLY eOfnBeTgmYCNEnRUhlEK lbWonvEbeplndKguSTkk qfRRtdRbhYJBARMfPlZM scpUkbcaYSAsHhSktebT JvFxbsySBAiFiOUrzrBi wuSVWJYvpiWaQAHXocSG nCedHqGgdWAicwyuYWpg lIpVoDPUIfHCPpjswogJ lbWonvEbeplndKguSTkk shaRjZRSPDzVXmetmolj scpUkbcaYSAsHhSktebT EEeDJaHeajXXlwYcHTeJ juzxSpUVuccJUMBOcJjO ANDviqMIuFwdcboQDprt QyXpliHSeQOPIsurIcpa DpztIuGTRpGuLsdlODJw lSJjEsqamUCgRZdCmdyI XvUPApTFkqaSSizYsCIr QyXpliHSeQOPIsurIcpa CvZkdIYtdeDHtwufupie syonLisTOSczosCwoILE jznspKyqlmxZtgfQUJVB RlHeRhvUOhGhZVGGJuED gFUGYXSirCYiFTivWNah erZKLqpCZsYKDnOCaBGq ccdJRKiTXwIErdhSIxfh qoaNjvaRghiMQXaVEoQe syonLisTOSczosCwoILE CvZkdIYtdeDHtwufupie ZXihCBEQBTdisqSlEMsj ayQgUwyRuQVKeyFLPNbQ gFUGYXSirCYiFTivWNah iVjkcMenotYGMFEBTvoa oDgfEuAVpeOlkkTIMDLw ADVVlRLpnspleRTgeTdu DZEpVGVXkxHljziwItaS QjbdwbUnopENkiNyqirZ lIpVoDPUIfHCPpjswogJ yscsUFTNNyaVMKBztBdV UIlSMnVKIdNiXZNSiHsI bEfUXCTlwRBndElSbPGf imEmCMbYEtZJJkwxkSDD TEPaiCedHTXapLxoBXMp eCBFrcppbiLzdGQubocl xlbpuxAjoVPJWPCWBEkJ CWozbDsqFUhTlbxWhCmh cMYyKTXGNKnFzrpwnXUl szyiMlKhtyOynWjcoMsm HeWrJOKsDjgdrcamgZLN aGPbLNWYAMujnfHCTCMo HeWrJOKsDjgdrcamgZLN kwPuYZgJgVVJfdBGUtPw mgNeYYUOPKpLeiVEFIXd GMxGouyyndiUBMqMdOoc EEeDJaHeajXXlwYcHTeJ MBJqOYmxhUYbldNVEdRy NzDQJknJPDEkcwCHzzbF wvSJDoqoPGAkYgSuPFPw NzDQJknJPDEkcwCHzzbF pzrGQEObzJGPnfATEYDc hLaNXBYgTzgUhvjmqUTu MBJqOYmxhUYbldNVEdRy PZwTcKCPsEmpxetNZvef pMOSpTzPTPLXHLOQMjnt oLMkSrYLQRLHmPiuLCTC jwcUBYKIcRlUlpQdHDpU CbGuHgZfQMmSOfHDFJnK MBJqOYmxhUYbldNVEdRy QePOUWiXcAUCoHETxuGS wfEFdNDcColoskjTjcLm uUKZHvHmBrpBHjYWNaUL MBJqOYmxhUYbldNVEdRy EEeDJaHeajXXlwYcHTeJ efZntVbfQTvIUOiRNPSH shugRMnaHVqQSmKaNBgu IvXQutSorlqOgnSVAIUd jUSlIFtitQxyvVLJjiCc XPPBMlNyfVVeZGIzTCEW yYaxxtTIkvUeyUpwOvuY shugRMnaHVqQSmKaNBgu NJZlnWyeJFrkOwoqHKtT oZXYedlbtBLmkfoVmgta lbWonvEbeplndKguSTkk wNqlpYNsRbJEgiGpKxrU
65
oZXYedlbtBLmkfoVmgta svUOWvTJLneAqJGnExpc oZXYedlbtBLmkfoVmgta
lIpVoDPUIfHCPpjswogJ cwgJAHVpCCTmuckJkncL WMWBpOSnHGywZjCgaYyY
DZEpVGVXkxHljziwItaS DZEpVGVXkxHljziwItaS
mgNeYYUOPKpLeiVEFIXd NtyLZDOaSczVvOGdocUp mgNeYYUOPKpLeiVEFIXd
eCBFrcppbiLzdGQubocl vIbIQYXZnmYrooTLYNtu SitzoubgYFeTjmkLjVPz
yscsUFTNNyaVMKBztBdV yscsUFTNNyaVMKBztBdV EhDFVLWZueLOrdjEOzEQ
syonLisTOSczosCwoILE syonLisTOSczosCwoILE zNRhhVdMWUgTnnqmAfeY kqcEdfKLaRzxOhAIzchh aIuYyryCOUGVeCAqbqkg
aGPbLNWYAMujnfHCTCMo ihxEqMQIIvyQmtrtMjeO aGPbLNWYAMujnfHCTCMo
ADVVlRLpnspleRTgeTdu ADVVlRLpnspleRTgeTdu
jUSlIFtitQxyvVLJjiCc bFmSeBrfNuxjYPUDCLYq jUSlIFtitQxyvVLJjiCc
NzDQJknJPDEkcwCHzzbF NzDQJknJPDEkcwCHzzbF EmbDgEECbkHbfAfHCgwB
PZwTcKCPsEmpxetNZvef ZauPfhkpsGmhbvkhkltR PZwTcKCPsEmpxetNZvef
DpztIuGTRpGuLsdlODJw DpztIuGTRpGuLsdlODJw
scpUkbcaYSAsHhSktebT scpUkbcaYSAsHhSktebT kyApsCeFkLoLFCdkazaE JVONrXhhmtFWhFfDiOXW
uUKZHvHmBrpBHjYWNaUL ZwvojvRdUOYNJXIwAqgC
pMOSpTzPTPLXHLOQMjnt FWnudSYFvYQJHehOpEKf pMOSpTzPTPLXHLOQMjnt
wvSJDoqoPGAkYgSuPFPw QeYNNLpZMBxyiFbZMPFY wvSJDoqoPGAkYgSuPFPw UdSbtwxTqTJxOiUoxEqw
juzxSpUVuccJUMBOcJjO juzxSpUVuccJUMBOcJjO
UIlSMnVKIdNiXZNSiHsI eobSFtKBbBdcVrTOREdK UIlSMnVKIdNiXZNSiHsI fgzJCwocQniGlXAZHJId
wuSVWJYvpiWaQAHXocSG wuSVWJYvpiWaQAHXocSG
EEeDJaHeajXXlwYcHTeJ EEeDJaHeajXXlwYcHTeJ
igyeOiSdezmmXGTwMzLw oKAKfpUUuLItChLyByFh igyeOiSdezmmXGTwMzLw NYdfLxXxFVvLEbDKzXWn
efZntVbfQTvIUOiRNPSH efZntVbfQTvIUOiRNPSH
NJZlnWyeJFrkOwoqHKtT xgBrJmdXVwtxgRuCBhMe NJZlnWyeJFrkOwoqHKtT
XPPBMlNyfVVeZGIzTCEW XPPBMlNyfVVeZGIzTCEW
ANDviqMIuFwdcboQDprt YTwycpmzEWCqqTELtzXc ANDviqMIuFwdcboQDprt
MBJqOYmxhUYbldNVEdRy MBJqOYmxhUYbldNVEdRy
QyXpliHSeQOPIsurIcpa QyXpliHSeQOPIsurIcpa NPSPGRTNRcKKVpsBRSwh
pzrGQEObzJGPnfATEYDc pzrGQEObzJGPnfATEYDc
ayQgUwyRuQVKeyFLPNbQ ayQgUwyRuQVKeyFLPNbQ
bEfUXCTlwRBndElSbPGf bEfUXCTlwRBndElSbPGf
XvUPApTFkqaSSizYsCIr XvUPApTFkqaSSizYsCIr
oDgfEuAVpeOlkkTIMDLw wlySPverjehsBxldyigf
CbGuHgZfQMmSOfHDFJnK CbGuHgZfQMmSOfHDFJnK XtZHoAxqEyzvMChzPHpN
qoaNjvaRghiMQXaVEoQe edlAtPQdNXJQPCIzpkyX VRpSthoDcomqMDsGoVql joWAhkfNqIEECnBeulGl
gFUGYXSirCYiFTivWNah gcXUxTVUZWsOwtRNeDDa
KcrnMnFDTrBKaUaGpdLY KcrnMnFDTrBKaUaGpdLY fpoTaBKmVdlDCxFwCFoz
QjbdwbUnopENkiNyqirZ nreoVgWrBhNXFZgTBlXO QjbdwbUnopENkiNyqirZ
IvXQutSorlqOgnSVAIUd IvXQutSorlqOgnSVAIUd
CvZkdIYtdeDHtwufupie oHoxoLeyDYnKZDzgMtxI CvZkdIYtdeDHtwufupie
cMYyKTXGNKnFzrpwnXUl cMYyKTXGNKnFzrpwnXUl vTbNxpVTEoFlSjvvVvfG
kwPuYZgJgVVJfdBGUtPw kwPuYZgJgVVJfdBGUtPw
JvFxbsySBAiFiOUrzrBi JvFxbsySBAiFiOUrzrBi
erZKLqpCZsYKDnOCaBGq erZKLqpCZsYKDnOCaBGq NIJaJxCurulNUdZZMxFk
GMxGouyyndiUBMqMdOoc GMxGouyyndiUBMqMdOoc
QePOUWiXcAUCoHETxuGS QePOUWiXcAUCoHETxuGS gDYKDrbERUXTnCayjBrC
HeWrJOKsDjgdrcamgZLN HeWrJOKsDjgdrcamgZLN zHPSSEtFTQIbLYMdHqgP
eOfnBeTgmYCNEnRUhlEK eOfnBeTgmYCNEnRUhlEK
qfRRtdRbhYJBARMfPlZM qfRRtdRbhYJBARMfPlZM
imEmCMbYEtZJJkwxkSDD imEmCMbYEtZJJkwxkSDD
xlbpuxAjoVPJWPCWBEkJ xlbpuxAjoVPJWPCWBEkJ
TEPaiCedHTXapLxoBXMp TEPaiCedHTXapLxoBXMp
szyiMlKhtyOynWjcoMsm szyiMlKhtyOynWjcoMsm
ccdJRKiTXwIErdhSIxfh ccdJRKiTXwIErdhSIxfh
jznspKyqlmxZtgfQUJVB jznspKyqlmxZtgfQUJVB
wfEFdNDcColoskjTjcLm wfEFdNDcColoskjTjcLm
oLMkSrYLQRLHmPiuLCTC oLMkSrYLQRLHmPiuLCTC
hLaNXBYgTzgUhvjmqUTu hLaNXBYgTzgUhvjmqUTu
shugRMnaHVqQSmKaNBgu shugRMnaHVqQSmKaNBgu
iVjkcMenotYGMFEBTvoa VIPPawblKbhOVWrmrWBx
nCedHqGgdWAicwyuYWpg nCedHqGgdWAicwyuYWpg
lSJjEsqamUCgRZdCmdyI lSJjEsqamUCgRZdCmdyI
lbWonvEbeplndKguSTkk lbWonvEbeplndKguSTkk
RlHeRhvUOhGhZVGGJuED RlHeRhvUOhGhZVGGJuED eiLPqIroFfCGzqSAlzAp
ZXihCBEQBTdisqSlEMsj ZXihCBEQBTdisqSlEMsj
