0 54 10 2 69 23 8 3 97 92 88 21 17 19 36 27 38 84 52 87 137 43 76 81 59 83 1 22 51 63 12 90 55 49 53 62 48 37 16 73 85 24 40 71 30 68 35 70 60 42 28 14 4 47 26 6 18 41 45 50 33 44 15 95 99 65 31 74 57 78 67 96 56 25 46 7 105 98 82 66 39 72 9 93 20 75 94 100 89 77 80 16 58 0
90
1 1
2 2
3 3
4 4 86
45 5 45
6 6
7 7
8 8
9 9
10 10
71 11 71
12 12
76 13 76
14 14
15 15
16 16
17 17
18 18
19 19
20 20
21 21
22 22
23 23
24 24
25 25
26 26
27 27
28 28
72 29 72
30 30
31 31
42 32 42
33 33
69 34 69
35 35
36 36
37 37
38 38
39 39
40 40
41 41
43 43
44 44
46 46
47 47 61
48 48
49 49 91
50 50
51 51
52 52
53 53
54 54
55 55
56 56
57 57
58 58
59 59
60 60
62 62
63 63
137 64
65 65
66 66
67 67
68 68
70 70
73 73
74 74
75 75
77 77
78 78
100 79 100
80 80
81 81
82 82
83 83
84 84
85 85
87 87
88 88
89 89
90 90
92 92
93 93
94 94
95 95
96 96
97 97
98 98
99 99
