Soda L63 L89 L39 L8 L56 L69 L1 L26 L12 L94 L3 L95 L25 L97 L92 L5 L21 L15 L85 L57 L16 L35 L29 L19 L80 L24 L66 L55 L84 L6 L23 L11 L67 L87 L41 L83 L18 L2 L31 Soda
38
L11 L11
L87 L87
L94 L94
L5 L5
L29 L29 L98
L66 L82 L52 L66
L2 L2
L31 L31
L89 L89
L15 L15
L1 L50 L1
L6 L36 L51 L6
L18 L75 L18
L8 L30 L8
L85 L85 L91
L67 L67
L92 L92
L57 L57
L39 L39 L46
L80 L64 L80
L23 L23
L95 L95
L55 L55
L56 L56
L21 L21
L83 L83
L3 L3
L25 L25
L41 L41
L63 L63
L19 L10 L19
L97 L97
L84 L84
L26 L26
L16 L16
L69 L69
L35 L35
L12 L12
