Soda L62 L176 L149 L122 L0 L4 L70 L25 L150 L130 L174 L93 L54 L97 L173 L121 L52 L177 L83 L98 L6 L24 L186 L79 L188 L23 L145 L103 L171 L27 L159 L11 L44 L34 L23 L85 L193 L81 L189 L74 L14 L198 L34 L164 L99 L12 L163 L166 L191 L21 L43 L68 L143 L2 L22 L75 L116 L182 L132 L37 L84 L12 L168 L101 L119 L60 L13 L32 L5 L69 L135 L67 L108 L158 L115 L63 L35 L126 L89 L171 L151 L92 L114 L157 L50 L102 L49 L183 L169 L133 L129 Soda
85
L49 L49
L69 L69 L39
L34 L34
L189 L194 L76 L189
L4 L4
L151 L151
L132 L132
L121 L121
L103 L103
L22 L22
L70 L192 L70
L12 L12
L101 L101
L74 L74
L6 L86 L107
L0 L0
L89 L89
L157 L190 L157
L24 L24
L54 L54 L117
L183 L183
L97 L97
L43 L43
L37 L90 L167 L37
L102 L113 L102
L115 L115
L93 L93
L159 L159
L186 L186
L191 L191
L85 L85
L11 L11 L124
L83 L83
L99 L99
L164 L164
L173 L173 L125
L168 L168
L23 L61 L23
L150 L172 L150
L130 L130
L13 L13
L177 L177
L63 L63
L193 L193
L149 L149
L171 L45 L171
L116 L116
L163 L163
L98 L98
L84 L84
L108 L108
L50 L50
L5 L5
L75 L75
L14 L14
L27 L27
L25 L25
L188 L188
L114 L114
L198 L198
L158 L158
L126 L126
L62 L62
L169 L169
L176 L176
L135 L135
L67 L67
L145 L145
L52 L52
L174 L174
L2 L9
L35 L35
L81 L81
L143 L143
L32 L32
L44 L44
L21 L21
L60 L60
L68 L68
L122 L122
L79 L79
L92 L92
L166 L166
L119 L119
L133 L133
