Soda location4 location30 location12 location1 location45 location15 location44 location11 location7 location41 location47 location10 location50 location32 location13 location39 location37 location24 location35 location22 location2 location36 location18 location34 location20 location21 location38 location23 location9 location33 location6 location26 location14 location5 location46 location40 location16 location29 location28 location42 location43 location8 location49 location31 Soda
44
location40 location40 location17
location41 location41 location48
location21 location21
location2 location2
location32 location32
location1 location1
location36 location36
location15 location15
location26 location3 location26
location16 location16
location34 location34
location18 location18 location25
location24 location24
location28 location28
location33 location33
location46 location46 location27 location19
location9 location9
location47 location47
location12 location12
location45 location45
location14 location14
location11 location11
location20 location20
location35 location35
location29 location29
location50 location50
location7 location7
location39 location39
location6 location6
location23 location23
location44 location44
location5 location5
location8 location8
location31 location31
location10 location10
location4 location4
location42 location42
location22 location22
location37 location37
location43 location43
location49 location49
location13 location13
location38 location38
location30 location30
