Soda location53 location89 location32 location49 location46 location75 location64 location12 location52 location59 location36 location80 location4 location76 location61 location91 location77 location45 location50 location29 location81 location96 location26 location17 location39 location43 location33 location98 location71 location87 location79 location111 location31 location84 location6 location86 location25 location85 location30 location38 location22 location65 location67 location70 location40 location172 location56 location44 location37 location35 location69 location90 location16 location57 location41 location144 location14 location48 location7 location60 location78 location156 location66 location34 location20 location166 location51 location10 location73 location99 location97 location24 location72 location42 location63 location5 location93 location2 location9 location1 location47 location88 location166 Soda
80
location71 location71 location28
location52 location52
location42 location42 location92
location36 location36
location34 location34
location45 location45
location144 location58 location3
location39 location39
location31 location31
location22 location11 location22
location61 location61
location2 location2
location98 location98
location89 location54 location89
location47 location18 location47
location64 location64 location23 location19
location44 location44
location17 location82 location17
location46 location46
location156 location15
location49 location49
location6 location95 location6
location38 location38
location60 location68 location100 location60
location32 location32
location65 location65
location4 location4
location67 location67
location30 location30
location9 location94 location9
location5 location5 location83
location7 location7
location56 location74 location56
location35 location35
location77 location77
location10 location10 location8
location53 location53
location48 location48
location97 location97
location91 location91
location26 location26
location57 location57
location79 location79
location37 location37
location86 location86
location66 location66
location16 location16
location80 location80 location13
location24 location24
location88 location88
location73 location73
location25 location25 location21 location62
location87 location87
location70 location70
location29 location29
location166 location27
location50 location50
location63 location63
location12 location12
location41 location41
location14 location14
location75 location75
location93 location93
location90 location90
location84 location84
location81 location81
location72 location72
location85 location85
location33 location33
location43 location43
location59 location59
location78 location78
location76 location76
location40 location40
location99 location99
location1 location1
location69 location69 location55
location96 location96
location20 location20
location51 location51
