Soda location25 location14 location16 location7 location10 location3 location21 location2 location8 location2 location4 location20 location9 location5 location15 location46 location23 location17 location12 location25 Soda
18
location10 location10 location11
location2 location2
location4 location22 location4
location3 location3
location14 location14
location8 location1 location8
location23 location23
location21 location6 location21 location24
location25 location25
location16 location16
location7 location7
location9 location19 location9
location12 location12
location5 location5
location17 location17
location20 location20
location46 location13 location18
location15 location15
