Soda grace rabie sarina daniel caroline sunny lewke tamara jarrett roshan andrew singhal castro meghan chloe berit rob walsh vilaythong djajadi patagonia garbers davis shah ashley ritter massachusetts sriram alvin yip woolf winifred danyal rosen garcia aidan noor martinez ruhi eshaan annie lo shen golden krishnan Soda
45
danyal danyal
singhal singhal connor
grace grace
patagonia patagonia
shen shen
sunny sunny amanda
vilaythong vilaythong
alvin alvin
rabie rabie ian
sriram sriram
daniel daniel juliann
winifred winifred
davis davis
castro castro
rob rob
noor noor
lewke lewke
golden golden
martinez martinez
chloe chloe
garbers garbers
garcia garcia
sarina sarina
krishnan krishnan
massachusetts massachusetts
ruhi ruhi kevin
jarrett jarrett
tamara tamara
rosen rosen
shah shah
woolf woolf
eshaan eshaan
caroline caroline
yip yip
lo lo
roshan roshan
annie annie
djajadi djajadi
meghan meghan
ritter ritter
andrew andrew
walsh walsh
aidan aidan
ashley ashley
berit berit
