Soda eshaan connor maya jacob cal zou soman singhal saurav angelis vilaythong subbaraj charles krista kanika umar ravi aanika ani ahluwalia chung barth erika annie krishnan gobears evan srinivasan zhifei sunny parham brett devesh chloe doshi alvin greg sun zhou olivia weaver tyler andrew oscar celine kaur ishaan shah bears mack emily kevin du ritter danyal sophia djajadi amanda mittal chen vikram melissa william nichole ohio hanlon franco grace wyatt ellen winifred massachusetts rob daniel singorahardjo hari yip lebron adhikiari liang maniku wong george chase caroline ashley berit gregory rouzbahani patagonia logan ruhi srivastava Soda
94
ruhi ruhi
wyatt wyatt
kaur kaur
caroline caroline
maniku maniku
sunny sunny
kevin kevin
devesh devesh
rouzbahani rouzbahani
singorahardjo singorahardjo
srinivasan srinivasan
ashley ashley
djajadi djajadi
chen chen
Soda li lindsey
singhal singhal wu
william william lewke
daniel daniel
ishaan ishaan
du du
eshaan eshaan
rob rob
cal cal
zou zou
vikram vikram
ravi ravi
weaver weaver xin
srivastava srivastava
oscar oscar
grace grace
adhikiari adhikiari
bears bears scott
massachusetts massachusetts
gregory gregory
connor connor
ritter ritter
wong wong
ellen ellen
chung chung
danyal danyal
celine celine
maya maya
ohio ohio
barth barth
greg greg
ahluwalia ahluwalia
doshi doshi
amanda amanda
krishnan krishnan
zhou zhou king
mittal mittal
melissa melissa
angelis angelis
yip yip
jacob jacob
erika erika
zhifei zhifei
shah shah
hanlon hanlon
chloe chloe
lebron lebron
parham parham
gobears gobears
tyler tyler
saurav saurav
emily emily
george george
nichole nichole
alvin alvin
olivia olivia
vilaythong vilaythong
brett brett
aanika aanika
ani ani
sun sun
krista krista
winifred winifred
hari hari
soman soman
liang liang
berit berit
annie annie
umar umar
kanika kanika
patagonia patagonia
mack mack
charles charles
subbaraj subbaraj
franco franco
andrew andrew
logan logan
evan evan
sophia sophia
chase chase
