loc48 loc61 loc94 loc60 loc12 loc6 loc27 loc72 loc24 loc68 loc43 loc26 loc17 loc64 loc75 loc23 loc69 loc96 loc7 loc45 loc34 loc63 loc81 loc80 loc3 loc55 loc71 loc92 loc98 loc19 loc20 loc21 loc4 loc5 loc40 loc47 loc0 loc90 loc9 loc28 loc44 loc52 loc35 loc48
42
loc55 loc11 loc55
loc21 loc21 loc31
loc20 loc20 loc73
loc12 loc12
loc90 loc90
loc72 loc72
loc5 loc5
loc40 loc40
loc81 loc81
loc96 loc96
loc0 loc0 loc89
loc7 loc7
loc44 loc44
loc9 loc9
loc35 loc35
loc19 loc19
loc28 loc28
loc80 loc93 loc88 loc80
loc3 loc3
loc43 loc43
loc92 loc92 loc25
loc68 loc68
loc60 loc60 loc91
loc63 loc63
loc4 loc4
loc34 loc34
loc64 loc64
loc24 loc24
loc75 loc75
loc26 loc26
loc94 loc94
loc23 loc23
loc17 loc17
loc61 loc61
loc6 loc6
loc47 loc47
loc45 loc45
loc27 loc27
loc69 loc69
loc71 loc71
loc52 loc52
loc98 loc98
