loc79 loc68 loc16 loc173 loc154 loc152 loc14 loc60 loc142 loc174 loc114 loc41 loc155 loc186 loc167 loc171 loc170 loc146 loc62 loc150 loc30 loc120 loc89 loc148 loc69 loc17 loc54 loc176 loc153 loc43 loc160 loc98 loc87 loc90 loc124 loc109 loc131 loc162 loc130 loc159 loc9 loc113 loc196 loc134 loc97 loc132 loc25 loc66 loc6 loc18 loc40 loc187 loc0 loc4 loc64 loc189 loc122 loc107 loc76 loc185 loc44 loc8 loc80 loc33 loc127 loc19 loc180 loc59 loc2 loc26 loc94 loc115 loc73 loc83 loc158 loc191 loc110 loc140 loc50 loc145 loc118 loc48 loc34 loc45 loc36 loc92 loc96 loc91 loc3 loc164 loc79
90
loc118 loc118
loc4 loc4
loc191 loc191
loc9 loc9
loc180 loc180
loc90 loc90
loc154 loc154
loc134 loc134
loc114 loc114 loc58
loc6 loc6
loc69 loc69
loc26 loc26
loc96 loc96
loc159 loc159
loc91 loc111 loc91
loc170 loc170
loc148 loc148
loc8 loc8
loc130 loc130
loc43 loc43
loc142 loc142
loc187 loc187
loc131 loc121 loc131
loc30 loc30
loc41 loc41 loc52
loc68 loc68
loc54 loc54
loc140 loc140
loc2 loc2
loc171 loc171
loc17 loc17
loc167 loc167
loc189 loc189
loc59 loc59
loc60 loc60
loc0 loc0
loc25 loc25
loc66 loc66
loc97 loc97
loc155 loc155
loc173 loc173 loc133 loc106
loc124 loc124
loc62 loc128 loc62
loc127 loc127
loc36 loc36
loc174 loc174
loc153 loc153
loc64 loc64
loc107 loc107
loc185 loc181 loc185
loc110 loc110
loc33 loc33
loc73 loc73
loc44 loc44
loc16 loc16
loc98 loc98
loc89 loc89
loc113 loc113
loc176 loc176
loc132 loc132
loc164 loc164
loc79 loc11
loc80 loc80
loc122 loc122
loc48 loc48 loc70
loc87 loc87
loc40 loc40
loc150 loc150
loc196 loc78 loc196
loc146 loc146
loc115 loc115
loc109 loc109
loc3 loc3
loc18 loc18
loc14 loc14
loc158 loc158
loc94 loc94
loc145 loc145
loc34 loc34
loc186 loc186
loc76 loc76
loc19 loc19
loc162 loc162
loc45 loc45
loc50 loc50
loc152 loc152
loc160 loc160
loc83 loc83
loc92 loc92
loc120 loc120
