Jingzhou Ghugus Veenendaal Srinagar Malnate CoonRapids Sagalo BurgbeiMagdeburg Chittaranjan Kabarnet Sanaa Sarzedo Jeypore Shumen Ermelo Kheri Carmichael Carouge Depok Shively Rangae Depok FortLauderdale Bejucal TanahMerah LondonderryCountyBor Colachel Ibri Rembangan Gangtok BeneBeraq MelitodiNapoli Thamaga Tottori Junagarh Ronse AzZuwaytinah Khabarovsk Crespo Rembangan RioFormoso Radnor Frosinone Ouarzazat Ketrzyn Pundong Jingzhou
40
CoonRapids CoonRapids
Sarzedo Sarzedo
MelitodiNapoli SaintMichael
Colachel Colachel
Srinagar Entroncamento Kirovsk Srinagar
Khabarovsk Chegem Khabarovsk
Rembangan Rembangan
AzZuwaytinah AzZuwaytinah
Ghugus Manduria Ghugus
Gangtok Gangtok
Tottori Tottori
Ronse Ronse
Ermelo Ermelo
Chittaranjan Chittaranjan
Depok Depok
Veenendaal Shizunaifurukawacho Veenendaal
Crespo Crespo
Ibri Ibri
Malnate Lysva Malnate
Jeypore Jeypore
TanahMerah TanahMerah
Shively Shively
BurgbeiMagdeburg BurgbeiMagdeburg
Rangae Rangae
Kabarnet Kabarnet Tabatinga
Ouarzazat Ouarzazat
Sagalo Sagalo
Kheri Kheri
Ketrzyn SanJosedeOcoa Ketrzyn
LondonderryCountyBor LondonderryCountyBor
Shumen Shumen
Sanaa Sanaa JabalosSaraj
Thamaga Thamaga
Carouge Carouge
Radnor Radnor
FortLauderdale FortLauderdale
BeneBeraq BeneBeraq
Carmichael elCampello Carmichael
Bejucal Bejucal
RioFormoso RioFormoso
