LesLilas AinBessem Kairouan Johnston Battambang AinArnat Mandan FortWorth Skelmersdale SouthSaintPaul Mabopane UlanBator BlueIsland ChalcodeDiazCovarrub Kambove Braila Morwa Ortaca Itororo Shchekino AshtonunderLyne MineralnyeVody TagbilaranCity Hirosaki Kotka BlueIsland Pezinok SenaMadureira Belalcazar Oerlinghausen Sorada Escada Pozzuoli Haripur Lloydminster SpanishTown Lloydminster Khulm Anjarah Rhondda Kotka NoblePark SanJuandelaMaguana Andrychow SanJuandelaMaguana Gunzenhausen SenadorPompeu Acarau Akcaabat Mocoa FetestiGara Embu Tabou EastLongmeadow Gorgan Shimofurano Gorgan NahiyatashShinafiyah SaintCyrlEcole SantanadoLivramento CapimGrosso Geiro Skelmersdale Haora Acireale Sobue Johnston Wenchi Hangu Daokou Sosnovka HaciendaLaCalera KotRadhaKishan Twante Rivas NorthAurora Aracuai AinBessem LesLilas
69
Khulm Khulm
SouthSaintPaul Kemise Ibirataia SouthSaintPaul Angleton
Hirosaki Hirosaki
SanJuandelaMaguana SanJuandelaMaguana
Shchekino Shchekino Espiye
Braila Braila Bury
SenaMadureira SenaMadureira
Shimofurano Shimofurano Arzamas
AinArnat AinArnat
Rhondda Rhondda
Morwa Morwa
Hangu Hangu Vaniyambadi
Andrychow Andrychow Turek GuaMusang
Mandan Garbsen Butuan
Sobue Sobue
Sosnovka Sosnovka PriegodeCordoba Shieli
Rivas Rivas
Anjarah Yafo Anjarah
Haora Haora
Haripur Haripur
CapimGrosso CapimGrosso
AinBessem AinBessem
Acireale Ontinyent Baramula Acireale
SpanishTown SpanishTown Kineshma
Johnston Johnston Kaifeng
FetestiGara Nagar FetestiGara PortoVelho
Belalcazar Belalcazar
SenadorPompeu SenadorPompeu
KotRadhaKishan KotRadhaKishan Izhevsk
BlueIsland BlueIsland MadinatHamad
UlanBator Vyazniki
FortWorth Langenhorn FortWorth
Kambove Kambove MonteAlegre
Mocoa Mocoa Fuxin
Geiro Zhaodong
Embu WestIslip Embu
SaintCyrlEcole SaintCyrlEcole
Akcaabat Akcaabat
Gunzenhausen Gunzenhausen
Tabou Tabou
TagbilaranCity TagbilaranCity
ChalcodeDiazCovarrub ChalcodeDiazCovarrub
Itororo Itororo
HaciendaLaCalera HaciendaLaCalera Shurugwi
Kairouan Kairouan
Lloydminster Lloydminster Korsakov
NoblePark NoblePark
Aracuai Aracuai
Skelmersdale Prostejov Skelmersdale
NahiyatashShinafiyah NahiyatashShinafiyah
NorthAurora VillaPauladeSarmient
MineralnyeVody MineralnyeVody
Kotka Kotka
Oerlinghausen Oerlinghausen
Gorgan Manacapuru Gorgan
Pozzuoli Pozzuoli
EastLongmeadow Gowurdak EastLongmeadow Wangon
Acarau Acarau
Pezinok Pezinok
Mabopane Mabopane
Twante Twante
Sorada Sorada
Daokou Daokou
Escada Escada
Battambang Battambang
Wenchi Wenchi
Ortaca Ortaca
AshtonunderLyne AshtonunderLyne
SantanadoLivramento SantanadoLivramento
