Kaimganj Fagaras Pilibhit Kawit Gobo Racine PinhalNovo MilpaAlta Tocache GobernadorGalvez Novopokrovskaya Albi Cambui Narangba Dankov MontecatiniTerme Tsirang Korolev Yucheng Mesa Leixlip Kaimganj
18
Albi Albi Karasuyama
PinhalNovo PinhalNovo
Yucheng Tsukawaki Yucheng Isakogorka
Narangba Narangba
Tocache Tocache Fandriana
Novopokrovskaya Novopokrovskaya
Dankov Dankov
Fagaras Fagaras
Tsirang Tsirang Brecht
Mesa EncarnaciondeDiaz
Pilibhit Pilibhit Irvine
Gobo Gobo
Leixlip Leixlip
Korolev Korolev
MontecatiniTerme MontecatiniTerme
MilpaAlta MilpaAlta Anahuac
GobernadorGalvez GobernadorGalvez
Racine Racine
