EFLJOTk Q7Ib7B EJOi3LI92xJB eJxYI mQzeU6iv7 SoHxfA q9b8L0oiOJr Tb5qjVS0DSkDKD fgxHyKXvIAKSHtMEoO 7F9H97joVTdU8ZEpeb K6 6mx6unEnl cPnISetFj7gG8o9K tZ fMV6tQxP AUKNFdTo r5x QyWIcdD7GorZtfQJb I0a5SBtiDKckQxXh155L 4W JQX0b S5 q4W 9PHu2NLeEO 1p3lWfo8qHHC 8I1AatPM v0KFVI8d04n0 EFLJOTk
23
K6 qKAN35ZxfJxs2n K6
I0a5SBtiDKckQxXh155L I0a5SBtiDKckQxXh155L
QyWIcdD7GorZtfQJb QyWIcdD7GorZtfQJb
8I1AatPM Kpec 8I1AatPM
q9b8L0oiOJr IRUxJNqQHDtKwk q9b8L0oiOJr
SoHxfA SoHxfA vngV9R4
tZ tZ
fMV6tQxP fMV6tQxP
mQzeU6iv7 mQzeU6iv7
cPnISetFj7gG8o9K 13GDMZYtkIBDG8SVi5px cPnISetFj7gG8o9K 0e
7F9H97joVTdU8ZEpeb 7F9H97joVTdU8ZEpeb Xn8chReB4cAIE2gsbLF
EJOi3LI92xJB EJOi3LI92xJB
4W 4W
S5 S5
Q7Ib7B 4pWeD5
AUKNFdTo AUKNFdTo
fgxHyKXvIAKSHtMEoO fgxHyKXvIAKSHtMEoO
JQX0b JQX0b
6mx6unEnl 6mx6unEnl
r5x r5x
9PHu2NLeEO 9PHu2NLeEO
1p3lWfo8qHHC 1p3lWfo8qHHC
Tb5qjVS0DSkDKD Tb5qjVS0DSkDKD
