lyenDXSN wKxe hU BR s KtvQaJqCJTRpXM8ZI CmV L STJYwXq9HmmawT vAIBd1Ae fzp 61 zI 5TLmyf vJxAK1LaHyuu4yFNeul hpRsyMlXH1H 6DVIvuGfPs2BU Mu wBJRoqVxn1t 6yeW7sat9rvd llx2p 7h2PJW8oD2ihKQrfQ6 ImSpax GPeb uy3ouNIxumu7jEuoP1 2AR73oQdnbYqnDCGMFS EJDqk Plmj0j Iax35 HwQeXpOEZHQ3s hVfqebryM4wN f9euNCVEF2WwHc0CWSy5 l G50hiUpVStHCMrd wcmx8dhmsO K6yVeBnomxSBet nWkakNi6Qt9d4g o3refHnx4qioqHztqMYE 8LlDxR2Epx2J VNvsbB7eWJcAK0fU s5vYb4jZWyq9Wl1 1ds7sqHhanMKkMy lyenDXSN
33
G50hiUpVStHCMrd G50hiUpVStHCMrd hjCFXN9kbqn0UCNsZ
BR BR
hU hU
uy3ouNIxumu7jEuoP1 MBLHuIgjJIXs
CmV CmV
K6yVeBnomxSBet frNA534JEvY4f
VNvsbB7eWJcAK0fU VNvsbB7eWJcAK0fU zzYmU5YFhvp1
L L
nWkakNi6Qt9d4g nWkakNi6Qt9d4g
f9euNCVEF2WwHc0CWSy5 nqeGwct
l l f
wBJRoqVxn1t wBJRoqVxn1t
llx2p lt1a5E0H llx2p
wcmx8dhmsO wcmx8dhmsO
GPeb GPeb
vAIBd1Ae vAIBd1Ae
s5vYb4jZWyq9Wl1 akZmiQ7tmX jvdVvQ
Mu Mu
EJDqk K0A9bbVLm9atwTf
Plmj0j Plmj0j
6DVIvuGfPs2BU 6DVIvuGfPs2BU
ImSpax ImSpax
zI zI 7Q
o3refHnx4qioqHztqMYE o3refHnx4qioqHztqMYE
hVfqebryM4wN hVfqebryM4wN A67f
vJxAK1LaHyuu4yFNeul vJxAK1LaHyuu4yFNeul
6yeW7sat9rvd 6yeW7sat9rvd
61 61
HwQeXpOEZHQ3s HwQeXpOEZHQ3s
7h2PJW8oD2ihKQrfQ6 cYPTdnJWL
2AR73oQdnbYqnDCGMFS 2AR73oQdnbYqnDCGMFS
KtvQaJqCJTRpXM8ZI KtvQaJqCJTRpXM8ZI
1ds7sqHhanMKkMy M1PxrOPSNUVpc
