0 168 116 56 8 24 185 35 169 183 166 188 67 109 65 20 72 190 148 66 172 105 23 113 37 103 21 38 59 3 110 55 30 22 81 191 171 114 119 42 78 132 51 57 174 86 10 196 85 125 6 126 107 32 96 77 26 162 14 5 83 43 41 97 48 53 144 40 121 70 195 159 146 134 39 76 19 0
77
185 185
56 175 104 62 56
196 196
38 38
66 66
172 172
162 162
0 25 187 84 176 68 71 151 88 100 0
83 83
146 146
43 43
6 6
105 105
19 19
26 26
32 32
81 81
121 121
148 148
116 115 163 60 116 93
53 53
51 51
168 182 160 52 64 173 168
85 85
109 109
23 23
174 174
132 132
125 125
103 103
20 20
190 190
8 8 58
24 24 102
21 21
48 48
72 72
78 78
65 65
41 41
30 30
5 5
59 59
14 14
3 3
76 76
35 35
114 114
39 39
70 70
110 110
40 40
42 42
166 166
183 183
171 171
57 57
144 144
77 77
188 188
195 195
159 159
55 55
22 22
119 119
107 107
10 10
126 126
113 113
37 37
191 191
134 134
86 86
169 169
67 67
96 96
97 97
