0 68 18 144 134 138 177 171 197 176 137 133 158 193 131 162 186 143 175 142 151 146 154 159 194 165 149 18 132 179 185 20 68 0
29
18 130 135 136 139 140 141 145 147 148 150 152 153 155 156 157 160 161 163 164
131 131
132 132
133 133
134 134
137 137
138 138
142 142
143 143
144 144
146 146
149 149
151 151
154 154
158 158
159 159
162 162
165 165
20 166 167 168 169 170 172 173 174 178 180 181 182 183 184 187 188 189 190 191 192 195 196 198 199
171 171
175 175
176 176
177 177
179 179
185 185
186 186
193 193
194 194
197 197
