2 9 179 49 11 139 17 131 29 161 76 27 35 63 75 109 88 115 110 175 87 124 123 101 33 55 19 7 151 99 105 10 39 95 15 188 97 135 197 164 113 195 71 145 103 111 133 154 129 185 3 47 25 159 154 155 5 48 191 85 21 157 43 92 163 61 23 77 1 147 1 149 72 4 127 142 37 166 121 45 189 66 93 31 181 67 34 77 187 119 73 49 179 2
77
1 1 51
3 3
5 5
7 7
9 9
11 11
147 13 147 153
15 15
17 17
19 19
21 21 167
23 23
25 25 173
27 27 199
29 29
31 31
33 33
35 35
37 37
39 39
164 41 83
43 43
45 45
47 47 107
49 49
121 53 121
55 55
75 57 75
109 59 109
61 61 89
63 63 141
77 65 77
67 67
135 69 135
71 71
73 73
157 79 157
72 81 125
85 85
87 87
181 91 165 169 181
93 93
95 95
97 97
99 99
101 101
103 103
105 105
111 111
113 113
115 115 183
34 117
119 119
123 123
127 127
129 129
131 131
133 133 137
139 139
142 143 193
145 145
149 149
151 151
155 155
159 159
161 161
163 163
10 171
175 175
4 177
179 179
185 185
187 187
189 189
191 191
195 195
197 197
