74 5 1 62 3 4 21 38 41 64 23 33 28 12 11 36 63 61 24 20 32 25 49 19 29 51 17 46 180 2 50 65 52 48 54 53 44 16 8 42 55 58 59 10 27 60 26 56 14 37 13 0 22 9 57 43 45 31 7 15 47 74
60
0 0
1 1
2 2
3 3
4 4
5 5
20 6 20 34
7 7
8 8
9 9
10 10
11 11
12 12
13 13
14 14 30
15 15
16 16
17 17
37 18 37
19 19
21 21
22 22
23 23
24 24
25 25
26 26
27 27
28 28 39
29 29
31 31
32 32
33 33
180 35 40
36 36
38 38
41 41
42 42
43 43
44 44
45 45
46 46
47 47
48 48
49 49
50 50
51 51
52 52
53 53
54 54
55 55
56 56
57 57
58 58
59 59
60 60
61 61
62 62
63 63
64 64
65 65
