93 62 70 146 46 94 18 62 70 174 143 165 77 113 75 130 74 129 131 36 109 1 119 86 57 132 67 111 84 128 116 47 154 91 110 72 59 82 151 63 163 33 95 61 79 73 161 49 117 14 126 98 107 24 4 76 65 66 11 87 136 177 53 64 170 108 170 56 34 90 176 147 26 125 141 81 38 131 155 169 105 101 20 71 93
72
1 1
73 2 73
4 4
14 14
18 18 157
154 19 154
20 20
24 24
26 26
129 27 129
34 34
36 36
38 38
108 39 108
91 40 91
165 43 165
46 46
47 47
49 49
110 51 110
151 52 151
53 53
56 56 122 171
57 57
61 61
62 62
63 63
64 64 140
65 65
66 66
67 67
70 70
72 72
74 74
75 75
76 76
77 77
79 79
94 80 138
81 81
82 82
84 84
86 86
87 87
90 90
95 95
98 98
11 99
101 101 172
113 102
105 105
109 109
111 111
131 115 131
116 116
117 117 168
119 119
176 121 176
169 124 169
125 125
130 130
136 136
161 137 161
141 141
143 143
146 146
147 147
155 155
163 163
170 170
174 174
177 177
