Dannemora Fabius Fonda Freeport Forestville Davis Fishkill Galeville Delevan Dansville Delanson Deer Florida Farnham Freeville Delhi Franklin Highfalls Germantown Dexter Fulton Gardiner Falconer Gardiner Fulton Fairport Geneva Fairview Hewlett Dexter Fairmount DeRuyter Frankfort Delmar Germantown Deferiet Fishers Forest Norwich Fabius Fonda Freeport Ghent Depauville Fredonia Harbor Hewlett Fleischmanns Hamburg Dannemora Fire Earlville Deposit Herricks Flower Hamburg Dannemora
41
Dansville Dansville
Davis Davis
Deer Deer
Deferiet Deferiet
Delanson Delanson Dunkirk
Delevan Delevan
Delhi Delhi Frewsburg
Delmar Delmar
Depauville Depauville
Geneva Depew Geneva
Deposit Deposit
DeRuyter DeRuyter
Dexter Dexter
Earlville Earlville Firthcliffe
Fabius Fabius
Freeport Fair Freeport
Fairmount Fairmount
Fairport Fairport
Fairview Fairview
Falconer Falconer Gasport
Florida Farmingville Florida
Farnham Farnham
Harbor Fayetteville
Fire Fire
Fishers Fishers
Fishkill Fishkill
Frankfort Flanders Frankfort
Fleischmanns Fleischmanns
Flower Flower
Fonda Fonda
Forest Forest
Forestville Forestville
Franklin Franklin
Norwich Franklinville
Fredonia Fredonia
Freeville Freeville
Gardiner Friendship Gardiner
Fulton Fulton
Galeville Galeville
Germantown Germantown
Ghent Ghent
