Acton Carlsbad Bellflower Bolinas Angwin Bayview Albany Escondido Atwater Emeryville Folsom Antioch Bluewater Cerritos Anderson Calexico Blairsden Downey Cerritos Broadmoor Amesti Broadmoor Cerritos Bell Alpaugh Benicia Beaumont Calabasas Brentwood Biola Arbuckle Blythe Danville Armona Encinitas Canyondam Bakersfield Burney Duarte Fullerton Bell Artesia Fresno August Cotati August Fresno Banning Alamo Avalon Ceres Auburn Berkeley Alameda Carrick Concow Fremont Fruitdale Bishop Arvin Cayucos Cambria Alhambra Brawley Columbia Carpinteria Farmersville Covelo Ashland Alhambra Belden Arcata Clayton Alhambra Ashland Clearlake Bishop Brea Azusa Beckwourth Boronda Buttonwillow Bystrom Anaheim Brisbane Belmont Arcadia Burbank Brisbane Anaheim Bystrom Aromas Barstow Capitola Bradley Arnold Firebaugh Cherryland Avery Chowchilla Avenal Fortuna Diablo Dublin Bowles Compton Acton
75
Clayton Adelanto
Alameda Alameda
Alamo Alamo
Albany Albany
Alhambra Alhambra Burlingame
Cambria Almanor Cambria
Alpaugh Alpaugh Calipatria
Columbia Alpine
Covelo Altadena Cartago
Calexico Alturas Calexico
Amesti Amesti Cabazon
Anaheim Anaheim Calistoga
Anderson Anderson
Angwin Angwin Atascadero
Antioch Antioch
Cerritos Aptos Cerritos
Arbuckle Arbuckle
Arcadia Arcadia Belvedere
Arcata Arcata
Armona Armona
Arnold Arnold Campbell
Aromas Aromas Bootjack
Artesia Artesia
Arvin Arvin
Ashland Ashland
Blairsden Atherton Blairsden
Atwater Atwater
Duarte Auberry Carmichael
Auburn Auburn
August August Castroville
Avalon Avalon
Avenal Avenal
Avery Avery
Azusa Azusa
Bakersfield Bakersfield Bradbury
Banning Banning
Barstow Barstow Calimesa
Bayview Bayview
Beaumont Beaumont
Beckwourth Beckwourth
Belden Belden
Bell Bell
Bellflower Bellflower
Belmont Belmont
Benicia Benicia
Berkeley Berkeley
Brawley Biggs Brawley
Biola Biola
Bishop Bishop Carson
Ceres Bloomington Ceres
Bluewater Bluewater
Blythe Blythe
Cotati Bodfish Boron
Bolinas Bolinas
Carrick Bonita Carrick
Fortuna Bonsall Calwa
Boronda Boronda
Bowles Bowles
Bradley Bradley Caruthers
Brea Brea
Brentwood Brentwood
Brisbane Brisbane
Broadmoor Broadmoor
Burbank Burbank Camarillo
Burney Burney
Buttonwillow Buttonwillow
Fruitdale Byron
Bystrom Bystrom
Calabasas Calabasas
Canyondam Canyondam
Capitola Capitola
Folsom Caribou
Carlsbad Carlsbad
Carpinteria Carpinteria
Cayucos Cayucos
