Acadia Biscayne Cuyahoga Congaree Cuyahoga Channel Indiana Haleakala Shenandoah Isle Brycecanyon Glacier Gateway Teton Redwood Gunnison Basin Badlands Crater Olympic Saguaro Voyageurs Bend Tortugas Acadia
20
Olympic Arches
Badlands Badlands
Bend Bend Denali
Biscayne Biscayne
Gunnison Gunnison
Brycecanyon Brycecanyon Canyonlands
Acadia Capitol Guadalupe
Congaree Caverns Congaree Everglades
Channel Channel
Crater Crater
Cuyahoga Cuyahoga
Tortugas Tortugas
Gateway Gateway
Glacier Glacier
Teton Teton
Basin Basin
Voyageurs Smoky
Haleakala Haleakala
Indiana Indiana
Isle Isle
