0 11 20 30 40 31 12 13 3 4 15 24 33 43 52 62 63 64 55 45 35 36 26 27 28 19 8 46 47 57 56 66 76 75 85 84 94 95 105 104 114 123 112 111 132 143 124 115 126 137 147 157 156 155 175 174 184 193 192 173 172 162 161 151 150 160 171 185 186 138 139 149 159 148 158 168 178 167 135 107 89 73 82 92 91 90 80 51 22 0
87
3 3
4 4
15 6 15
8 8
11 11
12 12
13 13
27 17 27
19 19
20 20
22 22
24 24
26 26
28 28
30 30
31 31
33 33
35 35
36 36
40 40
43 43
45 45
46 46
47 47 58
51 51
52 52
55 54 55
56 56
57 57
62 62
63 63
64 64
66 66
73 73
75 75
76 76 77 87
80 80
82 82
84 84
85 85
89 89
90 90
91 91
92 92
94 94
95 95
104 104
105 105
107 107
111 111
112 112
114 114
115 115
139 119 139
123 123
124 124
126 126
132 132
135 135
137 137
138 138
143 143
147 147
148 148
149 149
150 150
151 151
155 155
156 156
157 157
158 158
159 159
161 161
162 162
167 167
168 168
171 171 180
172 172
173 173
174 174
175 175
178 178 188
184 184
185 185
186 186 196
192 192
193 193
