Loc2 Loc36 Loc73 Loc93 Loc21 Loc7 Loc0 Loc7 Loc21 Loc77 Loc49 Loc64 Loc55 Loc58 Loc57 Loc60 Loc83 Loc86 Loc59 Loc33 Loc1 Loc24 Loc62 Loc19 Loc44 Loc53 Loc12 Loc32 Loc51 Loc10 Loc18 Loc80 Loc97 Loc90 Loc61 Loc74 Loc70 Loc54 Loc38 Loc40 Loc81 Loc52 Loc76 Loc82 Loc5 Loc2
36
Loc1 Loc1
Loc12 Loc3
Loc18 Loc4
Loc44 Loc6 Loc9 Loc11
Loc49 Loc8
Loc10 Loc10
Loc36 Loc13 Loc27 Loc43 Loc56
Loc62 Loc14 Loc66
Loc83 Loc15 Loc34 Loc35 Loc91
Loc61 Loc16
Loc59 Loc17 Loc75
Loc19 Loc19
Loc55 Loc22 Loc71
Loc24 Loc24
Loc57 Loc26 Loc92
Loc33 Loc28 Loc46
Loc32 Loc32
Loc40 Loc40
Loc76 Loc41
Loc51 Loc45
Loc52 Loc52
Loc53 Loc53
Loc54 Loc54
Loc58 Loc58
Loc60 Loc60
Loc64 Loc64
Loc70 Loc67
Loc73 Loc73
Loc74 Loc74
Loc77 Loc77
Loc80 Loc80
Loc82 Loc82
Loc86 Loc86
Loc90 Loc90
Loc7 Loc7
Loc0 Loc0 Loc48
