Loc1 Loc10 Loc1 Loc16 Loc42 Loc1 Loc100 Loc156 Loc192 Loc157 Loc103 Loc179 Loc77 Loc113 Loc151 Loc59 Loc151 Loc113 Loc74 Loc152 Loc38 Loc88 Loc7 Loc131 Loc14 Loc187 Loc99 Loc120 Loc101 Loc60 Loc174 Loc118 Loc93 Loc8 Loc150 Loc183 Loc53 Loc22 Loc3 Loc29 Loc167 Loc45 Loc170 Loc112 Loc106 Loc134 Loc190 Loc28 Loc176 Loc47 Loc23 Loc124 Loc69 Loc51 Loc155 Loc109 Loc117 Loc32 Loc56 Loc177 Loc165 Loc19 Loc78 Loc147 Loc178 Loc27 Loc91 Loc128 Loc111 Loc166 Loc75 Loc135 Loc85 Loc98 Loc50 Loc58 Loc129 Loc186 Loc197 Loc158 Loc132 Loc4 Loc171 Loc82 Loc11 Loc126 Loc141 Loc21 Loc33 Loc146 Loc145 Loc191 Loc159 Loc88 Loc76 Loc49 Loc46 Loc72 Loc15 Loc12 Loc5 Loc54 Loc162 Loc17 Loc108 Loc9 Loc48 Loc1
79
Loc69 Loc0
Loc3 Loc3
Loc5 Loc5
Loc191 Loc6
Loc7 Loc7
Loc8 Loc8
Loc9 Loc9
Loc11 Loc11
Loc42 Loc13 Loc71
Loc14 Loc14
Loc15 Loc15
Loc16 Loc16
Loc17 Loc17
Loc88 Loc18
Loc19 Loc19
Loc158 Loc20 Loc140
Loc23 Loc23 Loc95
Loc146 Loc25 Loc97 Loc175
Loc27 Loc27
Loc1 Loc30
Loc47 Loc31 Loc83 Loc163 Loc168
Loc32 Loc32
Loc33 Loc33
Loc162 Loc37 Loc144
Loc38 Loc38
Loc179 Loc39 Loc52
Loc197 Loc44 Loc197
Loc46 Loc46
Loc50 Loc50
Loc51 Loc51
Loc53 Loc53
Loc54 Loc54
Loc108 Loc57
Loc60 Loc60
Loc155 Loc61
Loc45 Loc62
Loc112 Loc65 Loc160
Loc10 Loc67 Loc107 Loc137 Loc143
Loc74 Loc74
Loc75 Loc75
Loc76 Loc76
Loc77 Loc77
Loc85 Loc85
Loc91 Loc91 Loc94
Loc186 Loc96 Loc122
Loc99 Loc99
Loc100 Loc100
Loc101 Loc101
Loc103 Loc103
Loc106 Loc106
Loc109 Loc109
Loc165 Loc110
Loc111 Loc111
Loc118 Loc118
Loc124 Loc124
Loc128 Loc128
Loc129 Loc129
Loc132 Loc132
Loc82 Loc133
Loc141 Loc141
Loc145 Loc145
Loc147 Loc147
Loc135 Loc149
Loc150 Loc153
Loc48 Loc154 Loc172
Loc159 Loc159
Loc167 Loc167
Loc170 Loc170
Loc171 Loc171
Loc176 Loc176
Loc177 Loc177
Loc56 Loc180 Loc188 Loc195
Loc187 Loc182
Loc183 Loc183
Loc12 Loc189
Loc190 Loc190
Loc192 Loc192
Loc151 Loc151
Loc59 Loc59 Loc123
