pace king guarantee buffet mature headline quality straighten romantic sign legislation enhance dough linger vegetarian forge tolerate solve prison dialogue tool glasses judicial banana figure understand skeleton disclose class exclusive dip joint demand cigarette tablet swear other approval environment miserable market shy title sunrise certain page fortune imposter deposit circulation output autonomy enter mystery throne stroke discriminate lake rob bitter respect financial voice pace
45
shy shy nationalist
swear swear
dough dough
demand pain demand
buffet buffet
linger linger
circulation circulation
class class
tool tool
deposit honor paper
prison prison
imposter imposter
guarantee guarantee seize
exclusive exclusive
other other
rob rob
sunrise sunrise
voice voice
forge winner
vegetarian vegetarian
tolerate tolerate
lake lake
headline headline
throne throne
glasses glasses
tablet tablet
legislation legislation
enter enter
enhance enhance thumb
quality quality
disclose injury
bitter bitter
dip dip
page page
mystery mystery
figure figure
autonomy autonomy
dialogue likely
output output
cigarette cigarette
mature brake
financial financial
title title
king king
sign sign
