pace other quadruple ask candle triple country throne respect chair mixture joint illusion enemy desk spoil ex beg joystick bowel brake scheme certain bitter coffin attraction guarantee railcar tool swear coast profound view dive coincide identity deter note tablet imposter pound attraction excuse dip exclusive vegetarian linger physics linger deter identity straighten pig pier bleed smile drawer chew curriculum bleed environment interface electronics coast lifestyle election buffet exempt development native mature page nationalist confrontation development native widen error home flag injury tolerate decisive greeting begin lake write feature development native blonde virgin profound gallon injection financial fortune atmosphere rent sunrise audience ignore shiver blonde native paper viable likely other pace
80
exclusive exclusive
identity identity
injection injection
vegetarian market exile pardon
nationalist acceptance swop
exempt exempt
coffin coffin
begin begin
ex teacher
paper autonomy
development development skeleton
drawer drawer
enemy control stress enemy
audience audience
injury injury
deter deter thumb
environment environment
virgin virgin assignment
tablet tablet
joint output
dip dip
throne structure throne boom
buffet buffet
viable viable
physics dough physics
coincide coincide
atmosphere atmosphere
lifestyle cotton lifestyle
triple triple
mature mature
pig pig
spoil spoil
profound profound
curriculum curriculum
widen widen driver
dive dive
shiver shiver
smile smile headline
note note
flag flag
railcar railcar
mixture mercy
error error
decisive decisive
candle candle
illusion illusion
feature rob feature
scheme scheme
chew offset
country knot country
likely comfortable likely
native native
rent rent
guarantee guarantee
coast coast
interface interface
electronics electronics
other other
confrontation confrontation forge
pace pace
ask ask
imposter imposter
straighten straighten
quadruple quadruple
tool liver tool
ignore due ignore
bowel bowel
home home
financial financial
pier interactive
respect respect
swear swear
chair chair
page page
greeting greeting
attraction attraction
bitter rage
election election
excuse excuse
blonde pipe
