pace exclusive output understand audience due excuse view prison enter deposit approval tablet gate pier injury mixture market likely king page guarantee thumb opposed brake nationalist pace
21
deposit deposit
thumb exempt
enter enter
gate gate
audience audience
brake headline brake
prison honor
likely likely circulation
market market
mixture mixture
exclusive throne
nationalist feature nationalist
output output
due voice
opposed opposed
excuse excuse
guarantee guarantee
king king
page page
injury injury skeleton
approval approval
