C0 C107 C179 C134 C97 C167 C101 C157 C149 C114 C119 C182 C68 C104 C171 C132 C198 C191 C113 C152 C196 C103 C168 C137 C184 C145 C161 C185 C144 C120 C125 C159 C105 C192 C142 C146 C104 C123 C154 C141 C156 C107 C0
38
C185 C185 C48
C171 C171 C28 C110
C105 C45 C105
C134 C134 C122 C121 C19 C194 C153 C49 C172 C20 C166
C101 C101
C142 C10 C7
C167 C167 C26 C27 C52 C139 C3
C132 C132
C192 C5 C192 C51 C1
C141 C4 C56 C141
C97 C97
C159 C35 C16 C63
C157 C78 C77 C181
C179 C66 C179 C193 C169 C129 C58 C47 C160 C50 C127 C59 C124 C164
C144 C144
C145 C145
C137 C137 C55 C100 C32
C161 C161
C107 C165 C107 C87 C190 C8 C88 C25 C57
C152 C152
C125 C54
C184 C70 C24 C2
C0 C0
C146 C146 C84
C191 C95 C31
C119 C119
C168 C168 C93
C103 C103
C196 C11 C196 C43
C198 C74 C198 C86 C71
C182 C182
C154 C154 C30
C120 C120
C104 C104
C149 C149
C114 C114
C68 C18 C68
C123 C123
