9iIwk h2rea 0mah3 rrNj1 Esl6u fS0W8 k64Ok BnAjj ZgtaX pXCjI k6V9L vrNke 5ioW1 Be0ab XZKtP 5ioW1 YH6mk Y7IDR WJNpN 1uRw3 Ri2t4 knY3U vE0Pj WGJpQ aHGHb jAwQw knY3U 1uRw3 q0lus QVYVG qkJ6b 1xmtC Mj2eQ iEXNY AQ02H jASvw 9iIwk
25
WJNpN 5VT1H AgYPL tnjfN
9iIwk jT5CK 5R5Xa 9iIwk 5BDPJ
XZKtP bXinH XZKtP dw7aX
qkJ6b qkJ6b
Y7IDR Y7IDR 4a0W8
1xmtC XYzcU 1xmtC
vE0Pj vE0Pj
iEXNY iEXNY
WGJpQ WGJpQ
1uRw3 1uRw3 1pxZM
0mah3 1eRkH ChXAd
ZgtaX veOJ7 JgjFI Vake4 iCgvV ZgtaX
YH6mk YH6mk
jAwQw jAwQw
Ri2t4 Ri2t4 y89SK
QVYVG jYfXn SgDk6 LZomt 7G74f RhUVQ
Mj2eQ Mj2eQ ZzWHp
h2rea h2rea
jASvw jASvw 0GdkR oqPYQ
5ioW1 5ioW1
fS0W8 fS0W8 p9vQm
Be0ab Be0ab
aHGHb kmzhT aHGHb
pXCjI pXCjI
BnAjj BnAjj
