HAZtD 6gp0A kPB79 z82fM EyMEe vfAR8 zg9rt UqGfS iqOI4 mJExt XbFfE O8CwF cMyGs DaieK p3gJd cC0Rg gpbSj u60s4 9cp56 0F8yg 9cp56 sU69u RWE9G 0FMEI tgL8p DmTRc 4jcrD iIQll Vg6Sz iPRoT 6sv9O HAKlt 0moVI SxklZ BaYb3 1VA1I 7kY28 URrao 7kY28 IOpdQ BaYb3 SxklZ rVnMc OWqP4 6owsT GDCfm NV1GL lqKR5 iimZq 6sv9O Q8lcd Jbr8u GaZ4O 8x5TS o2JtM e7SjH DuU0x e7SjH E6pda xKTIz 2kvzl RkCLD SfSL1 36fTo HOuAL rmW0U GrnJ7 rmW0U CHx6u bMhFI GfIsc DmTRc tgL8p 0FMEI R6NzB fWz4T SE1WY iHR3J Q5zY0 kvy7i Ia6ul eVDVP Agb0E WVEjT wVSYr fExZu v7hOX Mm2U8 15wtn 69WZh zrVPv 69WZh jesVt 4AhmX 93R2m rH3nx 1gvq4 Q9Dex lJnz7 aWuHk 3NU9e CXkxa ED9em CXkxa RN9nS F7CZj J0OP0 Cg1yP wnnBN 4Eg1F HAZtD
67
7kY28 pLg86 7kY28
iIQll p4kTx iIQll
fExZu kNG2j fExZu AwFdf
aWuHk aWuHk
DaieK uPUO1 DaieK
4AhmX 4AhmX
bMhFI bMhFI lF8gH
HOuAL HOuAL
1VA1I Zok18 1VA1I
u60s4 Zxvdf u60s4
93R2m cu5FB aegld
0moVI 0moVI
Agb0E VG4na Agb0E
UqGfS UqGfS NqBQW X2hjX Ssao4
xKTIz xKTIz
z82fM z82fM
OWqP4 OWqP4
URrao URrao fiXIW
DuU0x DuU0x BIY9X
zrVPv zrVPv wedr3
WVEjT WVEjT
RN9nS RN9nS
R6NzB R6NzB
SE1WY TzGS5
HAKlt Pk19A HAKlt
kPB79 4Tt2a 4PXv9
ED9em 5h4rt ED9em
v7hOX SEkfX v7hOX
4jcrD 4jcrD
cC0Rg cC0Rg
vfAR8 vfAR8 bW6Ms
GrnJ7 gNinx UbqWX v9joy iaaYU
Q8lcd Q8lcd
iHR3J iHR3J
lJnz7 GxQg8 lJnz7
e7SjH 2LhKB
jesVt jesVt
O8CwF O8CwF TlJnt
CHx6u CHx6u
fWz4T fWz4T EgumV
rmW0U 9tf0w
GaZ4O H1xt8
1gvq4 1gvq4
J0OP0 J0OP0 iKwe0
69WZh mdIe6 69WZh
SxklZ SxklZ VESmp
eVDVP eVDVP
15wtn ox9Gx
p3gJd p3gJd acHTt cpzS8
Ia6ul Ia6ul
E6pda E6pda
0F8yg 0F8yg zcuSA
iimZq iimZq
6owsT 6owsT
wnnBN wnnBN
Vg6Sz Vg6Sz
sU69u 5EAEu
IOpdQ IOpdQ
CXkxa Lusir
iqOI4 iqOI4
BaYb3 BaYb3
rH3nx rH3nx
iPRoT 8Qx0C
gpbSj gpbSj
DmTRc DmTRc
RWE9G 2GCiD
Cg1yP Cg1yP
