1 52 115 36 140 128 105 136 53 13 138 49 88 101 193 15 58 163 60 176 56 162 23 46 90 137 194 116 157 51 153 103 119 175 71 174 152 129 42 161 182 3 159 96 18 98 156 108 57 12 190 82 78 127 31 130 199 132 64 26 110 147 95 89 22 186 7 14 43 99 92 93 91 1
72
78 78
194 194
127 127
46 46
152 152
82 82
36 36 121
49 49
51 51
129 129
101 101
1 142 66 86
147 147
108 108
43 43
159 159
18 18
92 92
162 162
115 115 185
7 7
15 15
156 156
90 90
3 3
153 153
182 182
91 91
137 137
64 64
89 89
186 186
96 96
163 163
93 93
31 31
99 99
176 176
58 58
12 12
71 71
193 83 193
136 136
199 199
175 175
42 42
130 130
132 132
53 53
52 52
140 84 140
103 103
138 138
157 157
13 13
26 26
95 95
88 88
14 14
116 116
110 110
98 98
190 190
56 56
161 161
119 119
128 128
105 105
23 23
57 57
60 60
174 174
