Abbey Rebecca Ruth Isabella Liberty Nora Avni Lisa Riley Eden Haven Presley Yoselin Karma Lilia Kayley Sophia Kiera Dana Vivian Lana Beatrice Harley Kimberly Rayna Lillie Mckinley Mira Jordin Ayanna Tara Marisol Maeve Alexia Helen Jamiya Shannon Tanya Matilda Abbey
38
Alexia Alexia
Avni Avni
Ayanna Ayanna
Beatrice Beatrice
Rebecca Carlee Rebecca
Dana Dana
Eden Eden
Harley Harley
Haven Haven
Helen Helen
Isabella Isabella
Jamiya Jamiya
Jordin Jordin
Karma Karma
Kayley Kayley
Kiera Kiera
Kimberly Kimberly
Lisa Kristina Lisa
Lana Lana
Liberty Liberty
Lilia Lilia
Lillie Lillie
Maeve Maeve
Marisol Marisol
Matilda Matilda
Mckinley Mckinley
Mira Mira
Nora Nora
Presley Presley
Rayna Rayna
Riley Riley
Ruth Ruth
Shannon Shannon
Sophia Sophia
Tanya Tanya
Tara Tara
Vivian Vivian
Yoselin Yoselin
