Abbey Dana Tara Zaria Alivia Avni Keyla Madilynn Alivia Emma Imani Maggie Jazmyn Alexus Iyana Claire Alexus Carlie Kimberly Chasity Carleigh Mckinley Kira Mckayla Kiana Neveah Lilia Lindsay Aubree Parker Elianna Juliette Kiley Ashley Kaley Ariel Carlee Haven Kristina Riley Noelle Shyanne Alia Baylee Alexia Kaydence Christine Laylah Matilda Sharon Zara Mira Emilie Arielle Jaden Camilla Ingrid Zion Lucille Jasmin Aryana Kayden Aniya Lacey Ciara Lainey Abbey
64
Abbey Abbey Carly Denisse Kristin Nia
Alexia Alexia
Alexus Alexus Kenzie
Alia Alia
Alivia Alivia
Aniya Aniya
Ariel Ariel
Arielle Arielle
Aryana Aryana
Ashley Ashley
Aubree Aubree
Avni Avni
Baylee Baylee
Claire Brooklyn Claire
Iyana Bryanna Iyana
Camilla Camilla
Carlee Carlee
Carleigh Carleigh Jade
Carlie Carlie
Chasity Chasity
Christine Christine
Ciara Ciara
Dana Dana Dayami Gillian Janiya Melina Sophia
Tara Diana Jamiya Mireya Tara
Elianna Elianna
Emilie Emilie
Emma Emma
Haven Haven
Imani Imani Sophie
Ingrid Ingrid
Jaden Jaden
Jasmin Jasmin
Jazmyn Jazmyn
Zaria Jillian Jimena Leila Lilyana Myah Natalee Rylee Zaria
Juliette Juliette
Kaley Kaley
Kayden Kayden
Kaydence Kaydence
Keyla Keyla Taniyah
Kiana Kiana
Kiley Kiley
Kimberly Kimberly
Kira Kira
Kristina Kristina
Lacey Lacey
Lainey Lainey
Laylah Laylah
Lilia Lilia Mya
Lindsay Lindsay
Lucille Lucille
Madilynn Madilynn
Maggie Maggie
Matilda Matilda
Mckayla Mckayla
Mckinley Mckinley
Mira Mira
Neveah Neveah
Noelle Noelle
Parker Parker
Riley Riley
Sharon Sharon
Shyanne Shyanne
Zara Zara
Zion Zion
