Taozhuang Bhit Longgang Norco Vernon Oulmes Rutherglen Bourbonnais Tupelo Rosedale Jackson Boo Ulu Freetown Southsea Bang Waverly Nonsan Villa Donggongon Somma Azrou Hechingen Artur New Memmingen Alatyr Kallio Strathfield Gudermes Uran Ilesa Chharra Taozhuang
33
Rutherglen Gauting Rutherglen
Nonsan Nonsan
Jackson Jackson
Kallio Kallio
Ulu Ulu
Southsea Sarandi Calauan
Bhit Middle Durazno Camayenne
Donggongon Donggongon
Strathfield Strathfield
Villa Cibinong Villa Aytos Rafiganj
Uran Jingzhou Fort Jinotepe Pottstown Uran
New New
Somma Somma
Azrou Azrou
Chharra Esperanza Besuki Wesseling Ramla Sicklerville
Longgang Longgang
Norco Udumalaippettai
Boo Boo Esmeraldas
Vernon Severodvinsk Caravaca
Ilesa Ilesa
Gudermes Gudermes
Taozhuang Taozhuang
Rosedale Rosedale
Tupelo Tupelo
Alatyr Alatyr
Artur Artur
Bang Bang
Freetown Freetown
Waverly Waverly
Bourbonnais Bourbonnais
Memmingen Memmingen
Hechingen Hechingen
Oulmes Oulmes
