Ilesa Puducherry Lodwar Polohy Bavly Gariadhar Minas Talipparamba Marburg Meizhou Mexborough Alexandria Milagro Memmingen Tupelo Uran Rhosllanerchrugog Milledgeville Stupino Jagna Aklera Bensheim Aleshtar Hermsdorf Sceaux Valletta Calauan Bogovinje Valday Tupiza Malden Stuttgart Rutland Perth Resplendor Great Ada MitryMory Magomeni Jashpurnagar Davis Jiangyan Brunswick Aistala Bobigny An Bon Landshut Sishui Barracas Ventimiglia LonsleSaunier Krymsk American Foshan Ilesa
55
Jagna Jagna
Sishui Sishui Sillanwali
Milagro Milagro
MitryMory Claremont Aurora Guli MitryMory Ponta Copperas
Marburg Palm Lille Marburg
Talipparamba Talipparamba
Aklera Aklera
Milledgeville Milledgeville Puerto
Ada Ada
Great Tyoply Great
Bavly Bavly
Mexborough Mexborough Oulmes
Sceaux Sceaux
Foshan Foshan Sirsi
Valletta Valletta Itacoatiara
Resplendor Resplendor
Brunswick Brunswick
Stuttgart Stuttgart
Stupino Stupino
Bensheim Bensheim Campobasso Zaozhuang Ramla Bang PointeClaire Kyzylorda
Alexandria Alexandria
Minas New Chacabuco Mouscron Dahlem
Malden Malden
Uran Azrou Alfenas Uran
Perth Perth UlanUde Tak Shaowu Niort Sorsogon Brzeg Clermont Villaquilambre
Bogovinje Bogovinje
Hermsdorf Oberhausen Hermsdorf
Aistala Palafrugell PortVila DehiwalaMount Tharu
Polohy Polohy
Ventimiglia Yingkou Ventimiglia Viewpark
Calauan Skalica Calauan Shagamu Onex Paredes
Ilesa Ilesa
Krymsk Tiruppuvanam GernikaLumo
Gariadhar Gariadhar
Landshut Landshut
Tupelo Tupelo
Davis Davis Toledo
Barracas Barracas
An An
Bobigny Bobigny
Rhosllanerchrugog Rhosllanerchrugog
Meizhou Meizhou
Memmingen Memmingen WaltonontheNaze
Rutland Rutland
Tupiza Tupiza
Magomeni Magomeni
Valday Valday
American American
Aleshtar Aleshtar
Jiangyan Jiangyan
Lodwar Lodwar
Jashpurnagar Jashpurnagar
Bon Bon
LonsleSaunier LonsleSaunier
Puducherry Puducherry
