Lesnoy Visitacion Malaut Sungurlu Winsford Sun Hueytown Brentwood Zgorzelec Yangambi Adra Rutherglen Franceville Hudiksvall Portogruaro Artur Gisborne Ishim Stade Beveren GatesNorth Lesnoy
20
Hudiksvall Hudiksvall Blackpool
Rutherglen Rutherglen
Gisborne Dharmapuri Meerut Gisborne
Artur Artur
Beveren Kundla
Visitacion Visitacion Glogovac
Sun Sun
Zgorzelec Zgorzelec
Ishim Ishim
Malaut Malaut Pingyi
Hueytown Hueytown
Stade Stade
Sungurlu Sungurlu
GatesNorth GatesNorth
Lesnoy Lesnoy
Winsford Winsford
Portogruaro Portogruaro
Franceville Franceville
Brentwood Brentwood
Yangambi Yangambi
