108 30 121 143 55 37 53 177 189 56 82 71 11 197 137 118 182 148 117 24 114 142 159 100 191 181 167 156 182 99 84 83 78 146 34 48 85 68 95 23 131 140 43 65 196 39 193 73 134 136 103 5 81 174 188 35 153 70 19 127 45 96 57 90 64 69 7 51 170 49 190 38 107 157 179 150 75 110 77 15 31 133 63 158 21 44 13 61 17 67 120 112 171 138 171 163 46 79 66 108
84
188 188 144
7 7
39 39
67 67
99 99
48 48
170 54 170
114 114
23 129 23
37 37
159 176
57 57
19 19
95 95
153 153
127 26
121 121
100 100
142 142
156 184 187
137 137
46 46 32
63 63
64 64
35 14 35
112 126
177 186 177
24 24
117 117
56 151 56
118 118
11 11
181 181 28
148 148
61 61
78 78
81 81
66 66
69 69
44 44
34 34
110 110
68 68
55 128
136 136
157 157
107 107
182 182
134 134
13 13
17 17
79 79 36
138 138
45 45
140 1 140 130
83 83
49 49 109
190 190
75 75
197 197
150 150
65 65
77 77
82 82
31 31
133 133
15 15
38 38
5 5
43 43
179 179
96 96
120 120
84 84
167 167
71 71
85 85
73 73
53 53
174 174
196 92
146 146
143 143
51 101
