create appear maze linear feign deck magnitude fuss nationalism community perception basketball celebration prove cancel skip top scrap accessible ballot crew farewell pupil bracket pastel hide absorption tin colon mechanism line contract battery concern steward think minimize exotic direct belief dose childish predict suffer childish create
43
hide merit hide
predict predict
fuss fuss
direct direct
contract contract
scrap scrap
accessible accessible
linear linear
bracket pride bracket breakin
crew crew
feign creation feign
community community
prove prove
think think
battery battery
celebration celebration
nationalism nationalism
minimize adult minimize
tin tin transmission
farewell farewell
exotic exotic
ballot ballot
steward steward
perception perception
concern concern
cancel cancel
colon colon
childish childish company
dose dose
magnitude magnitude
suffer suffer
top top
absorption absorption
skip skip
basketball basketball
pupil pupil
deck deck
appear appear
belief belief
pastel pastel
maze maze
mechanism mechanism
line line
