pride thank transaction vote company mosaic knit integrated celebration loud hide tin mind scrap predict leash maze dialect nationalism magnetic adult perception cancel equinox partnership pupil craftsman snap seller skip battery pastel accessible domestic top crew create direct merit dose offensive feign tribe mechanism traction colon salmon inhibition present formation exotic contract deter dedicate trance linear belief rabbit car denial shelter gift line suffer bring creation work valid childish huge wrong lobby dramatic community fortune whole deck makeup concern desk steward absorption farewell think fuss basketball prove appear thread ballot bracket glide breakin pride
93
magnetic transmission magnetic
farewell farewell
trance trance
pride pride
mind mind
hide magnitude hide
predict predict
car car
prove prove
community community east
lobby lobby
adult adult
vote vote
dramatic dramatic
create create
think think dilemma
mechanism mechanism
ballot ballot
tin tin
feign feign
crew crew
battery battery
makeup makeup
salmon salmon
work work
thank thank
nationalism nationalism
partnership partnership
tribe tribe
dose dose
breakin breakin
wrong homosexual wrong
absorption absorption
scrap scrap berry
valid valid
seller seller
glide glide
loud loud
leash leash
mosaic mosaic
fuss minimize fuss
company company
accessible accessible
equinox equinox
skip skip
belief belief
fortune fortune
suffer suffer
knit knit
rabbit rabbit
integrated integrated
deter deter
exotic exotic
gift gift
top top
pupil pupil
pastel pastel
bracket bracket
craftsman craftsman
merit merit
colon colon
dedicate dedicate
dialect dialect
traction traction
transaction transaction
domestic domestic
huge huge
maze maze
denial denial
concern concern
present present
creation creation
perception perception
cancel cancel
basketball basketball
deck deck
appear appear
contract contract
snap snap
whole whole
desk desk
steward steward
linear linear
direct direct
inhibition inhibition
shelter shelter
formation formation
childish childish
celebration celebration
bring bring
line line
thread thread
offensive offensive
