steward childish belief deck company hide concern pastel community linear skip creation appear perception tin minimize basketball exotic adult farewell hide ballot crew top childish steward
22
creation battery creation
appear appear
adult adult
tin think tin
minimize minimize
linear linear scrap
ballot ballot
farewell farewell
childish childish
pastel pastel
community community
concern concern
top top
hide hide
perception perception
exotic exotic
belief belief
basketball basketball
company company
crew crew
skip skip
deck deck
