loc0 loc38 loc27 loc58 loc99 loc16 loc63 loc28 loc60 loc48 loc32 loc81 loc20 loc87 loc44 loc30 loc3 loc46 loc24 loc40 loc51 loc70 loc42 loc88 loc78 loc94 loc39 loc72 loc18 loc12 loc62 loc0
29
loc0 loc0 loc2 loc66
loc60 loc4 loc60
loc81 loc6 loc90
loc42 loc8 loc42 loc84
loc48 loc10 loc48 loc50
loc12 loc12
loc18 loc14 loc18 loc52 loc80
loc16 loc16
loc20 loc20
loc78 loc22 loc26 loc34 loc78 loc82
loc24 loc24 loc56
loc28 loc28
loc30 loc30
loc32 loc32
loc62 loc36 loc62
loc38 loc38
loc40 loc40
loc44 loc44
loc46 loc46
loc72 loc54 loc72 loc96
loc58 loc58
loc39 loc64 loc86
loc87 loc68
loc70 loc70
loc63 loc74 loc98
loc51 loc76
loc88 loc88
loc99 loc92
loc94 loc94
