loc0 loc120 loc66 loc116 loc27 loc58 loc99 loc108 loc14 loc141 loc52 loc159 loc80 loc192 loc18 loc100 loc12 loc132 loc150 loc146 loc189 loc22 loc117 loc94 loc72 loc140 loc96 loc112 loc15 loc64 loc78 loc26 loc84 loc70 loc168 loc130 loc51 loc40 loc123 loc118 loc168 loc8 loc147 loc166 loc42 loc88 loc153 loc152 loc24 loc190 loc174 loc44 loc198 loc104 loc90 loc134 loc180 loc182 loc45 loc164 loc162 loc170 loc144 loc148 loc48 loc50 loc105 loc106 loc126 loc60 loc28 loc63 loc98 loc36 loc34 loc183 loc68 loc0
71
loc0 loc0
loc132 loc2 loc38 loc62 loc74 loc124 loc132
loc126 loc4 loc126 loc128
loc45 loc6
loc8 loc8
loc48 loc10 loc48
loc12 loc12
loc14 loc14
loc99 loc16 loc92
loc18 loc18 loc172 loc178
loc144 loc20 loc32 loc144
loc22 loc22
loc24 loc24 loc46 loc114
loc26 loc26
loc28 loc28
loc162 loc30 loc162
loc34 loc34 loc186
loc36 loc36 loc196
loc40 loc40
loc42 loc42
loc44 loc44
loc50 loc50
loc52 loc52
loc72 loc54 loc72 loc142
loc174 loc56 loc174
loc58 loc58
loc60 loc60
loc64 loc64
loc66 loc66 loc156
loc68 loc68
loc70 loc70
loc51 loc76
loc78 loc78
loc80 loc80
loc189 loc82
loc84 loc84
loc117 loc86 loc136 loc154 loc158 loc194
loc88 loc88
loc90 loc90
loc94 loc94
loc96 loc96
loc98 loc98
loc100 loc100
loc150 loc102 loc150
loc104 loc104
loc106 loc106
loc108 loc108
loc123 loc110
loc112 loc112
loc116 loc116
loc118 loc118
loc120 loc120
loc192 loc122 loc192
loc130 loc130
loc134 loc134
loc153 loc138
loc140 loc140
loc146 loc146
loc148 loc148
loc152 loc152
loc183 loc160
loc164 loc164
loc166 loc166
loc168 loc168
loc170 loc170
loc147 loc176 loc188
loc180 loc180
loc182 loc182
loc159 loc184
loc190 loc190
loc198 loc198
