0 10 20 21 22 31 42 51 61 71 82 91 101 111 122 132 142 152 151 161 150 140 130 140 150 160 170 181 182 183 184 173 164 154 155 146 147 156 166 175 186 196 187 188 198 199 189 178 168 167 176 166 165 164 153 143 133 123 112 102 103 104 114 105 94 95 96 107 116 117 118 129 139 149 158 148 137 127 117 108 98 99 89 88 87 77 68 57 48 57 67 76 86 85 84 83 73 64 54 53 63 72 71 81 80 70 61 51 42 43 33 24 25 26 15 16 17 18 29 18 9 8 7 6 5 4 3 12 2 1 0
96
53 53
114 125 114
186 186
86 86
31 31
152 152
154 154
61 61
20 20
130 130 120
196 196
160 160
80 80
108 108
127 127
29 29 39
22 22
99 99
77 77
12 12
101 101
82 82
15 15
103 103
2 2
178 178
155 155
64 64
21 21
188 188
122 122
158 158
9 9
33 33
132 132
51 51
71 71
16 16
123 123
68 68
139 139
95 95
146 146
147 147
5 5
164 164
149 149
166 166
175 175
18 18
151 151
4 4
76 76
167 167
87 87
83 83
189 189
118 118
181 181
73 73
153 153
8 8
184 184
81 81
129 129
133 133
26 26
17 17
105 105
140 140
111 111
182 182
48 48 37
165 165
150 150
43 43
42 42
54 45
94 94
70 70
98 98
104 104
107 107
199 199
198 198
96 96
161 161
116 116
102 102
24 24
183 183
187 187
72 72
89 89
176 176
67 67
