0 20 8 85 66 40 99 1 32 46 42 18 47 83 35 76 80 93 82 4 81 71 21 16 26 78 3 49 2 27 36 84 51 72 53 89 13 92 74 38 94 69 96 91 55 63 12 59 73 5 90 98 29 17 39 15 75 54 61 41 37 22 60 50 44 86 11 48 88 9 68 6 34 58 67 56 64 45 14 33 31 57 10 30 23 28 43 24 19 70 77 79 0
92
0 0
1 1
2 2
3 3
4 4
5 5
6 6
32 7 32
8 8 52
9 9
10 10
11 11
12 12
13 13
14 14
15 15
16 16
17 17
18 18
19 19
20 20 95
21 21
22 22
23 23
24 24
92 25 92
26 26
27 27
28 28
29 29
30 30
31 31
33 33
34 34
35 35
36 36
37 37
38 38
39 39
40 40
41 41
42 42 97
43 43
44 44
45 45
46 46
47 47
48 48
49 49
50 50
51 51
53 53
54 54 65
55 55 62
56 56
57 57
58 58
59 59
60 60
61 61
63 63
64 64
66 66
67 67
68 68
69 69
70 70
71 71
72 72
73 73
74 74
75 75
76 76
77 77
78 78
79 79
80 80
81 81
82 82
83 83
84 84
85 85
86 86 87
88 88
89 89
90 90
91 91
93 93
94 94
96 96
98 98
99 99
