start c3 c8 c9 c10 c13 c12 c11 c20 c21 c23 c30 c29 c27 c31 c35 c36 c20 c11 c8 c3 start g5 g1 g4 g3 start f14 f9 f18 f19 f20 f10 f14 start h2 h26 h3 h25 h17 h16 h6 start b16 b17 b18 b19 b20 b21 b20 b19 b18 b17 b16 b10 b9 b8 b9 b10 b11 b12 b13 b12 b11 b10 b16 start f11 f12 f13 f5 f15 f16 f17 f7 f14 start e1 e18 e25 e15 e24 e12 e23 e10 e22 e8 e6 e4 e3 start g6 g7 g9 g13 g17 g21 g25 g21 g16 g20 g15 g11 g14 g19 g23 g19 g15 g12 g8 start d1 d2 d4 d3 start
61
g1 g1
g5 g2 g5
g3 g3
g4 g4
g6 g6
g7 g7
g8 g8
g9 g9
g11 g10 g11
g12 g12
g13 g13
g14 g14
g15 g15
g16 g16
g17 g17
g23 g18 g23
g19 g19
g20 g20
g21 g21 g24
g25 g22 g25
f11 f11
f12 f12
f13 f13
f14 f14
f15 f15
f16 f16
f17 f17
f18 f18
f19 f19
f20 f20
b8 b1 b2
b11 b3
b12 b4
b13 b5 b6
b21 b15 b25
b20 b24
b18 b26
c3 c1 c5
c10 c10
c13 c13 c15
c20 c17
c21 c21
c23 c23
c27 c26 c27
c31 c31 c33
d1 d1
d4 d4 d5
start a1 a2 a3 a4 a5 h22
e1 e19
e3 e20
e4 e21
e22 e22
e23 e23
e24 e24
e25 e25
h2 h9
h16 h13
h17 h17
h6 h18
h25 h24
h26 h26
