BU FF DU ES FR BK GA DI AI GH DU FF FN HI FN DL CT FB DE GO EG HC CI CS AD GO DE CK BN CR BA DS GT HL AX EH FB AY DH FN CW GY CB BZ HM HP EY ET HA FP AT GM CZ CN DT CQ AR EQ CX BQ BR GC EK GQ CJ DJ DA EL FI BH BM GE DK DM FL FU EO GP DD GG DP BE CY CA CO HB AP EC FS EV BF BY DW GG DQ HH GX AT DR FF BU
80
DH DV
EC EC
BZ AN BZ
DR DR
HI BW HG
BH FD BH
CX CX
DK DK
EO EO
BQ GN BQ
FN FN
BU BU
GA FG GA
DE FW AQ DE FY
BK BK
HC HC
CT CT
EL EL AE
DQ DQ
DS DS
BE HJ BE
BF BF
AT CM AT
CY CY
EG EG CD
CQ CQ DZ
CA CV AV HF CA
DJ DJ
HL GK
FF FF
EH EH
CB ER
HM HM
GY GY BG
DI DI
CK CK
CI CI
EK EK
DM DM
GP GP
FR FR
CS CS
CZ CZ
FL FL
GQ GQ
FP AF FP
ET ET
DP DP
EQ EQ
DL DL
BY BY
BM BM
AY AY
CO CO
AP AP
DW EN
FB FB
BN BN
FS FS
FI GS FI
DT DT
GO GO DX
GH GH
CR CR
GT GT
HP HP
HH HH
AX AX
FU FU
EV EV
BA BA
GM GM
CW CW
ES ES
GE GE
EY EY
DD DD
AR AR
DU DU
HA HA
