Qatar Australia SanMarino Qatar Macedonia Georgia Belarus RussianFederation Tuvalu Peru Mongolia UAE Kyrgyzstan Albania Nicaragua Andorra France UnitedKingdom Danzig Gabon Guyana Estonia Liberia Mali Armenia Tanzania Tajikistan Morocco Belgium Qatar
28
Belarus Belarus CostaRica
Peru Peru Kosovo Malta
Nicaragua Nicaragua
Gabon Gabon
Qatar Haiti Montenegro Egypt Senegal SierraLeone DemofChina Netherlands Singapore America Burundi SaintLucia
Tajikistan Tajikistan
Mongolia Mongolia
Danzig Danzig
Morocco Morocco
Liberia Liberia
UAE UAE
Armenia Armenia
Australia Australia Angola CzechRepublic
Estonia Estonia
Georgia Sweden Mozambique Uzbekistan Lebanon Georgia
RussianFederation RussianFederation Tunisia
France France
UnitedKingdom UnitedKingdom
Macedonia Macedonia VaticanCity
Belgium Belgium
Guyana Guyana
Tanzania Tanzania
Mali Mali
SanMarino SanMarino GuineaBissau
Tuvalu Tuvalu
Albania Albania
Kyrgyzstan Kyrgyzstan
Andorra Andorra
