Albania PapuaNewGuinea SierraLeone Malaysia EquatorGuinea NorthKorea Lesotho Djibouti Lithuania Israel Belarus Venezuela Grenada Ethiopia Fiji SriLanka Mauritius Comoros Mongolia SolomonIslands SaintLucia Mali Japan Norway Maldives Kiribati Bahamas Newfoundland Italy Paraguay Thailand Liechtenstein Kosovo Germany Poland SaudiArabia Burma Niger Latvia Chile Bhutan Burkina MountAthos Estonia Andorra Rwanda Yemen Switzerland Rome CapeVerde TheGambia Vanuatu Romania Philippines Jamaica Tunisia Bulgaria VaticanCity Peru Gabon Albania
60
Bahamas Bahamas
Malaysia Malaysia Luxembourg Dominica Hungary NewZealand
Rome Rome
Burkina Burkina
SolomonIslands SolomonIslands
NorthKorea IvoryCoast Kazakhstan Danzig Ukraine NorthKorea Guatemala
Lithuania BosHerzegovina Lithuania
Andorra Andorra
VaticanCity VaticanCity
EquatorGuinea EquatorGuinea Panama Togo
Djibouti Djibouti France
Albania Mauritania America Brazil Cyprus Qatar Argentina Tanzania Slovenia SaintKitts SaoTomPrincipe UAE Seychelles Greece Suriname
PapuaNewGuinea Pakistan Nepal Algeria Australia CentralAfricanRep Cuba PapuaNewGuinea Finland
Bulgaria Bulgaria
Thailand Thailand
Estonia Estonia
Italy Italy
Comoros Comoros
Kosovo Kosovo
Norway Norway
Grenada Eritrea Grenada
Mongolia Mongolia
Belarus UnitedKingdom Belarus
Peru Peru
Mauritius Mauritius
Venezuela Laos Venezuela
Paraguay Paraguay
MountAthos MountAthos
Philippines Philippines
CapeVerde CapeVerde
Niger Niger
Latvia Latvia
Burma Burma
SierraLeone SierraLeone Cambodia RussianFederation Serbia
Japan Japan
Lesotho Portugal Lesotho
Jamaica Jamaica
Tunisia Tunisia
Chile Chile
Kiribati Kiribati
Germany Germany
Yemen Yemen
Newfoundland Newfoundland
Romania Romania
Bhutan Bhutan
Ethiopia Ethiopia
SaintLucia SaintLucia
Gabon Gabon
Vanuatu Vanuatu
SaudiArabia SaudiArabia
Rwanda Rwanda
SriLanka SriLanka
Poland Poland
Israel Israel
Switzerland Switzerland
Mali Mali
TheGambia TheGambia
Liechtenstein Liechtenstein
Maldives Maldives
Fiji Fiji
