Nepal Argentina Belarus Azerbaijan Ecuador Estonia NewZealand Tajikistan Kuwait Botswana Fiji Vietnam Niger Serbia SaintLucia VaticanCity TheGambia Suriname Afghanistan Georgia Nepal
19
Azerbaijan Azerbaijan
Tajikistan Tajikistan
VaticanCity VaticanCity
Estonia Estonia
Botswana Botswana
Belarus UAE Belarus
Serbia Serbia
NewZealand NewZealand Slovakia
Nepal Tanzania
Georgia Georgia
Fiji Panama Fiji Palau
Suriname Suriname
Argentina Argentina Liechtenstein
Vietnam Vietnam
Niger Niger Mauritius
TheGambia MarshallIslands
Afghanistan Afghanistan
Kuwait Kuwait
SaintLucia SaintLucia
