l0 h0 h2 h31 h18 h20 h30 h21 h29 l30 h23 h19 h1 h49 h12 l15 h14 h24 h44 h25 h39 h46 l36 h41 h35 h34 h38 h15 l5 l12 h17 h37 h40 h47 h26 l2 h3 h7 h42 h6 h4 l1 h45 h11 l0
38
h0 h0
h1 h1
h2 h2
h3 h3 h5 h8
h4 h4
h6 h6
h7 h7 h10
h11 h9 h11
h12 h12 h13
h14 h14
h15 h15
l12 h16 h36
h17 h17 h43
h18 h18
h19 h19
h20 h20
h21 h21 h22
h23 h23
h24 h24
h25 h25
h26 h26
l30 h27 h28
h29 h29 h32
h30 h30 h48
h31 h31
h47 h33 h47
h34 h34
h35 h35
h37 h37
h38 h38
h39 h39
h40 h40
h41 h41
h42 h42
h44 h44
h45 h45
h46 h46
h49 h49
