l0 h3 h83 h1 h0 h25 h81 l42 h59 h61 h54 h96 h66 l59 h94 h56 l17 h34 h32 h30 l15 h33 h79 h98 l39 h31 h48 h49 h21 h10 h20 h57 h93 h90 h39 l47 h75 h11 h64 h86 h43 l21 l62 h16 h15 l87 h17 h50 h51 h45 h76 h80 h29 h70 h22 h23 l35 h71 h14 h42 h88 h65 h12 h13 h97 l80 l72 h27 l31 h63 h8 l88 h40 h9 l63 l20 l18 h37 h52 h53 h4 l48 h82 l97 h60 h58 h6 l23 h47 h92 h24 h3 h2 h3 l0
81
h0 h0
h1 h1
h2 h2 h74
h3 h3 h91
h4 h4 h5 h18
h6 h6
h29 h7 h29
h8 h8
h9 h9 h95
h10 h10
h11 h11
h12 h12
h13 h13
h14 h14
h15 h15
h16 h16 h85
h17 h17
h88 h19 h88
h20 h20
h21 h21
h22 h22
h23 h23 h77
h24 h24
h25 h25
l31 h26
h27 h27
h80 h28 h80
h30 h30
h31 h31 h69 h78
h32 h32
h33 h33
h34 h34
l17 h35
l88 h36
h37 h37
l59 h38
h39 h39
h40 h40
l20 h41
h42 h42
h43 h43
h51 h44 h51
h45 h45
l23 h46
h47 h47
h48 h48
h49 h49
h50 h50
h52 h52
h53 h53
h54 h54 h55 h67
h56 h56
h57 h57
h58 h58 h84
h59 h59
h60 h60
h61 h61
l72 h62
h63 h63
h64 h64
h65 h65 h99
h66 h66 h72
l15 h68
h70 h70
h71 h71
l47 h73
h75 h75
h76 h76
h79 h79
h81 h81
h82 h82
h83 h83 h89
h86 h86
l63 h87
h90 h90
h92 h92
h93 h93
h94 h94
h96 h96
h97 h97
h98 h98
