vBhpoFdJZxyttIlfaf7D XX8iZd9Mw56dkKCstFAC qkrT0EYt8AHuefFD25g1 MiPSEwVMn3bbGh4tbRTf 535WuquKiicRqEyzCI3d 4ilNvg3IkxoJuvkwqYsS 7PoxePhwnlLvMilKVpER RRlYwTFLYqL48JIMSAmC 37APL8dpwT5Ds5AIG0t4 d6xeP6xeDJ3O2jY8D4pB mv3tFPDoT2NlrLp24T9l DybFcuyeWxt51LawzVvs eKaPpzrMwOPxNzeoOSFH 8mLI4Cl8exxeLw5eLCvi jTdja1e2hUhydiExPlJM fp9JaV5iTp8QxXwwkR68 oFNlFPub6zLirsQwo0fu W1jWYYdH0atiKtbaVDRT qM7lEl3z2COceXw7x0EC iki3BohF22ET0rMPxXQ5 WN0Nl06Zx9w6LYUHMZam cs6LkMYfySGYUzb8VLcc n2Cqtp5v2DuwGX7LhuzE NAqhSs9OpS9XtIaJtTCD J00g7hlLLSWTXvTYK9v2 2LthmnS3Cdd5FBfY5GQ9 R7crXexksQ4TN5zY2ck3 InZnvPu8h9zAoLCNj2in fHfopcx4v3MKBN0TMn7s ohy3S5QXymEhh63dMBQE wHEcyeduhdH7p3Lr1PtC 6koX1rNvAwrB84m39eQv tUVqKo1E6AibIE6zShkv XBxLd5K0m0Gtk5fTL45q zs7X4IJgeJEM8iqAbvF3 RpMJGAvULIBCQ0RI369s 8Le4AI986fwHZXPoOMK1 nB1RHSnvjX4nG0Tch5En 6PPTzNGrNxrgfdvm8cwZ 17OoKHzumyPaqfjSSc7S EHYUZOt1fTtm7KJue8on vBhpoFdJZxyttIlfaf7D
40
MiPSEwVMn3bbGh4tbRTf MiPSEwVMn3bbGh4tbRTf
RpMJGAvULIBCQ0RI369s RpMJGAvULIBCQ0RI369s
n2Cqtp5v2DuwGX7LhuzE JEGgKJfdY8owvwdYhKMk n2Cqtp5v2DuwGX7LhuzE
8Le4AI986fwHZXPoOMK1 8Le4AI986fwHZXPoOMK1
R7crXexksQ4TN5zY2ck3 WwLzOfqcc3FIzub2jh8R R7crXexksQ4TN5zY2ck3
6koX1rNvAwrB84m39eQv XYk0VV4ujV55qqS8YiHV 6koX1rNvAwrB84m39eQv
NAqhSs9OpS9XtIaJtTCD NAqhSs9OpS9XtIaJtTCD
WN0Nl06Zx9w6LYUHMZam R6ZzYYWqarkWldqbKDab WN0Nl06Zx9w6LYUHMZam
zs7X4IJgeJEM8iqAbvF3 zs7X4IJgeJEM8iqAbvF3
cs6LkMYfySGYUzb8VLcc cs6LkMYfySGYUzb8VLcc
d6xeP6xeDJ3O2jY8D4pB vLwJebpyApE3MPksc9OW rMd1TXBMCuFfO59jF1Tq rkMvLqMMN5Aq3onq5XeZ 9B0w6Ahn3NsugfNn6veD d6xeP6xeDJ3O2jY8D4pB
ohy3S5QXymEhh63dMBQE ohy3S5QXymEhh63dMBQE
RRlYwTFLYqL48JIMSAmC RRlYwTFLYqL48JIMSAmC
2LthmnS3Cdd5FBfY5GQ9 2LthmnS3Cdd5FBfY5GQ9
DybFcuyeWxt51LawzVvs DybFcuyeWxt51LawzVvs
7PoxePhwnlLvMilKVpER 7PoxePhwnlLvMilKVpER
J00g7hlLLSWTXvTYK9v2 J00g7hlLLSWTXvTYK9v2
jTdja1e2hUhydiExPlJM jTdja1e2hUhydiExPlJM
mv3tFPDoT2NlrLp24T9l mv3tFPDoT2NlrLp24T9l
tUVqKo1E6AibIE6zShkv tUVqKo1E6AibIE6zShkv
iki3BohF22ET0rMPxXQ5 iki3BohF22ET0rMPxXQ5
17OoKHzumyPaqfjSSc7S 17OoKHzumyPaqfjSSc7S
XX8iZd9Mw56dkKCstFAC XX8iZd9Mw56dkKCstFAC
qkrT0EYt8AHuefFD25g1 qkrT0EYt8AHuefFD25g1 uUumBfQJDh6S0d06Kb78 XWHR07Y6kfSBbEuD62PN
XBxLd5K0m0Gtk5fTL45q XBxLd5K0m0Gtk5fTL45q
EHYUZOt1fTtm7KJue8on EHYUZOt1fTtm7KJue8on
37APL8dpwT5Ds5AIG0t4 37APL8dpwT5Ds5AIG0t4
eKaPpzrMwOPxNzeoOSFH eKaPpzrMwOPxNzeoOSFH
fp9JaV5iTp8QxXwwkR68 fp9JaV5iTp8QxXwwkR68
6PPTzNGrNxrgfdvm8cwZ 6PPTzNGrNxrgfdvm8cwZ
wHEcyeduhdH7p3Lr1PtC wHEcyeduhdH7p3Lr1PtC
W1jWYYdH0atiKtbaVDRT W1jWYYdH0atiKtbaVDRT
535WuquKiicRqEyzCI3d 535WuquKiicRqEyzCI3d
4ilNvg3IkxoJuvkwqYsS 4ilNvg3IkxoJuvkwqYsS
InZnvPu8h9zAoLCNj2in InZnvPu8h9zAoLCNj2in
nB1RHSnvjX4nG0Tch5En nB1RHSnvjX4nG0Tch5En
fHfopcx4v3MKBN0TMn7s fHfopcx4v3MKBN0TMn7s
oFNlFPub6zLirsQwo0fu oFNlFPub6zLirsQwo0fu
qM7lEl3z2COceXw7x0EC qM7lEl3z2COceXw7x0EC
8mLI4Cl8exxeLw5eLCvi 8mLI4Cl8exxeLw5eLCvi
