Mf966TmCJF9l0PTKetVd tH0lbMmdJDVlC4Pr7uAb aU4DeG46NC8vRU6N0ahg GzkbHop7cJv0CvjQalTE b2icxuMf1zEyF7ImMEzE QZIvvAQe1weWyQjLrGi1 GfTqQpqjWivAFXbCN2BL 3Yod5nNtIcKNmTtNQ3xH km12BN3CByUGmRV2tX7b 4mdSIFCsq2HySOzm2H4M R87rV3jFUvYuE0RN4Z4a kVdbGuYm0jD2q8vsLFHY 2bMCdMiNzTpm8a2kNe9G 1wZce3qjltyIzzlL1Zfw u4VGAkqq00Jhej3knMJI WQlZty1AKP9gLfjz0EYW 4mRiy2s23Ljl4N4CqEav Q4jkxyPtGKis0eXik3Gg TBEGhhvsdStRJh2Eqkyf Ad4iMaOuAofXNjJzNKWl AjMqEYKq0eELwsiEhQNE cAkwFDH7tSQkP40ewGcD CHHJQHxp9VQGraviPBS2 bBJ5TDHtVrSIxXmQJ63J fsCdklolnC3ndvzFtyM3 TkZ4LHIfwKap48xdp8m2 kGhQ3uDjcFA7MLP7UF4W wNmo9den9k6ySqzO7o0M ZDA7k1XMUYTsnmCfuUtR 56ePYTmTGzdOHfvnLEPd YrtjNlKZcZnAXu7owFPA bLojQFXmB5k6r0zKTWYe iRg3oRlKsAtLuOm5tUrC S0PhmGw8tyUPzxvRSE5R lrLgTYF7nIsDkEYlxuHz PLyQF48YPXs4LxxIxWHM 1crXui4lUlMG7IuTFiXo y3cL4LyhfEAlU1Jj1Xj6 a6uUA0TEdnZwD1b73O9r 7ArLVA3N0doHBQAlCDtl KCy3uvDFe4h3kwRgxFiX W1IcDWCQWwTCriXsjtm4 KKiBHd9DTQAd6AZYxlK3 zDq8bGYKiSYw3c53IWfw RrBlUMzlEzdRa5S1pyiF ul7ierPjffkmvfh4Ylme czjPVxJvSz9DoMc0Y7Vv BcvYB1mubFuRTbgMUsXg TmdW4dU59umpgT9XX8G3 p6bp9pYgtaGo4Q50DQAM Hpniux0SkkA6CliHWNDc 1aGCWVuyE8DRxIV204ZW JfWSVxbK8iOEPzK7FV9x mGfIqoDGGajPXw9RvY8S WZxeHszJ2ShfYgJs53YV Xucw5TdPOzp0SQGWHjkE JfzkldRR1w0Y52KBg47D CLNCAWQgYnzuvt7RChAf BLgd9OLqnPIJY5LCIxDK OyOgefgJfgx6VwEfudZn ZPAxEbVjKWTr0cDqLbA0 UvtGaTsTes8Gs4gE8ya3 SQhK0n9L9aixdJxvdeKd e2usEAoRX2qu6mneHOxg HhITLZSwERe6osGRUBXt VI6bhpg8nr2U3bjLEpMD QMmklR1fA1rnjMsU1WMc N7mkTpLI9Mgh0txBOflw acwLCbshqBQuYbTzAPRI wtlCpdxHbUUmSY7DnD2u 7c4FoaFf1TJetsLZUEok XfWllIgv9lA6ZwGuKvLt IwnN6xRahpjWnxZTYR2F ydEppVwK15UN0USyP00U Y5ZKsuPbCDUQp5LjPNey jAzyDyaN1mD5Ei1RjCiO OGxA8YvD4WfIxOfmtWm4 0O3lDJvzYSiuZNzHimQX 5ebtvAsyAh8vEmm1Z3wm trOoQ3enuOI8GUJqwAMC flliQzyn5hSC8yLOMyYJ rzYdrZxXnbXlOjFVWVaR Yw0z9L8p6xIk7hgYCgVd byF5FvS6RJUrgCsP3o6T pxBA1Tii62WPeRWcccVp wyZ3Q4gHyaxpdYdezyjU NtZncVsU7O40k1BXousH aH2XDl7CjGFhEP3bbYjH Mf966TmCJF9l0PTKetVd
88
GzkbHop7cJv0CvjQalTE GzkbHop7cJv0CvjQalTE
S0PhmGw8tyUPzxvRSE5R S0PhmGw8tyUPzxvRSE5R
YrtjNlKZcZnAXu7owFPA YrtjNlKZcZnAXu7owFPA
rzYdrZxXnbXlOjFVWVaR rzYdrZxXnbXlOjFVWVaR
1wZce3qjltyIzzlL1Zfw 1wZce3qjltyIzzlL1Zfw
PLyQF48YPXs4LxxIxWHM PLyQF48YPXs4LxxIxWHM
OGxA8YvD4WfIxOfmtWm4 OGxA8YvD4WfIxOfmtWm4
BLgd9OLqnPIJY5LCIxDK BLgd9OLqnPIJY5LCIxDK
4mdSIFCsq2HySOzm2H4M VqBuOSJBVqxMG4rldwQn 4mdSIFCsq2HySOzm2H4M
1aGCWVuyE8DRxIV204ZW 4CVQrsejmjPmVL7elf2w 1aGCWVuyE8DRxIV204ZW
CLNCAWQgYnzuvt7RChAf CLNCAWQgYnzuvt7RChAf
b2icxuMf1zEyF7ImMEzE HKK5Jm9eHd0V7gvBWuw9 b2icxuMf1zEyF7ImMEzE
KKiBHd9DTQAd6AZYxlK3 KKiBHd9DTQAd6AZYxlK3
zDq8bGYKiSYw3c53IWfw zDq8bGYKiSYw3c53IWfw
VI6bhpg8nr2U3bjLEpMD CxdADQl1Lh5mGQMAravk
2bMCdMiNzTpm8a2kNe9G 2bMCdMiNzTpm8a2kNe9G
jAzyDyaN1mD5Ei1RjCiO jAzyDyaN1mD5Ei1RjCiO
Q4jkxyPtGKis0eXik3Gg Q4jkxyPtGKis0eXik3Gg
kGhQ3uDjcFA7MLP7UF4W kGhQ3uDjcFA7MLP7UF4W
byF5FvS6RJUrgCsP3o6T byF5FvS6RJUrgCsP3o6T
ul7ierPjffkmvfh4Ylme ul7ierPjffkmvfh4Ylme
aU4DeG46NC8vRU6N0ahg aU4DeG46NC8vRU6N0ahg
3Yod5nNtIcKNmTtNQ3xH 3Yod5nNtIcKNmTtNQ3xH
pxBA1Tii62WPeRWcccVp NvfSRypj4POoHWC3jDz3 pxBA1Tii62WPeRWcccVp
wNmo9den9k6ySqzO7o0M wNmo9den9k6ySqzO7o0M
kVdbGuYm0jD2q8vsLFHY kVdbGuYm0jD2q8vsLFHY
y3cL4LyhfEAlU1Jj1Xj6 y3cL4LyhfEAlU1Jj1Xj6
Y5ZKsuPbCDUQp5LjPNey Y5ZKsuPbCDUQp5LjPNey Ic20PkDM6xxefUTvJEIQ
km12BN3CByUGmRV2tX7b km12BN3CByUGmRV2tX7b
p6bp9pYgtaGo4Q50DQAM p6bp9pYgtaGo4Q50DQAM
TkZ4LHIfwKap48xdp8m2 TkZ4LHIfwKap48xdp8m2
RrBlUMzlEzdRa5S1pyiF JWE9kJZ3fUSBbRtkVScl RrBlUMzlEzdRa5S1pyiF
iRg3oRlKsAtLuOm5tUrC iRg3oRlKsAtLuOm5tUrC
Ad4iMaOuAofXNjJzNKWl Ad4iMaOuAofXNjJzNKWl
czjPVxJvSz9DoMc0Y7Vv czjPVxJvSz9DoMc0Y7Vv BCVfaQnOCgLubJ23r8nF
trOoQ3enuOI8GUJqwAMC trOoQ3enuOI8GUJqwAMC
bBJ5TDHtVrSIxXmQJ63J bBJ5TDHtVrSIxXmQJ63J sSdPSXUotKahf03SRnBn
QMmklR1fA1rnjMsU1WMc QMmklR1fA1rnjMsU1WMc
UvtGaTsTes8Gs4gE8ya3 UvtGaTsTes8Gs4gE8ya3 jZUUy27kZ3z2uIv0PGPy
Xucw5TdPOzp0SQGWHjkE Xucw5TdPOzp0SQGWHjkE
a6uUA0TEdnZwD1b73O9r a6uUA0TEdnZwD1b73O9r VaRx19QfIOvUT5pZyulj
7c4FoaFf1TJetsLZUEok 7c4FoaFf1TJetsLZUEok
N7mkTpLI9Mgh0txBOflw N7mkTpLI9Mgh0txBOflw
Hpniux0SkkA6CliHWNDc Hpniux0SkkA6CliHWNDc
cAkwFDH7tSQkP40ewGcD cAkwFDH7tSQkP40ewGcD
JfzkldRR1w0Y52KBg47D JfzkldRR1w0Y52KBg47D Crbc9OlCoJ9dTIJXXsjb
XfWllIgv9lA6ZwGuKvLt XfWllIgv9lA6ZwGuKvLt
5ebtvAsyAh8vEmm1Z3wm 5ebtvAsyAh8vEmm1Z3wm
fsCdklolnC3ndvzFtyM3 fsCdklolnC3ndvzFtyM3
ZPAxEbVjKWTr0cDqLbA0 ZPAxEbVjKWTr0cDqLbA0
JfWSVxbK8iOEPzK7FV9x JfWSVxbK8iOEPzK7FV9x
GfTqQpqjWivAFXbCN2BL GfTqQpqjWivAFXbCN2BL
AjMqEYKq0eELwsiEhQNE AjMqEYKq0eELwsiEhQNE
aH2XDl7CjGFhEP3bbYjH aH2XDl7CjGFhEP3bbYjH
1crXui4lUlMG7IuTFiXo 1crXui4lUlMG7IuTFiXo eA2uctxdjBuXDZUrmUHy
IwnN6xRahpjWnxZTYR2F IwnN6xRahpjWnxZTYR2F
KCy3uvDFe4h3kwRgxFiX KCy3uvDFe4h3kwRgxFiX
lrLgTYF7nIsDkEYlxuHz lrLgTYF7nIsDkEYlxuHz
CHHJQHxp9VQGraviPBS2 CHHJQHxp9VQGraviPBS2
WZxeHszJ2ShfYgJs53YV WZxeHszJ2ShfYgJs53YV
flliQzyn5hSC8yLOMyYJ flliQzyn5hSC8yLOMyYJ
bLojQFXmB5k6r0zKTWYe bLojQFXmB5k6r0zKTWYe
u4VGAkqq00Jhej3knMJI u4VGAkqq00Jhej3knMJI
Yw0z9L8p6xIk7hgYCgVd Yw0z9L8p6xIk7hgYCgVd
TmdW4dU59umpgT9XX8G3 TmdW4dU59umpgT9XX8G3
SQhK0n9L9aixdJxvdeKd SQhK0n9L9aixdJxvdeKd
wtlCpdxHbUUmSY7DnD2u wtlCpdxHbUUmSY7DnD2u
Mf966TmCJF9l0PTKetVd dOWv4G57nxm9UArCvQlq
56ePYTmTGzdOHfvnLEPd 56ePYTmTGzdOHfvnLEPd
HhITLZSwERe6osGRUBXt HhITLZSwERe6osGRUBXt
W1IcDWCQWwTCriXsjtm4 W1IcDWCQWwTCriXsjtm4
ydEppVwK15UN0USyP00U ydEppVwK15UN0USyP00U
WQlZty1AKP9gLfjz0EYW WQlZty1AKP9gLfjz0EYW
4mRiy2s23Ljl4N4CqEav 4mRiy2s23Ljl4N4CqEav
ZDA7k1XMUYTsnmCfuUtR ZDA7k1XMUYTsnmCfuUtR
0O3lDJvzYSiuZNzHimQX 0O3lDJvzYSiuZNzHimQX
BcvYB1mubFuRTbgMUsXg BcvYB1mubFuRTbgMUsXg
TBEGhhvsdStRJh2Eqkyf TBEGhhvsdStRJh2Eqkyf
e2usEAoRX2qu6mneHOxg e2usEAoRX2qu6mneHOxg
tH0lbMmdJDVlC4Pr7uAb tH0lbMmdJDVlC4Pr7uAb
R87rV3jFUvYuE0RN4Z4a R87rV3jFUvYuE0RN4Z4a
NtZncVsU7O40k1BXousH NtZncVsU7O40k1BXousH
acwLCbshqBQuYbTzAPRI acwLCbshqBQuYbTzAPRI
QZIvvAQe1weWyQjLrGi1 QZIvvAQe1weWyQjLrGi1
wyZ3Q4gHyaxpdYdezyjU wyZ3Q4gHyaxpdYdezyjU
OyOgefgJfgx6VwEfudZn OyOgefgJfgx6VwEfudZn
mGfIqoDGGajPXw9RvY8S mGfIqoDGGajPXw9RvY8S
7ArLVA3N0doHBQAlCDtl 7ArLVA3N0doHBQAlCDtl
