0EzLvznzqSsDTCbR5WWQ TWpWLT2JICvczaB6q8Bo hk9ECfFhibg7bmIlco5h j7jI3vJM5SWQs3N9YWK4 LS3fS52ozGva9KBtcfZZ IVZaGmLbfT5MQpxXO2DP 3iRTkaf7suaV2i91D7AI m5Au4RgVgXhOUKbKSdGW pWBi6tyyRZpOm0dbsZfH LTgssryHh3BZe1w1IMJd 4ZMxz7AKccmgx6JK5gZn lEZ0YMvUzTvQYxlTiMir tnUjNl6cWuoaXQEfxH4p b69ITlIgTtPRUIpmSw5o YRtAAkfi0YIaAv0XqGni LtVuPtXkki7L0rCf1ysG idUlMWK1ZaKWh4awCdHY vgcAaadTbDs3lU9Z1t49 wrf0xNKoLGLKfuhe6hpI cZGUbNgsLGnuZE3Ot20K HET4yE4ksHFmFRytJhfu 75EgdJC8MacBE2zKZlon oFJmSdI9Mubs3awqWY5w 0EzLvznzqSsDTCbR5WWQ
22
j7jI3vJM5SWQs3N9YWK4 j7jI3vJM5SWQs3N9YWK4
lEZ0YMvUzTvQYxlTiMir lEZ0YMvUzTvQYxlTiMir
YRtAAkfi0YIaAv0XqGni YRtAAkfi0YIaAv0XqGni
3iRTkaf7suaV2i91D7AI 3iRTkaf7suaV2i91D7AI I7VRK3VugXxRlgxCe54Q
4ZMxz7AKccmgx6JK5gZn 4ZMxz7AKccmgx6JK5gZn
m5Au4RgVgXhOUKbKSdGW m5Au4RgVgXhOUKbKSdGW
oFJmSdI9Mubs3awqWY5w oFJmSdI9Mubs3awqWY5w
LTgssryHh3BZe1w1IMJd LTgssryHh3BZe1w1IMJd
HET4yE4ksHFmFRytJhfu HET4yE4ksHFmFRytJhfu
IVZaGmLbfT5MQpxXO2DP IVZaGmLbfT5MQpxXO2DP
TWpWLT2JICvczaB6q8Bo TWpWLT2JICvczaB6q8Bo
cZGUbNgsLGnuZE3Ot20K cZGUbNgsLGnuZE3Ot20K N0EmviMgt156P2Bd7oet
hk9ECfFhibg7bmIlco5h hk9ECfFhibg7bmIlco5h
LtVuPtXkki7L0rCf1ysG K5LnOJV1Zh18kgMnZsVe LtVuPtXkki7L0rCf1ysG
vgcAaadTbDs3lU9Z1t49 vgcAaadTbDs3lU9Z1t49
wrf0xNKoLGLKfuhe6hpI wrf0xNKoLGLKfuhe6hpI
idUlMWK1ZaKWh4awCdHY idUlMWK1ZaKWh4awCdHY
pWBi6tyyRZpOm0dbsZfH pWBi6tyyRZpOm0dbsZfH
LS3fS52ozGva9KBtcfZZ LS3fS52ozGva9KBtcfZZ
75EgdJC8MacBE2zKZlon 75EgdJC8MacBE2zKZlon
b69ITlIgTtPRUIpmSw5o b69ITlIgTtPRUIpmSw5o
tnUjNl6cWuoaXQEfxH4p tnUjNl6cWuoaXQEfxH4p
