L0 L53 L84 L147 L73 L146 L63 L64 L7 L144 L65 L199 L57 L27 L14 L13 L149 L49 L48 L1 L2 L178 L75 L74 L46 L197 L69 L192 L127 L54 L182 L175 L142 L12 L110 L68 L30 L3 L153 L39 L135 L28 L152 L104 L168 L81 L55 L118 L130 L106 L98 L121 L30 L107 L113 L196 L163 L125 L29 L97 L18 L145 L194 L12 L58 L132 L165 L10 L20 L94 L139 L138 L77 L60 L61 L161 L23 L26 L82 L177 L197 L95 L79 L176 L0
80
L39 L39 L38
L118 L118 L102
L197 L197
L98 L98
L26 L119 L26
L73 L73
L57 L57
L18 L18
L29 L29
L192 L192 L112
L49 L50 L49
L7 L7 L8
L63 L24 L157 L62
L144 L144
L0 L33 L116
L176 L176
L1 L1
L94 L94
L163 L163
L61 L61
L75 L75
L54 L54
L142 L142
L23 L23 L164
L84 L84
L147 L188 L147
L177 L177
L199 L199 L52
L13 L13
L153 L153
L138 L141 L138
L175 L175
L149 L149 L160
L79 L80
L130 L130 L143
L58 L58
L182 L41 L123
L107 L107
L125 L125
L60 L60
L64 L64 L59
L81 L81
L97 L96 L97
L127 L127
L3 L3
L53 L53
L68 L68
L77 L77
L12 L12
L14 L14
L121 L121
L196 L196
L113 L113
L30 L30
L74 L47 L74 L109
L55 L55
L2 L2
L135 L135
L95 L95
L110 L110
L48 L48
L10 L10
L65 L65
L132 L132
L106 L106
L27 L27
L145 L145
L104 L104
L146 L146
L46 L46
L178 L178
L82 L82
L152 L152
L20 L20
L165 L165
L194 L194
L168 L168
L28 L31
L69 L69
L139 L139
