point0 point49 point50 point48 point39 point35 point9 point5 point3 point8 point22 point14 point15 point7 point42 point56 point76 point77 point66 point68 point70 point63 point62 point65 point75 point81 point84 point91 point92 point58 point61 point55 point57 point53 point26 point27 point24 point12 point42 point44 point48 point50 point49 point0
29
point3 point4
point5 point5
point7 point6 point7 point19
point8 point8
point9 point9
point12 point12
point14 point14
point22 point22
point24 point24
point27 point25 point27
point26 point26 point28
point35 point35
point42 point42 point47
point44 point44 point45
point48 point48
point50 point50
point53 point53
point55 point55
point56 point56
point58 point58
point61 point60 point61 point93
point65 point64 point65 point71
point68 point68 point72
point70 point70
point75 point75
point76 point76
point77 point77
point84 point84 point85
point92 point92
