point0 point52 point56 point59 point49 point50 point55 point11 point5 point15 point20 point18 point32 point29 point35 point30 point25 point41 point38 point40 point39 point43 point85 point89 point87 point95 point92 point93 point86 point36 point34 point31 point34 point27 point14 point21 point22 point3 point57 point113 point116 point115 point111 point110 point112 point102 point107 point103 point97 point108 point148 point144 point145 point149 point145 point162 point163 point160 point171 point172 point168 point185 point190 point182 point140 point120 point83 point76 point78 point73 point75 point123 point127 point180 point139 point137 point179 point189 point183 point132 point138 point130 point125 point119 point72 point68 point67 point68 point63 point69 point0
66
point11 point1 point10 point11
point3 point3
point5 point5
point15 point6 point13 point15
point32 point16 point17
point18 point18
point21 point21
point27 point27
point29 point29
point30 point30
point31 point31 point33
point34 point34
point38 point38
point39 point39 point42
point40 point40
point41 point41
point43 point43
point49 point49
point50 point51
point52 point52
point57 point54
point55 point55
point56 point56
point67 point67 point109
point69 point69
point72 point72
point73 point73
point75 point75
point76 point76 point79 point94
point78 point78
point83 point83
point85 point85
point86 point86
point87 point87
point89 point89 point91
point107 point100
point102 point102
point103 point103
point108 point108
point110 point110
point111 point111
point112 point112
point113 point113
point115 point115
point119 point119
point120 point120
point125 point122
point123 point123 point124
point127 point126
point139 point131 point135 point139
point132 point132
point140 point134
point138 point138
point144 point144 point153 point157
point148 point148 point151
point149 point149 point152
point163 point155 point163
point162 point158 point162
point160 point160
point172 point172
point171 point177
point179 point179
point180 point180
point183 point183
point185 point184 point185
point182 point187
