55 91 48 63 106 158 29 113 15 122 179 62 42 40 97 148 175 109 54 9 67 76 116 134 32 150 126 164 170 160 172 38 59 159 190 83 137 111 189 57 182 101 173 177 45 151 20 131 17 14 118 168 185 89 149 171 188 86 88 66 43 140 58 133 10 163 184 153 78 26 90 55
67
40 40
89 11
140 140
83 33 83
159 159
97 97
90 146 90 56 85
149 149
45 12 45
170 170 27 105
63 63
59 119 152 59
184 184
172 172
118 81 118
17 17
32 32
91 91
122 61 122
26 26
148 148 41
188 188
78 78 77
101 101
62 62 181
76 76
111 111
133 133
88 88
185 185
177 162 177 16
182 182
150 49 150
58 58 166
153 107 153
48 186 115 48
189 189 71
175 74 175
67 67 114
15 15 135 13
29 29
9 53 8 9
14 36
171 171
134 134
54 54
151 151
43 43
116 116
106 106
179 179
86 86 80
158 158
163 163
66 66
131 131
57 57
160 160
137 137
109 109
126 126
42 42
113 113
20 20
173 173
164 30
168 168
