x182 x11 x58 x127 x45 x119 x176 x56 x187 x86 x84 x144 x112 x116 x109 x38 x113 x21 x76 x158 x143 x100 x169 x93 x74 x93 x50 x9 x19 x59 x32 x59 x19 x9 x146 x196 x92 x196 x146 x9 x50 x31 x50 x90 x141 x138 x26 x184 x107 x71 x20 x166 x77 x14 x94 x51 x64 x137 x125 x72 x48 x106 x15 x126 x116 x89 x177 x155 x198 x139 x167 x27 x79 x187 x182
57
x74 x74 x185
x21 x21 x172 x17 x164
x86 x86 x3 x87 x66
x20 x20 x7
x112 x42 x118
x45 x45
x31 x6 x133 x80 x31
x72 x147 x72
x50 x10 x50
x177 x192 x177 x25
x196 x69
x79 x79
x64 x88 x64 x156
x14 x14
x146 x128 x146
x141 x43 x141
x48 x48 x4
x176 x189
x137 x137
x138 x138
x59 x59 x186 x82
x119 x151 x119 x23
x143 x143
x169 x161 x104 x55
x93 x2
x100 x153 x159 x99 x100
x76 x114 x76
x9 x18 x136 x95
x187 x8
x166 x166
x144 x179 x194
x109 x109 x163
x92 x53 x92 x83
x19 x19
x125 x125
x32 x183 x32
x15 x15
x94 x94
x127 x127 x49 x98
x71 x71 x61
x84 x84
x155 x155
x56 x56
x113 x113
x27 x27
x58 x58
x77 x77
x107 x107
x139 x139
x198 x198
x116 x116
x11 x11
x106 x106
x167 x102
x184 x30 x46 x184
x26 x26
x182 x182
